[0.012s] Invoking command in '/home/jason/Desktop/navi/build/fast_lio': CMAKE_PREFIX_PATH=/home/jason/Desktop/navi/install/livox_ros_driver2:/home/jason/Desktop/auto_aim/install/rm_vision_bringup:/home/jason/Desktop/auto_aim/install/rm_serial_driver:/home/jason/Desktop/auto_aim/install/rm_gimbal_description:/home/jason/Desktop/auto_aim/install/rm_auto_aim:/home/jason/Desktop/auto_aim/install/mindvision_camera:/home/jason/Desktop/auto_aim/install/hik_camera:/home/jason/Desktop/auto_aim/install/armor_tracker:/home/jason/Desktop/auto_aim/install/armor_detector:/home/jason/Desktop/auto_aim/install/auto_aim_interfaces:/home/jason/Desktop/Decision_moudle/install/decision_moudle:/home/jason/Desktop/navi/install/waypoint_rviz_plugin:/home/jason/Desktop/navi/install/waypoint_example:/home/jason/Desktop/navi/install/visualization_tools:/home/jason/Desktop/navi/install/velodyne_simulator:/home/jason/Desktop/navi/install/velodyne_gazebo_plugins:/home/jason/Desktop/navi/install/velodyne_description:/home/jason/Desktop/navi/install/rm_nav_bringup:/home/jason/Desktop/navi/install/vehicle_simulator:/home/jason/Desktop/navi/install/terrain_analysis_ext:/home/jason/Desktop/navi/install/terrain_analysis:/home/jason/Desktop/navi/install/sensor_scan_generation:/home/jason/Desktop/navi/install/path2waypoint:/home/jason/Desktop/navi/install/mapping:/home/jason/Desktop/navi/install/local_planner:/home/jason/Desktop/navi/install/loam_interface:/home/jason/Desktop/navi/install/fast_lio:/home/jason/Desktop/navi/install/linefit_ground_segmentation_ros:/home/jason/Desktop/navi/install/linefit_ground_segmentation:/home/jason/Desktop/navi/install/joy:/home/jason/Desktop/navi/install/icp_localization_ros2:/home/jason/Desktop/navi/install/a_star:/opt/ros/humble LD_LIBRARY_PATH=/home/jason/Desktop/navi/install/livox_ros_driver2/lib:/home/jason/Desktop/auto_aim/install/rm_serial_driver/lib:/home/jason/Desktop/auto_aim/install/mindvision_camera/lib:/home/jason/Desktop/auto_aim/install/hik_camera/lib:/home/jason/Desktop/auto_aim/install/armor_tracker/lib:/home/jason/Desktop/auto_aim/install/armor_detector/lib:/home/jason/Desktop/auto_aim/install/auto_aim_interfaces/lib:/home/jason/Desktop/Decision_moudle/install/decision_moudle/lib:/home/jason/Desktop/navi/install/velodyne_gazebo_plugins/lib:/home/jason/Desktop/navi/install/fast_lio/lib:/home/jason/Desktop/navi/install/linefit_ground_segmentation/lib:/home/jason/Desktop/navi/install/joy/lib:/home/jason/Desktop/navi/install/a_star/lib:/opt/MVS/lib/64:/opt/MVS/lib/32:/usr/lib/x86_64-linux-gnu/gazebo-11/plugins:/opt/ros/humble/opt/rviz_ogre_vendor/lib:/opt/ros/humble/lib/x86_64-linux-gnu:/opt/ros/humble/lib:/opt/MVS/lib/64:/opt/MVS/lib/32:/opt/MVS/lib/64:/opt/MVS/lib/32 NX_CONNECTION=192.168.3.36 64935 192.168.3.35 4000 /usr/bin/cmake --build /home/jason/Desktop/navi/build/fast_lio -- -j20 -l20
[0.055s] [  2%] Built target fast_lio__cpp
[0.055s] [ 11%] Built target fast_lio__rosidl_generator_c
[0.064s] [ 11%] Built target ament_cmake_python_symlink_fast_lio
[0.072s] [ 20%] Built target fast_lio__rosidl_typesupport_c
[0.073s] [ 28%] Built target fast_lio__rosidl_typesupport_fastrtps_c
[0.073s] [ 37%] Built target fast_lio__rosidl_typesupport_fastrtps_cpp
[0.073s] [ 45%] Built target fast_lio__rosidl_typesupport_cpp
[0.074s] [ 54%] Built target fast_lio__rosidl_typesupport_introspection_c
[0.074s] [ 62%] Built target fast_lio__rosidl_typesupport_introspection_cpp
[0.090s] [ 62%] Built target fast_lio
[0.107s] [ 65%] Built target fast_lio__py
[0.110s] [ 77%] Built target fastlio_mapping
[0.123s] [ 82%] Built target fast_lio__rosidl_generator_py
[0.141s] [ 88%] Built target fast_lio__rosidl_typesupport_c__pyext
[0.141s] [ 94%] Built target fast_lio__rosidl_typesupport_fastrtps_c__pyext
[0.141s] [100%] Built target fast_lio__rosidl_typesupport_introspection_c__pyext
[0.233s] running egg_info
[0.233s] writing fast_lio.egg-info/PKG-INFO
[0.234s] writing dependency_links to fast_lio.egg-info/dependency_links.txt
[0.234s] writing top-level names to fast_lio.egg-info/top_level.txt
[0.235s] reading manifest file 'fast_lio.egg-info/SOURCES.txt'
[0.236s] writing manifest file 'fast_lio.egg-info/SOURCES.txt'
[0.254s] [100%] Built target ament_cmake_python_build_fast_lio_egg
[0.262s] Invoked command in '/home/jason/Desktop/navi/build/fast_lio' returned '0': CMAKE_PREFIX_PATH=/home/jason/Desktop/navi/install/livox_ros_driver2:/home/jason/Desktop/auto_aim/install/rm_vision_bringup:/home/jason/Desktop/auto_aim/install/rm_serial_driver:/home/jason/Desktop/auto_aim/install/rm_gimbal_description:/home/jason/Desktop/auto_aim/install/rm_auto_aim:/home/jason/Desktop/auto_aim/install/mindvision_camera:/home/jason/Desktop/auto_aim/install/hik_camera:/home/jason/Desktop/auto_aim/install/armor_tracker:/home/jason/Desktop/auto_aim/install/armor_detector:/home/jason/Desktop/auto_aim/install/auto_aim_interfaces:/home/jason/Desktop/Decision_moudle/install/decision_moudle:/home/jason/Desktop/navi/install/waypoint_rviz_plugin:/home/jason/Desktop/navi/install/waypoint_example:/home/jason/Desktop/navi/install/visualization_tools:/home/jason/Desktop/navi/install/velodyne_simulator:/home/jason/Desktop/navi/install/velodyne_gazebo_plugins:/home/jason/Desktop/navi/install/velodyne_description:/home/jason/Desktop/navi/install/rm_nav_bringup:/home/jason/Desktop/navi/install/vehicle_simulator:/home/jason/Desktop/navi/install/terrain_analysis_ext:/home/jason/Desktop/navi/install/terrain_analysis:/home/jason/Desktop/navi/install/sensor_scan_generation:/home/jason/Desktop/navi/install/path2waypoint:/home/jason/Desktop/navi/install/mapping:/home/jason/Desktop/navi/install/local_planner:/home/jason/Desktop/navi/install/loam_interface:/home/jason/Desktop/navi/install/fast_lio:/home/jason/Desktop/navi/install/linefit_ground_segmentation_ros:/home/jason/Desktop/navi/install/linefit_ground_segmentation:/home/jason/Desktop/navi/install/joy:/home/jason/Desktop/navi/install/icp_localization_ros2:/home/jason/Desktop/navi/install/a_star:/opt/ros/humble LD_LIBRARY_PATH=/home/jason/Desktop/navi/install/livox_ros_driver2/lib:/home/jason/Desktop/auto_aim/install/rm_serial_driver/lib:/home/jason/Desktop/auto_aim/install/mindvision_camera/lib:/home/jason/Desktop/auto_aim/install/hik_camera/lib:/home/jason/Desktop/auto_aim/install/armor_tracker/lib:/home/jason/Desktop/auto_aim/install/armor_detector/lib:/home/jason/Desktop/auto_aim/install/auto_aim_interfaces/lib:/home/jason/Desktop/Decision_moudle/install/decision_moudle/lib:/home/jason/Desktop/navi/install/velodyne_gazebo_plugins/lib:/home/jason/Desktop/navi/install/fast_lio/lib:/home/jason/Desktop/navi/install/linefit_ground_segmentation/lib:/home/jason/Desktop/navi/install/joy/lib:/home/jason/Desktop/navi/install/a_star/lib:/opt/MVS/lib/64:/opt/MVS/lib/32:/usr/lib/x86_64-linux-gnu/gazebo-11/plugins:/opt/ros/humble/opt/rviz_ogre_vendor/lib:/opt/ros/humble/lib/x86_64-linux-gnu:/opt/ros/humble/lib:/opt/MVS/lib/64:/opt/MVS/lib/32:/opt/MVS/lib/64:/opt/MVS/lib/32 NX_CONNECTION=192.168.3.36 64935 192.168.3.35 4000 /usr/bin/cmake --build /home/jason/Desktop/navi/build/fast_lio -- -j20 -l20
[0.322s] Invoking command in '/home/jason/Desktop/navi/build/fast_lio': CMAKE_PREFIX_PATH=/home/jason/Desktop/navi/install/livox_ros_driver2:/home/jason/Desktop/auto_aim/install/rm_vision_bringup:/home/jason/Desktop/auto_aim/install/rm_serial_driver:/home/jason/Desktop/auto_aim/install/rm_gimbal_description:/home/jason/Desktop/auto_aim/install/rm_auto_aim:/home/jason/Desktop/auto_aim/install/mindvision_camera:/home/jason/Desktop/auto_aim/install/hik_camera:/home/jason/Desktop/auto_aim/install/armor_tracker:/home/jason/Desktop/auto_aim/install/armor_detector:/home/jason/Desktop/auto_aim/install/auto_aim_interfaces:/home/jason/Desktop/Decision_moudle/install/decision_moudle:/home/jason/Desktop/navi/install/waypoint_rviz_plugin:/home/jason/Desktop/navi/install/waypoint_example:/home/jason/Desktop/navi/install/visualization_tools:/home/jason/Desktop/navi/install/velodyne_simulator:/home/jason/Desktop/navi/install/velodyne_gazebo_plugins:/home/jason/Desktop/navi/install/velodyne_description:/home/jason/Desktop/navi/install/rm_nav_bringup:/home/jason/Desktop/navi/install/vehicle_simulator:/home/jason/Desktop/navi/install/terrain_analysis_ext:/home/jason/Desktop/navi/install/terrain_analysis:/home/jason/Desktop/navi/install/sensor_scan_generation:/home/jason/Desktop/navi/install/path2waypoint:/home/jason/Desktop/navi/install/mapping:/home/jason/Desktop/navi/install/local_planner:/home/jason/Desktop/navi/install/loam_interface:/home/jason/Desktop/navi/install/fast_lio:/home/jason/Desktop/navi/install/linefit_ground_segmentation_ros:/home/jason/Desktop/navi/install/linefit_ground_segmentation:/home/jason/Desktop/navi/install/joy:/home/jason/Desktop/navi/install/icp_localization_ros2:/home/jason/Desktop/navi/install/a_star:/opt/ros/humble LD_LIBRARY_PATH=/home/jason/Desktop/navi/install/livox_ros_driver2/lib:/home/jason/Desktop/auto_aim/install/rm_serial_driver/lib:/home/jason/Desktop/auto_aim/install/mindvision_camera/lib:/home/jason/Desktop/auto_aim/install/hik_camera/lib:/home/jason/Desktop/auto_aim/install/armor_tracker/lib:/home/jason/Desktop/auto_aim/install/armor_detector/lib:/home/jason/Desktop/auto_aim/install/auto_aim_interfaces/lib:/home/jason/Desktop/Decision_moudle/install/decision_moudle/lib:/home/jason/Desktop/navi/install/velodyne_gazebo_plugins/lib:/home/jason/Desktop/navi/install/fast_lio/lib:/home/jason/Desktop/navi/install/linefit_ground_segmentation/lib:/home/jason/Desktop/navi/install/joy/lib:/home/jason/Desktop/navi/install/a_star/lib:/opt/MVS/lib/64:/opt/MVS/lib/32:/usr/lib/x86_64-linux-gnu/gazebo-11/plugins:/opt/ros/humble/opt/rviz_ogre_vendor/lib:/opt/ros/humble/lib/x86_64-linux-gnu:/opt/ros/humble/lib:/opt/MVS/lib/64:/opt/MVS/lib/32:/opt/MVS/lib/64:/opt/MVS/lib/32 NX_CONNECTION=192.168.3.36 64935 192.168.3.35 4000 /usr/bin/cmake --install /home/jason/Desktop/navi/build/fast_lio
[0.328s] -- Install configuration: "Release"
[0.329s] -- Execute custom install script
[0.329s] -- Up-to-date symlink: /home/jason/Desktop/navi/install/fast_lio/share/ament_index/resource_index/rosidl_interfaces/fast_lio
[0.329s] -- Up-to-date symlink: /home/jason/Desktop/navi/install/fast_lio/include/fast_lio/fast_lio/msg/detail/pose6_d__functions.h
[0.329s] -- Up-to-date symlink: /home/jason/Desktop/navi/install/fast_lio/include/fast_lio/fast_lio/msg/detail/pose6_d__struct.h
[0.329s] -- Up-to-date symlink: /home/jason/Desktop/navi/install/fast_lio/include/fast_lio/fast_lio/msg/detail/pose6_d__type_support.h
[0.329s] -- Up-to-date symlink: /home/jason/Desktop/navi/install/fast_lio/include/fast_lio/fast_lio/msg/pose6_d.h
[0.329s] -- Up-to-date symlink: /home/jason/Desktop/navi/install/fast_lio/include/fast_lio/fast_lio/msg/rosidl_generator_c__visibility_control.h
[0.329s] -- Up-to-date symlink: /home/jason/Desktop/navi/install/fast_lio/share/fast_lio/environment/library_path.sh
[0.330s] -- Up-to-date symlink: /home/jason/Desktop/navi/install/fast_lio/share/fast_lio/environment/library_path.dsv
[0.330s] -- Up-to-date symlink: /home/jason/Desktop/navi/install/fast_lio/include/fast_lio/fast_lio/msg/detail/pose6_d__rosidl_typesupport_fastrtps_c.h
[0.330s] -- Up-to-date symlink: /home/jason/Desktop/navi/install/fast_lio/include/fast_lio/fast_lio/msg/rosidl_typesupport_fastrtps_c__visibility_control.h
[0.330s] -- Up-to-date symlink: /home/jason/Desktop/navi/install/fast_lio/include/fast_lio/fast_lio/msg/detail/pose6_d__builder.hpp
[0.330s] -- Up-to-date symlink: /home/jason/Desktop/navi/install/fast_lio/include/fast_lio/fast_lio/msg/detail/pose6_d__struct.hpp
[0.330s] -- Up-to-date symlink: /home/jason/Desktop/navi/install/fast_lio/include/fast_lio/fast_lio/msg/detail/pose6_d__traits.hpp
[0.330s] -- Up-to-date symlink: /home/jason/Desktop/navi/install/fast_lio/include/fast_lio/fast_lio/msg/pose6_d.hpp
[0.330s] -- Up-to-date symlink: /home/jason/Desktop/navi/install/fast_lio/include/fast_lio/fast_lio/msg/detail/pose6_d__rosidl_typesupport_fastrtps_cpp.hpp
[0.330s] -- Up-to-date symlink: /home/jason/Desktop/navi/install/fast_lio/include/fast_lio/fast_lio/msg/rosidl_typesupport_fastrtps_cpp__visibility_control.h
[0.331s] -- Up-to-date symlink: /home/jason/Desktop/navi/install/fast_lio/include/fast_lio/fast_lio/msg/detail/pose6_d__rosidl_typesupport_introspection_c.h
[0.331s] -- Up-to-date symlink: /home/jason/Desktop/navi/install/fast_lio/include/fast_lio/fast_lio/msg/rosidl_typesupport_introspection_c__visibility_control.h
[0.331s] -- Up-to-date symlink: /home/jason/Desktop/navi/install/fast_lio/include/fast_lio/fast_lio/msg/detail/pose6_d__rosidl_typesupport_introspection_cpp.hpp
[0.331s] -- Up-to-date symlink: /home/jason/Desktop/navi/install/fast_lio/share/fast_lio/environment/pythonpath.sh
[0.331s] -- Up-to-date symlink: /home/jason/Desktop/navi/install/fast_lio/share/fast_lio/environment/pythonpath.dsv
[0.331s] -- Up-to-date symlink: /home/jason/Desktop/navi/install/fast_lio/local/lib/python3.10/dist-packages/fast_lio-0.0.0-py3.10.egg-info/PKG-INFO
[0.331s] -- Up-to-date symlink: /home/jason/Desktop/navi/install/fast_lio/local/lib/python3.10/dist-packages/fast_lio-0.0.0-py3.10.egg-info/SOURCES.txt
[0.331s] -- Up-to-date symlink: /home/jason/Desktop/navi/install/fast_lio/local/lib/python3.10/dist-packages/fast_lio-0.0.0-py3.10.egg-info/dependency_links.txt
[0.331s] -- Up-to-date symlink: /home/jason/Desktop/navi/install/fast_lio/local/lib/python3.10/dist-packages/fast_lio-0.0.0-py3.10.egg-info/top_level.txt
[0.332s] -- Up-to-date symlink: /home/jason/Desktop/navi/install/fast_lio/local/lib/python3.10/dist-packages/fast_lio/__init__.py
[0.332s] -- Up-to-date symlink: /home/jason/Desktop/navi/install/fast_lio/local/lib/python3.10/dist-packages/fast_lio/_fast_lio_s.ep.rosidl_typesupport_c.c
[0.332s] -- Up-to-date symlink: /home/jason/Desktop/navi/install/fast_lio/local/lib/python3.10/dist-packages/fast_lio/_fast_lio_s.ep.rosidl_typesupport_fastrtps_c.c
[0.332s] -- Up-to-date symlink: /home/jason/Desktop/navi/install/fast_lio/local/lib/python3.10/dist-packages/fast_lio/_fast_lio_s.ep.rosidl_typesupport_introspection_c.c
[0.332s] -- Up-to-date symlink: /home/jason/Desktop/navi/install/fast_lio/local/lib/python3.10/dist-packages/fast_lio/fast_lio_s__rosidl_typesupport_c.cpython-310-x86_64-linux-gnu.so
[0.332s] -- Up-to-date symlink: /home/jason/Desktop/navi/install/fast_lio/local/lib/python3.10/dist-packages/fast_lio/fast_lio_s__rosidl_typesupport_fastrtps_c.cpython-310-x86_64-linux-gnu.so
[0.332s] -- Up-to-date symlink: /home/jason/Desktop/navi/install/fast_lio/local/lib/python3.10/dist-packages/fast_lio/fast_lio_s__rosidl_typesupport_introspection_c.cpython-310-x86_64-linux-gnu.so
[0.332s] -- Up-to-date symlink: /home/jason/Desktop/navi/install/fast_lio/local/lib/python3.10/dist-packages/fast_lio/libfast_lio__rosidl_generator_py.so
[0.332s] -- Up-to-date symlink: /home/jason/Desktop/navi/install/fast_lio/local/lib/python3.10/dist-packages/fast_lio/msg/__init__.py
[0.332s] -- Up-to-date symlink: /home/jason/Desktop/navi/install/fast_lio/local/lib/python3.10/dist-packages/fast_lio/msg/_pose6_d.py
[0.332s] -- Up-to-date symlink: /home/jason/Desktop/navi/install/fast_lio/local/lib/python3.10/dist-packages/fast_lio/msg/_pose6_d_s.c
[0.333s] -- Up-to-date symlink: /home/jason/Desktop/navi/install/fast_lio/local/lib/python3.10/dist-packages/fast_lio/fast_lio_s__rosidl_typesupport_fastrtps_c.cpython-310-x86_64-linux-gnu.so
[0.333s] -- Up-to-date symlink: /home/jason/Desktop/navi/install/fast_lio/local/lib/python3.10/dist-packages/fast_lio/fast_lio_s__rosidl_typesupport_introspection_c.cpython-310-x86_64-linux-gnu.so
[0.334s] -- Up-to-date symlink: /home/jason/Desktop/navi/install/fast_lio/local/lib/python3.10/dist-packages/fast_lio/fast_lio_s__rosidl_typesupport_c.cpython-310-x86_64-linux-gnu.so
[0.334s] -- Up-to-date symlink: /home/jason/Desktop/navi/install/fast_lio/share/fast_lio/msg/Pose6D.idl
[0.334s] -- Up-to-date symlink: /home/jason/Desktop/navi/install/fast_lio/share/fast_lio/msg/Pose6D.msg
[0.334s] -- Up-to-date symlink: /home/jason/Desktop/navi/install/fast_lio/lib/fast_lio/fastlio_mapping
[0.335s] -- Up-to-date symlink: /home/jason/Desktop/navi/install/fast_lio/share/fast_lio/config/avia.yaml
[0.335s] -- Up-to-date symlink: /home/jason/Desktop/navi/install/fast_lio/share/fast_lio/config/horizon.yaml
[0.335s] -- Up-to-date symlink: /home/jason/Desktop/navi/install/fast_lio/share/fast_lio/config/mid360.yaml
[0.335s] -- Up-to-date symlink: /home/jason/Desktop/navi/install/fast_lio/share/fast_lio/config/ouster64.yaml
[0.335s] -- Up-to-date symlink: /home/jason/Desktop/navi/install/fast_lio/share/fast_lio/config/velodyne.yaml
[0.335s] -- Up-to-date symlink: /home/jason/Desktop/navi/install/fast_lio/share/fast_lio/launch/gdb_debug_example.launch
[0.336s] -- Up-to-date symlink: /home/jason/Desktop/navi/install/fast_lio/share/fast_lio/launch/mapping.launch.py
[0.346s] -- Up-to-date symlink: /home/jason/Desktop/navi/install/fast_lio/share/fast_lio/rviz/fastlio.rviz
[0.346s] -- Up-to-date symlink: /home/jason/Desktop/navi/install/fast_lio/share/ament_index/resource_index/package_run_dependencies/fast_lio
[0.346s] -- Up-to-date symlink: /home/jason/Desktop/navi/install/fast_lio/share/ament_index/resource_index/parent_prefix_path/fast_lio
[0.346s] -- Up-to-date symlink: /home/jason/Desktop/navi/install/fast_lio/share/fast_lio/environment/ament_prefix_path.sh
[0.346s] -- Up-to-date symlink: /home/jason/Desktop/navi/install/fast_lio/share/fast_lio/environment/ament_prefix_path.dsv
[0.346s] -- Up-to-date symlink: /home/jason/Desktop/navi/install/fast_lio/share/fast_lio/environment/path.sh
[0.346s] -- Up-to-date symlink: /home/jason/Desktop/navi/install/fast_lio/share/fast_lio/environment/path.dsv
[0.346s] -- Up-to-date symlink: /home/jason/Desktop/navi/install/fast_lio/share/fast_lio/local_setup.bash
[0.346s] -- Up-to-date symlink: /home/jason/Desktop/navi/install/fast_lio/share/fast_lio/local_setup.sh
[0.346s] -- Up-to-date symlink: /home/jason/Desktop/navi/install/fast_lio/share/fast_lio/local_setup.zsh
[0.347s] -- Up-to-date symlink: /home/jason/Desktop/navi/install/fast_lio/share/fast_lio/local_setup.dsv
[0.347s] -- Symlinking: /home/jason/Desktop/navi/install/fast_lio/share/fast_lio/package.dsv
[0.354s] -- Up-to-date symlink: /home/jason/Desktop/navi/install/fast_lio/share/ament_index/resource_index/packages/fast_lio
[0.354s] -- Up-to-date symlink: /home/jason/Desktop/navi/install/fast_lio/share/fast_lio/cmake/rosidl_cmake-extras.cmake
[0.354s] -- Up-to-date symlink: /home/jason/Desktop/navi/install/fast_lio/share/fast_lio/cmake/ament_cmake_export_include_directories-extras.cmake
[0.355s] -- Up-to-date symlink: /home/jason/Desktop/navi/install/fast_lio/share/fast_lio/cmake/ament_cmake_export_libraries-extras.cmake
[0.355s] -- Up-to-date symlink: /home/jason/Desktop/navi/install/fast_lio/share/fast_lio/cmake/ament_cmake_export_targets-extras.cmake
[0.355s] -- Up-to-date symlink: /home/jason/Desktop/navi/install/fast_lio/share/fast_lio/cmake/rosidl_cmake_export_typesupport_targets-extras.cmake
[0.355s] -- Up-to-date symlink: /home/jason/Desktop/navi/install/fast_lio/share/fast_lio/cmake/ament_cmake_export_dependencies-extras.cmake
[0.355s] -- Up-to-date symlink: /home/jason/Desktop/navi/install/fast_lio/share/fast_lio/cmake/rosidl_cmake_export_typesupport_libraries-extras.cmake
[0.355s] -- Up-to-date symlink: /home/jason/Desktop/navi/install/fast_lio/share/fast_lio/cmake/fast_lioConfig.cmake
[0.355s] -- Up-to-date symlink: /home/jason/Desktop/navi/install/fast_lio/share/fast_lio/cmake/fast_lioConfig-version.cmake
[0.356s] -- Up-to-date symlink: /home/jason/Desktop/navi/install/fast_lio/share/fast_lio/package.xml
[0.356s] -- Up-to-date: /home/jason/Desktop/navi/install/fast_lio/lib/libfast_lio__rosidl_generator_c.so
[0.357s] -- Up-to-date: /home/jason/Desktop/navi/install/fast_lio/lib/libfast_lio__rosidl_typesupport_fastrtps_c.so
[0.357s] -- Up-to-date: /home/jason/Desktop/navi/install/fast_lio/lib/libfast_lio__rosidl_typesupport_fastrtps_cpp.so
[0.358s] -- Up-to-date: /home/jason/Desktop/navi/install/fast_lio/lib/libfast_lio__rosidl_typesupport_introspection_c.so
[0.359s] -- Up-to-date: /home/jason/Desktop/navi/install/fast_lio/lib/libfast_lio__rosidl_typesupport_c.so
[0.359s] -- Up-to-date: /home/jason/Desktop/navi/install/fast_lio/lib/libfast_lio__rosidl_typesupport_introspection_cpp.so
[0.360s] -- Up-to-date: /home/jason/Desktop/navi/install/fast_lio/lib/libfast_lio__rosidl_typesupport_cpp.so
[0.384s] Listing '/home/jason/Desktop/navi/install/fast_lio/local/lib/python3.10/dist-packages/fast_lio'...
[0.384s] Listing '/home/jason/Desktop/navi/install/fast_lio/local/lib/python3.10/dist-packages/fast_lio/msg'...
[0.387s] -- Up-to-date: /home/jason/Desktop/navi/install/fast_lio/lib/libfast_lio__rosidl_generator_py.so
[0.388s] -- Up-to-date: /home/jason/Desktop/navi/install/fast_lio/share/fast_lio/cmake/export_fast_lio__rosidl_generator_cExport.cmake
[0.388s] -- Up-to-date: /home/jason/Desktop/navi/install/fast_lio/share/fast_lio/cmake/export_fast_lio__rosidl_generator_cExport-release.cmake
[0.388s] -- Up-to-date: /home/jason/Desktop/navi/install/fast_lio/share/fast_lio/cmake/export_fast_lio__rosidl_typesupport_fastrtps_cExport.cmake
[0.388s] -- Up-to-date: /home/jason/Desktop/navi/install/fast_lio/share/fast_lio/cmake/export_fast_lio__rosidl_typesupport_fastrtps_cExport-release.cmake
[0.388s] -- Up-to-date: /home/jason/Desktop/navi/install/fast_lio/share/fast_lio/cmake/export_fast_lio__rosidl_generator_cppExport.cmake
[0.389s] -- Up-to-date: /home/jason/Desktop/navi/install/fast_lio/share/fast_lio/cmake/export_fast_lio__rosidl_typesupport_fastrtps_cppExport.cmake
[0.389s] -- Up-to-date: /home/jason/Desktop/navi/install/fast_lio/share/fast_lio/cmake/export_fast_lio__rosidl_typesupport_fastrtps_cppExport-release.cmake
[0.389s] -- Up-to-date: /home/jason/Desktop/navi/install/fast_lio/share/fast_lio/cmake/fast_lio__rosidl_typesupport_introspection_cExport.cmake
[0.389s] -- Up-to-date: /home/jason/Desktop/navi/install/fast_lio/share/fast_lio/cmake/fast_lio__rosidl_typesupport_introspection_cExport-release.cmake
[0.390s] -- Up-to-date: /home/jason/Desktop/navi/install/fast_lio/share/fast_lio/cmake/fast_lio__rosidl_typesupport_cExport.cmake
[0.390s] -- Up-to-date: /home/jason/Desktop/navi/install/fast_lio/share/fast_lio/cmake/fast_lio__rosidl_typesupport_cExport-release.cmake
[0.391s] -- Up-to-date: /home/jason/Desktop/navi/install/fast_lio/share/fast_lio/cmake/fast_lio__rosidl_typesupport_introspection_cppExport.cmake
[0.391s] -- Up-to-date: /home/jason/Desktop/navi/install/fast_lio/share/fast_lio/cmake/fast_lio__rosidl_typesupport_introspection_cppExport-release.cmake
[0.391s] -- Up-to-date: /home/jason/Desktop/navi/install/fast_lio/share/fast_lio/cmake/fast_lio__rosidl_typesupport_cppExport.cmake
[0.391s] -- Up-to-date: /home/jason/Desktop/navi/install/fast_lio/share/fast_lio/cmake/fast_lio__rosidl_typesupport_cppExport-release.cmake
[0.392s] -- Up-to-date: /home/jason/Desktop/navi/install/fast_lio/share/fast_lio/cmake/export_fast_lio__rosidl_generator_pyExport.cmake
[0.392s] -- Up-to-date: /home/jason/Desktop/navi/install/fast_lio/share/fast_lio/cmake/export_fast_lio__rosidl_generator_pyExport-release.cmake
[0.394s] Invoked command in '/home/jason/Desktop/navi/build/fast_lio' returned '0': CMAKE_PREFIX_PATH=/home/jason/Desktop/navi/install/livox_ros_driver2:/home/jason/Desktop/auto_aim/install/rm_vision_bringup:/home/jason/Desktop/auto_aim/install/rm_serial_driver:/home/jason/Desktop/auto_aim/install/rm_gimbal_description:/home/jason/Desktop/auto_aim/install/rm_auto_aim:/home/jason/Desktop/auto_aim/install/mindvision_camera:/home/jason/Desktop/auto_aim/install/hik_camera:/home/jason/Desktop/auto_aim/install/armor_tracker:/home/jason/Desktop/auto_aim/install/armor_detector:/home/jason/Desktop/auto_aim/install/auto_aim_interfaces:/home/jason/Desktop/Decision_moudle/install/decision_moudle:/home/jason/Desktop/navi/install/waypoint_rviz_plugin:/home/jason/Desktop/navi/install/waypoint_example:/home/jason/Desktop/navi/install/visualization_tools:/home/jason/Desktop/navi/install/velodyne_simulator:/home/jason/Desktop/navi/install/velodyne_gazebo_plugins:/home/jason/Desktop/navi/install/velodyne_description:/home/jason/Desktop/navi/install/rm_nav_bringup:/home/jason/Desktop/navi/install/vehicle_simulator:/home/jason/Desktop/navi/install/terrain_analysis_ext:/home/jason/Desktop/navi/install/terrain_analysis:/home/jason/Desktop/navi/install/sensor_scan_generation:/home/jason/Desktop/navi/install/path2waypoint:/home/jason/Desktop/navi/install/mapping:/home/jason/Desktop/navi/install/local_planner:/home/jason/Desktop/navi/install/loam_interface:/home/jason/Desktop/navi/install/fast_lio:/home/jason/Desktop/navi/install/linefit_ground_segmentation_ros:/home/jason/Desktop/navi/install/linefit_ground_segmentation:/home/jason/Desktop/navi/install/joy:/home/jason/Desktop/navi/install/icp_localization_ros2:/home/jason/Desktop/navi/install/a_star:/opt/ros/humble LD_LIBRARY_PATH=/home/jason/Desktop/navi/install/livox_ros_driver2/lib:/home/jason/Desktop/auto_aim/install/rm_serial_driver/lib:/home/jason/Desktop/auto_aim/install/mindvision_camera/lib:/home/jason/Desktop/auto_aim/install/hik_camera/lib:/home/jason/Desktop/auto_aim/install/armor_tracker/lib:/home/jason/Desktop/auto_aim/install/armor_detector/lib:/home/jason/Desktop/auto_aim/install/auto_aim_interfaces/lib:/home/jason/Desktop/Decision_moudle/install/decision_moudle/lib:/home/jason/Desktop/navi/install/velodyne_gazebo_plugins/lib:/home/jason/Desktop/navi/install/fast_lio/lib:/home/jason/Desktop/navi/install/linefit_ground_segmentation/lib:/home/jason/Desktop/navi/install/joy/lib:/home/jason/Desktop/navi/install/a_star/lib:/opt/MVS/lib/64:/opt/MVS/lib/32:/usr/lib/x86_64-linux-gnu/gazebo-11/plugins:/opt/ros/humble/opt/rviz_ogre_vendor/lib:/opt/ros/humble/lib/x86_64-linux-gnu:/opt/ros/humble/lib:/opt/MVS/lib/64:/opt/MVS/lib/32:/opt/MVS/lib/64:/opt/MVS/lib/32 NX_CONNECTION=192.168.3.36 64935 192.168.3.35 4000 /usr/bin/cmake --install /home/jason/Desktop/navi/build/fast_lio
