[0.080s] Invoking command in '/home/jason/Desktop/navi/build/local_planner': CMAKE_PREFIX_PATH=/opt/ros/humble /usr/bin/cmake /home/jason/Desktop/navi/src/local_planner/autonomous_exploration_development_environment/src/local_planner -DCMAKE_BUILD_TYPE=Release -DAMENT_CMAKE_SYMLINK_INSTALL=1 -DCMAKE_INSTALL_PREFIX=/home/jason/Desktop/navi/install/local_planner
[0.328s] -- The C compiler identification is GNU 11.4.0
[0.595s] -- The CXX compiler identification is GNU 11.4.0
[0.608s] -- Detecting C compiler ABI info
[0.915s] -- Detecting C compiler ABI info - done
[1.031s] -- Check for working C compiler: /usr/bin/cc - skipped
[1.031s] -- Detecting C compile features
[1.031s] -- Detecting C compile features - done
[1.046s] -- Detecting CXX compiler ABI info
[1.413s] -- Detecting CXX compiler ABI info - done
[1.446s] -- Check for working CXX compiler: /usr/bin/c++ - skipped
[1.447s] -- Detecting CXX compile features
[1.462s] -- Detecting CXX compile features - done
[1.482s] -- Found ament_cmake: 1.3.8 (/opt/ros/humble/share/ament_cmake/cmake)
[2.193s] -- Found Python3: /usr/bin/python3 (found version "3.10.12") found components: Interpreter 
[2.419s] -- Override CMake install command with custom implementation using symlinks instead of copying resources
[2.485s] -- Found rclcpp: 16.0.8 (/opt/ros/humble/share/rclcpp/cmake)
[2.616s] -- Found rosidl_generator_c: 3.1.5 (/opt/ros/humble/share/rosidl_generator_c/cmake)
[2.629s] -- Found rosidl_adapter: 3.1.5 (/opt/ros/humble/share/rosidl_adapter/cmake)
[2.651s] -- Found rosidl_generator_cpp: 3.1.5 (/opt/ros/humble/share/rosidl_generator_cpp/cmake)
[2.691s] -- Using all available rosidl_typesupport_c: rosidl_typesupport_fastrtps_c;rosidl_typesupport_introspection_c
[2.747s] -- Using all available rosidl_typesupport_cpp: rosidl_typesupport_fastrtps_cpp;rosidl_typesupport_introspection_cpp
[2.940s] -- Found rmw_implementation_cmake: 6.1.1 (/opt/ros/humble/share/rmw_implementation_cmake/cmake)
[2.947s] -- Found rmw_fastrtps_cpp: 6.2.6 (/opt/ros/humble/share/rmw_fastrtps_cpp/cmake)
[3.286s] -- Found OpenSSL: /usr/lib/x86_64-linux-gnu/libcrypto.so (found version "3.0.2")  
[3.419s] -- Found FastRTPS: /opt/ros/humble/include  
[3.558s] -- Using RMW implementation 'rmw_fastrtps_cpp' as default
[3.587s] -- Looking for pthread.h
[3.833s] -- Looking for pthread.h - found
[3.834s] -- Performing Test CMAKE_HAVE_LIBC_PTHREAD
[4.061s] -- Performing Test CMAKE_HAVE_LIBC_PTHREAD - Success
[4.067s] -- Found Threads: TRUE  
[4.595s] -- Found nav_msgs: 4.2.3 (/opt/ros/humble/share/nav_msgs/cmake)
[5.093s] -- Found sensor_msgs: 4.2.3 (/opt/ros/humble/share/sensor_msgs/cmake)
[5.528s] -- Found tf2_ros: 0.25.6 (/opt/ros/humble/share/tf2_ros/cmake)
[6.800s] -- Found tf2_geometry_msgs: 0.25.6 (/opt/ros/humble/share/tf2_geometry_msgs/cmake)
[6.838s] -- Found eigen3_cmake_module: 0.1.1 (/opt/ros/humble/share/eigen3_cmake_module/cmake)
[6.842s] -- Found Eigen3: TRUE (found version "3.4.0") 
[6.842s] -- Ensuring Eigen3 include directory is part of orocos-kdl CMake target
[6.872s] -- Found pcl_conversions: 2.4.0 (/opt/ros/humble/share/pcl_conversions/cmake)
[7.203s] -- Found pcl_ros: 2.4.0 (/opt/ros/humble/share/pcl_ros/cmake)
[7.596s] -- Checking for module 'eigen3'
[7.692s] --   Found eigen3, version 3.4.0
[7.826s] -- Found Eigen: /usr/include/eigen3 (Required is at least version "3.1") 
[7.826s] -- Eigen found (include: /usr/include/eigen3, version: 3.4.0)
[7.951s] -- Checking for module 'flann'
[8.018s] --   Found flann, version 1.9.1
[8.174s] -- Found FLANN: /usr/lib/x86_64-linux-gnu/libflann_cpp.so  
[8.175s] -- FLANN found (include: /usr/include, lib: /usr/lib/x86_64-linux-gnu/libflann_cpp.so)
[10.954s] -- Checking for module 'libusb-1.0'
[10.989s] --   Found libusb-1.0, version 1.0.25
[11.078s] -- Found libusb: /usr/lib/x86_64-linux-gnu/libusb-1.0.so  
[11.082s] -- OpenNI found (version: 1.5.4.0, include: /usr/include/ni, lib: /usr/lib/libOpenNI.so;libusb::libusb)
[11.239s] -- OpenNI2 found (version: 2.2.0.33, include: /usr/include/openni2, lib: /usr/lib/x86_64-linux-gnu/libOpenNI2.so;libusb::libusb)
[11.711s] -- Eigen found (include: /usr/include/eigen3, version: 3.4.0)
[11.750s] -- OpenNI found (version: 1.5.4.0, include: /usr/include/ni, lib: /usr/lib/libOpenNI.so;libusb::libusb)
[11.766s] -- OpenNI2 found (version: 2.2.0.33, include: /usr/include/openni2, lib: /usr/lib/x86_64-linux-gnu/libOpenNI2.so;libusb::libusb)
[12.245s] -- Found Qhull version 8.0.2
[12.753s] -- OpenNI found (version: 1.5.4.0, include: /usr/include/ni, lib: /usr/lib/libOpenNI.so;libusb::libusb)
[13.296s] -- Found PCL_COMMON: /usr/lib/x86_64-linux-gnu/libpcl_common.so  
[13.299s] -- Found PCL_KDTREE: /usr/lib/x86_64-linux-gnu/libpcl_kdtree.so  
[13.303s] -- Found PCL_OCTREE: /usr/lib/x86_64-linux-gnu/libpcl_octree.so  
[13.306s] -- Found PCL_SEARCH: /usr/lib/x86_64-linux-gnu/libpcl_search.so  
[13.312s] -- Found PCL_SAMPLE_CONSENSUS: /usr/lib/x86_64-linux-gnu/libpcl_sample_consensus.so  
[13.316s] -- Found PCL_FILTERS: /usr/lib/x86_64-linux-gnu/libpcl_filters.so  
[13.317s] -- Found PCL_2D: /usr/include/pcl-1.12  
[13.319s] -- Found PCL_GEOMETRY: /usr/include/pcl-1.12  
[13.323s] -- Found PCL_IO: /usr/lib/x86_64-linux-gnu/libpcl_io.so  
[13.329s] -- Found PCL_FEATURES: /usr/lib/x86_64-linux-gnu/libpcl_features.so  
[13.333s] -- Found PCL_ML: /usr/lib/x86_64-linux-gnu/libpcl_ml.so  
[13.336s] -- Found PCL_SEGMENTATION: /usr/lib/x86_64-linux-gnu/libpcl_segmentation.so  
[13.340s] -- Found PCL_VISUALIZATION: /usr/lib/x86_64-linux-gnu/libpcl_visualization.so  
[13.346s] -- Found PCL_SURFACE: /usr/lib/x86_64-linux-gnu/libpcl_surface.so  
[13.350s] -- Found PCL_REGISTRATION: /usr/lib/x86_64-linux-gnu/libpcl_registration.so  
[13.353s] -- Found PCL_KEYPOINTS: /usr/lib/x86_64-linux-gnu/libpcl_keypoints.so  
[13.357s] -- Found PCL_TRACKING: /usr/lib/x86_64-linux-gnu/libpcl_tracking.so  
[13.363s] -- Found PCL_RECOGNITION: /usr/lib/x86_64-linux-gnu/libpcl_recognition.so  
[13.367s] -- Found PCL_STEREO: /usr/lib/x86_64-linux-gnu/libpcl_stereo.so  
[13.371s] -- Found PCL_APPS: /usr/lib/x86_64-linux-gnu/libpcl_apps.so  
[13.374s] -- Found PCL_IN_HAND_SCANNER: /usr/include/pcl-1.12  
[13.375s] -- Found PCL_MODELER: /usr/include/pcl-1.12  
[13.376s] -- Found PCL_POINT_CLOUD_EDITOR: /usr/include/pcl-1.12  
[13.379s] -- Found PCL_OUTOFCORE: /usr/lib/x86_64-linux-gnu/libpcl_outofcore.so  
[13.384s] -- Found PCL_PEOPLE: /usr/lib/x86_64-linux-gnu/libpcl_people.so  
[13.717s] -- Found ament_lint_auto: 0.12.10 (/opt/ros/humble/share/ament_lint_auto/cmake)
[14.002s] -- Added test 'copyright' to check source files copyright and LICENSE
[14.019s] -- Added test 'cppcheck' to perform static code analysis on C / C++ code
[14.019s] -- Configured cppcheck include dirs: 
[14.019s] -- Configured cppcheck exclude dirs and/or files: 
[14.019s] -- Added test 'cpplint' to check C / C++ code against the Google style
[14.019s] -- Configured cpplint exclude dirs and/or files: 
[14.021s] -- Added test 'lint_cmake' to check CMake code style
[14.026s] -- Added test 'uncrustify' to check C / C++ code style
[14.026s] -- Configured uncrustify additional arguments: 
[14.028s] -- Added test 'xmllint' to check XML markup files
[14.030s] -- Configuring done
[14.186s] -- Generating done
[14.193s] -- Build files have been written to: /home/jason/Desktop/navi/build/local_planner
[14.249s] Invoked command in '/home/jason/Desktop/navi/build/local_planner' returned '0': CMAKE_PREFIX_PATH=/opt/ros/humble /usr/bin/cmake /home/jason/Desktop/navi/src/local_planner/autonomous_exploration_development_environment/src/local_planner -DCMAKE_BUILD_TYPE=Release -DAMENT_CMAKE_SYMLINK_INSTALL=1 -DCMAKE_INSTALL_PREFIX=/home/jason/Desktop/navi/install/local_planner
[14.250s] Invoking command in '/home/jason/Desktop/navi/build/local_planner': CMAKE_PREFIX_PATH=/opt/ros/humble /usr/bin/cmake --build /home/jason/Desktop/navi/build/local_planner -- -j20 -l20
[16.530s] [ 25%] [32mBuilding CXX object CMakeFiles/localPlanner.dir/src/localPlanner.cpp.o[0m
[16.530s] [ 50%] [32mBuilding CXX object CMakeFiles/pathFollower.dir/src/pathFollower.cpp.o[0m
[89.716s] [ 75%] [32m[1mLinking CXX executable pathFollower[0m
[90.247s] [ 75%] Built target pathFollower
[95.385s] [100%] [32m[1mLinking CXX executable localPlanner[0m
[95.933s] [100%] Built target localPlanner
[95.941s] Invoked command in '/home/jason/Desktop/navi/build/local_planner' returned '0': CMAKE_PREFIX_PATH=/opt/ros/humble /usr/bin/cmake --build /home/jason/Desktop/navi/build/local_planner -- -j20 -l20
[95.972s] Invoking command in '/home/jason/Desktop/navi/build/local_planner': CMAKE_PREFIX_PATH=/opt/ros/humble /usr/bin/cmake --install /home/jason/Desktop/navi/build/local_planner
[95.977s] -- Install configuration: "Release"
[95.978s] -- Execute custom install script
[95.978s] -- Symlinking: /home/jason/Desktop/navi/install/local_planner/lib/local_planner/localPlanner
[95.985s] -- Symlinking: /home/jason/Desktop/navi/install/local_planner/lib/local_planner/pathFollower
[95.991s] -- Symlinking: /home/jason/Desktop/navi/install/local_planner/share/local_planner/launch/local_planner.launch
[95.997s] -- Symlinking: /home/jason/Desktop/navi/install/local_planner/share/local_planner/paths/correspondences.txt
[96.004s] -- Symlinking: /home/jason/Desktop/navi/install/local_planner/share/local_planner/paths/pathList.ply
[96.009s] -- Symlinking: /home/jason/Desktop/navi/install/local_planner/share/local_planner/paths/path_generator.m
[96.015s] -- Symlinking: /home/jason/Desktop/navi/install/local_planner/share/local_planner/paths/paths.ply
[96.020s] -- Symlinking: /home/jason/Desktop/navi/install/local_planner/share/local_planner/paths/startPaths.ply
[96.026s] -- Symlinking: /home/jason/Desktop/navi/install/local_planner/share/ament_index/resource_index/package_run_dependencies/local_planner
[96.032s] -- Symlinking: /home/jason/Desktop/navi/install/local_planner/share/ament_index/resource_index/parent_prefix_path/local_planner
[96.037s] -- Symlinking: /home/jason/Desktop/navi/install/local_planner/share/local_planner/environment/ament_prefix_path.sh
[96.043s] -- Symlinking: /home/jason/Desktop/navi/install/local_planner/share/local_planner/environment/ament_prefix_path.dsv
[96.049s] -- Symlinking: /home/jason/Desktop/navi/install/local_planner/share/local_planner/environment/path.sh
[96.055s] -- Symlinking: /home/jason/Desktop/navi/install/local_planner/share/local_planner/environment/path.dsv
[96.061s] -- Symlinking: /home/jason/Desktop/navi/install/local_planner/share/local_planner/local_setup.bash
[96.068s] -- Symlinking: /home/jason/Desktop/navi/install/local_planner/share/local_planner/local_setup.sh
[96.074s] -- Symlinking: /home/jason/Desktop/navi/install/local_planner/share/local_planner/local_setup.zsh
[96.081s] -- Symlinking: /home/jason/Desktop/navi/install/local_planner/share/local_planner/local_setup.dsv
[96.086s] -- Symlinking: /home/jason/Desktop/navi/install/local_planner/share/local_planner/package.dsv
[96.092s] -- Symlinking: /home/jason/Desktop/navi/install/local_planner/share/ament_index/resource_index/packages/local_planner
[96.098s] -- Symlinking: /home/jason/Desktop/navi/install/local_planner/share/local_planner/cmake/local_plannerConfig.cmake
[96.104s] -- Symlinking: /home/jason/Desktop/navi/install/local_planner/share/local_planner/cmake/local_plannerConfig-version.cmake
[96.110s] -- Symlinking: /home/jason/Desktop/navi/install/local_planner/share/local_planner/package.xml
[96.117s] Invoked command in '/home/jason/Desktop/navi/build/local_planner' returned '0': CMAKE_PREFIX_PATH=/opt/ros/humble /usr/bin/cmake --install /home/jason/Desktop/navi/build/local_planner
