[0.079s] Invoking command in '/home/jason/Desktop/navi/build/loam_interface': CMAKE_PREFIX_PATH=${CMAKE_PREFIX_PATH}:/opt/ros/humble /usr/bin/cmake /home/jason/Desktop/navi/src/local_planner/autonomous_exploration_development_environment/src/loam_interface -DAMENT_CMAKE_SYMLINK_INSTALL=1 -DCMAKE_INSTALL_PREFIX=/home/jason/Desktop/navi/install/loam_interface
[0.169s] -- Found ament_cmake: 1.3.8 (/opt/ros/humble/share/ament_cmake/cmake)
[0.266s] -- Override CMake install command with custom implementation using symlinks instead of copying resources
[0.271s] -- Found rclcpp: 16.0.8 (/opt/ros/humble/share/rclcpp/cmake)
[0.317s] -- Found rosidl_generator_c: 3.1.5 (/opt/ros/humble/share/rosidl_generator_c/cmake)
[0.320s] -- Found rosidl_adapter: 3.1.5 (/opt/ros/humble/share/rosidl_adapter/cmake)
[0.329s] -- Found rosidl_generator_cpp: 3.1.5 (/opt/ros/humble/share/rosidl_generator_cpp/cmake)
[0.351s] -- Using all available rosidl_typesupport_c: rosidl_typesupport_fastrtps_c;rosidl_typesupport_introspection_c
[0.373s] -- Using all available rosidl_typesupport_cpp: rosidl_typesupport_fastrtps_cpp;rosidl_typesupport_introspection_cpp
[0.458s] -- Found rmw_implementation_cmake: 6.1.1 (/opt/ros/humble/share/rmw_implementation_cmake/cmake)
[0.461s] -- Found rmw_fastrtps_cpp: 6.2.6 (/opt/ros/humble/share/rmw_fastrtps_cpp/cmake)
[0.629s] -- Using RMW implementation 'rmw_fastrtps_cpp' as default
[0.825s] -- Found nav_msgs: 4.2.3 (/opt/ros/humble/share/nav_msgs/cmake)
[0.976s] -- Found sensor_msgs: 4.2.3 (/opt/ros/humble/share/sensor_msgs/cmake)
[1.082s] -- Found tf2_ros: 0.25.6 (/opt/ros/humble/share/tf2_ros/cmake)
[1.446s] -- Found tf2_geometry_msgs: 0.25.6 (/opt/ros/humble/share/tf2_geometry_msgs/cmake)
[1.447s] -- Found eigen3_cmake_module: 0.1.1 (/opt/ros/humble/share/eigen3_cmake_module/cmake)
[1.449s] -- Ensuring Eigen3 include directory is part of orocos-kdl CMake target
[1.457s] -- Found pcl_conversions: 2.4.0 (/opt/ros/humble/share/pcl_conversions/cmake)
[1.574s] -- Found pcl_ros: 2.4.0 (/opt/ros/humble/share/pcl_ros/cmake)
[1.697s] -- Eigen found (include: /usr/include/eigen3, version: 3.4.0)
[1.731s] -- FLANN found (include: /usr/include, lib: /usr/lib/x86_64-linux-gnu/libflann_cpp.so)
[2.115s] -- OpenNI found (version: 1.5.4.0, include: /usr/include/ni, lib: /usr/lib/libOpenNI.so;libusb::libusb)
[2.122s] -- OpenNI2 found (version: 2.2.0.33, include: /usr/include/openni2, lib: /usr/lib/x86_64-linux-gnu/libOpenNI2.so;libusb::libusb)
[2.323s] -- Eigen found (include: /usr/include/eigen3, version: 3.4.0)
[2.328s] -- OpenNI found (version: 1.5.4.0, include: /usr/include/ni, lib: /usr/lib/libOpenNI.so;libusb::libusb)
[2.336s] -- OpenNI2 found (version: 2.2.0.33, include: /usr/include/openni2, lib: /usr/lib/x86_64-linux-gnu/libOpenNI2.so;libusb::libusb)
[2.479s] -- Found Qhull version 8.0.2
[2.642s] -- OpenNI found (version: 1.5.4.0, include: /usr/include/ni, lib: /usr/lib/libOpenNI.so;libusb::libusb)
[2.986s] -- Found ament_lint_auto: 0.12.10 (/opt/ros/humble/share/ament_lint_auto/cmake)
[3.087s] -- Added test 'copyright' to check source files copyright and LICENSE
[3.088s] -- Added test 'cppcheck' to perform static code analysis on C / C++ code
[3.088s] -- Configured cppcheck include dirs: 
[3.089s] -- Configured cppcheck exclude dirs and/or files: 
[3.089s] -- Added test 'cpplint' to check C / C++ code against the Google style
[3.090s] -- Configured cpplint exclude dirs and/or files: 
[3.090s] -- Added test 'lint_cmake' to check CMake code style
[3.090s] -- Added test 'uncrustify' to check C / C++ code style
[3.091s] -- Configured uncrustify additional arguments: 
[3.092s] -- Added test 'xmllint' to check XML markup files
[3.092s] -- Configuring done
[3.143s] -- Generating done
[3.146s] -- Build files have been written to: /home/jason/Desktop/navi/build/loam_interface
[3.164s] Invoked command in '/home/jason/Desktop/navi/build/loam_interface' returned '0': CMAKE_PREFIX_PATH=${CMAKE_PREFIX_PATH}:/opt/ros/humble /usr/bin/cmake /home/jason/Desktop/navi/src/local_planner/autonomous_exploration_development_environment/src/loam_interface -DAMENT_CMAKE_SYMLINK_INSTALL=1 -DCMAKE_INSTALL_PREFIX=/home/jason/Desktop/navi/install/loam_interface
[3.167s] Invoking command in '/home/jason/Desktop/navi/build/loam_interface': CMAKE_PREFIX_PATH=${CMAKE_PREFIX_PATH}:/opt/ros/humble /usr/bin/cmake --build /home/jason/Desktop/navi/build/loam_interface -- -j20 -l20
[3.230s] [35m[1mConsolidate compiler generated dependencies of target loamInterface[0m
[3.267s] [100%] Built target loamInterface
[3.282s] Invoked command in '/home/jason/Desktop/navi/build/loam_interface' returned '0': CMAKE_PREFIX_PATH=${CMAKE_PREFIX_PATH}:/opt/ros/humble /usr/bin/cmake --build /home/jason/Desktop/navi/build/loam_interface -- -j20 -l20
[3.319s] Invoking command in '/home/jason/Desktop/navi/build/loam_interface': CMAKE_PREFIX_PATH=${CMAKE_PREFIX_PATH}:/opt/ros/humble /usr/bin/cmake --install /home/jason/Desktop/navi/build/loam_interface
[3.330s] -- Install configuration: "Release"
[3.331s] -- Execute custom install script
[3.334s] -- Up-to-date symlink: /home/jason/Desktop/navi/install/loam_interface/lib/loam_interface/loamInterface
[3.334s] -- Up-to-date symlink: /home/jason/Desktop/navi/install/loam_interface/share/loam_interface/launch/loam_interface.launch
[3.334s] -- Up-to-date symlink: /home/jason/Desktop/navi/install/loam_interface/share/ament_index/resource_index/package_run_dependencies/loam_interface
[3.335s] -- Up-to-date symlink: /home/jason/Desktop/navi/install/loam_interface/share/ament_index/resource_index/parent_prefix_path/loam_interface
[3.335s] -- Up-to-date symlink: /home/jason/Desktop/navi/install/loam_interface/share/loam_interface/environment/ament_prefix_path.sh
[3.335s] -- Up-to-date symlink: /home/jason/Desktop/navi/install/loam_interface/share/loam_interface/environment/ament_prefix_path.dsv
[3.335s] -- Up-to-date symlink: /home/jason/Desktop/navi/install/loam_interface/share/loam_interface/environment/path.sh
[3.335s] -- Up-to-date symlink: /home/jason/Desktop/navi/install/loam_interface/share/loam_interface/environment/path.dsv
[3.335s] -- Up-to-date symlink: /home/jason/Desktop/navi/install/loam_interface/share/loam_interface/local_setup.bash
[3.335s] -- Up-to-date symlink: /home/jason/Desktop/navi/install/loam_interface/share/loam_interface/local_setup.sh
[3.335s] -- Up-to-date symlink: /home/jason/Desktop/navi/install/loam_interface/share/loam_interface/local_setup.zsh
[3.335s] -- Up-to-date symlink: /home/jason/Desktop/navi/install/loam_interface/share/loam_interface/local_setup.dsv
[3.335s] -- Symlinking: /home/jason/Desktop/navi/install/loam_interface/share/loam_interface/package.dsv
[3.348s] -- Up-to-date symlink: /home/jason/Desktop/navi/install/loam_interface/share/ament_index/resource_index/packages/loam_interface
[3.348s] -- Up-to-date symlink: /home/jason/Desktop/navi/install/loam_interface/share/loam_interface/cmake/loam_interfaceConfig.cmake
[3.348s] -- Up-to-date symlink: /home/jason/Desktop/navi/install/loam_interface/share/loam_interface/cmake/loam_interfaceConfig-version.cmake
[3.349s] -- Up-to-date symlink: /home/jason/Desktop/navi/install/loam_interface/share/loam_interface/package.xml
[3.351s] Invoked command in '/home/jason/Desktop/navi/build/loam_interface' returned '0': CMAKE_PREFIX_PATH=${CMAKE_PREFIX_PATH}:/opt/ros/humble /usr/bin/cmake --install /home/jason/Desktop/navi/build/loam_interface
