[0.093s] Invoking command in '/home/jason/Desktop/navi/build/linefit_ground_segmentation': CMAKE_PREFIX_PATH=${CMAKE_PREFIX_PATH}:/opt/ros/humble /usr/bin/cmake --build /home/jason/Desktop/navi/build/linefit_ground_segmentation -- -j20 -l20
[0.231s] [100%] Built target linefit_ground_segmentation
[0.315s] Invoked command in '/home/jason/Desktop/navi/build/linefit_ground_segmentation' returned '0': CMAKE_PREFIX_PATH=${CMAKE_PREFIX_PATH}:/opt/ros/humble /usr/bin/cmake --build /home/jason/Desktop/navi/build/linefit_ground_segmentation -- -j20 -l20
[0.477s] Invoking command in '/home/jason/Desktop/navi/build/linefit_ground_segmentation': CMAKE_PREFIX_PATH=${CMAKE_PREFIX_PATH}:/opt/ros/humble /usr/bin/cmake --install /home/jason/Desktop/navi/build/linefit_ground_segmentation
[0.479s] -- Install configuration: "Release"
[0.479s] -- Execute custom install script
[0.479s] -- Up-to-date symlink: /home/jason/Desktop/navi/install/linefit_ground_segmentation/include/ground_segmentation/bin.h
[0.479s] -- Up-to-date symlink: /home/jason/Desktop/navi/install/linefit_ground_segmentation/include/ground_segmentation/ground_segmentation.h
[0.480s] -- Up-to-date symlink: /home/jason/Desktop/navi/install/linefit_ground_segmentation/include/ground_segmentation/segment.h
[0.480s] -- Up-to-date symlink: /home/jason/Desktop/navi/install/linefit_ground_segmentation/include/ground_segmentation/typedefs.h
[0.481s] -- Up-to-date symlink: /home/jason/Desktop/navi/install/linefit_ground_segmentation/include/ground_segmentation/viewer.h
[0.481s] -- Up-to-date symlink: /home/jason/Desktop/navi/install/linefit_ground_segmentation/share/linefit_ground_segmentation/environment/library_path.sh
[0.482s] -- Up-to-date symlink: /home/jason/Desktop/navi/install/linefit_ground_segmentation/share/linefit_ground_segmentation/environment/library_path.dsv
[0.482s] -- Up-to-date symlink: /home/jason/Desktop/navi/install/linefit_ground_segmentation/lib/liblinefit_ground_segmentation.so
[0.483s] -- Up-to-date symlink: /home/jason/Desktop/navi/install/linefit_ground_segmentation/share/ament_index/resource_index/package_run_dependencies/linefit_ground_segmentation
[0.483s] -- Up-to-date symlink: /home/jason/Desktop/navi/install/linefit_ground_segmentation/share/ament_index/resource_index/parent_prefix_path/linefit_ground_segmentation
[0.484s] -- Up-to-date symlink: /home/jason/Desktop/navi/install/linefit_ground_segmentation/share/linefit_ground_segmentation/environment/ament_prefix_path.sh
[0.484s] -- Up-to-date symlink: /home/jason/Desktop/navi/install/linefit_ground_segmentation/share/linefit_ground_segmentation/environment/ament_prefix_path.dsv
[0.484s] -- Up-to-date symlink: /home/jason/Desktop/navi/install/linefit_ground_segmentation/share/linefit_ground_segmentation/environment/path.sh
[0.485s] -- Up-to-date symlink: /home/jason/Desktop/navi/install/linefit_ground_segmentation/share/linefit_ground_segmentation/environment/path.dsv
[0.486s] -- Up-to-date symlink: /home/jason/Desktop/navi/install/linefit_ground_segmentation/share/linefit_ground_segmentation/local_setup.bash
[0.486s] -- Up-to-date symlink: /home/jason/Desktop/navi/install/linefit_ground_segmentation/share/linefit_ground_segmentation/local_setup.sh
[0.486s] -- Up-to-date symlink: /home/jason/Desktop/navi/install/linefit_ground_segmentation/share/linefit_ground_segmentation/local_setup.zsh
[0.486s] -- Up-to-date symlink: /home/jason/Desktop/navi/install/linefit_ground_segmentation/share/linefit_ground_segmentation/local_setup.dsv
[0.486s] -- Symlinking: /home/jason/Desktop/navi/install/linefit_ground_segmentation/share/linefit_ground_segmentation/package.dsv
[0.493s] -- Up-to-date symlink: /home/jason/Desktop/navi/install/linefit_ground_segmentation/share/ament_index/resource_index/packages/linefit_ground_segmentation
[0.493s] -- Up-to-date symlink: /home/jason/Desktop/navi/install/linefit_ground_segmentation/share/linefit_ground_segmentation/cmake/ament_cmake_export_dependencies-extras.cmake
[0.493s] -- Up-to-date symlink: /home/jason/Desktop/navi/install/linefit_ground_segmentation/share/linefit_ground_segmentation/cmake/ament_cmake_export_include_directories-extras.cmake
[0.495s] -- Up-to-date symlink: /home/jason/Desktop/navi/install/linefit_ground_segmentation/share/linefit_ground_segmentation/cmake/ament_cmake_export_libraries-extras.cmake
[0.495s] -- Up-to-date symlink: /home/jason/Desktop/navi/install/linefit_ground_segmentation/share/linefit_ground_segmentation/cmake/linefit_ground_segmentationConfig.cmake
[0.495s] -- Up-to-date symlink: /home/jason/Desktop/navi/install/linefit_ground_segmentation/share/linefit_ground_segmentation/cmake/linefit_ground_segmentationConfig-version.cmake
[0.497s] -- Up-to-date symlink: /home/jason/Desktop/navi/install/linefit_ground_segmentation/share/linefit_ground_segmentation/package.xml
[0.570s] Invoked command in '/home/jason/Desktop/navi/build/linefit_ground_segmentation' returned '0': CMAKE_PREFIX_PATH=${CMAKE_PREFIX_PATH}:/opt/ros/humble /usr/bin/cmake --install /home/jason/Desktop/navi/build/linefit_ground_segmentation
