[0.077s] Invoking command in '/home/jason/Desktop/navi/build/waypoint_example': CMAKE_PREFIX_PATH=${CMAKE_PREFIX_PATH}:/opt/ros/humble /usr/bin/cmake --build /home/jason/Desktop/navi/build/waypoint_example -- -j20 -l20
[0.176s] [35m[1mConsolidate compiler generated dependencies of target waypointExample[0m
[0.217s] [100%] Built target waypointExample
[0.289s] Invoked command in '/home/jason/Desktop/navi/build/waypoint_example' returned '0': CMAKE_PREFIX_PATH=${CMAKE_PREFIX_PATH}:/opt/ros/humble /usr/bin/cmake --build /home/jason/Desktop/navi/build/waypoint_example -- -j20 -l20
[0.435s] Invoking command in '/home/jason/Desktop/navi/build/waypoint_example': CMAKE_PREFIX_PATH=${CMAKE_PREFIX_PATH}:/opt/ros/humble /usr/bin/cmake --install /home/jason/Desktop/navi/build/waypoint_example
[0.440s] -- Install configuration: "Release"
[0.442s] -- Execute custom install script
[0.443s] -- Up-to-date symlink: /home/jason/Desktop/navi/install/waypoint_example/lib/waypoint_example/waypointExample
[0.443s] -- Up-to-date symlink: /home/jason/Desktop/navi/install/waypoint_example/share/waypoint_example/launch/waypoint_example_garage.launch
[0.444s] -- Up-to-date symlink: /home/jason/Desktop/navi/install/waypoint_example/share/waypoint_example/data/boundary_garage.ply
[0.444s] -- Up-to-date symlink: /home/jason/Desktop/navi/install/waypoint_example/share/waypoint_example/data/waypoints_garage.ply
[0.444s] -- Up-to-date symlink: /home/jason/Desktop/navi/install/waypoint_example/share/ament_index/resource_index/package_run_dependencies/waypoint_example
[0.444s] -- Up-to-date symlink: /home/jason/Desktop/navi/install/waypoint_example/share/ament_index/resource_index/parent_prefix_path/waypoint_example
[0.444s] -- Up-to-date symlink: /home/jason/Desktop/navi/install/waypoint_example/share/waypoint_example/environment/ament_prefix_path.sh
[0.444s] -- Up-to-date symlink: /home/jason/Desktop/navi/install/waypoint_example/share/waypoint_example/environment/ament_prefix_path.dsv
[0.445s] -- Up-to-date symlink: /home/jason/Desktop/navi/install/waypoint_example/share/waypoint_example/environment/path.sh
[0.445s] -- Up-to-date symlink: /home/jason/Desktop/navi/install/waypoint_example/share/waypoint_example/environment/path.dsv
[0.445s] -- Up-to-date symlink: /home/jason/Desktop/navi/install/waypoint_example/share/waypoint_example/local_setup.bash
[0.445s] -- Up-to-date symlink: /home/jason/Desktop/navi/install/waypoint_example/share/waypoint_example/local_setup.sh
[0.445s] -- Up-to-date symlink: /home/jason/Desktop/navi/install/waypoint_example/share/waypoint_example/local_setup.zsh
[0.445s] -- Up-to-date symlink: /home/jason/Desktop/navi/install/waypoint_example/share/waypoint_example/local_setup.dsv
[0.446s] -- Symlinking: /home/jason/Desktop/navi/install/waypoint_example/share/waypoint_example/package.dsv
[0.448s] -- Up-to-date symlink: /home/jason/Desktop/navi/install/waypoint_example/share/ament_index/resource_index/packages/waypoint_example
[0.449s] -- Up-to-date symlink: /home/jason/Desktop/navi/install/waypoint_example/share/waypoint_example/cmake/waypoint_exampleConfig.cmake
[0.449s] -- Up-to-date symlink: /home/jason/Desktop/navi/install/waypoint_example/share/waypoint_example/cmake/waypoint_exampleConfig-version.cmake
[0.449s] -- Up-to-date symlink: /home/jason/Desktop/navi/install/waypoint_example/share/waypoint_example/package.xml
[0.535s] Invoked command in '/home/jason/Desktop/navi/build/waypoint_example' returned '0': CMAKE_PREFIX_PATH=${CMAKE_PREFIX_PATH}:/opt/ros/humble /usr/bin/cmake --install /home/jason/Desktop/navi/build/waypoint_example
