[0.070s] Invoking command in '/home/jason/Desktop/navi/build/livox_ros_driver2': CMAKE_PREFIX_PATH=${CMAKE_PREFIX_PATH}:/opt/ros/humble /usr/bin/cmake --build /home/jason/Desktop/navi/build/livox_ros_driver2 -- -j20 -l20
[0.129s] -- livox_ros_driver2 version: 1.0.0
[0.129s] -- Found ament_cmake_auto: 1.3.8 (/opt/ros/humble/share/ament_cmake_auto/cmake)
[0.262s] -- Override CMake install command with custom implementation using symlinks instead of copying resources
[0.320s] -- Using all available rosidl_typesupport_c: rosidl_typesupport_fastrtps_c;rosidl_typesupport_introspection_c
[0.325s] -- Found rosidl_adapter: 3.1.5 (/opt/ros/humble/share/rosidl_adapter/cmake)
[0.371s] -- Using all available rosidl_typesupport_cpp: rosidl_typesupport_fastrtps_cpp;rosidl_typesupport_introspection_cpp
[0.442s] -- Found rmw_implementation_cmake: 6.1.1 (/opt/ros/humble/share/rmw_implementation_cmake/cmake)
[0.444s] -- Found rmw_fastrtps_cpp: 6.2.6 (/opt/ros/humble/share/rmw_fastrtps_cpp/cmake)
[0.543s] -- Using RMW implementation 'rmw_fastrtps_cpp' as default
[0.898s] -- Eigen found (include: /usr/include/eigen3, version: 3.4.0)
[0.923s] -- FLANN found (include: /usr/include, lib: /usr/lib/x86_64-linux-gnu/libflann_cpp.so)
[1.151s] -- OpenNI found (version: 1.5.4.0, include: /usr/include/ni, lib: /usr/lib/libOpenNI.so;libusb::libusb)
[1.156s] -- OpenNI2 found (version: 2.2.0.33, include: /usr/include/openni2, lib: /usr/lib/x86_64-linux-gnu/libOpenNI2.so;libusb::libusb)
[1.156s] [0m** WARNING ** io features related to pcap will be disabled[0m
[1.275s] -- Eigen found (include: /usr/include/eigen3, version: 3.4.0)
[1.281s] -- OpenNI found (version: 1.5.4.0, include: /usr/include/ni, lib: /usr/lib/libOpenNI.so;libusb::libusb)
[1.287s] -- OpenNI2 found (version: 2.2.0.33, include: /usr/include/openni2, lib: /usr/lib/x86_64-linux-gnu/libOpenNI2.so;libusb::libusb)
[1.392s] -- Found Qhull version 8.0.2
[1.504s] -- OpenNI found (version: 1.5.4.0, include: /usr/include/ni, lib: /usr/lib/libOpenNI.so;libusb::libusb)
[1.616s] -- looking for PCL_COMMON
[1.617s] -- looking for PCL_KDTREE
[1.617s] -- looking for PCL_OCTREE
[1.617s] -- looking for PCL_SEARCH
[1.617s] -- looking for PCL_SAMPLE_CONSENSUS
[1.617s] -- looking for PCL_FILTERS
[1.618s] -- looking for PCL_2D
[1.618s] -- looking for PCL_GEOMETRY
[1.618s] -- looking for PCL_IO
[1.619s] -- looking for PCL_FEATURES
[1.619s] -- looking for PCL_ML
[1.619s] -- looking for PCL_SEGMENTATION
[1.619s] -- looking for PCL_VISUALIZATION
[1.619s] -- looking for PCL_SURFACE
[1.620s] -- looking for PCL_REGISTRATION
[1.620s] -- looking for PCL_KEYPOINTS
[1.620s] -- looking for PCL_TRACKING
[1.620s] -- looking for PCL_RECOGNITION
[1.621s] -- looking for PCL_STEREO
[1.621s] -- looking for PCL_APPS
[1.622s] -- looking for PCL_IN_HAND_SCANNER
[1.622s] -- looking for PCL_MODELER
[1.622s] -- looking for PCL_POINT_CLOUD_EDITOR
[1.622s] -- looking for PCL_OUTOFCORE
[1.622s] -- looking for PCL_PEOPLE
[1.628s] [0m/usr/include/apr-1.0[0m
[1.628s] [0mapr-1[0m
[1.775s] -- Found ament_cmake_ros: 0.10.0 (/opt/ros/humble/share/ament_cmake_ros/cmake)
[1.937s] -- Using all available rosidl_typesupport_c: rosidl_typesupport_fastrtps_c;rosidl_typesupport_introspection_c
[2.146s] -- Using all available rosidl_typesupport_cpp: rosidl_typesupport_fastrtps_cpp;rosidl_typesupport_introspection_cpp
[2.163s] -- Found python_cmake_module: 0.10.0 (/opt/ros/humble/share/python_cmake_module/cmake)
[2.180s] -- Using PYTHON_EXECUTABLE: /usr/bin/python3
[2.180s] -- Using PYTHON_INCLUDE_DIRS: /usr/include/python3.10
[2.180s] -- Using PYTHON_LIBRARIES: /usr/lib/x86_64-linux-gnu/libpython3.10.so
[2.275s] -- Found ament_lint_auto: 0.12.10 (/opt/ros/humble/share/ament_lint_auto/cmake)
[2.283s] -- Added test 'copyright' to check source files copyright and LICENSE
[2.286s] -- Added test 'cppcheck' to perform static code analysis on C / C++ code
[2.287s] -- Configured cppcheck include dirs: /home/jason/Desktop/navi/src/sensor_driver/livox_ros_driver2/3rdparty;/home/jason/Desktop/navi/src/sensor_driver/livox_ros_driver2/src
[2.287s] -- Configured cppcheck exclude dirs and/or files: 
[2.289s] -- Added test 'cpplint' to check C / C++ code against the Google style
[2.289s] -- Configured cpplint exclude dirs and/or files: 
[2.290s] -- Added test 'flake8' to check Python code syntax and style conventions
[2.291s] -- Added test 'lint_cmake' to check CMake code style
[2.291s] -- Added test 'pep257' to check Python code against some of the docstring style conventions in PEP 257
[2.294s] -- Added test 'uncrustify' to check C / C++ code style
[2.294s] -- Configured uncrustify additional arguments: 
[2.294s] -- Added test 'xmllint' to check XML markup files
[2.296s] -- Configuring done
[2.343s] -- Generating done
[2.345s] -- Build files have been written to: /home/jason/Desktop/navi/build/livox_ros_driver2
[2.378s] [35m[1mConsolidate compiler generated dependencies of target livox_ros_driver2_node[0m
[2.378s] [35m[1mConsolidate compiler generated dependencies of target livox_interfaces2__rosidl_generator_c[0m
[2.384s] [  1%] Built target livox_interfaces2__cpp
[2.388s] [  8%] Built target livox_interfaces2__rosidl_generator_c
[2.390s] [ 10%] [32mBuilding CXX object CMakeFiles/livox_ros_driver2_node.dir/rclcpp_components/node_main_livox_ros_driver2_node.cpp.o[0m
[2.393s] [35m[1mConsolidate compiler generated dependencies of target livox_interfaces2__rosidl_typesupport_cpp[0m
[2.393s] [35m[1mConsolidate compiler generated dependencies of target livox_interfaces2__rosidl_typesupport_introspection_cpp[0m
[2.393s] [35m[1mConsolidate compiler generated dependencies of target livox_interfaces2__rosidl_typesupport_fastrtps_cpp[0m
[2.394s] [ 10%] Built target ament_cmake_python_symlink_livox_ros_driver2
[2.400s] [35m[1mConsolidate compiler generated dependencies of target livox_interfaces2__rosidl_typesupport_c[0m
[2.400s] [35m[1mConsolidate compiler generated dependencies of target livox_interfaces2__rosidl_typesupport_fastrtps_c[0m
[2.400s] [35m[1mConsolidate compiler generated dependencies of target livox_interfaces2__rosidl_typesupport_introspection_c[0m
[2.405s] [ 15%] [32mBuilding CXX object CMakeFiles/livox_interfaces2__rosidl_typesupport_introspection_cpp.dir/rosidl_typesupport_introspection_cpp/livox_ros_driver2/msg/detail/custom_point__type_support.cpp.o[0m
[2.405s] [ 15%] [32mBuilding CXX object CMakeFiles/livox_interfaces2__rosidl_typesupport_introspection_cpp.dir/rosidl_typesupport_introspection_cpp/livox_ros_driver2/msg/detail/custom_msg__type_support.cpp.o[0m
[2.405s] [ 15%] [32mBuilding CXX object CMakeFiles/livox_interfaces2__rosidl_typesupport_cpp.dir/rosidl_typesupport_cpp/livox_ros_driver2/msg/custom_point__type_support.cpp.o[0m
[2.406s] [ 17%] [32mBuilding CXX object CMakeFiles/livox_interfaces2__rosidl_typesupport_cpp.dir/rosidl_typesupport_cpp/livox_ros_driver2/msg/custom_msg__type_support.cpp.o[0m
[2.409s] [ 21%] [32mBuilding CXX object CMakeFiles/livox_interfaces2__rosidl_typesupport_fastrtps_cpp.dir/rosidl_typesupport_fastrtps_cpp/livox_ros_driver2/msg/detail/dds_fastrtps/custom_msg__type_support.cpp.o[0m
[2.409s] [ 21%] [32mBuilding CXX object CMakeFiles/livox_interfaces2__rosidl_typesupport_fastrtps_cpp.dir/rosidl_typesupport_fastrtps_cpp/livox_ros_driver2/msg/detail/dds_fastrtps/custom_point__type_support.cpp.o[0m
[2.412s] [ 28%] Built target livox_interfaces2__rosidl_typesupport_c
[2.414s] [ 29%] [32mBuilding CXX object CMakeFiles/livox_interfaces2__rosidl_typesupport_fastrtps_c.dir/rosidl_typesupport_fastrtps_c/livox_ros_driver2/msg/detail/custom_point__type_support_c.cpp.o[0m
[2.415s] [ 36%] Built target livox_interfaces2__rosidl_typesupport_introspection_c
[2.416s] [ 38%] [32mBuilding CXX object CMakeFiles/livox_interfaces2__rosidl_typesupport_fastrtps_c.dir/rosidl_typesupport_fastrtps_c/livox_ros_driver2/msg/detail/custom_msg__type_support_c.cpp.o[0m
[2.595s] running egg_info
[2.596s] writing livox_ros_driver2.egg-info/PKG-INFO
[2.596s] writing dependency_links to livox_ros_driver2.egg-info/dependency_links.txt
[2.596s] writing top-level names to livox_ros_driver2.egg-info/top_level.txt
[2.601s] reading manifest file 'livox_ros_driver2.egg-info/SOURCES.txt'
[2.601s] writing manifest file 'livox_ros_driver2.egg-info/SOURCES.txt'
[2.630s] [ 40%] [32m[1mLinking CXX shared library liblivox_ros_driver2__rosidl_typesupport_cpp.so[0m
[2.637s] [ 40%] Built target ament_cmake_python_build_livox_ros_driver2_egg
[2.668s] [ 42%] Built target livox_interfaces2__rosidl_typesupport_cpp
[2.684s] [35m[1mConsolidate compiler generated dependencies of target livox_ros_driver2[0m
[2.726s] [ 43%] [32mBuilding CXX object CMakeFiles/livox_ros_driver2.dir/src/driver_node.cpp.o[0m
[2.726s] [ 45%] [32mBuilding CXX object CMakeFiles/livox_ros_driver2.dir/src/livox_ros_driver2.cpp.o[0m
[2.726s] [ 49%] [32mBuilding CXX object CMakeFiles/livox_ros_driver2.dir/src/lddc.cpp.o[0m
[2.726s] [ 49%] [32mBuilding CXX object CMakeFiles/livox_ros_driver2.dir/src/lds.cpp.o[0m
[2.729s] [ 50%] [32mBuilding CXX object CMakeFiles/livox_ros_driver2.dir/src/comm/comm.cpp.o[0m
[2.729s] [ 52%] [32mBuilding CXX object CMakeFiles/livox_ros_driver2.dir/src/lds_lidar.cpp.o[0m
[2.729s] [ 54%] [32mBuilding CXX object CMakeFiles/livox_ros_driver2.dir/src/comm/pub_handler.cpp.o[0m
[2.729s] [ 56%] [32mBuilding CXX object CMakeFiles/livox_ros_driver2.dir/src/comm/ldq.cpp.o[0m
[2.729s] [ 59%] [32mBuilding CXX object CMakeFiles/livox_ros_driver2.dir/src/comm/lidar_imu_data_queue.cpp.o[0m
[2.729s] [ 59%] [32mBuilding CXX object CMakeFiles/livox_ros_driver2.dir/src/comm/cache_index.cpp.o[0m
[2.729s] [ 61%] [32mBuilding CXX object CMakeFiles/livox_ros_driver2.dir/src/parse_cfg_file/parse_livox_lidar_cfg.cpp.o[0m
[2.730s] [ 64%] [32mBuilding CXX object CMakeFiles/livox_ros_driver2.dir/src/comm/semaphore.cpp.o[0m
[2.730s] [ 64%] [32mBuilding CXX object CMakeFiles/livox_ros_driver2.dir/src/parse_cfg_file/parse_cfg_file.cpp.o[0m
[2.730s] [ 66%] [32mBuilding CXX object CMakeFiles/livox_ros_driver2.dir/src/call_back/lidar_common_callback.cpp.o[0m
[2.741s] In file included from [01m[K/home/jason/Desktop/navi/src/sensor_driver/livox_ros_driver2/src/driver_node.h:28[m[K,
[2.741s]                  from [01m[K/home/jason/Desktop/navi/src/sensor_driver/livox_ros_driver2/src/driver_node.cpp:25[m[K:
[2.741s] [01m[K/home/jason/Desktop/navi/src/sensor_driver/livox_ros_driver2/src/include/ros_headers.h:28:[m[K [01;35m[Kwarning: [m[K"BUILDING_ROS2" redefined
[2.741s]    28 | #define BUILDING_ROS2
[2.741s]       | 
[2.742s] [01m[K<command-line>:[m[K [01;36m[Knote: [m[Kthis is the location of the previous definition
[2.742s] [ 68%] [32mBuilding CXX object CMakeFiles/livox_ros_driver2.dir/src/call_back/livox_lidar_callback.cpp.o[0m
[2.742s] In file included from [01m[K/home/jason/Desktop/navi/src/sensor_driver/livox_ros_driver2/src/driver_node.h:28[m[K,
[2.742s]                  from [01m[K/home/jason/Desktop/navi/src/sensor_driver/livox_ros_driver2/src/lddc.h:30[m[K,
[2.742s]                  from [01m[K/home/jason/Desktop/navi/src/sensor_driver/livox_ros_driver2/src/lddc.cpp:25[m[K:
[2.742s] [01m[K/home/jason/Desktop/navi/src/sensor_driver/livox_ros_driver2/src/include/ros_headers.h:28:[m[K [01;35m[Kwarning: [m[K"BUILDING_ROS2" redefined
[2.742s]    28 | #define BUILDING_ROS2
[2.742s]       | 
[2.742s] [01m[K<command-line>:[m[K [01;36m[Knote: [m[Kthis is the location of the previous definition
[2.823s] [ 70%] [32m[1mLinking CXX shared library liblivox_ros_driver2__rosidl_typesupport_fastrtps_c.so[0m
[2.890s] In file included from [01m[K/home/jason/Desktop/navi/src/sensor_driver/livox_ros_driver2/src/driver_node.h:28[m[K,
[2.890s]                  from [01m[K/home/jason/Desktop/navi/src/sensor_driver/livox_ros_driver2/src/livox_ros_driver2.cpp:32[m[K:
[2.890s] [01m[K/home/jason/Desktop/navi/src/sensor_driver/livox_ros_driver2/src/include/ros_headers.h:28:[m[K [01;35m[Kwarning: [m[K"BUILDING_ROS2" redefined
[2.890s]    28 | #define BUILDING_ROS2
[2.890s]       | 
[2.890s] [01m[K<command-line>:[m[K [01;36m[Knote: [m[Kthis is the location of the previous definition
[2.935s] [ 71%] Built target livox_interfaces2__rosidl_typesupport_fastrtps_c
[3.009s] [ 73%] [32m[1mLinking CXX shared library liblivox_ros_driver2__rosidl_typesupport_introspection_cpp.so[0m
[3.069s] [ 75%] [32m[1mLinking CXX shared library liblivox_ros_driver2__rosidl_typesupport_fastrtps_cpp.so[0m
[3.147s] [ 77%] Built target livox_interfaces2__rosidl_typesupport_introspection_cpp
[3.234s] [ 78%] Built target livox_interfaces2__rosidl_typesupport_fastrtps_cpp
[3.272s] [ 78%] Built target livox_interfaces2
[3.306s] [ 80%] Built target livox_interfaces2__py
[3.326s] [35m[1mConsolidate compiler generated dependencies of target livox_interfaces2__rosidl_generator_py[0m
[3.349s] [ 85%] Built target livox_interfaces2__rosidl_generator_py
[3.370s] [35m[1mConsolidate compiler generated dependencies of target livox_ros_driver2__rosidl_typesupport_fastrtps_c__pyext[0m
[3.370s] [35m[1mConsolidate compiler generated dependencies of target livox_ros_driver2__rosidl_typesupport_introspection_c__pyext[0m
[3.370s] [35m[1mConsolidate compiler generated dependencies of target livox_ros_driver2__rosidl_typesupport_c__pyext[0m
[3.386s] [ 89%] Built target livox_ros_driver2__rosidl_typesupport_c__pyext
[3.387s] [ 91%] [32m[1mLinking C shared library rosidl_generator_py/livox_ros_driver2/livox_ros_driver2_s__rosidl_typesupport_fastrtps_c.cpython-310-x86_64-linux-gnu.so[0m
[3.388s] [ 94%] Built target livox_ros_driver2__rosidl_typesupport_introspection_c__pyext
[3.438s] [ 96%] Built target livox_ros_driver2__rosidl_typesupport_fastrtps_c__pyext
[5.647s] [ 98%] [32m[1mLinking CXX executable livox_ros_driver2_node[0m
[5.728s] [ 98%] Built target livox_ros_driver2_node
[9.371s] [100%] [32m[1mLinking CXX shared library liblivox_ros_driver2.so[0m
[9.687s] [100%] Built target livox_ros_driver2
[9.697s] Invoked command in '/home/jason/Desktop/navi/build/livox_ros_driver2' returned '0': CMAKE_PREFIX_PATH=${CMAKE_PREFIX_PATH}:/opt/ros/humble /usr/bin/cmake --build /home/jason/Desktop/navi/build/livox_ros_driver2 -- -j20 -l20
[9.810s] Invoking command in '/home/jason/Desktop/navi/build/livox_ros_driver2': CMAKE_PREFIX_PATH=${CMAKE_PREFIX_PATH}:/opt/ros/humble /usr/bin/cmake --install /home/jason/Desktop/navi/build/livox_ros_driver2
[9.815s] -- Install configuration: "Release"
[9.816s] -- Execute custom install script
[9.816s] -- Up-to-date symlink: /home/jason/Desktop/navi/install/livox_ros_driver2/share/ament_index/resource_index/rosidl_interfaces/livox_ros_driver2
[9.816s] -- Up-to-date symlink: /home/jason/Desktop/navi/install/livox_ros_driver2/include/livox_ros_driver2/livox_ros_driver2/msg/custom_msg.h
[9.816s] -- Up-to-date symlink: /home/jason/Desktop/navi/install/livox_ros_driver2/include/livox_ros_driver2/livox_ros_driver2/msg/custom_point.h
[9.816s] -- Up-to-date symlink: /home/jason/Desktop/navi/install/livox_ros_driver2/include/livox_ros_driver2/livox_ros_driver2/msg/detail/custom_msg__functions.h
[9.816s] -- Up-to-date symlink: /home/jason/Desktop/navi/install/livox_ros_driver2/include/livox_ros_driver2/livox_ros_driver2/msg/detail/custom_msg__struct.h
[9.816s] -- Up-to-date symlink: /home/jason/Desktop/navi/install/livox_ros_driver2/include/livox_ros_driver2/livox_ros_driver2/msg/detail/custom_msg__type_support.h
[9.816s] -- Up-to-date symlink: /home/jason/Desktop/navi/install/livox_ros_driver2/include/livox_ros_driver2/livox_ros_driver2/msg/detail/custom_point__functions.h
[9.816s] -- Up-to-date symlink: /home/jason/Desktop/navi/install/livox_ros_driver2/include/livox_ros_driver2/livox_ros_driver2/msg/detail/custom_point__struct.h
[9.817s] -- Up-to-date symlink: /home/jason/Desktop/navi/install/livox_ros_driver2/include/livox_ros_driver2/livox_ros_driver2/msg/detail/custom_point__type_support.h
[9.817s] -- Up-to-date symlink: /home/jason/Desktop/navi/install/livox_ros_driver2/include/livox_ros_driver2/livox_ros_driver2/msg/rosidl_generator_c__visibility_control.h
[9.817s] -- Up-to-date symlink: /home/jason/Desktop/navi/install/livox_ros_driver2/share/livox_ros_driver2/environment/library_path.sh
[9.817s] -- Up-to-date symlink: /home/jason/Desktop/navi/install/livox_ros_driver2/share/livox_ros_driver2/environment/library_path.dsv
[9.817s] -- Up-to-date symlink: /home/jason/Desktop/navi/install/livox_ros_driver2/include/livox_ros_driver2/livox_ros_driver2/msg/detail/custom_msg__rosidl_typesupport_fastrtps_c.h
[9.817s] -- Up-to-date symlink: /home/jason/Desktop/navi/install/livox_ros_driver2/include/livox_ros_driver2/livox_ros_driver2/msg/detail/custom_point__rosidl_typesupport_fastrtps_c.h
[9.817s] -- Up-to-date symlink: /home/jason/Desktop/navi/install/livox_ros_driver2/include/livox_ros_driver2/livox_ros_driver2/msg/rosidl_typesupport_fastrtps_c__visibility_control.h
[9.817s] -- Up-to-date symlink: /home/jason/Desktop/navi/install/livox_ros_driver2/include/livox_ros_driver2/livox_ros_driver2/msg/detail/custom_msg__rosidl_typesupport_introspection_c.h
[9.817s] -- Up-to-date symlink: /home/jason/Desktop/navi/install/livox_ros_driver2/include/livox_ros_driver2/livox_ros_driver2/msg/detail/custom_point__rosidl_typesupport_introspection_c.h
[9.817s] -- Up-to-date symlink: /home/jason/Desktop/navi/install/livox_ros_driver2/include/livox_ros_driver2/livox_ros_driver2/msg/rosidl_typesupport_introspection_c__visibility_control.h
[9.818s] -- Up-to-date symlink: /home/jason/Desktop/navi/install/livox_ros_driver2/include/livox_ros_driver2/livox_ros_driver2/msg/custom_msg.hpp
[9.818s] -- Up-to-date symlink: /home/jason/Desktop/navi/install/livox_ros_driver2/include/livox_ros_driver2/livox_ros_driver2/msg/custom_point.hpp
[9.818s] -- Up-to-date symlink: /home/jason/Desktop/navi/install/livox_ros_driver2/include/livox_ros_driver2/livox_ros_driver2/msg/detail/custom_msg__builder.hpp
[9.818s] -- Up-to-date symlink: /home/jason/Desktop/navi/install/livox_ros_driver2/include/livox_ros_driver2/livox_ros_driver2/msg/detail/custom_msg__struct.hpp
[9.818s] -- Up-to-date symlink: /home/jason/Desktop/navi/install/livox_ros_driver2/include/livox_ros_driver2/livox_ros_driver2/msg/detail/custom_msg__traits.hpp
[9.818s] -- Up-to-date symlink: /home/jason/Desktop/navi/install/livox_ros_driver2/include/livox_ros_driver2/livox_ros_driver2/msg/detail/custom_point__builder.hpp
[9.818s] -- Up-to-date symlink: /home/jason/Desktop/navi/install/livox_ros_driver2/include/livox_ros_driver2/livox_ros_driver2/msg/detail/custom_point__struct.hpp
[9.818s] -- Up-to-date symlink: /home/jason/Desktop/navi/install/livox_ros_driver2/include/livox_ros_driver2/livox_ros_driver2/msg/detail/custom_point__traits.hpp
[9.818s] -- Up-to-date symlink: /home/jason/Desktop/navi/install/livox_ros_driver2/include/livox_ros_driver2/livox_ros_driver2/msg/detail/custom_msg__rosidl_typesupport_fastrtps_cpp.hpp
[9.818s] -- Up-to-date symlink: /home/jason/Desktop/navi/install/livox_ros_driver2/include/livox_ros_driver2/livox_ros_driver2/msg/detail/custom_point__rosidl_typesupport_fastrtps_cpp.hpp
[9.818s] -- Up-to-date symlink: /home/jason/Desktop/navi/install/livox_ros_driver2/include/livox_ros_driver2/livox_ros_driver2/msg/rosidl_typesupport_fastrtps_cpp__visibility_control.h
[9.819s] -- Up-to-date symlink: /home/jason/Desktop/navi/install/livox_ros_driver2/include/livox_ros_driver2/livox_ros_driver2/msg/detail/custom_msg__rosidl_typesupport_introspection_cpp.hpp
[9.819s] -- Up-to-date symlink: /home/jason/Desktop/navi/install/livox_ros_driver2/include/livox_ros_driver2/livox_ros_driver2/msg/detail/custom_point__rosidl_typesupport_introspection_cpp.hpp
[9.819s] -- Up-to-date symlink: /home/jason/Desktop/navi/install/livox_ros_driver2/share/livox_ros_driver2/environment/pythonpath.sh
[9.819s] -- Up-to-date symlink: /home/jason/Desktop/navi/install/livox_ros_driver2/share/livox_ros_driver2/environment/pythonpath.dsv
[9.819s] -- Up-to-date symlink: /home/jason/Desktop/navi/install/livox_ros_driver2/local/lib/python3.10/dist-packages/livox_ros_driver2-1.0.0-py3.10.egg-info/PKG-INFO
[9.819s] -- Up-to-date symlink: /home/jason/Desktop/navi/install/livox_ros_driver2/local/lib/python3.10/dist-packages/livox_ros_driver2-1.0.0-py3.10.egg-info/SOURCES.txt
[9.820s] -- Up-to-date symlink: /home/jason/Desktop/navi/install/livox_ros_driver2/local/lib/python3.10/dist-packages/livox_ros_driver2-1.0.0-py3.10.egg-info/dependency_links.txt
[9.820s] -- Up-to-date symlink: /home/jason/Desktop/navi/install/livox_ros_driver2/local/lib/python3.10/dist-packages/livox_ros_driver2-1.0.0-py3.10.egg-info/top_level.txt
[9.820s] -- Up-to-date symlink: /home/jason/Desktop/navi/install/livox_ros_driver2/local/lib/python3.10/dist-packages/livox_ros_driver2/__init__.py
[9.820s] -- Up-to-date symlink: /home/jason/Desktop/navi/install/livox_ros_driver2/local/lib/python3.10/dist-packages/livox_ros_driver2/_livox_ros_driver2_s.ep.rosidl_typesupport_c.c
[9.820s] -- Up-to-date symlink: /home/jason/Desktop/navi/install/livox_ros_driver2/local/lib/python3.10/dist-packages/livox_ros_driver2/_livox_ros_driver2_s.ep.rosidl_typesupport_fastrtps_c.c
[9.820s] -- Up-to-date symlink: /home/jason/Desktop/navi/install/livox_ros_driver2/local/lib/python3.10/dist-packages/livox_ros_driver2/_livox_ros_driver2_s.ep.rosidl_typesupport_introspection_c.c
[9.820s] -- Up-to-date symlink: /home/jason/Desktop/navi/install/livox_ros_driver2/local/lib/python3.10/dist-packages/livox_ros_driver2/liblivox_interfaces2__rosidl_generator_py.so
[9.820s] -- Up-to-date symlink: /home/jason/Desktop/navi/install/livox_ros_driver2/local/lib/python3.10/dist-packages/livox_ros_driver2/livox_ros_driver2_s__rosidl_typesupport_c.cpython-310-x86_64-linux-gnu.so
[9.820s] -- Up-to-date symlink: /home/jason/Desktop/navi/install/livox_ros_driver2/local/lib/python3.10/dist-packages/livox_ros_driver2/livox_ros_driver2_s__rosidl_typesupport_fastrtps_c.cpython-310-x86_64-linux-gnu.so
[9.820s] -- Up-to-date symlink: /home/jason/Desktop/navi/install/livox_ros_driver2/local/lib/python3.10/dist-packages/livox_ros_driver2/livox_ros_driver2_s__rosidl_typesupport_introspection_c.cpython-310-x86_64-linux-gnu.so
[9.820s] -- Up-to-date symlink: /home/jason/Desktop/navi/install/livox_ros_driver2/local/lib/python3.10/dist-packages/livox_ros_driver2/msg/__init__.py
[9.820s] -- Up-to-date symlink: /home/jason/Desktop/navi/install/livox_ros_driver2/local/lib/python3.10/dist-packages/livox_ros_driver2/msg/_custom_msg.py
[9.820s] -- Up-to-date symlink: /home/jason/Desktop/navi/install/livox_ros_driver2/local/lib/python3.10/dist-packages/livox_ros_driver2/msg/_custom_msg_s.c
[9.820s] -- Up-to-date symlink: /home/jason/Desktop/navi/install/livox_ros_driver2/local/lib/python3.10/dist-packages/livox_ros_driver2/msg/_custom_point.py
[9.820s] -- Up-to-date symlink: /home/jason/Desktop/navi/install/livox_ros_driver2/local/lib/python3.10/dist-packages/livox_ros_driver2/msg/_custom_point_s.c
[9.821s] -- Up-to-date symlink: /home/jason/Desktop/navi/install/livox_ros_driver2/local/lib/python3.10/dist-packages/livox_ros_driver2/livox_ros_driver2_s__rosidl_typesupport_fastrtps_c.cpython-310-x86_64-linux-gnu.so
[9.821s] -- Up-to-date symlink: /home/jason/Desktop/navi/install/livox_ros_driver2/local/lib/python3.10/dist-packages/livox_ros_driver2/livox_ros_driver2_s__rosidl_typesupport_introspection_c.cpython-310-x86_64-linux-gnu.so
[9.821s] -- Up-to-date symlink: /home/jason/Desktop/navi/install/livox_ros_driver2/local/lib/python3.10/dist-packages/livox_ros_driver2/livox_ros_driver2_s__rosidl_typesupport_c.cpython-310-x86_64-linux-gnu.so
[9.821s] -- Up-to-date symlink: /home/jason/Desktop/navi/install/livox_ros_driver2/share/livox_ros_driver2/msg/CustomPoint.idl
[9.821s] -- Up-to-date symlink: /home/jason/Desktop/navi/install/livox_ros_driver2/share/livox_ros_driver2/msg/CustomMsg.idl
[9.821s] -- Up-to-date symlink: /home/jason/Desktop/navi/install/livox_ros_driver2/share/livox_ros_driver2/msg/CustomPoint.msg
[9.821s] -- Up-to-date symlink: /home/jason/Desktop/navi/install/livox_ros_driver2/share/livox_ros_driver2/msg/CustomMsg.msg
[9.821s] -- Up-to-date symlink: /home/jason/Desktop/navi/install/livox_ros_driver2/lib/livox_ros_driver2/livox_ros_driver2_node
[9.821s] -- Up-to-date symlink: /home/jason/Desktop/navi/install/livox_ros_driver2/lib/liblivox_ros_driver2.so
[9.822s] -- Up-to-date symlink: /home/jason/Desktop/navi/install/livox_ros_driver2/share/livox_ros_driver2/config/HAP_config.json
[9.822s] -- Up-to-date symlink: /home/jason/Desktop/navi/install/livox_ros_driver2/share/livox_ros_driver2/config/MID360_config.json
[9.822s] -- Up-to-date symlink: /home/jason/Desktop/navi/install/livox_ros_driver2/share/livox_ros_driver2/config/display_point_cloud.rviz
[9.822s] -- Up-to-date symlink: /home/jason/Desktop/navi/install/livox_ros_driver2/share/livox_ros_driver2/config/mixed_HAP_MID360_config.json
[9.822s] -- Up-to-date symlink: /home/jason/Desktop/navi/install/livox_ros_driver2/share/livox_ros_driver2/launch/msg_HAP_launch.py
[9.822s] -- Up-to-date symlink: /home/jason/Desktop/navi/install/livox_ros_driver2/share/livox_ros_driver2/launch/msg_MID360_launch.py
[9.822s] -- Up-to-date symlink: /home/jason/Desktop/navi/install/livox_ros_driver2/share/livox_ros_driver2/launch/rviz_HAP_launch.py
[9.822s] -- Up-to-date symlink: /home/jason/Desktop/navi/install/livox_ros_driver2/share/livox_ros_driver2/launch/rviz_MID360_launch.py
[9.822s] -- Up-to-date symlink: /home/jason/Desktop/navi/install/livox_ros_driver2/share/livox_ros_driver2/launch/rviz_mixed.py
[9.822s] -- Up-to-date symlink: /home/jason/Desktop/navi/install/livox_ros_driver2/share/ament_index/resource_index/package_run_dependencies/livox_ros_driver2
[9.822s] -- Up-to-date symlink: /home/jason/Desktop/navi/install/livox_ros_driver2/share/ament_index/resource_index/parent_prefix_path/livox_ros_driver2
[9.823s] -- Up-to-date symlink: /home/jason/Desktop/navi/install/livox_ros_driver2/share/livox_ros_driver2/environment/ament_prefix_path.sh
[9.823s] -- Up-to-date symlink: /home/jason/Desktop/navi/install/livox_ros_driver2/share/livox_ros_driver2/environment/ament_prefix_path.dsv
[9.823s] -- Up-to-date symlink: /home/jason/Desktop/navi/install/livox_ros_driver2/share/livox_ros_driver2/environment/path.sh
[9.823s] -- Up-to-date symlink: /home/jason/Desktop/navi/install/livox_ros_driver2/share/livox_ros_driver2/environment/path.dsv
[9.823s] -- Up-to-date symlink: /home/jason/Desktop/navi/install/livox_ros_driver2/share/livox_ros_driver2/local_setup.bash
[9.823s] -- Up-to-date symlink: /home/jason/Desktop/navi/install/livox_ros_driver2/share/livox_ros_driver2/local_setup.sh
[9.823s] -- Up-to-date symlink: /home/jason/Desktop/navi/install/livox_ros_driver2/share/livox_ros_driver2/local_setup.zsh
[9.823s] -- Up-to-date symlink: /home/jason/Desktop/navi/install/livox_ros_driver2/share/livox_ros_driver2/local_setup.dsv
[9.823s] -- Symlinking: /home/jason/Desktop/navi/install/livox_ros_driver2/share/livox_ros_driver2/package.dsv
[9.831s] -- Up-to-date symlink: /home/jason/Desktop/navi/install/livox_ros_driver2/share/ament_index/resource_index/packages/livox_ros_driver2
[9.831s] -- Up-to-date symlink: /home/jason/Desktop/navi/install/livox_ros_driver2/share/ament_index/resource_index/rclcpp_components/livox_ros_driver2
[9.831s] -- Up-to-date symlink: /home/jason/Desktop/navi/install/livox_ros_driver2/share/livox_ros_driver2/cmake/rosidl_cmake-extras.cmake
[9.831s] -- Up-to-date symlink: /home/jason/Desktop/navi/install/livox_ros_driver2/share/livox_ros_driver2/cmake/ament_cmake_export_dependencies-extras.cmake
[9.831s] -- Up-to-date symlink: /home/jason/Desktop/navi/install/livox_ros_driver2/share/livox_ros_driver2/cmake/ament_cmake_export_include_directories-extras.cmake
[9.831s] -- Up-to-date symlink: /home/jason/Desktop/navi/install/livox_ros_driver2/share/livox_ros_driver2/cmake/ament_cmake_export_libraries-extras.cmake
[9.831s] -- Up-to-date symlink: /home/jason/Desktop/navi/install/livox_ros_driver2/share/livox_ros_driver2/cmake/ament_cmake_export_targets-extras.cmake
[9.831s] -- Up-to-date symlink: /home/jason/Desktop/navi/install/livox_ros_driver2/share/livox_ros_driver2/cmake/rosidl_cmake_export_typesupport_targets-extras.cmake
[9.831s] -- Up-to-date symlink: /home/jason/Desktop/navi/install/livox_ros_driver2/share/livox_ros_driver2/cmake/rosidl_cmake_export_typesupport_libraries-extras.cmake
[9.831s] -- Up-to-date symlink: /home/jason/Desktop/navi/install/livox_ros_driver2/share/livox_ros_driver2/cmake/livox_ros_driver2Config.cmake
[9.831s] -- Up-to-date symlink: /home/jason/Desktop/navi/install/livox_ros_driver2/share/livox_ros_driver2/cmake/livox_ros_driver2Config-version.cmake
[9.832s] -- Up-to-date symlink: /home/jason/Desktop/navi/install/livox_ros_driver2/share/livox_ros_driver2/package.xml
[9.832s] -- Up-to-date: /home/jason/Desktop/navi/install/livox_ros_driver2/lib/liblivox_ros_driver2__rosidl_generator_c.so
[9.832s] -- Installing: /home/jason/Desktop/navi/install/livox_ros_driver2/lib/liblivox_ros_driver2__rosidl_typesupport_fastrtps_c.so
[9.832s] -- Set runtime path of "/home/jason/Desktop/navi/install/livox_ros_driver2/lib/liblivox_ros_driver2__rosidl_typesupport_fastrtps_c.so" to ""
[9.832s] -- Up-to-date: /home/jason/Desktop/navi/install/livox_ros_driver2/lib/liblivox_ros_driver2__rosidl_typesupport_introspection_c.so
[9.832s] -- Up-to-date: /home/jason/Desktop/navi/install/livox_ros_driver2/lib/liblivox_ros_driver2__rosidl_typesupport_c.so
[9.832s] -- Installing: /home/jason/Desktop/navi/install/livox_ros_driver2/lib/liblivox_ros_driver2__rosidl_typesupport_fastrtps_cpp.so
[9.833s] -- Set runtime path of "/home/jason/Desktop/navi/install/livox_ros_driver2/lib/liblivox_ros_driver2__rosidl_typesupport_fastrtps_cpp.so" to ""
[9.833s] -- Installing: /home/jason/Desktop/navi/install/livox_ros_driver2/lib/liblivox_ros_driver2__rosidl_typesupport_introspection_cpp.so
[9.833s] -- Set runtime path of "/home/jason/Desktop/navi/install/livox_ros_driver2/lib/liblivox_ros_driver2__rosidl_typesupport_introspection_cpp.so" to ""
[9.833s] -- Installing: /home/jason/Desktop/navi/install/livox_ros_driver2/lib/liblivox_ros_driver2__rosidl_typesupport_cpp.so
[9.833s] -- Set runtime path of "/home/jason/Desktop/navi/install/livox_ros_driver2/lib/liblivox_ros_driver2__rosidl_typesupport_cpp.so" to ""
[9.857s] Listing '/home/jason/Desktop/navi/install/livox_ros_driver2/local/lib/python3.10/dist-packages/livox_ros_driver2'...
[9.857s] Compiling '/home/jason/Desktop/navi/install/livox_ros_driver2/local/lib/python3.10/dist-packages/livox_ros_driver2/__init__.py'...
[9.857s] Listing '/home/jason/Desktop/navi/install/livox_ros_driver2/local/lib/python3.10/dist-packages/livox_ros_driver2/msg'...
[9.860s] -- Up-to-date: /home/jason/Desktop/navi/install/livox_ros_driver2/lib/liblivox_interfaces2__rosidl_generator_py.so
[9.860s] -- Up-to-date: /home/jason/Desktop/navi/install/livox_ros_driver2/share/livox_ros_driver2/cmake/export_livox_interfaces2__rosidl_generator_cExport.cmake
[9.860s] -- Up-to-date: /home/jason/Desktop/navi/install/livox_ros_driver2/share/livox_ros_driver2/cmake/export_livox_interfaces2__rosidl_generator_cExport-release.cmake
[9.860s] -- Up-to-date: /home/jason/Desktop/navi/install/livox_ros_driver2/share/livox_ros_driver2/cmake/export_livox_interfaces2__rosidl_typesupport_fastrtps_cExport.cmake
[9.860s] -- Up-to-date: /home/jason/Desktop/navi/install/livox_ros_driver2/share/livox_ros_driver2/cmake/export_livox_interfaces2__rosidl_typesupport_fastrtps_cExport-release.cmake
[9.860s] -- Up-to-date: /home/jason/Desktop/navi/install/livox_ros_driver2/share/livox_ros_driver2/cmake/livox_interfaces2__rosidl_typesupport_introspection_cExport.cmake
[9.860s] -- Up-to-date: /home/jason/Desktop/navi/install/livox_ros_driver2/share/livox_ros_driver2/cmake/livox_interfaces2__rosidl_typesupport_introspection_cExport-release.cmake
[9.860s] -- Up-to-date: /home/jason/Desktop/navi/install/livox_ros_driver2/share/livox_ros_driver2/cmake/livox_interfaces2__rosidl_typesupport_cExport.cmake
[9.860s] -- Up-to-date: /home/jason/Desktop/navi/install/livox_ros_driver2/share/livox_ros_driver2/cmake/livox_interfaces2__rosidl_typesupport_cExport-release.cmake
[9.860s] -- Up-to-date: /home/jason/Desktop/navi/install/livox_ros_driver2/share/livox_ros_driver2/cmake/export_livox_interfaces2__rosidl_generator_cppExport.cmake
[9.860s] -- Up-to-date: /home/jason/Desktop/navi/install/livox_ros_driver2/share/livox_ros_driver2/cmake/export_livox_interfaces2__rosidl_typesupport_fastrtps_cppExport.cmake
[9.860s] -- Up-to-date: /home/jason/Desktop/navi/install/livox_ros_driver2/share/livox_ros_driver2/cmake/export_livox_interfaces2__rosidl_typesupport_fastrtps_cppExport-release.cmake
[9.860s] -- Up-to-date: /home/jason/Desktop/navi/install/livox_ros_driver2/share/livox_ros_driver2/cmake/livox_interfaces2__rosidl_typesupport_introspection_cppExport.cmake
[9.860s] -- Up-to-date: /home/jason/Desktop/navi/install/livox_ros_driver2/share/livox_ros_driver2/cmake/livox_interfaces2__rosidl_typesupport_introspection_cppExport-release.cmake
[9.860s] -- Up-to-date: /home/jason/Desktop/navi/install/livox_ros_driver2/share/livox_ros_driver2/cmake/livox_interfaces2__rosidl_typesupport_cppExport.cmake
[9.860s] -- Up-to-date: /home/jason/Desktop/navi/install/livox_ros_driver2/share/livox_ros_driver2/cmake/livox_interfaces2__rosidl_typesupport_cppExport-release.cmake
[9.860s] -- Up-to-date: /home/jason/Desktop/navi/install/livox_ros_driver2/share/livox_ros_driver2/cmake/export_livox_interfaces2__rosidl_generator_pyExport.cmake
[9.860s] -- Up-to-date: /home/jason/Desktop/navi/install/livox_ros_driver2/share/livox_ros_driver2/cmake/export_livox_interfaces2__rosidl_generator_pyExport-release.cmake
[9.862s] Invoked command in '/home/jason/Desktop/navi/build/livox_ros_driver2' returned '0': CMAKE_PREFIX_PATH=${CMAKE_PREFIX_PATH}:/opt/ros/humble /usr/bin/cmake --install /home/jason/Desktop/navi/build/livox_ros_driver2
