[0.069s] Invoking command in '/home/jason/Desktop/navi/build/waypoint_example': CMAKE_PREFIX_PATH=${CMAKE_PREFIX_PATH}:/opt/ros/humble /usr/bin/cmake /home/jason/Desktop/navi/src/local_planner/autonomous_exploration_development_environment/src/waypoint_example -DCMAKE_INSTALL_PREFIX=/home/jason/Desktop/navi/install/waypoint_example
[1.336s] -- Found ament_cmake: 1.3.8 (/opt/ros/humble/share/ament_cmake/cmake)
[1.336s] -- Override CMake install command with custom implementation using symlinks instead of copying resources
[1.336s] -- Found rclcpp: 16.0.8 (/opt/ros/humble/share/rclcpp/cmake)
[1.337s] -- Found rosidl_generator_c: 3.1.5 (/opt/ros/humble/share/rosidl_generator_c/cmake)
[1.337s] -- Found rosidl_adapter: 3.1.5 (/opt/ros/humble/share/rosidl_adapter/cmake)
[1.337s] -- Found rosidl_generator_cpp: 3.1.5 (/opt/ros/humble/share/rosidl_generator_cpp/cmake)
[1.337s] -- Using all available rosidl_typesupport_c: rosidl_typesupport_fastrtps_c;rosidl_typesupport_introspection_c
[1.337s] -- Using all available rosidl_typesupport_cpp: rosidl_typesupport_fastrtps_cpp;rosidl_typesupport_introspection_cpp
[1.337s] -- Found rmw_implementation_cmake: 6.1.1 (/opt/ros/humble/share/rmw_implementation_cmake/cmake)
[1.337s] -- Found rmw_fastrtps_cpp: 6.2.6 (/opt/ros/humble/share/rmw_fastrtps_cpp/cmake)
[1.337s] -- Using RMW implementation 'rmw_fastrtps_cpp' as default
[1.337s] -- Found nav_msgs: 4.2.3 (/opt/ros/humble/share/nav_msgs/cmake)
[1.337s] -- Found sensor_msgs: 4.2.3 (/opt/ros/humble/share/sensor_msgs/cmake)
[1.337s] -- Found tf2_ros: 0.25.6 (/opt/ros/humble/share/tf2_ros/cmake)
[1.702s] -- Found tf2_geometry_msgs: 0.25.6 (/opt/ros/humble/share/tf2_geometry_msgs/cmake)
[1.708s] -- Found eigen3_cmake_module: 0.1.1 (/opt/ros/humble/share/eigen3_cmake_module/cmake)
[1.712s] -- Ensuring Eigen3 include directory is part of orocos-kdl CMake target
[1.727s] -- Found pcl_conversions: 2.4.0 (/opt/ros/humble/share/pcl_conversions/cmake)
[1.929s] -- Found pcl_ros: 2.4.0 (/opt/ros/humble/share/pcl_ros/cmake)
[2.168s] -- Eigen found (include: /usr/include/eigen3, version: 3.4.0)
[2.219s] -- FLANN found (include: /usr/include, lib: /usr/lib/x86_64-linux-gnu/libflann_cpp.so)
[2.734s] -- OpenNI found (version: 1.5.4.0, include: /usr/include/ni, lib: /usr/lib/libOpenNI.so;libusb::libusb)
[2.741s] -- OpenNI2 found (version: 2.2.0.33, include: /usr/include/openni2, lib: /usr/lib/x86_64-linux-gnu/libOpenNI2.so;libusb::libusb)
[2.963s] -- Eigen found (include: /usr/include/eigen3, version: 3.4.0)
[2.972s] -- OpenNI found (version: 1.5.4.0, include: /usr/include/ni, lib: /usr/lib/libOpenNI.so;libusb::libusb)
[2.981s] -- OpenNI2 found (version: 2.2.0.33, include: /usr/include/openni2, lib: /usr/lib/x86_64-linux-gnu/libOpenNI2.so;libusb::libusb)
[3.245s] -- Found Qhull version 8.0.2
[3.520s] -- OpenNI found (version: 1.5.4.0, include: /usr/include/ni, lib: /usr/lib/libOpenNI.so;libusb::libusb)
[4.071s] -- Found ament_lint_auto: 0.12.10 (/opt/ros/humble/share/ament_lint_auto/cmake)
[4.311s] -- Added test 'copyright' to check source files copyright and LICENSE
[4.311s] -- Added test 'cppcheck' to perform static code analysis on C / C++ code
[4.311s] -- Configured cppcheck include dirs: 
[4.312s] -- Configured cppcheck exclude dirs and/or files: 
[4.312s] -- Added test 'cpplint' to check C / C++ code against the Google style
[4.315s] -- Configured cpplint exclude dirs and/or files: 
[4.317s] -- Added test 'lint_cmake' to check CMake code style
[4.319s] -- Added test 'uncrustify' to check C / C++ code style
[4.319s] -- Configured uncrustify additional arguments: 
[4.321s] -- Added test 'xmllint' to check XML markup files
[4.331s] -- Configuring done
[4.511s] -- Generating done
[4.512s] -- Build files have been written to: /home/jason/Desktop/navi/build/waypoint_example
[4.562s] Invoked command in '/home/jason/Desktop/navi/build/waypoint_example' returned '0': CMAKE_PREFIX_PATH=${CMAKE_PREFIX_PATH}:/opt/ros/humble /usr/bin/cmake /home/jason/Desktop/navi/src/local_planner/autonomous_exploration_development_environment/src/waypoint_example -DCMAKE_INSTALL_PREFIX=/home/jason/Desktop/navi/install/waypoint_example
[4.563s] Invoking command in '/home/jason/Desktop/navi/build/waypoint_example': CMAKE_PREFIX_PATH=${CMAKE_PREFIX_PATH}:/opt/ros/humble /usr/bin/cmake --build /home/jason/Desktop/navi/build/waypoint_example -- -j20 -l20
[7.294s] [35m[1mConsolidate compiler generated dependencies of target waypointExample[0m
[7.294s] [ 50%] [32mBuilding CXX object CMakeFiles/waypointExample.dir/src/waypointExample.cpp.o[0m
[18.984s] gmake[2]: *** wait: No child processes.  Stop.
[18.984s] gmake[2]: *** Waiting for unfinished jobs....
[18.985s] gmake[2]: *** wait: No child processes.  Stop.
[18.987s] gmake[1]: *** [CMakeFiles/Makefile2:137: CMakeFiles/waypointExample.dir/all] Error 2
[18.988s] gmake: *** [Makefile:146: all] Interrupt
