[0.067s] Invoking command in '/home/jason/Desktop/navi/build/velodyne_gazebo_plugins': CMAKE_PREFIX_PATH=${CMAKE_PREFIX_PATH}:/opt/ros/humble /usr/bin/cmake /home/jason/Desktop/navi/src/local_planner/autonomous_exploration_development_environment/src/velodyne_simulator/velodyne_gazebo_plugins -DCMAKE_INSTALL_PREFIX=/home/jason/Desktop/navi/install/velodyne_gazebo_plugins
[0.390s] -- Found ament_cmake: 1.3.8 (/opt/ros/humble/share/ament_cmake/cmake)
[0.390s] -- Override CMake install command with custom implementation using symlinks instead of copying resources
[0.392s] -- Found gazebo_dev: 3.7.0 (/opt/ros/humble/share/gazebo_dev/cmake)
[0.392s] -- Found DART: /usr/include (Required is at least version "6.6") found components: dart 
[0.433s] -- Found Protobuf: /usr/lib/x86_64-linux-gnu/libprotobuf.so (found version "3.12.4") 
[0.437s] -- Looking for ignition-math6 -- found version 6.15.1
[0.447s] -- Searching for dependencies of ignition-math6
[0.450s] -- Looking for OGRE...
[0.458s] -- Found Ogre Ghadamon (1.9.0)
[0.460s] -- Found OGRE: optimized;/usr/lib/x86_64-linux-gnu/libOgreMain.so;debug;/usr/lib/x86_64-linux-gnu/libOgreMain.so
[0.473s] -- Looking for OGRE_Paging...
[0.473s] -- Found OGRE_Paging: optimized;/usr/lib/x86_64-linux-gnu/libOgrePaging.so;debug;/usr/lib/x86_64-linux-gnu/libOgrePaging.so
[0.473s] -- Looking for OGRE_Terrain...
[0.473s] -- Found OGRE_Terrain: optimized;/usr/lib/x86_64-linux-gnu/libOgreTerrain.so;debug;/usr/lib/x86_64-linux-gnu/libOgreTerrain.so
[0.473s] -- Looking for OGRE_Property...
[0.473s] -- Found OGRE_Property: optimized;/usr/lib/x86_64-linux-gnu/libOgreProperty.so;debug;/usr/lib/x86_64-linux-gnu/libOgreProperty.so
[0.473s] -- Looking for OGRE_RTShaderSystem...
[0.476s] -- Found OGRE_RTShaderSystem: optimized;/usr/lib/x86_64-linux-gnu/libOgreRTShaderSystem.so;debug;/usr/lib/x86_64-linux-gnu/libOgreRTShaderSystem.so
[0.476s] -- Looking for OGRE_Volume...
[0.476s] -- Found OGRE_Volume: optimized;/usr/lib/x86_64-linux-gnu/libOgreVolume.so;debug;/usr/lib/x86_64-linux-gnu/libOgreVolume.so
[0.476s] -- Looking for OGRE_Overlay...
[0.476s] -- Found OGRE_Overlay: optimized;/usr/lib/x86_64-linux-gnu/libOgreOverlay.so;debug;/usr/lib/x86_64-linux-gnu/libOgreOverlay.so
[0.721s] -- Looking for ignition-math6 -- found version 6.15.1
[0.723s] -- Looking for ignition-transport8 -- found version 8.2.1
[0.723s] -- Searching for dependencies of ignition-transport8
[0.751s] -- Found Protobuf: /usr/lib/x86_64-linux-gnu/libprotobuf.so (found suitable version "3.12.4", minimum required is "3") 
[0.773s] -- Config-file not installed for ZeroMQ -- checking for pkg-config
[0.776s] -- Checking for module 'libzmq >= 4'
[0.800s] --   Found libzmq , version 4.3.4
[0.850s] -- Checking for module 'uuid'
[0.870s] --   Found uuid, version 2.37.2
[0.911s] -- Looking for ignition-msgs5 -- found version 5.8.1
[0.912s] -- Searching for dependencies of ignition-msgs5
[0.940s] -- Looking for ignition-math6 -- found version 6.15.1
[0.946s] -- Checking for module 'tinyxml2'
[0.965s] --   Found tinyxml2, version 9.0.0
[1.009s] -- Looking for ignition-msgs5 -- found version 5.8.1
[1.010s] -- Looking for ignition-common3 -- found version 3.14.0
[1.011s] -- Searching for dependencies of ignition-common3
[1.011s] -- Looking for dlfcn.h - found
[1.014s] -- Looking for libdl - found
[1.028s] -- Searching for <ignition-common3> component [graphics]
[1.028s] -- Looking for ignition-common3-graphics -- found version 3.14.0
[1.029s] -- Searching for dependencies of ignition-common3-graphics
[1.029s] -- Looking for ignition-math6 -- found version 6.15.1
[1.032s] -- Looking for ignition-fuel_tools4 -- found version 4.4.0
[1.032s] -- Searching for dependencies of ignition-fuel_tools4
[1.088s] -- Checking for module 'jsoncpp'
[1.109s] --   Found jsoncpp, version 1.9.5
[1.157s] -- Checking for module 'libzip'
[1.176s] --   Found libzip, version 1.7.3
[1.220s] -- Looking for ignition-common3 -- found version 3.14.0
[1.220s] -- Looking for ignition-math6 -- found version 6.15.1
[1.221s] -- Looking for ignition-msgs5 -- found version 5.8.1
[1.225s] -- Gazebo version: 11.10
[1.226s] -- Found gazebo_ros: 3.7.0 (/opt/ros/humble/share/gazebo_ros/cmake)
[1.258s] -- Found rosidl_generator_c: 3.1.5 (/opt/ros/humble/share/rosidl_generator_c/cmake)
[1.260s] -- Found rosidl_adapter: 3.1.5 (/opt/ros/humble/share/rosidl_adapter/cmake)
[1.266s] -- Found rosidl_generator_cpp: 3.1.5 (/opt/ros/humble/share/rosidl_generator_cpp/cmake)
[1.280s] -- Using all available rosidl_typesupport_c: rosidl_typesupport_fastrtps_c;rosidl_typesupport_introspection_c
[1.295s] -- Using all available rosidl_typesupport_cpp: rosidl_typesupport_fastrtps_cpp;rosidl_typesupport_introspection_cpp
[1.383s] -- Found rmw_implementation_cmake: 6.1.1 (/opt/ros/humble/share/rmw_implementation_cmake/cmake)
[1.383s] -- Found rmw_fastrtps_cpp: 6.2.6 (/opt/ros/humble/share/rmw_fastrtps_cpp/cmake)
[1.578s] -- Using RMW implementation 'rmw_fastrtps_cpp' as default
[1.836s] -- Found gazebo_msgs: 3.7.0 (/opt/ros/humble/share/gazebo_msgs/cmake)
[2.250s] -- Found sensor_msgs: 4.2.3 (/opt/ros/humble/share/sensor_msgs/cmake)
[2.583s] -- Configuring done
[2.665s] -- Generating done
[2.669s] -- Build files have been written to: /home/jason/Desktop/navi/build/velodyne_gazebo_plugins
[2.706s] Invoked command in '/home/jason/Desktop/navi/build/velodyne_gazebo_plugins' returned '0': CMAKE_PREFIX_PATH=${CMAKE_PREFIX_PATH}:/opt/ros/humble /usr/bin/cmake /home/jason/Desktop/navi/src/local_planner/autonomous_exploration_development_environment/src/velodyne_simulator/velodyne_gazebo_plugins -DCMAKE_INSTALL_PREFIX=/home/jason/Desktop/navi/install/velodyne_gazebo_plugins
[2.706s] Invoking command in '/home/jason/Desktop/navi/build/velodyne_gazebo_plugins': CMAKE_PREFIX_PATH=${CMAKE_PREFIX_PATH}:/opt/ros/humble /usr/bin/cmake --build /home/jason/Desktop/navi/build/velodyne_gazebo_plugins -- -j20 -l20
[4.293s] [35m[1mConsolidate compiler generated dependencies of target gazebo_ros_velodyne_laser[0m
[4.294s] [ 50%] [32mBuilding CXX object CMakeFiles/gazebo_ros_velodyne_laser.dir/src/GazeboRosVelodyneLaser.cpp.o[0m
[19.021s] gmake[2]: *** [CMakeFiles/gazebo_ros_velodyne_laser.dir/build.make:76: CMakeFiles/gazebo_ros_velodyne_laser.dir/src/GazeboRosVelodyneLaser.cpp.o] Interrupt
[19.032s] gmake[1]: *** [CMakeFiles/Makefile2:137: CMakeFiles/gazebo_ros_velodyne_laser.dir/all] Interrupt
[19.032s] gmake: *** [Makefile:146: all] Interrupt
