[0.068s] Invoking command in '/home/jason/Desktop/navi/build/path2waypoint': CMAKE_PREFIX_PATH=${CMAKE_PREFIX_PATH}:/opt/ros/humble /usr/bin/cmake /home/jason/Desktop/navi/src/global_planner/path2waypoint -DCMAKE_INSTALL_PREFIX=/home/jason/Desktop/navi/install/path2waypoint
[0.121s] -- Found ament_cmake: 1.3.8 (/opt/ros/humble/share/ament_cmake/cmake)
[0.331s] -- Override CMake install command with custom implementation using symlinks instead of copying resources
[0.340s] -- Found rclcpp: 16.0.8 (/opt/ros/humble/share/rclcpp/cmake)
[0.382s] -- Found rosidl_generator_c: 3.1.5 (/opt/ros/humble/share/rosidl_generator_c/cmake)
[0.389s] -- Found rosidl_adapter: 3.1.5 (/opt/ros/humble/share/rosidl_adapter/cmake)
[0.395s] -- Found rosidl_generator_cpp: 3.1.5 (/opt/ros/humble/share/rosidl_generator_cpp/cmake)
[0.415s] -- Using all available rosidl_typesupport_c: rosidl_typesupport_fastrtps_c;rosidl_typesupport_introspection_c
[0.436s] -- Using all available rosidl_typesupport_cpp: rosidl_typesupport_fastrtps_cpp;rosidl_typesupport_introspection_cpp
[0.522s] -- Found rmw_implementation_cmake: 6.1.1 (/opt/ros/humble/share/rmw_implementation_cmake/cmake)
[0.526s] -- Found rmw_fastrtps_cpp: 6.2.6 (/opt/ros/humble/share/rmw_fastrtps_cpp/cmake)
[0.696s] -- Using RMW implementation 'rmw_fastrtps_cpp' as default
[0.905s] -- Found rclcpp_components: 16.0.8 (/opt/ros/humble/share/rclcpp_components/cmake)
[0.992s] -- Found nav_msgs: 4.2.3 (/opt/ros/humble/share/nav_msgs/cmake)
[1.154s] -- Found ament_lint_auto: 0.12.10 (/opt/ros/humble/share/ament_lint_auto/cmake)
[1.259s] -- Added test 'cppcheck' to perform static code analysis on C / C++ code
[1.259s] -- Configured cppcheck include dirs: 
[1.259s] -- Configured cppcheck exclude dirs and/or files: 
[1.260s] -- Added test 'lint_cmake' to check CMake code style
[1.261s] -- Added test 'uncrustify' to check C / C++ code style
[1.261s] -- Configured uncrustify additional arguments: 
[1.262s] -- Added test 'xmllint' to check XML markup files
[1.263s] -- Configuring done
[1.277s] -- Generating done
[1.279s] -- Build files have been written to: /home/jason/Desktop/navi/build/path2waypoint
[1.289s] Invoked command in '/home/jason/Desktop/navi/build/path2waypoint' returned '0': CMAKE_PREFIX_PATH=${CMAKE_PREFIX_PATH}:/opt/ros/humble /usr/bin/cmake /home/jason/Desktop/navi/src/global_planner/path2waypoint -DCMAKE_INSTALL_PREFIX=/home/jason/Desktop/navi/install/path2waypoint
[1.292s] Invoking command in '/home/jason/Desktop/navi/build/path2waypoint': CMAKE_PREFIX_PATH=${CMAKE_PREFIX_PATH}:/opt/ros/humble /usr/bin/cmake --build /home/jason/Desktop/navi/build/path2waypoint -- -j20 -l20
[3.138s] [35m[1mConsolidate compiler generated dependencies of target path2waypoint[0m
[3.138s] [ 50%] [32mBuilding CXX object CMakeFiles/path2waypoint.dir/src/path2waypoint.cpp.o[0m
[19.025s] gmake[2]: *** wait: No child processes.  Stop.
[19.032s] gmake[2]: *** Waiting for unfinished jobs....
[19.032s] gmake[2]: *** wait: No child processes.  Stop.
[19.044s] gmake[1]: *** wait: No child processes.  Stop.
[19.045s] gmake[1]: *** Waiting for unfinished jobs....
[19.045s] gmake[1]: *** wait: No child processes.  Stop.
[19.045s] gmake: *** wait: No child processes.  Stop.
[19.045s] gmake: *** Waiting for unfinished jobs....
[19.045s] gmake: *** wait: No child processes.  Stop.
