[0.105s] Invoking command in '/home/jason/Desktop/navi/build/waypoint_example': CMAKE_PREFIX_PATH=${CMAKE_PREFIX_PATH}:/opt/ros/humble /usr/bin/cmake /home/jason/Desktop/navi/src/local_planner/autonomous_exploration_development_environment/src/waypoint_example -DAMENT_CMAKE_SYMLINK_INSTALL=1 -DCMAKE_INSTALL_PREFIX=/home/jason/Desktop/navi/install/waypoint_example
[1.256s] -- Found ament_cmake: 1.3.8 (/opt/ros/humble/share/ament_cmake/cmake)
[1.257s] -- Override CMake install command with custom implementation using symlinks instead of copying resources
[1.258s] -- Found rclcpp: 16.0.8 (/opt/ros/humble/share/rclcpp/cmake)
[1.258s] -- Found rosidl_generator_c: 3.1.5 (/opt/ros/humble/share/rosidl_generator_c/cmake)
[1.259s] -- Found rosidl_adapter: 3.1.5 (/opt/ros/humble/share/rosidl_adapter/cmake)
[1.259s] -- Found rosidl_generator_cpp: 3.1.5 (/opt/ros/humble/share/rosidl_generator_cpp/cmake)
[1.259s] -- Using all available rosidl_typesupport_c: rosidl_typesupport_fastrtps_c;rosidl_typesupport_introspection_c
[1.259s] -- Using all available rosidl_typesupport_cpp: rosidl_typesupport_fastrtps_cpp;rosidl_typesupport_introspection_cpp
[1.259s] -- Found rmw_implementation_cmake: 6.1.1 (/opt/ros/humble/share/rmw_implementation_cmake/cmake)
[1.259s] -- Found rmw_fastrtps_cpp: 6.2.6 (/opt/ros/humble/share/rmw_fastrtps_cpp/cmake)
[1.259s] -- Using RMW implementation 'rmw_fastrtps_cpp' as default
[1.259s] -- Found nav_msgs: 4.2.3 (/opt/ros/humble/share/nav_msgs/cmake)
[1.259s] -- Found sensor_msgs: 4.2.3 (/opt/ros/humble/share/sensor_msgs/cmake)
[1.259s] -- Found tf2_ros: 0.25.6 (/opt/ros/humble/share/tf2_ros/cmake)
[1.595s] -- Found tf2_geometry_msgs: 0.25.6 (/opt/ros/humble/share/tf2_geometry_msgs/cmake)
[1.600s] -- Found eigen3_cmake_module: 0.1.1 (/opt/ros/humble/share/eigen3_cmake_module/cmake)
[1.602s] -- Ensuring Eigen3 include directory is part of orocos-kdl CMake target
[1.615s] -- Found pcl_conversions: 2.4.0 (/opt/ros/humble/share/pcl_conversions/cmake)
[1.742s] -- Found pcl_ros: 2.4.0 (/opt/ros/humble/share/pcl_ros/cmake)
[1.884s] -- Eigen found (include: /usr/include/eigen3, version: 3.4.0)
[1.913s] -- FLANN found (include: /usr/include, lib: /usr/lib/x86_64-linux-gnu/libflann_cpp.so)
[2.307s] -- OpenNI found (version: 1.5.4.0, include: /usr/include/ni, lib: /usr/lib/libOpenNI.so;libusb::libusb)
[2.313s] -- OpenNI2 found (version: 2.2.0.33, include: /usr/include/openni2, lib: /usr/lib/x86_64-linux-gnu/libOpenNI2.so;libusb::libusb)
[2.485s] -- Eigen found (include: /usr/include/eigen3, version: 3.4.0)
[2.491s] -- OpenNI found (version: 1.5.4.0, include: /usr/include/ni, lib: /usr/lib/libOpenNI.so;libusb::libusb)
[2.497s] -- OpenNI2 found (version: 2.2.0.33, include: /usr/include/openni2, lib: /usr/lib/x86_64-linux-gnu/libOpenNI2.so;libusb::libusb)
[2.661s] -- Found Qhull version 8.0.2
[2.861s] -- OpenNI found (version: 1.5.4.0, include: /usr/include/ni, lib: /usr/lib/libOpenNI.so;libusb::libusb)
[3.131s] -- Found ament_lint_auto: 0.12.10 (/opt/ros/humble/share/ament_lint_auto/cmake)
[3.198s] -- Added test 'copyright' to check source files copyright and LICENSE
[3.199s] -- Added test 'cppcheck' to perform static code analysis on C / C++ code
[3.199s] -- Configured cppcheck include dirs: 
[3.199s] -- Configured cppcheck exclude dirs and/or files: 
[3.200s] -- Added test 'cpplint' to check C / C++ code against the Google style
[3.200s] -- Configured cpplint exclude dirs and/or files: 
[3.200s] -- Added test 'lint_cmake' to check CMake code style
[3.201s] -- Added test 'uncrustify' to check C / C++ code style
[3.201s] -- Configured uncrustify additional arguments: 
[3.201s] -- Added test 'xmllint' to check XML markup files
[3.202s] -- Configuring done
[3.230s] -- Generating done
[3.233s] -- Build files have been written to: /home/jason/Desktop/navi/build/waypoint_example
[3.253s] Invoked command in '/home/jason/Desktop/navi/build/waypoint_example' returned '0': CMAKE_PREFIX_PATH=${CMAKE_PREFIX_PATH}:/opt/ros/humble /usr/bin/cmake /home/jason/Desktop/navi/src/local_planner/autonomous_exploration_development_environment/src/waypoint_example -DAMENT_CMAKE_SYMLINK_INSTALL=1 -DCMAKE_INSTALL_PREFIX=/home/jason/Desktop/navi/install/waypoint_example
[3.255s] Invoking command in '/home/jason/Desktop/navi/build/waypoint_example': CMAKE_PREFIX_PATH=${CMAKE_PREFIX_PATH}:/opt/ros/humble /usr/bin/cmake --build /home/jason/Desktop/navi/build/waypoint_example -- -j20 -l20
[3.312s] [35m[1mConsolidate compiler generated dependencies of target waypointExample[0m
[3.360s] [100%] Built target waypointExample
[3.374s] Invoked command in '/home/jason/Desktop/navi/build/waypoint_example' returned '0': CMAKE_PREFIX_PATH=${CMAKE_PREFIX_PATH}:/opt/ros/humble /usr/bin/cmake --build /home/jason/Desktop/navi/build/waypoint_example -- -j20 -l20
[3.409s] Invoking command in '/home/jason/Desktop/navi/build/waypoint_example': CMAKE_PREFIX_PATH=${CMAKE_PREFIX_PATH}:/opt/ros/humble /usr/bin/cmake --install /home/jason/Desktop/navi/build/waypoint_example
[3.415s] -- Install configuration: "Release"
[3.416s] -- Execute custom install script
[3.416s] -- Up-to-date symlink: /home/jason/Desktop/navi/install/waypoint_example/lib/waypoint_example/waypointExample
[3.416s] -- Up-to-date symlink: /home/jason/Desktop/navi/install/waypoint_example/share/waypoint_example/launch/waypoint_example_garage.launch
[3.417s] -- Up-to-date symlink: /home/jason/Desktop/navi/install/waypoint_example/share/waypoint_example/data/boundary_garage.ply
[3.417s] -- Up-to-date symlink: /home/jason/Desktop/navi/install/waypoint_example/share/waypoint_example/data/waypoints_garage.ply
[3.417s] -- Up-to-date symlink: /home/jason/Desktop/navi/install/waypoint_example/share/ament_index/resource_index/package_run_dependencies/waypoint_example
[3.417s] -- Up-to-date symlink: /home/jason/Desktop/navi/install/waypoint_example/share/ament_index/resource_index/parent_prefix_path/waypoint_example
[3.417s] -- Up-to-date symlink: /home/jason/Desktop/navi/install/waypoint_example/share/waypoint_example/environment/ament_prefix_path.sh
[3.418s] -- Up-to-date symlink: /home/jason/Desktop/navi/install/waypoint_example/share/waypoint_example/environment/ament_prefix_path.dsv
[3.418s] -- Up-to-date symlink: /home/jason/Desktop/navi/install/waypoint_example/share/waypoint_example/environment/path.sh
[3.418s] -- Up-to-date symlink: /home/jason/Desktop/navi/install/waypoint_example/share/waypoint_example/environment/path.dsv
[3.418s] -- Up-to-date symlink: /home/jason/Desktop/navi/install/waypoint_example/share/waypoint_example/local_setup.bash
[3.418s] -- Up-to-date symlink: /home/jason/Desktop/navi/install/waypoint_example/share/waypoint_example/local_setup.sh
[3.418s] -- Up-to-date symlink: /home/jason/Desktop/navi/install/waypoint_example/share/waypoint_example/local_setup.zsh
[3.418s] -- Up-to-date symlink: /home/jason/Desktop/navi/install/waypoint_example/share/waypoint_example/local_setup.dsv
[3.419s] -- Symlinking: /home/jason/Desktop/navi/install/waypoint_example/share/waypoint_example/package.dsv
[3.431s] -- Up-to-date symlink: /home/jason/Desktop/navi/install/waypoint_example/share/ament_index/resource_index/packages/waypoint_example
[3.431s] -- Up-to-date symlink: /home/jason/Desktop/navi/install/waypoint_example/share/waypoint_example/cmake/waypoint_exampleConfig.cmake
[3.431s] -- Up-to-date symlink: /home/jason/Desktop/navi/install/waypoint_example/share/waypoint_example/cmake/waypoint_exampleConfig-version.cmake
[3.431s] -- Up-to-date symlink: /home/jason/Desktop/navi/install/waypoint_example/share/waypoint_example/package.xml
[3.435s] Invoked command in '/home/jason/Desktop/navi/build/waypoint_example' returned '0': CMAKE_PREFIX_PATH=${CMAKE_PREFIX_PATH}:/opt/ros/humble /usr/bin/cmake --install /home/jason/Desktop/navi/build/waypoint_example
