[0.070s] Invoking command in '/home/jason/Desktop/navi/build/mapping': CMAKE_PREFIX_PATH=${CMAKE_PREFIX_PATH}:/opt/ros/humble /usr/bin/cmake --build /home/jason/Desktop/navi/build/mapping -- -j20 -l20
[0.203s] Invoked command in '/home/jason/Desktop/navi/build/mapping' returned '0': CMAKE_PREFIX_PATH=${CMAKE_PREFIX_PATH}:/opt/ros/humble /usr/bin/cmake --build /home/jason/Desktop/navi/build/mapping -- -j20 -l20
[0.252s] Invoking command in '/home/jason/Desktop/navi/build/mapping': CMAKE_PREFIX_PATH=${CMAKE_PREFIX_PATH}:/opt/ros/humble /usr/bin/cmake --install /home/jason/Desktop/navi/build/mapping
[42.443s] -- Install configuration: "Release"
[42.443s] -- Execute custom install script
[42.443s] -- Up-to-date symlink: /home/jason/Desktop/navi/install/mapping/share/mapping/launch/bringup_launch.py
[42.443s] -- Up-to-date symlink: /home/jason/Desktop/navi/install/mapping/share/mapping/launch/localization_launch.py
[42.443s] -- Up-to-date symlink: /home/jason/Desktop/navi/install/mapping/share/mapping/launch/mapping.launch.xml
[42.443s] -- Up-to-date symlink: /home/jason/Desktop/navi/install/mapping/share/mapping/map/RMUC2024.pgm
[42.443s] -- Up-to-date symlink: /home/jason/Desktop/navi/install/mapping/share/mapping/map/RMUC2024.yaml
[42.443s] -- Up-to-date symlink: /home/jason/Desktop/navi/install/mapping/share/mapping/map/map (copy).png
[42.443s] -- Up-to-date symlink: /home/jason/Desktop/navi/install/mapping/share/mapping/map/map.pgm
[42.444s] -- Up-to-date symlink: /home/jason/Desktop/navi/install/mapping/share/mapping/map/map.png
[42.444s] -- Up-to-date symlink: /home/jason/Desktop/navi/install/mapping/share/mapping/map/map.xcf
[42.448s] -- Up-to-date symlink: /home/jason/Desktop/navi/install/mapping/share/mapping/map/map.yaml
[42.450s] -- Up-to-date symlink: /home/jason/Desktop/navi/install/mapping/share/mapping/rviz/global.rviz
[42.451s] -- Up-to-date symlink: /home/jason/Desktop/navi/install/mapping/share/mapping/rviz/mapping.rviz
[42.452s] -- Up-to-date symlink: /home/jason/Desktop/navi/install/mapping/share/mapping/params/nav2_params.yaml
[42.453s] -- Up-to-date symlink: /home/jason/Desktop/navi/install/mapping/share/ament_index/resource_index/package_run_dependencies/mapping
[42.453s] -- Up-to-date symlink: /home/jason/Desktop/navi/install/mapping/share/ament_index/resource_index/parent_prefix_path/mapping
[42.455s] -- Up-to-date symlink: /home/jason/Desktop/navi/install/mapping/share/mapping/environment/ament_prefix_path.sh
[42.455s] -- Up-to-date symlink: /home/jason/Desktop/navi/install/mapping/share/mapping/environment/ament_prefix_path.dsv
[42.455s] -- Up-to-date symlink: /home/jason/Desktop/navi/install/mapping/share/mapping/environment/path.sh
[42.455s] -- Up-to-date symlink: /home/jason/Desktop/navi/install/mapping/share/mapping/environment/path.dsv
[42.455s] -- Up-to-date symlink: /home/jason/Desktop/navi/install/mapping/share/mapping/local_setup.bash
[42.455s] -- Up-to-date symlink: /home/jason/Desktop/navi/install/mapping/share/mapping/local_setup.sh
[42.455s] -- Up-to-date symlink: /home/jason/Desktop/navi/install/mapping/share/mapping/local_setup.zsh
[42.456s] -- Up-to-date symlink: /home/jason/Desktop/navi/install/mapping/share/mapping/local_setup.dsv
[42.456s] -- Symlinking: /home/jason/Desktop/navi/install/mapping/share/mapping/package.dsv
[42.456s] -- Up-to-date symlink: /home/jason/Desktop/navi/install/mapping/share/ament_index/resource_index/packages/mapping
[42.456s] -- Up-to-date symlink: /home/jason/Desktop/navi/install/mapping/share/mapping/cmake/mappingConfig.cmake
[42.457s] -- Up-to-date symlink: /home/jason/Desktop/navi/install/mapping/share/mapping/cmake/mappingConfig-version.cmake
[42.460s] -- Up-to-date symlink: /home/jason/Desktop/navi/install/mapping/share/mapping/package.xml
[42.513s] Invoked command in '/home/jason/Desktop/navi/build/mapping' returned '0': CMAKE_PREFIX_PATH=${CMAKE_PREFIX_PATH}:/opt/ros/humble /usr/bin/cmake --install /home/jason/Desktop/navi/build/mapping
