[0.063s] Invoking command in '/home/jason/Desktop/navi/build/sensor_scan_generation': CMAKE_PREFIX_PATH=${CMAKE_PREFIX_PATH}:/opt/ros/humble /usr/bin/cmake /home/jason/Desktop/navi/src/local_planner/autonomous_exploration_development_environment/src/sensor_scan_generation -DCMAKE_INSTALL_PREFIX=/home/jason/Desktop/navi/install/sensor_scan_generation
[0.125s] -- Found ament_cmake: 1.3.8 (/opt/ros/humble/share/ament_cmake/cmake)
[0.276s] -- Override CMake install command with custom implementation using symlinks instead of copying resources
[0.284s] -- Found rclcpp: 16.0.8 (/opt/ros/humble/share/rclcpp/cmake)
[0.335s] -- Found rosidl_generator_c: 3.1.5 (/opt/ros/humble/share/rosidl_generator_c/cmake)
[0.338s] -- Found rosidl_adapter: 3.1.5 (/opt/ros/humble/share/rosidl_adapter/cmake)
[0.349s] -- Found rosidl_generator_cpp: 3.1.5 (/opt/ros/humble/share/rosidl_generator_cpp/cmake)
[0.370s] -- Using all available rosidl_typesupport_c: rosidl_typesupport_fastrtps_c;rosidl_typesupport_introspection_c
[0.394s] -- Using all available rosidl_typesupport_cpp: rosidl_typesupport_fastrtps_cpp;rosidl_typesupport_introspection_cpp
[0.485s] -- Found rmw_implementation_cmake: 6.1.1 (/opt/ros/humble/share/rmw_implementation_cmake/cmake)
[0.489s] -- Found rmw_fastrtps_cpp: 6.2.6 (/opt/ros/humble/share/rmw_fastrtps_cpp/cmake)
[0.676s] -- Using RMW implementation 'rmw_fastrtps_cpp' as default
[0.913s] -- Found nav_msgs: 4.2.3 (/opt/ros/humble/share/nav_msgs/cmake)
[1.102s] -- Found sensor_msgs: 4.2.3 (/opt/ros/humble/share/sensor_msgs/cmake)
[1.229s] -- Found tf2_ros: 0.25.6 (/opt/ros/humble/share/tf2_ros/cmake)
[1.724s] -- Found tf2_geometry_msgs: 0.25.6 (/opt/ros/humble/share/tf2_geometry_msgs/cmake)
[1.730s] -- Found eigen3_cmake_module: 0.1.1 (/opt/ros/humble/share/eigen3_cmake_module/cmake)
[1.732s] -- Ensuring Eigen3 include directory is part of orocos-kdl CMake target
[1.745s] -- Found pcl_conversions: 2.4.0 (/opt/ros/humble/share/pcl_conversions/cmake)
[1.928s] -- Found pcl_ros: 2.4.0 (/opt/ros/humble/share/pcl_ros/cmake)
[2.130s] -- Eigen found (include: /usr/include/eigen3, version: 3.4.0)
[2.174s] -- FLANN found (include: /usr/include, lib: /usr/lib/x86_64-linux-gnu/libflann_cpp.so)
[2.595s] -- OpenNI found (version: 1.5.4.0, include: /usr/include/ni, lib: /usr/lib/libOpenNI.so;libusb::libusb)
[2.603s] -- OpenNI2 found (version: 2.2.0.33, include: /usr/include/openni2, lib: /usr/lib/x86_64-linux-gnu/libOpenNI2.so;libusb::libusb)
[2.818s] -- Eigen found (include: /usr/include/eigen3, version: 3.4.0)
[2.824s] -- OpenNI found (version: 1.5.4.0, include: /usr/include/ni, lib: /usr/lib/libOpenNI.so;libusb::libusb)
[2.830s] -- OpenNI2 found (version: 2.2.0.33, include: /usr/include/openni2, lib: /usr/lib/x86_64-linux-gnu/libOpenNI2.so;libusb::libusb)
[2.998s] -- Found Qhull version 8.0.2
[3.211s] -- OpenNI found (version: 1.5.4.0, include: /usr/include/ni, lib: /usr/lib/libOpenNI.so;libusb::libusb)
[3.486s] -- Found ament_lint_auto: 0.12.10 (/opt/ros/humble/share/ament_lint_auto/cmake)
[3.568s] -- Added test 'copyright' to check source files copyright and LICENSE
[3.569s] -- Added test 'cppcheck' to perform static code analysis on C / C++ code
[3.569s] -- Configured cppcheck include dirs: 
[3.569s] -- Configured cppcheck exclude dirs and/or files: 
[3.570s] -- Added test 'cpplint' to check C / C++ code against the Google style
[3.570s] -- Configured cpplint exclude dirs and/or files: 
[3.570s] -- Added test 'lint_cmake' to check CMake code style
[3.571s] -- Added test 'uncrustify' to check C / C++ code style
[3.571s] -- Configured uncrustify additional arguments: 
[3.571s] -- Added test 'xmllint' to check XML markup files
[3.573s] -- Configuring done
[3.603s] -- Generating done
[3.606s] -- Build files have been written to: /home/jason/Desktop/navi/build/sensor_scan_generation
[3.628s] Invoked command in '/home/jason/Desktop/navi/build/sensor_scan_generation' returned '0': CMAKE_PREFIX_PATH=${CMAKE_PREFIX_PATH}:/opt/ros/humble /usr/bin/cmake /home/jason/Desktop/navi/src/local_planner/autonomous_exploration_development_environment/src/sensor_scan_generation -DCMAKE_INSTALL_PREFIX=/home/jason/Desktop/navi/install/sensor_scan_generation
[3.631s] Invoking command in '/home/jason/Desktop/navi/build/sensor_scan_generation': CMAKE_PREFIX_PATH=${CMAKE_PREFIX_PATH}:/opt/ros/humble /usr/bin/cmake --build /home/jason/Desktop/navi/build/sensor_scan_generation -- -j20 -l20
[3.668s] [35m[1mConsolidate compiler generated dependencies of target sensorScanGeneration[0m
[3.690s] [100%] Built target sensorScanGeneration
[3.711s] Invoked command in '/home/jason/Desktop/navi/build/sensor_scan_generation' returned '0': CMAKE_PREFIX_PATH=${CMAKE_PREFIX_PATH}:/opt/ros/humble /usr/bin/cmake --build /home/jason/Desktop/navi/build/sensor_scan_generation -- -j20 -l20
[3.745s] Invoking command in '/home/jason/Desktop/navi/build/sensor_scan_generation': CMAKE_PREFIX_PATH=${CMAKE_PREFIX_PATH}:/opt/ros/humble /usr/bin/cmake --install /home/jason/Desktop/navi/build/sensor_scan_generation
[3.752s] -- Install configuration: "Release"
[3.752s] -- Execute custom install script
[3.752s] -- Up-to-date symlink: /home/jason/Desktop/navi/install/sensor_scan_generation/lib/sensor_scan_generation/sensorScanGeneration
[3.753s] -- Up-to-date symlink: /home/jason/Desktop/navi/install/sensor_scan_generation/share/sensor_scan_generation/launch/sensor_scan_generation.launch
[3.755s] -- Up-to-date symlink: /home/jason/Desktop/navi/install/sensor_scan_generation/share/ament_index/resource_index/package_run_dependencies/sensor_scan_generation
[3.755s] -- Up-to-date symlink: /home/jason/Desktop/navi/install/sensor_scan_generation/share/ament_index/resource_index/parent_prefix_path/sensor_scan_generation
[3.755s] -- Up-to-date symlink: /home/jason/Desktop/navi/install/sensor_scan_generation/share/sensor_scan_generation/environment/ament_prefix_path.sh
[3.755s] -- Up-to-date symlink: /home/jason/Desktop/navi/install/sensor_scan_generation/share/sensor_scan_generation/environment/ament_prefix_path.dsv
[3.755s] -- Up-to-date symlink: /home/jason/Desktop/navi/install/sensor_scan_generation/share/sensor_scan_generation/environment/path.sh
[3.755s] -- Up-to-date symlink: /home/jason/Desktop/navi/install/sensor_scan_generation/share/sensor_scan_generation/environment/path.dsv
[3.756s] -- Up-to-date symlink: /home/jason/Desktop/navi/install/sensor_scan_generation/share/sensor_scan_generation/local_setup.bash
[3.756s] -- Up-to-date symlink: /home/jason/Desktop/navi/install/sensor_scan_generation/share/sensor_scan_generation/local_setup.sh
[3.757s] -- Up-to-date symlink: /home/jason/Desktop/navi/install/sensor_scan_generation/share/sensor_scan_generation/local_setup.zsh
[3.757s] -- Up-to-date symlink: /home/jason/Desktop/navi/install/sensor_scan_generation/share/sensor_scan_generation/local_setup.dsv
[3.757s] -- Symlinking: /home/jason/Desktop/navi/install/sensor_scan_generation/share/sensor_scan_generation/package.dsv
[3.761s] -- Up-to-date symlink: /home/jason/Desktop/navi/install/sensor_scan_generation/share/ament_index/resource_index/packages/sensor_scan_generation
[3.762s] -- Up-to-date symlink: /home/jason/Desktop/navi/install/sensor_scan_generation/share/sensor_scan_generation/cmake/sensor_scan_generationConfig.cmake
[3.762s] -- Up-to-date symlink: /home/jason/Desktop/navi/install/sensor_scan_generation/share/sensor_scan_generation/cmake/sensor_scan_generationConfig-version.cmake
[3.762s] -- Up-to-date symlink: /home/jason/Desktop/navi/install/sensor_scan_generation/share/sensor_scan_generation/package.xml
[3.763s] Invoked command in '/home/jason/Desktop/navi/build/sensor_scan_generation' returned '0': CMAKE_PREFIX_PATH=${CMAKE_PREFIX_PATH}:/opt/ros/humble /usr/bin/cmake --install /home/jason/Desktop/navi/build/sensor_scan_generation
