[0.086s] Invoking command in '/home/jason/Desktop/navi/build/linefit_ground_segmentation': CMAKE_PREFIX_PATH=/opt/ros/humble /usr/bin/cmake /home/jason/Desktop/navi/src/local_planner/linefit_ground_segementation_ros2/linefit_ground_segmentation -DCMAKE_BUILD_TYPE=Release -DAMENT_CMAKE_SYMLINK_INSTALL=1 -DCMAKE_INSTALL_PREFIX=/home/jason/Desktop/navi/install/linefit_ground_segmentation
[0.310s] -- The C compiler identification is GNU 11.4.0
[0.426s] -- The CXX compiler identification is GNU 11.4.0
[0.442s] -- Detecting C compiler ABI info
[0.804s] -- Detecting C compiler ABI info - done
[0.827s] -- Check for working C compiler: /usr/bin/cc - skipped
[0.827s] -- Detecting C compile features
[0.831s] -- Detecting C compile features - done
[0.840s] -- Detecting CXX compiler ABI info
[1.071s] -- Detecting CXX compiler ABI info - done
[1.104s] -- Check for working CXX compiler: /usr/bin/c++ - skipped
[1.104s] -- Detecting CXX compile features
[1.105s] -- Detecting CXX compile features - done
[1.115s] -- Found ament_cmake_auto: 1.3.8 (/opt/ros/humble/share/ament_cmake_auto/cmake)
[1.936s] -- Found Python3: /usr/bin/python3 (found version "3.10.12") found components: Interpreter 
[2.164s] -- Override CMake install command with custom implementation using symlinks instead of copying resources
[2.936s] -- Found rosidl_generator_c: 3.1.5 (/opt/ros/humble/share/rosidl_generator_c/cmake)
[2.964s] -- Found rosidl_adapter: 3.1.5 (/opt/ros/humble/share/rosidl_adapter/cmake)
[2.999s] -- Found rosidl_generator_cpp: 3.1.5 (/opt/ros/humble/share/rosidl_generator_cpp/cmake)
[3.063s] -- Using all available rosidl_typesupport_c: rosidl_typesupport_fastrtps_c;rosidl_typesupport_introspection_c
[3.151s] -- Using all available rosidl_typesupport_cpp: rosidl_typesupport_fastrtps_cpp;rosidl_typesupport_introspection_cpp
[3.439s] -- Found rmw_implementation_cmake: 6.1.1 (/opt/ros/humble/share/rmw_implementation_cmake/cmake)
[3.445s] -- Found rmw_fastrtps_cpp: 6.2.6 (/opt/ros/humble/share/rmw_fastrtps_cpp/cmake)
[3.870s] -- Found OpenSSL: /usr/lib/x86_64-linux-gnu/libcrypto.so (found version "3.0.2")  
[3.973s] -- Found FastRTPS: /opt/ros/humble/include  
[4.128s] -- Using RMW implementation 'rmw_fastrtps_cpp' as default
[4.165s] -- Looking for pthread.h
[4.500s] -- Looking for pthread.h - found
[4.501s] -- Performing Test CMAKE_HAVE_LIBC_PTHREAD
[4.877s] -- Performing Test CMAKE_HAVE_LIBC_PTHREAD - Success
[4.880s] -- Found Threads: TRUE  
[7.048s] -- Found eigen3_cmake_module: 0.1.1 (/opt/ros/humble/share/eigen3_cmake_module/cmake)
[7.049s] -- Found Eigen3: TRUE (found version "3.4.0") 
[7.049s] -- Ensuring Eigen3 include directory is part of orocos-kdl CMake target
[8.119s] -- Checking for module 'eigen3'
[8.162s] --   Found eigen3, version 3.4.0
[8.339s] -- Found Eigen: /usr/include/eigen3 (Required is at least version "3.1") 
[8.339s] -- Eigen found (include: /usr/include/eigen3, version: 3.4.0)
[8.444s] -- Checking for module 'flann'
[8.534s] --   Found flann, version 1.9.1
[8.665s] -- Found FLANN: /usr/lib/x86_64-linux-gnu/libflann_cpp.so  
[8.665s] -- FLANN found (include: /usr/include, lib: /usr/lib/x86_64-linux-gnu/libflann_cpp.so)
[11.628s] -- Checking for module 'libusb-1.0'
[11.709s] --   Found libusb-1.0, version 1.0.25
[11.836s] -- Found libusb: /usr/lib/x86_64-linux-gnu/libusb-1.0.so  
[11.839s] -- OpenNI found (version: 1.5.4.0, include: /usr/include/ni, lib: /usr/lib/libOpenNI.so;libusb::libusb)
[11.961s] -- OpenNI2 found (version: 2.2.0.33, include: /usr/include/openni2, lib: /usr/lib/x86_64-linux-gnu/libOpenNI2.so;libusb::libusb)
[12.446s] -- Eigen found (include: /usr/include/eigen3, version: 3.4.0)
[12.460s] -- OpenNI found (version: 1.5.4.0, include: /usr/include/ni, lib: /usr/lib/libOpenNI.so;libusb::libusb)
[12.474s] -- OpenNI2 found (version: 2.2.0.33, include: /usr/include/openni2, lib: /usr/lib/x86_64-linux-gnu/libOpenNI2.so;libusb::libusb)
[13.008s] -- Found Qhull version 8.0.2
[13.443s] -- OpenNI found (version: 1.5.4.0, include: /usr/include/ni, lib: /usr/lib/libOpenNI.so;libusb::libusb)
[13.940s] -- Found PCL_COMMON: /usr/lib/x86_64-linux-gnu/libpcl_common.so  
[13.942s] -- Found PCL_KDTREE: /usr/lib/x86_64-linux-gnu/libpcl_kdtree.so  
[13.945s] -- Found PCL_OCTREE: /usr/lib/x86_64-linux-gnu/libpcl_octree.so  
[13.946s] -- Found PCL_SEARCH: /usr/lib/x86_64-linux-gnu/libpcl_search.so  
[13.949s] -- Found PCL_SAMPLE_CONSENSUS: /usr/lib/x86_64-linux-gnu/libpcl_sample_consensus.so  
[13.951s] -- Found PCL_FILTERS: /usr/lib/x86_64-linux-gnu/libpcl_filters.so  
[13.969s] -- Found PCL_2D: /usr/include/pcl-1.12  
[13.970s] -- Found PCL_GEOMETRY: /usr/include/pcl-1.12  
[13.973s] -- Found PCL_IO: /usr/lib/x86_64-linux-gnu/libpcl_io.so  
[13.976s] -- Found PCL_FEATURES: /usr/lib/x86_64-linux-gnu/libpcl_features.so  
[13.990s] -- Found PCL_ML: /usr/lib/x86_64-linux-gnu/libpcl_ml.so  
[13.994s] -- Found PCL_SEGMENTATION: /usr/lib/x86_64-linux-gnu/libpcl_segmentation.so  
[14.005s] -- Found PCL_VISUALIZATION: /usr/lib/x86_64-linux-gnu/libpcl_visualization.so  
[14.008s] -- Found PCL_SURFACE: /usr/lib/x86_64-linux-gnu/libpcl_surface.so  
[14.026s] -- Found PCL_REGISTRATION: /usr/lib/x86_64-linux-gnu/libpcl_registration.so  
[14.028s] -- Found PCL_KEYPOINTS: /usr/lib/x86_64-linux-gnu/libpcl_keypoints.so  
[14.028s] -- Found PCL_TRACKING: /usr/lib/x86_64-linux-gnu/libpcl_tracking.so  
[14.034s] -- Found PCL_RECOGNITION: /usr/lib/x86_64-linux-gnu/libpcl_recognition.so  
[14.038s] -- Found PCL_STEREO: /usr/lib/x86_64-linux-gnu/libpcl_stereo.so  
[14.041s] -- Found PCL_APPS: /usr/lib/x86_64-linux-gnu/libpcl_apps.so  
[14.043s] -- Found PCL_IN_HAND_SCANNER: /usr/include/pcl-1.12  
[14.044s] -- Found PCL_MODELER: /usr/include/pcl-1.12  
[14.045s] -- Found PCL_POINT_CLOUD_EDITOR: /usr/include/pcl-1.12  
[14.047s] -- Found PCL_OUTOFCORE: /usr/lib/x86_64-linux-gnu/libpcl_outofcore.so  
[14.054s] -- Found PCL_PEOPLE: /usr/lib/x86_64-linux-gnu/libpcl_people.so  
[14.342s] -- Configuring done
[14.422s] -- Generating done
[14.429s] -- Build files have been written to: /home/jason/Desktop/navi/build/linefit_ground_segmentation
[14.486s] Invoked command in '/home/jason/Desktop/navi/build/linefit_ground_segmentation' returned '0': CMAKE_PREFIX_PATH=/opt/ros/humble /usr/bin/cmake /home/jason/Desktop/navi/src/local_planner/linefit_ground_segementation_ros2/linefit_ground_segmentation -DCMAKE_BUILD_TYPE=Release -DAMENT_CMAKE_SYMLINK_INSTALL=1 -DCMAKE_INSTALL_PREFIX=/home/jason/Desktop/navi/install/linefit_ground_segmentation
[14.487s] Invoking command in '/home/jason/Desktop/navi/build/linefit_ground_segmentation': CMAKE_PREFIX_PATH=/opt/ros/humble /usr/bin/cmake --build /home/jason/Desktop/navi/build/linefit_ground_segmentation -- -j20 -l20
[16.977s] [ 20%] [32mBuilding CXX object CMakeFiles/linefit_ground_segmentation.dir/src/bin.cc.o[0m
[16.978s] [ 40%] [32mBuilding CXX object CMakeFiles/linefit_ground_segmentation.dir/src/segment.cc.o[0m
[16.978s] [ 60%] [32mBuilding CXX object CMakeFiles/linefit_ground_segmentation.dir/src/viewer.cc.o[0m
[16.978s] [ 80%] [32mBuilding CXX object CMakeFiles/linefit_ground_segmentation.dir/src/ground_segmentation.cc.o[0m
[45.821s] [100%] [32m[1mLinking CXX shared library liblinefit_ground_segmentation.so[0m
[49.213s] [100%] Built target linefit_ground_segmentation
[49.276s] Invoked command in '/home/jason/Desktop/navi/build/linefit_ground_segmentation' returned '0': CMAKE_PREFIX_PATH=/opt/ros/humble /usr/bin/cmake --build /home/jason/Desktop/navi/build/linefit_ground_segmentation -- -j20 -l20
[49.830s] Invoking command in '/home/jason/Desktop/navi/build/linefit_ground_segmentation': CMAKE_PREFIX_PATH=/opt/ros/humble /usr/bin/cmake --install /home/jason/Desktop/navi/build/linefit_ground_segmentation
[71.432s] -- Install configuration: "Release"
[71.443s] -- Execute custom install script
[71.443s] -- Symlinking: /home/jason/Desktop/navi/install/linefit_ground_segmentation/include/ground_segmentation/bin.h
[71.443s] -- Symlinking: /home/jason/Desktop/navi/install/linefit_ground_segmentation/include/ground_segmentation/ground_segmentation.h
[71.444s] -- Symlinking: /home/jason/Desktop/navi/install/linefit_ground_segmentation/include/ground_segmentation/segment.h
[71.444s] -- Symlinking: /home/jason/Desktop/navi/install/linefit_ground_segmentation/include/ground_segmentation/typedefs.h
[71.444s] -- Symlinking: /home/jason/Desktop/navi/install/linefit_ground_segmentation/include/ground_segmentation/viewer.h
[71.445s] -- Symlinking: /home/jason/Desktop/navi/install/linefit_ground_segmentation/share/linefit_ground_segmentation/environment/library_path.sh
[71.445s] -- Symlinking: /home/jason/Desktop/navi/install/linefit_ground_segmentation/share/linefit_ground_segmentation/environment/library_path.dsv
[71.446s] -- Symlinking: /home/jason/Desktop/navi/install/linefit_ground_segmentation/lib/liblinefit_ground_segmentation.so
[71.446s] -- Symlinking: /home/jason/Desktop/navi/install/linefit_ground_segmentation/share/ament_index/resource_index/package_run_dependencies/linefit_ground_segmentation
[71.447s] -- Symlinking: /home/jason/Desktop/navi/install/linefit_ground_segmentation/share/ament_index/resource_index/parent_prefix_path/linefit_ground_segmentation
[71.447s] -- Symlinking: /home/jason/Desktop/navi/install/linefit_ground_segmentation/share/linefit_ground_segmentation/environment/ament_prefix_path.sh
[71.448s] -- Symlinking: /home/jason/Desktop/navi/install/linefit_ground_segmentation/share/linefit_ground_segmentation/environment/ament_prefix_path.dsv
[71.448s] -- Symlinking: /home/jason/Desktop/navi/install/linefit_ground_segmentation/share/linefit_ground_segmentation/environment/path.sh
[71.448s] -- Symlinking: /home/jason/Desktop/navi/install/linefit_ground_segmentation/share/linefit_ground_segmentation/environment/path.dsv
[71.449s] -- Symlinking: /home/jason/Desktop/navi/install/linefit_ground_segmentation/share/linefit_ground_segmentation/local_setup.bash
[71.449s] -- Symlinking: /home/jason/Desktop/navi/install/linefit_ground_segmentation/share/linefit_ground_segmentation/local_setup.sh
[71.449s] -- Symlinking: /home/jason/Desktop/navi/install/linefit_ground_segmentation/share/linefit_ground_segmentation/local_setup.zsh
[71.450s] -- Symlinking: /home/jason/Desktop/navi/install/linefit_ground_segmentation/share/linefit_ground_segmentation/local_setup.dsv
[71.450s] -- Symlinking: /home/jason/Desktop/navi/install/linefit_ground_segmentation/share/linefit_ground_segmentation/package.dsv
[71.450s] -- Symlinking: /home/jason/Desktop/navi/install/linefit_ground_segmentation/share/ament_index/resource_index/packages/linefit_ground_segmentation
[71.451s] -- Symlinking: /home/jason/Desktop/navi/install/linefit_ground_segmentation/share/linefit_ground_segmentation/cmake/ament_cmake_export_dependencies-extras.cmake
[71.451s] -- Symlinking: /home/jason/Desktop/navi/install/linefit_ground_segmentation/share/linefit_ground_segmentation/cmake/ament_cmake_export_include_directories-extras.cmake
[71.452s] -- Symlinking: /home/jason/Desktop/navi/install/linefit_ground_segmentation/share/linefit_ground_segmentation/cmake/ament_cmake_export_libraries-extras.cmake
[71.453s] -- Symlinking: /home/jason/Desktop/navi/install/linefit_ground_segmentation/share/linefit_ground_segmentation/cmake/linefit_ground_segmentationConfig.cmake
[71.454s] -- Symlinking: /home/jason/Desktop/navi/install/linefit_ground_segmentation/share/linefit_ground_segmentation/cmake/linefit_ground_segmentationConfig-version.cmake
[71.454s] -- Symlinking: /home/jason/Desktop/navi/install/linefit_ground_segmentation/share/linefit_ground_segmentation/package.xml
[71.471s] Invoked command in '/home/jason/Desktop/navi/build/linefit_ground_segmentation' returned '0': CMAKE_PREFIX_PATH=/opt/ros/humble /usr/bin/cmake --install /home/jason/Desktop/navi/build/linefit_ground_segmentation
