[0.008s] Invoking command in '/home/jason/Desktop/navi/build/fast_lio': AMENT_PREFIX_PATH=/home/jason/Desktop/navi/install/livox_ros_driver2:${AMENT_PREFIX_PATH} CMAKE_PREFIX_PATH=/home/jason/Desktop/navi/install/livox_ros_driver2:/opt/ros/humble LD_LIBRARY_PATH=/home/jason/Desktop/navi/install/livox_ros_driver2/lib:/opt/MVS/lib/64:/opt/MVS/lib/32:/usr/lib/x86_64-linux-gnu/gazebo-11/plugins:/opt/ros/humble/opt/rviz_ogre_vendor/lib:/opt/ros/humble/lib/x86_64-linux-gnu:/opt/ros/humble/lib:/opt/MVS/lib/64:/opt/MVS/lib/32:/opt/MVS/lib/64:/opt/MVS/lib/32 PYTHONPATH=/home/jason/Desktop/navi/install/livox_ros_driver2/local/lib/python3.10/dist-packages:${PYTHONPATH} /usr/bin/cmake /home/jason/Desktop/navi/src/localization/FAST_LIO -DCMAKE_BUILD_TYPE=Release -DAMENT_CMAKE_SYMLINK_INSTALL=1 -DCMAKE_INSTALL_PREFIX=/home/jason/Desktop/navi/install/fast_lio
[2.536s] -- The C compiler identification is GNU 11.4.0
[2.536s] -- The CXX compiler identification is GNU 11.4.0
[2.536s] -- Detecting C compiler ABI info
[2.536s] -- Detecting C compiler ABI info - done
[2.536s] -- Check for working C compiler: /usr/bin/cc - skipped
[2.536s] -- Detecting C compile features
[2.537s] -- Detecting C compile features - done
[2.537s] -- Detecting CXX compiler ABI info
[2.537s] -- Detecting CXX compiler ABI info - done
[2.537s] -- Check for working CXX compiler: /usr/bin/c++ - skipped
[2.537s] -- Detecting CXX compile features
[2.537s] -- Detecting CXX compile features - done
[2.537s] -- Found PythonLibs: /usr/lib/x86_64-linux-gnu/libpython3.10.so (found version "3.10.12") 
[2.537s] -- Found ament_cmake: 1.3.8 (/opt/ros/humble/share/ament_cmake/cmake)
[2.538s] -- Found Python3: /usr/bin/python3 (found version "3.10.12") found components: Interpreter 
[2.538s] -- Override CMake install command with custom implementation using symlinks instead of copying resources
[2.539s] -- Found rclcpp: 16.0.8 (/opt/ros/humble/share/rclcpp/cmake)
[2.539s] -- Found rosidl_generator_c: 3.1.5 (/opt/ros/humble/share/rosidl_generator_c/cmake)
[2.539s] -- Found rosidl_adapter: 3.1.5 (/opt/ros/humble/share/rosidl_adapter/cmake)
[2.539s] -- Found rosidl_generator_cpp: 3.1.5 (/opt/ros/humble/share/rosidl_generator_cpp/cmake)
[2.539s] -- Using all available rosidl_typesupport_c: rosidl_typesupport_fastrtps_c;rosidl_typesupport_introspection_c
[2.539s] -- Using all available rosidl_typesupport_cpp: rosidl_typesupport_fastrtps_cpp;rosidl_typesupport_introspection_cpp
[2.540s] -- Found rmw_implementation_cmake: 6.1.1 (/opt/ros/humble/share/rmw_implementation_cmake/cmake)
[2.540s] -- Found rmw_fastrtps_cpp: 6.2.6 (/opt/ros/humble/share/rmw_fastrtps_cpp/cmake)
[2.540s] -- Found OpenSSL: /usr/lib/x86_64-linux-gnu/libcrypto.so (found version "3.0.2")  
[2.540s] [0mCurrent CPU archtecture: x86_64[0m
[2.540s] [0mProcesser number:  20[0m
[2.540s] [0mcore for MP: 3[0m
[2.588s] -- Found FastRTPS: /opt/ros/humble/include  
[2.709s] -- Using RMW implementation 'rmw_fastrtps_cpp' as default
[2.733s] -- Looking for pthread.h
[2.885s] -- Looking for pthread.h - found
[2.885s] -- Performing Test CMAKE_HAVE_LIBC_PTHREAD
[3.037s] -- Performing Test CMAKE_HAVE_LIBC_PTHREAD - Success
[3.037s] -- Found Threads: TRUE  
[3.437s] -- Found rclcpp_components: 16.0.8 (/opt/ros/humble/share/rclcpp_components/cmake)
[3.601s] -- Found geometry_msgs: 4.2.3 (/opt/ros/humble/share/geometry_msgs/cmake)
[3.709s] -- Found nav_msgs: 4.2.3 (/opt/ros/humble/share/nav_msgs/cmake)
[3.859s] -- Found sensor_msgs: 4.2.3 (/opt/ros/humble/share/sensor_msgs/cmake)
[3.995s] -- Found std_srvs: 4.2.3 (/opt/ros/humble/share/std_srvs/cmake)
[4.020s] -- Found visualization_msgs: 4.2.3 (/opt/ros/humble/share/visualization_msgs/cmake)
[4.208s] -- Found pcl_ros: 2.4.0 (/opt/ros/humble/share/pcl_ros/cmake)
[4.726s] -- Found eigen3_cmake_module: 0.1.1 (/opt/ros/humble/share/eigen3_cmake_module/cmake)
[4.729s] -- Found Eigen3: TRUE (found version "3.4.0") 
[4.729s] -- Ensuring Eigen3 include directory is part of orocos-kdl CMake target
[5.270s] -- Checking for module 'eigen3'
[5.293s] --   Found eigen3, version 3.4.0
[5.357s] -- Found Eigen: /usr/include/eigen3 (Required is at least version "3.1") 
[5.357s] -- Eigen found (include: /usr/include/eigen3, version: 3.4.0)
[5.438s] -- Checking for module 'flann'
[5.465s] --   Found flann, version 1.9.1
[5.543s] -- Found FLANN: /usr/lib/x86_64-linux-gnu/libflann_cpp.so  
[5.544s] -- FLANN found (include: /usr/include, lib: /usr/lib/x86_64-linux-gnu/libflann_cpp.so)
[7.318s] -- Checking for module 'libusb-1.0'
[7.347s] --   Found libusb-1.0, version 1.0.25
[7.410s] -- Found libusb: /usr/lib/x86_64-linux-gnu/libusb-1.0.so  
[7.412s] -- OpenNI found (version: 1.5.4.0, include: /usr/include/ni, lib: /usr/lib/libOpenNI.so;libusb::libusb)
[7.505s] -- OpenNI2 found (version: 2.2.0.33, include: /usr/include/openni2, lib: /usr/lib/x86_64-linux-gnu/libOpenNI2.so;libusb::libusb)
[7.794s] -- Eigen found (include: /usr/include/eigen3, version: 3.4.0)
[7.804s] -- OpenNI found (version: 1.5.4.0, include: /usr/include/ni, lib: /usr/lib/libOpenNI.so;libusb::libusb)
[7.814s] -- OpenNI2 found (version: 2.2.0.33, include: /usr/include/openni2, lib: /usr/lib/x86_64-linux-gnu/libOpenNI2.so;libusb::libusb)
[8.064s] -- Found Qhull version 8.0.2
[8.359s] -- OpenNI found (version: 1.5.4.0, include: /usr/include/ni, lib: /usr/lib/libOpenNI.so;libusb::libusb)
[8.601s] -- Found PCL_COMMON: /usr/lib/x86_64-linux-gnu/libpcl_common.so  
[8.602s] -- Found PCL_KDTREE: /usr/lib/x86_64-linux-gnu/libpcl_kdtree.so  
[8.604s] -- Found PCL_OCTREE: /usr/lib/x86_64-linux-gnu/libpcl_octree.so  
[8.604s] -- Found PCL_SEARCH: /usr/lib/x86_64-linux-gnu/libpcl_search.so  
[8.606s] -- Found PCL_SAMPLE_CONSENSUS: /usr/lib/x86_64-linux-gnu/libpcl_sample_consensus.so  
[8.607s] -- Found PCL_FILTERS: /usr/lib/x86_64-linux-gnu/libpcl_filters.so  
[8.608s] -- Found PCL_2D: /usr/include/pcl-1.12  
[8.608s] -- Found PCL_GEOMETRY: /usr/include/pcl-1.12  
[8.610s] -- Found PCL_IO: /usr/lib/x86_64-linux-gnu/libpcl_io.so  
[8.611s] -- Found PCL_FEATURES: /usr/lib/x86_64-linux-gnu/libpcl_features.so  
[8.613s] -- Found PCL_ML: /usr/lib/x86_64-linux-gnu/libpcl_ml.so  
[8.614s] -- Found PCL_SEGMENTATION: /usr/lib/x86_64-linux-gnu/libpcl_segmentation.so  
[8.616s] -- Found PCL_VISUALIZATION: /usr/lib/x86_64-linux-gnu/libpcl_visualization.so  
[8.617s] -- Found PCL_SURFACE: /usr/lib/x86_64-linux-gnu/libpcl_surface.so  
[8.619s] -- Found PCL_REGISTRATION: /usr/lib/x86_64-linux-gnu/libpcl_registration.so  
[8.620s] -- Found PCL_KEYPOINTS: /usr/lib/x86_64-linux-gnu/libpcl_keypoints.so  
[8.622s] -- Found PCL_TRACKING: /usr/lib/x86_64-linux-gnu/libpcl_tracking.so  
[8.623s] -- Found PCL_RECOGNITION: /usr/lib/x86_64-linux-gnu/libpcl_recognition.so  
[8.625s] -- Found PCL_STEREO: /usr/lib/x86_64-linux-gnu/libpcl_stereo.so  
[8.626s] -- Found PCL_APPS: /usr/lib/x86_64-linux-gnu/libpcl_apps.so  
[8.627s] -- Found PCL_IN_HAND_SCANNER: /usr/include/pcl-1.12  
[8.628s] -- Found PCL_MODELER: /usr/include/pcl-1.12  
[8.628s] -- Found PCL_POINT_CLOUD_EDITOR: /usr/include/pcl-1.12  
[8.632s] -- Found PCL_OUTOFCORE: /usr/lib/x86_64-linux-gnu/libpcl_outofcore.so  
[8.633s] -- Found PCL_PEOPLE: /usr/lib/x86_64-linux-gnu/libpcl_people.so  
[8.654s] -- Found livox_ros_driver2: 1.0.0 (/home/jason/Desktop/navi/install/livox_ros_driver2/share/livox_ros_driver2/cmake)
[8.928s] -- Found rosidl_default_generators: 1.2.0 (/opt/ros/humble/share/rosidl_default_generators/cmake)
[8.942s] [33mCMake Warning (dev) at CMakeLists.txt:81 (find_package):
[8.942s]   Policy CMP0074 is not set: find_package uses <PackageName>_ROOT variables.
[8.942s]   Run "cmake --help-policy CMP0074" for policy details.  Use the cmake_policy
[8.942s]   command to set the policy and suppress this warning.
[8.942s] 
[8.942s]   CMake variable PCL_ROOT is set to:
[8.943s] 
[8.943s]     /usr
[8.943s] 
[8.943s]   For compatibility, CMake is ignoring the variable.
[8.943s] This warning is for project developers.  Use -Wno-dev to suppress it.
[8.943s] [0m
[8.952s] [0mEigen:/usr/include/eigen3[0m
[8.952s] -- PCL: /usr/include/pcl-1.12
[9.310s] -- Found ament_cmake_ros: 0.10.0 (/opt/ros/humble/share/ament_cmake_ros/cmake)
[9.737s] -- Using all available rosidl_typesupport_c: rosidl_typesupport_fastrtps_c;rosidl_typesupport_introspection_c
[9.905s] -- Using all available rosidl_typesupport_cpp: rosidl_typesupport_fastrtps_cpp;rosidl_typesupport_introspection_cpp
[9.952s] -- Found PythonInterp: /usr/bin/python3 (found suitable version "3.10.12", minimum required is "3.6") 
[9.956s] -- Found python_cmake_module: 0.10.0 (/opt/ros/humble/share/python_cmake_module/cmake)
[10.019s] -- Found PythonLibs: /usr/lib/x86_64-linux-gnu/libpython3.10.so (found suitable version "3.10.12", minimum required is "3.5") 
[10.020s] -- Using PYTHON_EXECUTABLE: /usr/bin/python3
[10.020s] -- Using PYTHON_INCLUDE_DIRS: /usr/include/python3.10
[10.020s] -- Using PYTHON_LIBRARIES: /usr/lib/x86_64-linux-gnu/libpython3.10.so
[10.063s] -- Found PythonExtra: .so  
[10.256s] -- Configuring done
[10.372s] -- Generating done
[10.380s] -- Build files have been written to: /home/jason/Desktop/navi/build/fast_lio
[10.417s] Invoked command in '/home/jason/Desktop/navi/build/fast_lio' returned '0': AMENT_PREFIX_PATH=/home/jason/Desktop/navi/install/livox_ros_driver2:${AMENT_PREFIX_PATH} CMAKE_PREFIX_PATH=/home/jason/Desktop/navi/install/livox_ros_driver2:/opt/ros/humble LD_LIBRARY_PATH=/home/jason/Desktop/navi/install/livox_ros_driver2/lib:/opt/MVS/lib/64:/opt/MVS/lib/32:/usr/lib/x86_64-linux-gnu/gazebo-11/plugins:/opt/ros/humble/opt/rviz_ogre_vendor/lib:/opt/ros/humble/lib/x86_64-linux-gnu:/opt/ros/humble/lib:/opt/MVS/lib/64:/opt/MVS/lib/32:/opt/MVS/lib/64:/opt/MVS/lib/32 PYTHONPATH=/home/jason/Desktop/navi/install/livox_ros_driver2/local/lib/python3.10/dist-packages:${PYTHONPATH} /usr/bin/cmake /home/jason/Desktop/navi/src/localization/FAST_LIO -DCMAKE_BUILD_TYPE=Release -DAMENT_CMAKE_SYMLINK_INSTALL=1 -DCMAKE_INSTALL_PREFIX=/home/jason/Desktop/navi/install/fast_lio
[10.423s] Invoking command in '/home/jason/Desktop/navi/build/fast_lio': AMENT_PREFIX_PATH=/home/jason/Desktop/navi/install/livox_ros_driver2:${AMENT_PREFIX_PATH} CMAKE_PREFIX_PATH=/home/jason/Desktop/navi/install/livox_ros_driver2:/opt/ros/humble LD_LIBRARY_PATH=/home/jason/Desktop/navi/install/livox_ros_driver2/lib:/opt/MVS/lib/64:/opt/MVS/lib/32:/usr/lib/x86_64-linux-gnu/gazebo-11/plugins:/opt/ros/humble/opt/rviz_ogre_vendor/lib:/opt/ros/humble/lib/x86_64-linux-gnu:/opt/ros/humble/lib:/opt/MVS/lib/64:/opt/MVS/lib/32:/opt/MVS/lib/64:/opt/MVS/lib/32 PYTHONPATH=/home/jason/Desktop/navi/install/livox_ros_driver2/local/lib/python3.10/dist-packages:${PYTHONPATH} /usr/bin/cmake --build /home/jason/Desktop/navi/build/fast_lio -- -j20 -l20
[10.505s] [  2%] [34m[1mGenerating C++ code for ROS interfaces[0m
[10.962s] [  2%] Built target fast_lio__cpp
[11.004s] [  2%] Built target ament_cmake_python_symlink_fast_lio
[11.017s] [  5%] [34m[1mGenerating C++ introspection for ROS interfaces[0m
[11.411s] [  8%] [32mBuilding CXX object CMakeFiles/fast_lio__rosidl_typesupport_introspection_cpp.dir/rosidl_typesupport_introspection_cpp/fast_lio/msg/detail/pose6_d__type_support.cpp.o[0m
[11.881s] [ 11%] [32m[1mLinking CXX shared library libfast_lio__rosidl_typesupport_introspection_cpp.so[0m
[11.931s] [ 11%] Built target fast_lio__rosidl_typesupport_introspection_cpp
[12.218s] running egg_info
[12.219s] creating fast_lio.egg-info
[12.219s] writing fast_lio.egg-info/PKG-INFO
[12.219s] writing dependency_links to fast_lio.egg-info/dependency_links.txt
[12.220s] writing top-level names to fast_lio.egg-info/top_level.txt
[12.220s] writing manifest file 'fast_lio.egg-info/SOURCES.txt'
[12.222s] reading manifest file 'fast_lio.egg-info/SOURCES.txt'
[12.223s] writing manifest file 'fast_lio.egg-info/SOURCES.txt'
[12.257s] [ 11%] Built target ament_cmake_python_build_fast_lio_egg
[12.269s] [ 14%] [34m[1mGenerating C++ type support for eProsima Fast-RTPS[0m
[12.655s] [ 17%] [32mBuilding CXX object CMakeFiles/fast_lio__rosidl_typesupport_fastrtps_cpp.dir/rosidl_typesupport_fastrtps_cpp/fast_lio/msg/detail/dds_fastrtps/pose6_d__type_support.cpp.o[0m
[13.128s] [ 20%] [32m[1mLinking CXX shared library libfast_lio__rosidl_typesupport_fastrtps_cpp.so[0m
[13.238s] [ 20%] Built target fast_lio__rosidl_typesupport_fastrtps_cpp
[13.248s] [ 22%] [34m[1mGenerating C++ type support dispatch for ROS interfaces[0m
[13.603s] [ 25%] [32mBuilding CXX object CMakeFiles/fast_lio__rosidl_typesupport_cpp.dir/rosidl_typesupport_cpp/fast_lio/msg/pose6_d__type_support.cpp.o[0m
[13.928s] [ 28%] [32m[1mLinking CXX shared library libfast_lio__rosidl_typesupport_cpp.so[0m
[13.975s] [ 28%] Built target fast_lio__rosidl_typesupport_cpp
[13.986s] [ 31%] [34m[1mGenerating C code for ROS interfaces[0m
[14.394s] [ 34%] [32mBuilding C object CMakeFiles/fast_lio__rosidl_generator_c.dir/rosidl_generator_c/fast_lio/msg/detail/pose6_d__functions.c.o[0m
[14.511s] [ 37%] [32m[1mLinking C shared library libfast_lio__rosidl_generator_c.so[0m
[14.557s] [ 37%] Built target fast_lio__rosidl_generator_c
[14.591s] [ 40%] [32mBuilding CXX object CMakeFiles/fastlio_mapping.dir/src/laserMapping.cpp.o[0m
[20.081s] In file included from [01m[K/usr/include/boost/smart_ptr/detail/sp_thread_sleep.hpp:22[m[K,
[20.081s]                  from [01m[K/usr/include/boost/smart_ptr/detail/yield_k.hpp:23[m[K,
[20.081s]                  from [01m[K/usr/include/boost/smart_ptr/detail/spinlock_gcc_atomic.hpp:14[m[K,
[20.082s]                  from [01m[K/usr/include/boost/smart_ptr/detail/spinlock.hpp:42[m[K,
[20.082s]                  from [01m[K/usr/include/boost/smart_ptr/detail/spinlock_pool.hpp:25[m[K,
[20.082s]                  from [01m[K/usr/include/boost/smart_ptr/shared_ptr.hpp:29[m[K,
[20.082s]                  from [01m[K/usr/include/boost/shared_ptr.hpp:17[m[K,
[20.082s]                  from [01m[K/usr/include/boost/date_time/microsec_time_clock.hpp:18[m[K,
[20.082s]                  from [01m[K/usr/include/boost/interprocess/detail/posix_time_types_wrk.hpp:31[m[K,
[20.082s]                  from [01m[K/usr/include/boost/interprocess/detail/os_thread_functions.hpp:36[m[K,
[20.082s]                  from [01m[K/usr/include/boost/interprocess/sync/file_lock.hpp:26[m[K,
[20.082s]                  from [01m[K/usr/include/pcl-1.12/pcl/io/pcd_io.h:46[m[K,
[20.082s]                  from [01m[K/opt/ros/humble/include/pcl_conversions/pcl_conversions.h:72[m[K,
[20.082s]                  from [01m[K/home/jason/Desktop/navi/src/localization/FAST_LIO/src/IMU_Processing.hpp:18[m[K,
[20.082s]                  from [01m[K/home/jason/Desktop/navi/src/localization/FAST_LIO/src/laserMapping.cpp:47[m[K:
[20.082s] [01m[K/usr/include/boost/bind.hpp:36:1:[m[K [01;36m[Knote: [m[K‘[01m[K#pragma message: The practice of declaring the Bind placeholders (_1, _2, ...) in the global namespace is deprecated. Please use <boost/bind/bind.hpp> + using namespace boost::placeholders, or define BOOST_BIND_GLOBAL_PLACEHOLDERS to retain the current behavior.[m[K’
[20.083s]    36 | [01;36m[KBOOST_PRAGMA_MESSAGE[m[K(
[20.083s]       | [01;36m[K^~~~~~~~~~~~~~~~~~~~[m[K
[55.398s] [ 45%] [32mBuilding CXX object CMakeFiles/fastlio_mapping.dir/include/ikd-Tree/ikd_Tree.cpp.o[0m
[55.398s] [ 45%] [32mBuilding CXX object CMakeFiles/fastlio_mapping.dir/src/preprocess.cpp.o[0m
[59.830s] [ 48%] [32m[1mLinking CXX executable fastlio_mapping[0m
[60.443s] [ 48%] Built target fastlio_mapping
[60.449s] [ 51%] [34m[1mGenerating C type support dispatch for ROS interfaces[0m
[60.449s] [ 54%] [34m[1mGenerating C introspection for ROS interfaces[0m
[60.449s] [ 57%] [34m[1mGenerating C type support for eProsima Fast-RTPS[0m
[60.628s] [ 60%] [32mBuilding CXX object CMakeFiles/fast_lio__rosidl_typesupport_c.dir/rosidl_typesupport_c/fast_lio/msg/pose6_d__type_support.cpp.o[0m
[60.643s] [ 65%] [32mBuilding CXX object CMakeFiles/fast_lio__rosidl_typesupport_fastrtps_c.dir/rosidl_typesupport_fastrtps_c/fast_lio/msg/detail/pose6_d__type_support_c.cpp.o[0m
[60.643s] [ 65%] [32mBuilding C object CMakeFiles/fast_lio__rosidl_typesupport_introspection_c.dir/rosidl_typesupport_introspection_c/fast_lio/msg/detail/pose6_d__type_support.c.o[0m
[60.648s] [ 68%] [32m[1mLinking CXX shared library libfast_lio__rosidl_typesupport_c.so[0m
[60.674s] [ 68%] Built target fast_lio__rosidl_typesupport_c
[60.681s] [ 71%] [32m[1mLinking C shared library libfast_lio__rosidl_typesupport_introspection_c.so[0m
[60.698s] [ 71%] Built target fast_lio__rosidl_typesupport_introspection_c
[60.820s] [ 74%] [32m[1mLinking CXX shared library libfast_lio__rosidl_typesupport_fastrtps_c.so[0m
[60.864s] [ 74%] Built target fast_lio__rosidl_typesupport_fastrtps_c
[60.875s] [ 74%] Built target fast_lio
[60.886s] [ 77%] [34m[1mGenerating Python code for ROS interfaces[0m
[61.121s] [ 77%] Built target fast_lio__py
[61.132s] [ 80%] [32mBuilding C object CMakeFiles/fast_lio__rosidl_generator_py.dir/rosidl_generator_py/fast_lio/msg/_pose6_d_s.c.o[0m
[61.209s] [ 82%] [32m[1mLinking C shared library rosidl_generator_py/fast_lio/libfast_lio__rosidl_generator_py.so[0m
[61.230s] [ 82%] Built target fast_lio__rosidl_generator_py
[61.244s] [ 88%] [32mBuilding C object CMakeFiles/fast_lio__rosidl_typesupport_fastrtps_c__pyext.dir/rosidl_generator_py/fast_lio/_fast_lio_s.ep.rosidl_typesupport_fastrtps_c.c.o[0m
[61.244s] [ 88%] [32mBuilding C object CMakeFiles/fast_lio__rosidl_typesupport_introspection_c__pyext.dir/rosidl_generator_py/fast_lio/_fast_lio_s.ep.rosidl_typesupport_introspection_c.c.o[0m
[61.244s] [ 91%] [32mBuilding C object CMakeFiles/fast_lio__rosidl_typesupport_c__pyext.dir/rosidl_generator_py/fast_lio/_fast_lio_s.ep.rosidl_typesupport_c.c.o[0m
[61.309s] [ 94%] [32m[1mLinking C shared library rosidl_generator_py/fast_lio/fast_lio_s__rosidl_typesupport_c.cpython-310-x86_64-linux-gnu.so[0m
[61.309s] [ 97%] [32m[1mLinking C shared library rosidl_generator_py/fast_lio/fast_lio_s__rosidl_typesupport_introspection_c.cpython-310-x86_64-linux-gnu.so[0m
[61.311s] [100%] [32m[1mLinking C shared library rosidl_generator_py/fast_lio/fast_lio_s__rosidl_typesupport_fastrtps_c.cpython-310-x86_64-linux-gnu.so[0m
[61.330s] [100%] Built target fast_lio__rosidl_typesupport_c__pyext
[61.330s] [100%] Built target fast_lio__rosidl_typesupport_introspection_c__pyext
[61.332s] [100%] Built target fast_lio__rosidl_typesupport_fastrtps_c__pyext
[61.339s] Invoked command in '/home/jason/Desktop/navi/build/fast_lio' returned '0': AMENT_PREFIX_PATH=/home/jason/Desktop/navi/install/livox_ros_driver2:${AMENT_PREFIX_PATH} CMAKE_PREFIX_PATH=/home/jason/Desktop/navi/install/livox_ros_driver2:/opt/ros/humble LD_LIBRARY_PATH=/home/jason/Desktop/navi/install/livox_ros_driver2/lib:/opt/MVS/lib/64:/opt/MVS/lib/32:/usr/lib/x86_64-linux-gnu/gazebo-11/plugins:/opt/ros/humble/opt/rviz_ogre_vendor/lib:/opt/ros/humble/lib/x86_64-linux-gnu:/opt/ros/humble/lib:/opt/MVS/lib/64:/opt/MVS/lib/32:/opt/MVS/lib/64:/opt/MVS/lib/32 PYTHONPATH=/home/jason/Desktop/navi/install/livox_ros_driver2/local/lib/python3.10/dist-packages:${PYTHONPATH} /usr/bin/cmake --build /home/jason/Desktop/navi/build/fast_lio -- -j20 -l20
[61.383s] Invoking command in '/home/jason/Desktop/navi/build/fast_lio': AMENT_PREFIX_PATH=/home/jason/Desktop/navi/install/livox_ros_driver2:${AMENT_PREFIX_PATH} CMAKE_PREFIX_PATH=/home/jason/Desktop/navi/install/livox_ros_driver2:/opt/ros/humble LD_LIBRARY_PATH=/home/jason/Desktop/navi/install/livox_ros_driver2/lib:/opt/MVS/lib/64:/opt/MVS/lib/32:/usr/lib/x86_64-linux-gnu/gazebo-11/plugins:/opt/ros/humble/opt/rviz_ogre_vendor/lib:/opt/ros/humble/lib/x86_64-linux-gnu:/opt/ros/humble/lib:/opt/MVS/lib/64:/opt/MVS/lib/32:/opt/MVS/lib/64:/opt/MVS/lib/32 PYTHONPATH=/home/jason/Desktop/navi/install/livox_ros_driver2/local/lib/python3.10/dist-packages:${PYTHONPATH} /usr/bin/cmake --install /home/jason/Desktop/navi/build/fast_lio
[61.388s] -- Install configuration: "Release"
[61.388s] -- Execute custom install script
[61.388s] -- Symlinking: /home/jason/Desktop/navi/install/fast_lio/share/ament_index/resource_index/rosidl_interfaces/fast_lio
[61.395s] -- Symlinking: /home/jason/Desktop/navi/install/fast_lio/include/fast_lio/fast_lio/msg/detail/pose6_d__functions.h
[61.400s] -- Symlinking: /home/jason/Desktop/navi/install/fast_lio/include/fast_lio/fast_lio/msg/detail/pose6_d__struct.h
[61.406s] -- Symlinking: /home/jason/Desktop/navi/install/fast_lio/include/fast_lio/fast_lio/msg/detail/pose6_d__type_support.h
[61.411s] -- Symlinking: /home/jason/Desktop/navi/install/fast_lio/include/fast_lio/fast_lio/msg/pose6_d.h
[61.416s] -- Symlinking: /home/jason/Desktop/navi/install/fast_lio/include/fast_lio/fast_lio/msg/rosidl_generator_c__visibility_control.h
[61.421s] -- Symlinking: /home/jason/Desktop/navi/install/fast_lio/share/fast_lio/environment/library_path.sh
[61.425s] -- Symlinking: /home/jason/Desktop/navi/install/fast_lio/share/fast_lio/environment/library_path.dsv
[61.429s] -- Symlinking: /home/jason/Desktop/navi/install/fast_lio/include/fast_lio/fast_lio/msg/detail/pose6_d__rosidl_typesupport_fastrtps_c.h
[61.434s] -- Symlinking: /home/jason/Desktop/navi/install/fast_lio/include/fast_lio/fast_lio/msg/rosidl_typesupport_fastrtps_c__visibility_control.h
[61.438s] -- Symlinking: /home/jason/Desktop/navi/install/fast_lio/include/fast_lio/fast_lio/msg/detail/pose6_d__builder.hpp
[61.442s] -- Symlinking: /home/jason/Desktop/navi/install/fast_lio/include/fast_lio/fast_lio/msg/detail/pose6_d__struct.hpp
[61.446s] -- Symlinking: /home/jason/Desktop/navi/install/fast_lio/include/fast_lio/fast_lio/msg/detail/pose6_d__traits.hpp
[61.451s] -- Symlinking: /home/jason/Desktop/navi/install/fast_lio/include/fast_lio/fast_lio/msg/pose6_d.hpp
[61.455s] -- Symlinking: /home/jason/Desktop/navi/install/fast_lio/include/fast_lio/fast_lio/msg/detail/pose6_d__rosidl_typesupport_fastrtps_cpp.hpp
[61.460s] -- Symlinking: /home/jason/Desktop/navi/install/fast_lio/include/fast_lio/fast_lio/msg/rosidl_typesupport_fastrtps_cpp__visibility_control.h
[61.464s] -- Symlinking: /home/jason/Desktop/navi/install/fast_lio/include/fast_lio/fast_lio/msg/detail/pose6_d__rosidl_typesupport_introspection_c.h
[61.469s] -- Symlinking: /home/jason/Desktop/navi/install/fast_lio/include/fast_lio/fast_lio/msg/rosidl_typesupport_introspection_c__visibility_control.h
[61.473s] -- Symlinking: /home/jason/Desktop/navi/install/fast_lio/include/fast_lio/fast_lio/msg/detail/pose6_d__rosidl_typesupport_introspection_cpp.hpp
[61.478s] -- Symlinking: /home/jason/Desktop/navi/install/fast_lio/share/fast_lio/environment/pythonpath.sh
[61.481s] -- Symlinking: /home/jason/Desktop/navi/install/fast_lio/share/fast_lio/environment/pythonpath.dsv
[61.486s] -- Symlinking: /home/jason/Desktop/navi/install/fast_lio/local/lib/python3.10/dist-packages/fast_lio-0.0.0-py3.10.egg-info/PKG-INFO
[61.491s] -- Symlinking: /home/jason/Desktop/navi/install/fast_lio/local/lib/python3.10/dist-packages/fast_lio-0.0.0-py3.10.egg-info/SOURCES.txt
[61.496s] -- Symlinking: /home/jason/Desktop/navi/install/fast_lio/local/lib/python3.10/dist-packages/fast_lio-0.0.0-py3.10.egg-info/dependency_links.txt
[61.502s] -- Symlinking: /home/jason/Desktop/navi/install/fast_lio/local/lib/python3.10/dist-packages/fast_lio-0.0.0-py3.10.egg-info/top_level.txt
[61.507s] -- Symlinking: /home/jason/Desktop/navi/install/fast_lio/local/lib/python3.10/dist-packages/fast_lio/__init__.py
[61.512s] -- Symlinking: /home/jason/Desktop/navi/install/fast_lio/local/lib/python3.10/dist-packages/fast_lio/_fast_lio_s.ep.rosidl_typesupport_c.c
[61.518s] -- Symlinking: /home/jason/Desktop/navi/install/fast_lio/local/lib/python3.10/dist-packages/fast_lio/_fast_lio_s.ep.rosidl_typesupport_fastrtps_c.c
[61.523s] -- Symlinking: /home/jason/Desktop/navi/install/fast_lio/local/lib/python3.10/dist-packages/fast_lio/_fast_lio_s.ep.rosidl_typesupport_introspection_c.c
[61.528s] -- Symlinking: /home/jason/Desktop/navi/install/fast_lio/local/lib/python3.10/dist-packages/fast_lio/fast_lio_s__rosidl_typesupport_c.cpython-310-x86_64-linux-gnu.so
[61.533s] -- Symlinking: /home/jason/Desktop/navi/install/fast_lio/local/lib/python3.10/dist-packages/fast_lio/fast_lio_s__rosidl_typesupport_fastrtps_c.cpython-310-x86_64-linux-gnu.so
[61.537s] -- Symlinking: /home/jason/Desktop/navi/install/fast_lio/local/lib/python3.10/dist-packages/fast_lio/fast_lio_s__rosidl_typesupport_introspection_c.cpython-310-x86_64-linux-gnu.so
[61.542s] -- Symlinking: /home/jason/Desktop/navi/install/fast_lio/local/lib/python3.10/dist-packages/fast_lio/libfast_lio__rosidl_generator_py.so
[61.547s] -- Symlinking: /home/jason/Desktop/navi/install/fast_lio/local/lib/python3.10/dist-packages/fast_lio/msg/__init__.py
[61.551s] -- Symlinking: /home/jason/Desktop/navi/install/fast_lio/local/lib/python3.10/dist-packages/fast_lio/msg/_pose6_d.py
[61.556s] -- Symlinking: /home/jason/Desktop/navi/install/fast_lio/local/lib/python3.10/dist-packages/fast_lio/msg/_pose6_d_s.c
[61.561s] -- Up-to-date symlink: /home/jason/Desktop/navi/install/fast_lio/local/lib/python3.10/dist-packages/fast_lio/fast_lio_s__rosidl_typesupport_fastrtps_c.cpython-310-x86_64-linux-gnu.so
[61.561s] -- Up-to-date symlink: /home/jason/Desktop/navi/install/fast_lio/local/lib/python3.10/dist-packages/fast_lio/fast_lio_s__rosidl_typesupport_introspection_c.cpython-310-x86_64-linux-gnu.so
[61.561s] -- Up-to-date symlink: /home/jason/Desktop/navi/install/fast_lio/local/lib/python3.10/dist-packages/fast_lio/fast_lio_s__rosidl_typesupport_c.cpython-310-x86_64-linux-gnu.so
[61.561s] -- Symlinking: /home/jason/Desktop/navi/install/fast_lio/share/fast_lio/msg/Pose6D.idl
[61.566s] -- Symlinking: /home/jason/Desktop/navi/install/fast_lio/share/fast_lio/msg/Pose6D.msg
[61.571s] -- Symlinking: /home/jason/Desktop/navi/install/fast_lio/lib/fast_lio/fastlio_mapping
[61.576s] -- Symlinking: /home/jason/Desktop/navi/install/fast_lio/share/fast_lio/config/avia.yaml
[61.580s] -- Symlinking: /home/jason/Desktop/navi/install/fast_lio/share/fast_lio/config/horizon.yaml
[61.585s] -- Symlinking: /home/jason/Desktop/navi/install/fast_lio/share/fast_lio/config/mid360.yaml
[61.589s] -- Symlinking: /home/jason/Desktop/navi/install/fast_lio/share/fast_lio/config/ouster64.yaml
[61.593s] -- Symlinking: /home/jason/Desktop/navi/install/fast_lio/share/fast_lio/config/velodyne.yaml
[61.598s] -- Symlinking: /home/jason/Desktop/navi/install/fast_lio/share/fast_lio/launch/gdb_debug_example.launch
[61.603s] -- Symlinking: /home/jason/Desktop/navi/install/fast_lio/share/fast_lio/launch/mapping.launch.py
[61.608s] -- Symlinking: /home/jason/Desktop/navi/install/fast_lio/share/fast_lio/rviz/fastlio.rviz
[61.613s] -- Symlinking: /home/jason/Desktop/navi/install/fast_lio/share/ament_index/resource_index/package_run_dependencies/fast_lio
[61.619s] -- Symlinking: /home/jason/Desktop/navi/install/fast_lio/share/ament_index/resource_index/parent_prefix_path/fast_lio
[61.624s] -- Symlinking: /home/jason/Desktop/navi/install/fast_lio/share/fast_lio/environment/ament_prefix_path.sh
[61.628s] -- Symlinking: /home/jason/Desktop/navi/install/fast_lio/share/fast_lio/environment/ament_prefix_path.dsv
[61.633s] -- Symlinking: /home/jason/Desktop/navi/install/fast_lio/share/fast_lio/environment/path.sh
[61.637s] -- Symlinking: /home/jason/Desktop/navi/install/fast_lio/share/fast_lio/environment/path.dsv
[61.641s] -- Symlinking: /home/jason/Desktop/navi/install/fast_lio/share/fast_lio/local_setup.bash
[61.645s] -- Symlinking: /home/jason/Desktop/navi/install/fast_lio/share/fast_lio/local_setup.sh
[61.649s] -- Symlinking: /home/jason/Desktop/navi/install/fast_lio/share/fast_lio/local_setup.zsh
[61.654s] -- Symlinking: /home/jason/Desktop/navi/install/fast_lio/share/fast_lio/local_setup.dsv
[61.659s] -- Symlinking: /home/jason/Desktop/navi/install/fast_lio/share/fast_lio/package.dsv
[61.663s] -- Symlinking: /home/jason/Desktop/navi/install/fast_lio/share/ament_index/resource_index/packages/fast_lio
[61.667s] -- Symlinking: /home/jason/Desktop/navi/install/fast_lio/share/fast_lio/cmake/rosidl_cmake-extras.cmake
[61.671s] -- Symlinking: /home/jason/Desktop/navi/install/fast_lio/share/fast_lio/cmake/ament_cmake_export_include_directories-extras.cmake
[61.675s] -- Symlinking: /home/jason/Desktop/navi/install/fast_lio/share/fast_lio/cmake/ament_cmake_export_libraries-extras.cmake
[61.679s] -- Symlinking: /home/jason/Desktop/navi/install/fast_lio/share/fast_lio/cmake/ament_cmake_export_targets-extras.cmake
[61.683s] -- Symlinking: /home/jason/Desktop/navi/install/fast_lio/share/fast_lio/cmake/rosidl_cmake_export_typesupport_targets-extras.cmake
[61.687s] -- Symlinking: /home/jason/Desktop/navi/install/fast_lio/share/fast_lio/cmake/ament_cmake_export_dependencies-extras.cmake
[61.691s] -- Symlinking: /home/jason/Desktop/navi/install/fast_lio/share/fast_lio/cmake/rosidl_cmake_export_typesupport_libraries-extras.cmake
[61.695s] -- Symlinking: /home/jason/Desktop/navi/install/fast_lio/share/fast_lio/cmake/fast_lioConfig.cmake
[61.700s] -- Symlinking: /home/jason/Desktop/navi/install/fast_lio/share/fast_lio/cmake/fast_lioConfig-version.cmake
[61.705s] -- Symlinking: /home/jason/Desktop/navi/install/fast_lio/share/fast_lio/package.xml
[61.709s] -- Installing: /home/jason/Desktop/navi/install/fast_lio/lib/libfast_lio__rosidl_generator_c.so
[61.710s] -- Set runtime path of "/home/jason/Desktop/navi/install/fast_lio/lib/libfast_lio__rosidl_generator_c.so" to ""
[61.710s] -- Installing: /home/jason/Desktop/navi/install/fast_lio/lib/libfast_lio__rosidl_typesupport_fastrtps_c.so
[61.710s] -- Set runtime path of "/home/jason/Desktop/navi/install/fast_lio/lib/libfast_lio__rosidl_typesupport_fastrtps_c.so" to ""
[61.710s] -- Installing: /home/jason/Desktop/navi/install/fast_lio/lib/libfast_lio__rosidl_typesupport_fastrtps_cpp.so
[61.710s] -- Set runtime path of "/home/jason/Desktop/navi/install/fast_lio/lib/libfast_lio__rosidl_typesupport_fastrtps_cpp.so" to ""
[61.710s] -- Installing: /home/jason/Desktop/navi/install/fast_lio/lib/libfast_lio__rosidl_typesupport_introspection_c.so
[61.710s] -- Set runtime path of "/home/jason/Desktop/navi/install/fast_lio/lib/libfast_lio__rosidl_typesupport_introspection_c.so" to ""
[61.710s] -- Installing: /home/jason/Desktop/navi/install/fast_lio/lib/libfast_lio__rosidl_typesupport_c.so
[61.710s] -- Set runtime path of "/home/jason/Desktop/navi/install/fast_lio/lib/libfast_lio__rosidl_typesupport_c.so" to ""
[61.710s] -- Installing: /home/jason/Desktop/navi/install/fast_lio/lib/libfast_lio__rosidl_typesupport_introspection_cpp.so
[61.711s] -- Set runtime path of "/home/jason/Desktop/navi/install/fast_lio/lib/libfast_lio__rosidl_typesupport_introspection_cpp.so" to ""
[61.711s] -- Installing: /home/jason/Desktop/navi/install/fast_lio/lib/libfast_lio__rosidl_typesupport_cpp.so
[61.711s] -- Set runtime path of "/home/jason/Desktop/navi/install/fast_lio/lib/libfast_lio__rosidl_typesupport_cpp.so" to ""
[61.734s] Listing '/home/jason/Desktop/navi/install/fast_lio/local/lib/python3.10/dist-packages/fast_lio'...
[61.734s] Compiling '/home/jason/Desktop/navi/install/fast_lio/local/lib/python3.10/dist-packages/fast_lio/__init__.py'...
[61.734s] Listing '/home/jason/Desktop/navi/install/fast_lio/local/lib/python3.10/dist-packages/fast_lio/msg'...
[61.734s] Compiling '/home/jason/Desktop/navi/install/fast_lio/local/lib/python3.10/dist-packages/fast_lio/msg/__init__.py'...
[61.734s] Compiling '/home/jason/Desktop/navi/install/fast_lio/local/lib/python3.10/dist-packages/fast_lio/msg/_pose6_d.py'...
[61.736s] -- Installing: /home/jason/Desktop/navi/install/fast_lio/lib/libfast_lio__rosidl_generator_py.so
[61.736s] -- Set runtime path of "/home/jason/Desktop/navi/install/fast_lio/lib/libfast_lio__rosidl_generator_py.so" to ""
[61.736s] -- Installing: /home/jason/Desktop/navi/install/fast_lio/share/fast_lio/cmake/export_fast_lio__rosidl_generator_cExport.cmake
[61.737s] -- Installing: /home/jason/Desktop/navi/install/fast_lio/share/fast_lio/cmake/export_fast_lio__rosidl_generator_cExport-release.cmake
[61.737s] -- Installing: /home/jason/Desktop/navi/install/fast_lio/share/fast_lio/cmake/export_fast_lio__rosidl_typesupport_fastrtps_cExport.cmake
[61.737s] -- Installing: /home/jason/Desktop/navi/install/fast_lio/share/fast_lio/cmake/export_fast_lio__rosidl_typesupport_fastrtps_cExport-release.cmake
[61.737s] -- Installing: /home/jason/Desktop/navi/install/fast_lio/share/fast_lio/cmake/export_fast_lio__rosidl_generator_cppExport.cmake
[61.737s] -- Installing: /home/jason/Desktop/navi/install/fast_lio/share/fast_lio/cmake/export_fast_lio__rosidl_typesupport_fastrtps_cppExport.cmake
[61.737s] -- Installing: /home/jason/Desktop/navi/install/fast_lio/share/fast_lio/cmake/export_fast_lio__rosidl_typesupport_fastrtps_cppExport-release.cmake
[61.737s] -- Installing: /home/jason/Desktop/navi/install/fast_lio/share/fast_lio/cmake/fast_lio__rosidl_typesupport_introspection_cExport.cmake
[61.737s] -- Installing: /home/jason/Desktop/navi/install/fast_lio/share/fast_lio/cmake/fast_lio__rosidl_typesupport_introspection_cExport-release.cmake
[61.737s] -- Installing: /home/jason/Desktop/navi/install/fast_lio/share/fast_lio/cmake/fast_lio__rosidl_typesupport_cExport.cmake
[61.737s] -- Installing: /home/jason/Desktop/navi/install/fast_lio/share/fast_lio/cmake/fast_lio__rosidl_typesupport_cExport-release.cmake
[61.737s] -- Installing: /home/jason/Desktop/navi/install/fast_lio/share/fast_lio/cmake/fast_lio__rosidl_typesupport_introspection_cppExport.cmake
[61.737s] -- Installing: /home/jason/Desktop/navi/install/fast_lio/share/fast_lio/cmake/fast_lio__rosidl_typesupport_introspection_cppExport-release.cmake
[61.737s] -- Installing: /home/jason/Desktop/navi/install/fast_lio/share/fast_lio/cmake/fast_lio__rosidl_typesupport_cppExport.cmake
[61.737s] -- Installing: /home/jason/Desktop/navi/install/fast_lio/share/fast_lio/cmake/fast_lio__rosidl_typesupport_cppExport-release.cmake
[61.737s] -- Installing: /home/jason/Desktop/navi/install/fast_lio/share/fast_lio/cmake/export_fast_lio__rosidl_generator_pyExport.cmake
[61.738s] -- Installing: /home/jason/Desktop/navi/install/fast_lio/share/fast_lio/cmake/export_fast_lio__rosidl_generator_pyExport-release.cmake
[61.739s] Invoked command in '/home/jason/Desktop/navi/build/fast_lio' returned '0': AMENT_PREFIX_PATH=/home/jason/Desktop/navi/install/livox_ros_driver2:${AMENT_PREFIX_PATH} CMAKE_PREFIX_PATH=/home/jason/Desktop/navi/install/livox_ros_driver2:/opt/ros/humble LD_LIBRARY_PATH=/home/jason/Desktop/navi/install/livox_ros_driver2/lib:/opt/MVS/lib/64:/opt/MVS/lib/32:/usr/lib/x86_64-linux-gnu/gazebo-11/plugins:/opt/ros/humble/opt/rviz_ogre_vendor/lib:/opt/ros/humble/lib/x86_64-linux-gnu:/opt/ros/humble/lib:/opt/MVS/lib/64:/opt/MVS/lib/32:/opt/MVS/lib/64:/opt/MVS/lib/32 PYTHONPATH=/home/jason/Desktop/navi/install/livox_ros_driver2/local/lib/python3.10/dist-packages:${PYTHONPATH} /usr/bin/cmake --install /home/jason/Desktop/navi/build/fast_lio
