[0.145s] Invoking command in '/home/jason/Desktop/navi/build/joy': CMAKE_PREFIX_PATH=/opt/ros/humble /usr/bin/cmake /home/jason/Desktop/navi/src/local_planner/autonomous_exploration_development_environment/src/joystick_drivers/joy -DCMAKE_BUILD_TYPE=Release -DAMENT_CMAKE_SYMLINK_INSTALL=1 -DCMAKE_INSTALL_PREFIX=/home/jason/Desktop/navi/install/joy
[6.023s] -- The C compiler identification is GNU 11.4.0
[6.023s] -- The CXX compiler identification is GNU 11.4.0
[6.023s] -- Detecting C compiler ABI info
[6.023s] -- Detecting C compiler ABI info - done
[6.024s] -- Check for working C compiler: /usr/bin/cc - skipped
[6.024s] -- Detecting C compile features
[6.024s] -- Detecting C compile features - done
[6.024s] -- Detecting CXX compiler ABI info
[6.024s] -- Detecting CXX compiler ABI info - done
[6.024s] -- Check for working CXX compiler: /usr/bin/c++ - skipped
[6.025s] -- Detecting CXX compile features
[6.025s] -- Detecting CXX compile features - done
[6.025s] -- Found ament_cmake_ros: 0.10.0 (/opt/ros/humble/share/ament_cmake_ros/cmake)
[6.025s] -- Found Python3: /usr/bin/python3 (found version "3.10.12") found components: Interpreter 
[6.025s] -- Override CMake install command with custom implementation using symlinks instead of copying resources
[6.025s] -- Found rclcpp: 16.0.8 (/opt/ros/humble/share/rclcpp/cmake)
[6.025s] -- Found rosidl_generator_c: 3.1.5 (/opt/ros/humble/share/rosidl_generator_c/cmake)
[6.025s] -- Found rosidl_adapter: 3.1.5 (/opt/ros/humble/share/rosidl_adapter/cmake)
[6.026s] -- Found rosidl_generator_cpp: 3.1.5 (/opt/ros/humble/share/rosidl_generator_cpp/cmake)
[6.026s] -- Using all available rosidl_typesupport_c: rosidl_typesupport_fastrtps_c;rosidl_typesupport_introspection_c
[6.026s] -- Using all available rosidl_typesupport_cpp: rosidl_typesupport_fastrtps_cpp;rosidl_typesupport_introspection_cpp
[6.026s] -- Found rmw_implementation_cmake: 6.1.1 (/opt/ros/humble/share/rmw_implementation_cmake/cmake)
[6.026s] -- Found rmw_fastrtps_cpp: 6.2.6 (/opt/ros/humble/share/rmw_fastrtps_cpp/cmake)
[6.026s] -- Found OpenSSL: /usr/lib/x86_64-linux-gnu/libcrypto.so (found version "3.0.2")  
[6.026s] -- Found FastRTPS: /opt/ros/humble/include  
[6.026s] -- Using RMW implementation 'rmw_fastrtps_cpp' as default
[6.026s] -- Looking for pthread.h
[6.027s] -- Looking for pthread.h - found
[6.027s] -- Performing Test CMAKE_HAVE_LIBC_PTHREAD
[6.027s] -- Performing Test CMAKE_HAVE_LIBC_PTHREAD - Success
[6.027s] -- Found Threads: TRUE  
[6.027s] -- Found rclcpp_components: 16.0.8 (/opt/ros/humble/share/rclcpp_components/cmake)
[6.027s] -- Found sdl2_vendor: 3.3.0 (/opt/ros/humble/share/sdl2_vendor/cmake)
[6.033s] -- Found sensor_msgs: 4.2.3 (/opt/ros/humble/share/sensor_msgs/cmake)
[6.626s] -- Found ament_lint_auto: 0.12.10 (/opt/ros/humble/share/ament_lint_auto/cmake)
[6.964s] -- Added test 'cppcheck' to perform static code analysis on C / C++ code
[6.964s] -- Configured cppcheck include dirs: $<BUILD_INTERFACE:/home/jason/Desktop/navi/src/local_planner/autonomous_exploration_development_environment/src/joystick_drivers/joy/include>
[6.964s] -- Configured cppcheck exclude dirs and/or files: 
[6.967s] -- Added test 'cpplint' to check C / C++ code against the Google style
[6.967s] -- Configured cpplint exclude dirs and/or files: 
[6.968s] -- Added test 'flake8' to check Python code syntax and style conventions
[6.976s] -- Added test 'lint_cmake' to check CMake code style
[6.996s] -- Added test 'pep257' to check Python code against some of the docstring style conventions in PEP 257
[6.996s] -- Added test 'uncrustify' to check C / C++ code style
[6.996s] -- Configured uncrustify additional arguments: 
[6.996s] -- Added test 'xmllint' to check XML markup files
[6.996s] -- Configuring done
[7.072s] -- Generating done
[7.077s] -- Build files have been written to: /home/jason/Desktop/navi/build/joy
[7.116s] Invoked command in '/home/jason/Desktop/navi/build/joy' returned '0': CMAKE_PREFIX_PATH=/opt/ros/humble /usr/bin/cmake /home/jason/Desktop/navi/src/local_planner/autonomous_exploration_development_environment/src/joystick_drivers/joy -DCMAKE_BUILD_TYPE=Release -DAMENT_CMAKE_SYMLINK_INSTALL=1 -DCMAKE_INSTALL_PREFIX=/home/jason/Desktop/navi/install/joy
[7.117s] Invoking command in '/home/jason/Desktop/navi/build/joy': CMAKE_PREFIX_PATH=/opt/ros/humble /usr/bin/cmake --build /home/jason/Desktop/navi/build/joy -- -j20 -l20
[13.570s] [ 16%] [32mBuilding CXX object CMakeFiles/joy.dir/src/joy.cpp.o[0m
[13.571s] [ 33%] [32mBuilding CXX object CMakeFiles/joy_enumerate_devices.dir/src/joy_enumerate_devices.cpp.o[0m
[13.589s] [ 50%] [32mBuilding CXX object CMakeFiles/joy_node.dir/rclcpp_components/node_main_joy_node.cpp.o[0m
[13.589s] [ 66%] [32m[1mLinking CXX executable joy_enumerate_devices[0m
[13.589s] [ 66%] Built target joy_enumerate_devices
[15.402s] [ 83%] [32m[1mLinking CXX executable joy_node[0m
[15.720s] [ 83%] Built target joy_node
[56.470s] [100%] [32m[1mLinking CXX shared library libjoy.so[0m
[56.921s] [100%] Built target joy
[56.989s] Invoked command in '/home/jason/Desktop/navi/build/joy' returned '0': CMAKE_PREFIX_PATH=/opt/ros/humble /usr/bin/cmake --build /home/jason/Desktop/navi/build/joy -- -j20 -l20
[57.445s] Invoking command in '/home/jason/Desktop/navi/build/joy': CMAKE_PREFIX_PATH=/opt/ros/humble /usr/bin/cmake --install /home/jason/Desktop/navi/build/joy
[71.403s] -- Install configuration: "Release"
[71.403s] -- Execute custom install script
[71.403s] -- Symlinking: /home/jason/Desktop/navi/install/joy/lib/joy/joy_node
[71.404s] -- Symlinking: /home/jason/Desktop/navi/install/joy/lib/joy/joy_enumerate_devices
[71.404s] -- Symlinking: /home/jason/Desktop/navi/install/joy/include/joy/joy/joy.hpp
[71.405s] -- Symlinking: /home/jason/Desktop/navi/install/joy/share/joy/config/joy-params.yaml
[71.405s] -- Symlinking: /home/jason/Desktop/navi/install/joy/share/joy/launch/joy-composed-launch.py
[71.405s] -- Symlinking: /home/jason/Desktop/navi/install/joy/share/joy/launch/joy-launch.py
[71.405s] -- Symlinking: /home/jason/Desktop/navi/install/joy/share/ament_index/resource_index/package_run_dependencies/joy
[71.407s] -- Symlinking: /home/jason/Desktop/navi/install/joy/share/ament_index/resource_index/parent_prefix_path/joy
[71.409s] -- Symlinking: /home/jason/Desktop/navi/install/joy/share/joy/environment/ament_prefix_path.sh
[71.409s] -- Symlinking: /home/jason/Desktop/navi/install/joy/share/joy/environment/ament_prefix_path.dsv
[71.410s] -- Symlinking: /home/jason/Desktop/navi/install/joy/share/joy/environment/path.sh
[71.410s] -- Symlinking: /home/jason/Desktop/navi/install/joy/share/joy/environment/path.dsv
[71.411s] -- Symlinking: /home/jason/Desktop/navi/install/joy/share/joy/local_setup.bash
[71.412s] -- Symlinking: /home/jason/Desktop/navi/install/joy/share/joy/local_setup.sh
[71.412s] -- Symlinking: /home/jason/Desktop/navi/install/joy/share/joy/local_setup.zsh
[71.412s] -- Symlinking: /home/jason/Desktop/navi/install/joy/share/joy/local_setup.dsv
[71.413s] -- Symlinking: /home/jason/Desktop/navi/install/joy/share/joy/package.dsv
[71.413s] -- Symlinking: /home/jason/Desktop/navi/install/joy/share/ament_index/resource_index/packages/joy
[71.414s] -- Symlinking: /home/jason/Desktop/navi/install/joy/share/ament_index/resource_index/rclcpp_components/joy
[71.414s] -- Symlinking: /home/jason/Desktop/navi/install/joy/share/joy/cmake/ament_cmake_export_targets-extras.cmake
[71.415s] -- Symlinking: /home/jason/Desktop/navi/install/joy/share/joy/cmake/ament_cmake_export_dependencies-extras.cmake
[71.415s] -- Symlinking: /home/jason/Desktop/navi/install/joy/share/joy/cmake/joyConfig.cmake
[71.416s] -- Symlinking: /home/jason/Desktop/navi/install/joy/share/joy/cmake/joyConfig-version.cmake
[71.416s] -- Symlinking: /home/jason/Desktop/navi/install/joy/share/joy/package.xml
[71.416s] -- Installing: /home/jason/Desktop/navi/install/joy/lib/libjoy.so
[71.417s] -- Set runtime path of "/home/jason/Desktop/navi/install/joy/lib/libjoy.so" to ""
[71.417s] -- Installing: /home/jason/Desktop/navi/install/joy/share/joy/cmake/export_joyExport.cmake
[71.418s] -- Installing: /home/jason/Desktop/navi/install/joy/share/joy/cmake/export_joyExport-release.cmake
[71.459s] Invoked command in '/home/jason/Desktop/navi/build/joy' returned '0': CMAKE_PREFIX_PATH=/opt/ros/humble /usr/bin/cmake --install /home/jason/Desktop/navi/build/joy
