[0.074s] Invoking command in '/home/jason/Desktop/navi/build/joy': CMAKE_PREFIX_PATH=${CMAKE_PREFIX_PATH}:/opt/ros/humble /usr/bin/cmake --build /home/jason/Desktop/navi/build/joy -- -j20 -l20
[0.148s] [35m[1mConsolidate compiler generated dependencies of target joy_enumerate_devices[0m
[0.148s] [35m[1mConsolidate compiler generated dependencies of target joy[0m
[0.151s] [35m[1mConsolidate compiler generated dependencies of target joy_node[0m
[0.161s] [ 33%] Built target joy_enumerate_devices
[0.186s] [ 66%] Built target joy
[0.186s] [100%] Built target joy_node
[0.243s] Invoked command in '/home/jason/Desktop/navi/build/joy' returned '0': CMAKE_PREFIX_PATH=${CMAKE_PREFIX_PATH}:/opt/ros/humble /usr/bin/cmake --build /home/jason/Desktop/navi/build/joy -- -j20 -l20
[0.403s] Invoking command in '/home/jason/Desktop/navi/build/joy': CMAKE_PREFIX_PATH=${CMAKE_PREFIX_PATH}:/opt/ros/humble /usr/bin/cmake --install /home/jason/Desktop/navi/build/joy
[0.419s] -- Install configuration: "Release"
[0.422s] -- Execute custom install script
[0.423s] -- Up-to-date symlink: /home/jason/Desktop/navi/install/joy/lib/joy/joy_node
[0.424s] -- Up-to-date symlink: /home/jason/Desktop/navi/install/joy/lib/joy/joy_enumerate_devices
[0.424s] -- Up-to-date symlink: /home/jason/Desktop/navi/install/joy/include/joy/joy/joy.hpp
[0.424s] -- Up-to-date symlink: /home/jason/Desktop/navi/install/joy/share/joy/config/joy-params.yaml
[0.425s] -- Up-to-date symlink: /home/jason/Desktop/navi/install/joy/share/joy/launch/joy-composed-launch.py
[0.427s] -- Up-to-date symlink: /home/jason/Desktop/navi/install/joy/share/joy/launch/joy-launch.py
[0.427s] -- Up-to-date symlink: /home/jason/Desktop/navi/install/joy/share/ament_index/resource_index/package_run_dependencies/joy
[0.427s] -- Up-to-date symlink: /home/jason/Desktop/navi/install/joy/share/ament_index/resource_index/parent_prefix_path/joy
[0.428s] -- Up-to-date symlink: /home/jason/Desktop/navi/install/joy/share/joy/environment/ament_prefix_path.sh
[0.428s] -- Up-to-date symlink: /home/jason/Desktop/navi/install/joy/share/joy/environment/ament_prefix_path.dsv
[0.428s] -- Up-to-date symlink: /home/jason/Desktop/navi/install/joy/share/joy/environment/path.sh
[0.429s] -- Up-to-date symlink: /home/jason/Desktop/navi/install/joy/share/joy/environment/path.dsv
[0.429s] -- Up-to-date symlink: /home/jason/Desktop/navi/install/joy/share/joy/local_setup.bash
[0.429s] -- Up-to-date symlink: /home/jason/Desktop/navi/install/joy/share/joy/local_setup.sh
[0.430s] -- Up-to-date symlink: /home/jason/Desktop/navi/install/joy/share/joy/local_setup.zsh
[0.430s] -- Up-to-date symlink: /home/jason/Desktop/navi/install/joy/share/joy/local_setup.dsv
[0.430s] -- Symlinking: /home/jason/Desktop/navi/install/joy/share/joy/package.dsv
[0.447s] -- Up-to-date symlink: /home/jason/Desktop/navi/install/joy/share/ament_index/resource_index/packages/joy
[0.447s] -- Up-to-date symlink: /home/jason/Desktop/navi/install/joy/share/ament_index/resource_index/rclcpp_components/joy
[0.447s] -- Up-to-date symlink: /home/jason/Desktop/navi/install/joy/share/joy/cmake/ament_cmake_export_targets-extras.cmake
[0.447s] -- Up-to-date symlink: /home/jason/Desktop/navi/install/joy/share/joy/cmake/ament_cmake_export_dependencies-extras.cmake
[0.447s] -- Up-to-date symlink: /home/jason/Desktop/navi/install/joy/share/joy/cmake/joyConfig.cmake
[0.447s] -- Up-to-date symlink: /home/jason/Desktop/navi/install/joy/share/joy/cmake/joyConfig-version.cmake
[0.448s] -- Up-to-date symlink: /home/jason/Desktop/navi/install/joy/share/joy/package.xml
[0.448s] -- Up-to-date: /home/jason/Desktop/navi/install/joy/lib/libjoy.so
[0.450s] -- Up-to-date: /home/jason/Desktop/navi/install/joy/share/joy/cmake/export_joyExport.cmake
[0.450s] -- Up-to-date: /home/jason/Desktop/navi/install/joy/share/joy/cmake/export_joyExport-release.cmake
[0.509s] Invoked command in '/home/jason/Desktop/navi/build/joy' returned '0': CMAKE_PREFIX_PATH=${CMAKE_PREFIX_PATH}:/opt/ros/humble /usr/bin/cmake --install /home/jason/Desktop/navi/build/joy
