[0.035s] Invoking command in '/home/jason/Desktop/navi/build/fast_lio': CMAKE_PREFIX_PATH=/home/jason/Desktop/navi/install/livox_ros_driver2:/home/jason/Desktop/auto_aim/install/rm_vision_bringup:/home/jason/Desktop/auto_aim/install/rm_serial_driver:/home/jason/Desktop/auto_aim/install/rm_gimbal_description:/home/jason/Desktop/auto_aim/install/rm_auto_aim:/home/jason/Desktop/auto_aim/install/mindvision_camera:/home/jason/Desktop/auto_aim/install/hik_camera:/home/jason/Desktop/auto_aim/install/armor_tracker:/home/jason/Desktop/auto_aim/install/armor_detector:/home/jason/Desktop/auto_aim/install/auto_aim_interfaces:/home/jason/Desktop/Decision_moudle/install/decision_moudle:/home/jason/Desktop/navi/install/waypoint_rviz_plugin:/home/jason/Desktop/navi/install/waypoint_example:/home/jason/Desktop/navi/install/visualization_tools:/home/jason/Desktop/navi/install/velodyne_simulator:/home/jason/Desktop/navi/install/velodyne_gazebo_plugins:/home/jason/Desktop/navi/install/velodyne_description:/home/jason/Desktop/navi/install/rm_nav_bringup:/home/jason/Desktop/navi/install/vehicle_simulator:/home/jason/Desktop/navi/install/terrain_analysis_ext:/home/jason/Desktop/navi/install/terrain_analysis:/home/jason/Desktop/navi/install/sensor_scan_generation:/home/jason/Desktop/navi/install/path2waypoint:/home/jason/Desktop/navi/install/mapping:/home/jason/Desktop/navi/install/local_planner:/home/jason/Desktop/navi/install/loam_interface:/home/jason/Desktop/navi/install/fast_lio:/home/jason/Desktop/navi/install/linefit_ground_segmentation_ros:/home/jason/Desktop/navi/install/linefit_ground_segmentation:/home/jason/Desktop/navi/install/joy:/home/jason/Desktop/navi/install/icp_localization_ros2:/home/jason/Desktop/navi/install/a_star:/opt/ros/humble LD_LIBRARY_PATH=/home/jason/Desktop/navi/install/livox_ros_driver2/lib:/home/jason/Desktop/auto_aim/install/rm_serial_driver/lib:/home/jason/Desktop/auto_aim/install/mindvision_camera/lib:/home/jason/Desktop/auto_aim/install/hik_camera/lib:/home/jason/Desktop/auto_aim/install/armor_tracker/lib:/home/jason/Desktop/auto_aim/install/armor_detector/lib:/home/jason/Desktop/auto_aim/install/auto_aim_interfaces/lib:/home/jason/Desktop/Decision_moudle/install/decision_moudle/lib:/home/jason/Desktop/navi/install/velodyne_gazebo_plugins/lib:/home/jason/Desktop/navi/install/fast_lio/lib:/home/jason/Desktop/navi/install/linefit_ground_segmentation/lib:/home/jason/Desktop/navi/install/joy/lib:/home/jason/Desktop/navi/install/a_star/lib:/opt/MVS/lib/64:/opt/MVS/lib/32:/usr/lib/x86_64-linux-gnu/gazebo-11/plugins:/opt/ros/humble/opt/rviz_ogre_vendor/lib:/opt/ros/humble/lib/x86_64-linux-gnu:/opt/ros/humble/lib:/opt/MVS/lib/64:/opt/MVS/lib/32:/opt/MVS/lib/64:/opt/MVS/lib/32 /usr/bin/cmake --build /home/jason/Desktop/navi/build/fast_lio -- -j20 -l20
[6.871s] [  2%] Built target fast_lio__cpp
[6.871s] [ 11%] Built target fast_lio__rosidl_generator_c
[6.872s] [ 11%] Built target ament_cmake_python_symlink_fast_lio
[6.872s] [ 20%] Built target fast_lio__rosidl_typesupport_cpp
[6.872s] [ 28%] Built target fast_lio__rosidl_typesupport_introspection_cpp
[6.872s] [ 37%] Built target fast_lio__rosidl_typesupport_fastrtps_cpp
[6.872s] [ 45%] Built target fast_lio__rosidl_typesupport_fastrtps_c
[6.872s] [ 54%] Built target fast_lio__rosidl_typesupport_c
[6.872s] [ 62%] Built target fast_lio__rosidl_typesupport_introspection_c
[6.872s] [35m[1mConsolidate compiler generated dependencies of target fastlio_mapping[0m
[6.872s] [ 62%] Built target fast_lio
[6.873s] [ 65%] Built target fast_lio__py
[6.873s] [ 68%] [32mBuilding CXX object CMakeFiles/fastlio_mapping.dir/src/laserMapping.cpp.o[0m
[6.873s] [ 74%] Built target fast_lio__rosidl_generator_py
[6.873s] [ 80%] Built target fast_lio__rosidl_typesupport_introspection_c__pyext
[6.873s] [ 85%] Built target fast_lio__rosidl_typesupport_fastrtps_c__pyext
[6.873s] [ 91%] Built target fast_lio__rosidl_typesupport_c__pyext
[6.873s] running egg_info
[6.873s] writing fast_lio.egg-info/PKG-INFO
[6.873s] writing dependency_links to fast_lio.egg-info/dependency_links.txt
[6.874s] writing top-level names to fast_lio.egg-info/top_level.txt
[6.874s] reading manifest file 'fast_lio.egg-info/SOURCES.txt'
[6.874s] writing manifest file 'fast_lio.egg-info/SOURCES.txt'
[6.874s] [ 91%] Built target ament_cmake_python_build_fast_lio_egg
[10.578s] In file included from [01m[K/usr/include/boost/smart_ptr/detail/sp_thread_sleep.hpp:22[m[K,
[10.578s]                  from [01m[K/usr/include/boost/smart_ptr/detail/yield_k.hpp:23[m[K,
[10.578s]                  from [01m[K/usr/include/boost/smart_ptr/detail/spinlock_gcc_atomic.hpp:14[m[K,
[10.578s]                  from [01m[K/usr/include/boost/smart_ptr/detail/spinlock.hpp:42[m[K,
[10.578s]                  from [01m[K/usr/include/boost/smart_ptr/detail/spinlock_pool.hpp:25[m[K,
[10.579s]                  from [01m[K/usr/include/boost/smart_ptr/shared_ptr.hpp:29[m[K,
[10.579s]                  from [01m[K/usr/include/boost/shared_ptr.hpp:17[m[K,
[10.579s]                  from [01m[K/usr/include/boost/date_time/microsec_time_clock.hpp:18[m[K,
[10.579s]                  from [01m[K/usr/include/boost/interprocess/detail/posix_time_types_wrk.hpp:31[m[K,
[10.579s]                  from [01m[K/usr/include/boost/interprocess/detail/os_thread_functions.hpp:36[m[K,
[10.579s]                  from [01m[K/usr/include/boost/interprocess/sync/file_lock.hpp:26[m[K,
[10.579s]                  from [01m[K/usr/include/pcl-1.12/pcl/io/pcd_io.h:46[m[K,
[10.579s]                  from [01m[K/opt/ros/humble/include/pcl_conversions/pcl_conversions.h:72[m[K,
[10.579s]                  from [01m[K/home/jason/Desktop/navi/src/localization/FAST_LIO/src/IMU_Processing.hpp:18[m[K,
[10.580s]                  from [01m[K/home/jason/Desktop/navi/src/localization/FAST_LIO/src/laserMapping.cpp:47[m[K:
[10.580s] [01m[K/usr/include/boost/bind.hpp:36:1:[m[K [01;36m[Knote: [m[K‘[01m[K#pragma message: The practice of declaring the Bind placeholders (_1, _2, ...) in the global namespace is deprecated. Please use <boost/bind/bind.hpp> + using namespace boost::placeholders, or define BOOST_BIND_GLOBAL_PLACEHOLDERS to retain the current behavior.[m[K’
[10.580s]    36 | [01;36m[KBOOST_PRAGMA_MESSAGE[m[K(
[10.580s]       | [01;36m[K^~~~~~~~~~~~~~~~~~~~[m[K
[53.269s] [ 94%] [32m[1mLinking CXX executable fastlio_mapping[0m
[53.934s] [100%] Built target fastlio_mapping
[53.943s] Invoked command in '/home/jason/Desktop/navi/build/fast_lio' returned '0': CMAKE_PREFIX_PATH=/home/jason/Desktop/navi/install/livox_ros_driver2:/home/jason/Desktop/auto_aim/install/rm_vision_bringup:/home/jason/Desktop/auto_aim/install/rm_serial_driver:/home/jason/Desktop/auto_aim/install/rm_gimbal_description:/home/jason/Desktop/auto_aim/install/rm_auto_aim:/home/jason/Desktop/auto_aim/install/mindvision_camera:/home/jason/Desktop/auto_aim/install/hik_camera:/home/jason/Desktop/auto_aim/install/armor_tracker:/home/jason/Desktop/auto_aim/install/armor_detector:/home/jason/Desktop/auto_aim/install/auto_aim_interfaces:/home/jason/Desktop/Decision_moudle/install/decision_moudle:/home/jason/Desktop/navi/install/waypoint_rviz_plugin:/home/jason/Desktop/navi/install/waypoint_example:/home/jason/Desktop/navi/install/visualization_tools:/home/jason/Desktop/navi/install/velodyne_simulator:/home/jason/Desktop/navi/install/velodyne_gazebo_plugins:/home/jason/Desktop/navi/install/velodyne_description:/home/jason/Desktop/navi/install/rm_nav_bringup:/home/jason/Desktop/navi/install/vehicle_simulator:/home/jason/Desktop/navi/install/terrain_analysis_ext:/home/jason/Desktop/navi/install/terrain_analysis:/home/jason/Desktop/navi/install/sensor_scan_generation:/home/jason/Desktop/navi/install/path2waypoint:/home/jason/Desktop/navi/install/mapping:/home/jason/Desktop/navi/install/local_planner:/home/jason/Desktop/navi/install/loam_interface:/home/jason/Desktop/navi/install/fast_lio:/home/jason/Desktop/navi/install/linefit_ground_segmentation_ros:/home/jason/Desktop/navi/install/linefit_ground_segmentation:/home/jason/Desktop/navi/install/joy:/home/jason/Desktop/navi/install/icp_localization_ros2:/home/jason/Desktop/navi/install/a_star:/opt/ros/humble LD_LIBRARY_PATH=/home/jason/Desktop/navi/install/livox_ros_driver2/lib:/home/jason/Desktop/auto_aim/install/rm_serial_driver/lib:/home/jason/Desktop/auto_aim/install/mindvision_camera/lib:/home/jason/Desktop/auto_aim/install/hik_camera/lib:/home/jason/Desktop/auto_aim/install/armor_tracker/lib:/home/jason/Desktop/auto_aim/install/armor_detector/lib:/home/jason/Desktop/auto_aim/install/auto_aim_interfaces/lib:/home/jason/Desktop/Decision_moudle/install/decision_moudle/lib:/home/jason/Desktop/navi/install/velodyne_gazebo_plugins/lib:/home/jason/Desktop/navi/install/fast_lio/lib:/home/jason/Desktop/navi/install/linefit_ground_segmentation/lib:/home/jason/Desktop/navi/install/joy/lib:/home/jason/Desktop/navi/install/a_star/lib:/opt/MVS/lib/64:/opt/MVS/lib/32:/usr/lib/x86_64-linux-gnu/gazebo-11/plugins:/opt/ros/humble/opt/rviz_ogre_vendor/lib:/opt/ros/humble/lib/x86_64-linux-gnu:/opt/ros/humble/lib:/opt/MVS/lib/64:/opt/MVS/lib/32:/opt/MVS/lib/64:/opt/MVS/lib/32 /usr/bin/cmake --build /home/jason/Desktop/navi/build/fast_lio -- -j20 -l20
[54.008s] Invoking command in '/home/jason/Desktop/navi/build/fast_lio': CMAKE_PREFIX_PATH=/home/jason/Desktop/navi/install/livox_ros_driver2:/home/jason/Desktop/auto_aim/install/rm_vision_bringup:/home/jason/Desktop/auto_aim/install/rm_serial_driver:/home/jason/Desktop/auto_aim/install/rm_gimbal_description:/home/jason/Desktop/auto_aim/install/rm_auto_aim:/home/jason/Desktop/auto_aim/install/mindvision_camera:/home/jason/Desktop/auto_aim/install/hik_camera:/home/jason/Desktop/auto_aim/install/armor_tracker:/home/jason/Desktop/auto_aim/install/armor_detector:/home/jason/Desktop/auto_aim/install/auto_aim_interfaces:/home/jason/Desktop/Decision_moudle/install/decision_moudle:/home/jason/Desktop/navi/install/waypoint_rviz_plugin:/home/jason/Desktop/navi/install/waypoint_example:/home/jason/Desktop/navi/install/visualization_tools:/home/jason/Desktop/navi/install/velodyne_simulator:/home/jason/Desktop/navi/install/velodyne_gazebo_plugins:/home/jason/Desktop/navi/install/velodyne_description:/home/jason/Desktop/navi/install/rm_nav_bringup:/home/jason/Desktop/navi/install/vehicle_simulator:/home/jason/Desktop/navi/install/terrain_analysis_ext:/home/jason/Desktop/navi/install/terrain_analysis:/home/jason/Desktop/navi/install/sensor_scan_generation:/home/jason/Desktop/navi/install/path2waypoint:/home/jason/Desktop/navi/install/mapping:/home/jason/Desktop/navi/install/local_planner:/home/jason/Desktop/navi/install/loam_interface:/home/jason/Desktop/navi/install/fast_lio:/home/jason/Desktop/navi/install/linefit_ground_segmentation_ros:/home/jason/Desktop/navi/install/linefit_ground_segmentation:/home/jason/Desktop/navi/install/joy:/home/jason/Desktop/navi/install/icp_localization_ros2:/home/jason/Desktop/navi/install/a_star:/opt/ros/humble LD_LIBRARY_PATH=/home/jason/Desktop/navi/install/livox_ros_driver2/lib:/home/jason/Desktop/auto_aim/install/rm_serial_driver/lib:/home/jason/Desktop/auto_aim/install/mindvision_camera/lib:/home/jason/Desktop/auto_aim/install/hik_camera/lib:/home/jason/Desktop/auto_aim/install/armor_tracker/lib:/home/jason/Desktop/auto_aim/install/armor_detector/lib:/home/jason/Desktop/auto_aim/install/auto_aim_interfaces/lib:/home/jason/Desktop/Decision_moudle/install/decision_moudle/lib:/home/jason/Desktop/navi/install/velodyne_gazebo_plugins/lib:/home/jason/Desktop/navi/install/fast_lio/lib:/home/jason/Desktop/navi/install/linefit_ground_segmentation/lib:/home/jason/Desktop/navi/install/joy/lib:/home/jason/Desktop/navi/install/a_star/lib:/opt/MVS/lib/64:/opt/MVS/lib/32:/usr/lib/x86_64-linux-gnu/gazebo-11/plugins:/opt/ros/humble/opt/rviz_ogre_vendor/lib:/opt/ros/humble/lib/x86_64-linux-gnu:/opt/ros/humble/lib:/opt/MVS/lib/64:/opt/MVS/lib/32:/opt/MVS/lib/64:/opt/MVS/lib/32 /usr/bin/cmake --install /home/jason/Desktop/navi/build/fast_lio
[54.013s] -- Install configuration: "Release"
[54.014s] -- Execute custom install script
[54.014s] -- Up-to-date symlink: /home/jason/Desktop/navi/install/fast_lio/share/ament_index/resource_index/rosidl_interfaces/fast_lio
[54.014s] -- Up-to-date symlink: /home/jason/Desktop/navi/install/fast_lio/include/fast_lio/fast_lio/msg/detail/pose6_d__functions.h
[54.014s] -- Up-to-date symlink: /home/jason/Desktop/navi/install/fast_lio/include/fast_lio/fast_lio/msg/detail/pose6_d__struct.h
[54.014s] -- Up-to-date symlink: /home/jason/Desktop/navi/install/fast_lio/include/fast_lio/fast_lio/msg/detail/pose6_d__type_support.h
[54.014s] -- Up-to-date symlink: /home/jason/Desktop/navi/install/fast_lio/include/fast_lio/fast_lio/msg/pose6_d.h
[54.014s] -- Up-to-date symlink: /home/jason/Desktop/navi/install/fast_lio/include/fast_lio/fast_lio/msg/rosidl_generator_c__visibility_control.h
[54.014s] -- Up-to-date symlink: /home/jason/Desktop/navi/install/fast_lio/share/fast_lio/environment/library_path.sh
[54.014s] -- Up-to-date symlink: /home/jason/Desktop/navi/install/fast_lio/share/fast_lio/environment/library_path.dsv
[54.014s] -- Up-to-date symlink: /home/jason/Desktop/navi/install/fast_lio/include/fast_lio/fast_lio/msg/detail/pose6_d__rosidl_typesupport_fastrtps_c.h
[54.015s] -- Up-to-date symlink: /home/jason/Desktop/navi/install/fast_lio/include/fast_lio/fast_lio/msg/rosidl_typesupport_fastrtps_c__visibility_control.h
[54.015s] -- Up-to-date symlink: /home/jason/Desktop/navi/install/fast_lio/include/fast_lio/fast_lio/msg/detail/pose6_d__builder.hpp
[54.015s] -- Up-to-date symlink: /home/jason/Desktop/navi/install/fast_lio/include/fast_lio/fast_lio/msg/detail/pose6_d__struct.hpp
[54.015s] -- Up-to-date symlink: /home/jason/Desktop/navi/install/fast_lio/include/fast_lio/fast_lio/msg/detail/pose6_d__traits.hpp
[54.015s] -- Up-to-date symlink: /home/jason/Desktop/navi/install/fast_lio/include/fast_lio/fast_lio/msg/pose6_d.hpp
[54.015s] -- Up-to-date symlink: /home/jason/Desktop/navi/install/fast_lio/include/fast_lio/fast_lio/msg/detail/pose6_d__rosidl_typesupport_fastrtps_cpp.hpp
[54.015s] -- Up-to-date symlink: /home/jason/Desktop/navi/install/fast_lio/include/fast_lio/fast_lio/msg/rosidl_typesupport_fastrtps_cpp__visibility_control.h
[54.015s] -- Up-to-date symlink: /home/jason/Desktop/navi/install/fast_lio/include/fast_lio/fast_lio/msg/detail/pose6_d__rosidl_typesupport_introspection_c.h
[54.015s] -- Up-to-date symlink: /home/jason/Desktop/navi/install/fast_lio/include/fast_lio/fast_lio/msg/rosidl_typesupport_introspection_c__visibility_control.h
[54.016s] -- Up-to-date symlink: /home/jason/Desktop/navi/install/fast_lio/include/fast_lio/fast_lio/msg/detail/pose6_d__rosidl_typesupport_introspection_cpp.hpp
[54.016s] -- Up-to-date symlink: /home/jason/Desktop/navi/install/fast_lio/share/fast_lio/environment/pythonpath.sh
[54.016s] -- Up-to-date symlink: /home/jason/Desktop/navi/install/fast_lio/share/fast_lio/environment/pythonpath.dsv
[54.016s] -- Up-to-date symlink: /home/jason/Desktop/navi/install/fast_lio/local/lib/python3.10/dist-packages/fast_lio-0.0.0-py3.10.egg-info/PKG-INFO
[54.016s] -- Up-to-date symlink: /home/jason/Desktop/navi/install/fast_lio/local/lib/python3.10/dist-packages/fast_lio-0.0.0-py3.10.egg-info/SOURCES.txt
[54.016s] -- Up-to-date symlink: /home/jason/Desktop/navi/install/fast_lio/local/lib/python3.10/dist-packages/fast_lio-0.0.0-py3.10.egg-info/dependency_links.txt
[54.016s] -- Up-to-date symlink: /home/jason/Desktop/navi/install/fast_lio/local/lib/python3.10/dist-packages/fast_lio-0.0.0-py3.10.egg-info/top_level.txt
[54.016s] -- Up-to-date symlink: /home/jason/Desktop/navi/install/fast_lio/local/lib/python3.10/dist-packages/fast_lio/__init__.py
[54.016s] -- Up-to-date symlink: /home/jason/Desktop/navi/install/fast_lio/local/lib/python3.10/dist-packages/fast_lio/_fast_lio_s.ep.rosidl_typesupport_c.c
[54.016s] -- Up-to-date symlink: /home/jason/Desktop/navi/install/fast_lio/local/lib/python3.10/dist-packages/fast_lio/_fast_lio_s.ep.rosidl_typesupport_fastrtps_c.c
[54.016s] -- Up-to-date symlink: /home/jason/Desktop/navi/install/fast_lio/local/lib/python3.10/dist-packages/fast_lio/_fast_lio_s.ep.rosidl_typesupport_introspection_c.c
[54.017s] -- Up-to-date symlink: /home/jason/Desktop/navi/install/fast_lio/local/lib/python3.10/dist-packages/fast_lio/fast_lio_s__rosidl_typesupport_c.cpython-310-x86_64-linux-gnu.so
[54.017s] -- Up-to-date symlink: /home/jason/Desktop/navi/install/fast_lio/local/lib/python3.10/dist-packages/fast_lio/fast_lio_s__rosidl_typesupport_fastrtps_c.cpython-310-x86_64-linux-gnu.so
[54.017s] -- Up-to-date symlink: /home/jason/Desktop/navi/install/fast_lio/local/lib/python3.10/dist-packages/fast_lio/fast_lio_s__rosidl_typesupport_introspection_c.cpython-310-x86_64-linux-gnu.so
[54.017s] -- Up-to-date symlink: /home/jason/Desktop/navi/install/fast_lio/local/lib/python3.10/dist-packages/fast_lio/libfast_lio__rosidl_generator_py.so
[54.017s] -- Up-to-date symlink: /home/jason/Desktop/navi/install/fast_lio/local/lib/python3.10/dist-packages/fast_lio/msg/__init__.py
[54.017s] -- Up-to-date symlink: /home/jason/Desktop/navi/install/fast_lio/local/lib/python3.10/dist-packages/fast_lio/msg/_pose6_d.py
[54.017s] -- Up-to-date symlink: /home/jason/Desktop/navi/install/fast_lio/local/lib/python3.10/dist-packages/fast_lio/msg/_pose6_d_s.c
[54.017s] -- Up-to-date symlink: /home/jason/Desktop/navi/install/fast_lio/local/lib/python3.10/dist-packages/fast_lio/fast_lio_s__rosidl_typesupport_fastrtps_c.cpython-310-x86_64-linux-gnu.so
[54.017s] -- Up-to-date symlink: /home/jason/Desktop/navi/install/fast_lio/local/lib/python3.10/dist-packages/fast_lio/fast_lio_s__rosidl_typesupport_introspection_c.cpython-310-x86_64-linux-gnu.so
[54.018s] -- Up-to-date symlink: /home/jason/Desktop/navi/install/fast_lio/local/lib/python3.10/dist-packages/fast_lio/fast_lio_s__rosidl_typesupport_c.cpython-310-x86_64-linux-gnu.so
[54.018s] -- Up-to-date symlink: /home/jason/Desktop/navi/install/fast_lio/share/fast_lio/msg/Pose6D.idl
[54.018s] -- Up-to-date symlink: /home/jason/Desktop/navi/install/fast_lio/share/fast_lio/msg/Pose6D.msg
[54.018s] -- Up-to-date symlink: /home/jason/Desktop/navi/install/fast_lio/lib/fast_lio/fastlio_mapping
[54.018s] -- Up-to-date symlink: /home/jason/Desktop/navi/install/fast_lio/share/fast_lio/config/avia.yaml
[54.019s] -- Up-to-date symlink: /home/jason/Desktop/navi/install/fast_lio/share/fast_lio/config/horizon.yaml
[54.019s] -- Up-to-date symlink: /home/jason/Desktop/navi/install/fast_lio/share/fast_lio/config/mid360.yaml
[54.019s] -- Up-to-date symlink: /home/jason/Desktop/navi/install/fast_lio/share/fast_lio/config/ouster64.yaml
[54.019s] -- Up-to-date symlink: /home/jason/Desktop/navi/install/fast_lio/share/fast_lio/config/velodyne.yaml
[54.019s] -- Up-to-date symlink: /home/jason/Desktop/navi/install/fast_lio/share/fast_lio/launch/gdb_debug_example.launch
[54.019s] -- Up-to-date symlink: /home/jason/Desktop/navi/install/fast_lio/share/fast_lio/launch/mapping.launch.py
[54.019s] -- Up-to-date symlink: /home/jason/Desktop/navi/install/fast_lio/share/fast_lio/rviz/fastlio.rviz
[54.020s] -- Up-to-date symlink: /home/jason/Desktop/navi/install/fast_lio/share/ament_index/resource_index/package_run_dependencies/fast_lio
[54.020s] -- Up-to-date symlink: /home/jason/Desktop/navi/install/fast_lio/share/ament_index/resource_index/parent_prefix_path/fast_lio
[54.020s] -- Up-to-date symlink: /home/jason/Desktop/navi/install/fast_lio/share/fast_lio/environment/ament_prefix_path.sh
[54.020s] -- Up-to-date symlink: /home/jason/Desktop/navi/install/fast_lio/share/fast_lio/environment/ament_prefix_path.dsv
[54.020s] -- Up-to-date symlink: /home/jason/Desktop/navi/install/fast_lio/share/fast_lio/environment/path.sh
[54.020s] -- Up-to-date symlink: /home/jason/Desktop/navi/install/fast_lio/share/fast_lio/environment/path.dsv
[54.020s] -- Up-to-date symlink: /home/jason/Desktop/navi/install/fast_lio/share/fast_lio/local_setup.bash
[54.020s] -- Up-to-date symlink: /home/jason/Desktop/navi/install/fast_lio/share/fast_lio/local_setup.sh
[54.020s] -- Up-to-date symlink: /home/jason/Desktop/navi/install/fast_lio/share/fast_lio/local_setup.zsh
[54.020s] -- Up-to-date symlink: /home/jason/Desktop/navi/install/fast_lio/share/fast_lio/local_setup.dsv
[54.020s] -- Symlinking: /home/jason/Desktop/navi/install/fast_lio/share/fast_lio/package.dsv
[54.029s] -- Up-to-date symlink: /home/jason/Desktop/navi/install/fast_lio/share/ament_index/resource_index/packages/fast_lio
[54.029s] -- Up-to-date symlink: /home/jason/Desktop/navi/install/fast_lio/share/fast_lio/cmake/rosidl_cmake-extras.cmake
[54.029s] -- Up-to-date symlink: /home/jason/Desktop/navi/install/fast_lio/share/fast_lio/cmake/ament_cmake_export_include_directories-extras.cmake
[54.029s] -- Up-to-date symlink: /home/jason/Desktop/navi/install/fast_lio/share/fast_lio/cmake/ament_cmake_export_libraries-extras.cmake
[54.029s] -- Up-to-date symlink: /home/jason/Desktop/navi/install/fast_lio/share/fast_lio/cmake/ament_cmake_export_targets-extras.cmake
[54.029s] -- Up-to-date symlink: /home/jason/Desktop/navi/install/fast_lio/share/fast_lio/cmake/rosidl_cmake_export_typesupport_targets-extras.cmake
[54.029s] -- Up-to-date symlink: /home/jason/Desktop/navi/install/fast_lio/share/fast_lio/cmake/ament_cmake_export_dependencies-extras.cmake
[54.029s] -- Up-to-date symlink: /home/jason/Desktop/navi/install/fast_lio/share/fast_lio/cmake/rosidl_cmake_export_typesupport_libraries-extras.cmake
[54.029s] -- Up-to-date symlink: /home/jason/Desktop/navi/install/fast_lio/share/fast_lio/cmake/fast_lioConfig.cmake
[54.029s] -- Up-to-date symlink: /home/jason/Desktop/navi/install/fast_lio/share/fast_lio/cmake/fast_lioConfig-version.cmake
[54.029s] -- Up-to-date symlink: /home/jason/Desktop/navi/install/fast_lio/share/fast_lio/package.xml
[54.030s] -- Up-to-date: /home/jason/Desktop/navi/install/fast_lio/lib/libfast_lio__rosidl_generator_c.so
[54.030s] -- Up-to-date: /home/jason/Desktop/navi/install/fast_lio/lib/libfast_lio__rosidl_typesupport_fastrtps_c.so
[54.031s] -- Up-to-date: /home/jason/Desktop/navi/install/fast_lio/lib/libfast_lio__rosidl_typesupport_fastrtps_cpp.so
[54.031s] -- Up-to-date: /home/jason/Desktop/navi/install/fast_lio/lib/libfast_lio__rosidl_typesupport_introspection_c.so
[54.031s] -- Up-to-date: /home/jason/Desktop/navi/install/fast_lio/lib/libfast_lio__rosidl_typesupport_c.so
[54.032s] -- Up-to-date: /home/jason/Desktop/navi/install/fast_lio/lib/libfast_lio__rosidl_typesupport_introspection_cpp.so
[54.032s] -- Up-to-date: /home/jason/Desktop/navi/install/fast_lio/lib/libfast_lio__rosidl_typesupport_cpp.so
[54.053s] Listing '/home/jason/Desktop/navi/install/fast_lio/local/lib/python3.10/dist-packages/fast_lio'...
[54.053s] Listing '/home/jason/Desktop/navi/install/fast_lio/local/lib/python3.10/dist-packages/fast_lio/msg'...
[54.056s] -- Up-to-date: /home/jason/Desktop/navi/install/fast_lio/lib/libfast_lio__rosidl_generator_py.so
[54.057s] -- Up-to-date: /home/jason/Desktop/navi/install/fast_lio/share/fast_lio/cmake/export_fast_lio__rosidl_generator_cExport.cmake
[54.057s] -- Up-to-date: /home/jason/Desktop/navi/install/fast_lio/share/fast_lio/cmake/export_fast_lio__rosidl_generator_cExport-release.cmake
[54.057s] -- Up-to-date: /home/jason/Desktop/navi/install/fast_lio/share/fast_lio/cmake/export_fast_lio__rosidl_typesupport_fastrtps_cExport.cmake
[54.057s] -- Up-to-date: /home/jason/Desktop/navi/install/fast_lio/share/fast_lio/cmake/export_fast_lio__rosidl_typesupport_fastrtps_cExport-release.cmake
[54.057s] -- Up-to-date: /home/jason/Desktop/navi/install/fast_lio/share/fast_lio/cmake/export_fast_lio__rosidl_generator_cppExport.cmake
[54.057s] -- Up-to-date: /home/jason/Desktop/navi/install/fast_lio/share/fast_lio/cmake/export_fast_lio__rosidl_typesupport_fastrtps_cppExport.cmake
[54.057s] -- Up-to-date: /home/jason/Desktop/navi/install/fast_lio/share/fast_lio/cmake/export_fast_lio__rosidl_typesupport_fastrtps_cppExport-release.cmake
[54.057s] -- Up-to-date: /home/jason/Desktop/navi/install/fast_lio/share/fast_lio/cmake/fast_lio__rosidl_typesupport_introspection_cExport.cmake
[54.057s] -- Up-to-date: /home/jason/Desktop/navi/install/fast_lio/share/fast_lio/cmake/fast_lio__rosidl_typesupport_introspection_cExport-release.cmake
[54.058s] -- Up-to-date: /home/jason/Desktop/navi/install/fast_lio/share/fast_lio/cmake/fast_lio__rosidl_typesupport_cExport.cmake
[54.058s] -- Up-to-date: /home/jason/Desktop/navi/install/fast_lio/share/fast_lio/cmake/fast_lio__rosidl_typesupport_cExport-release.cmake
[54.058s] -- Up-to-date: /home/jason/Desktop/navi/install/fast_lio/share/fast_lio/cmake/fast_lio__rosidl_typesupport_introspection_cppExport.cmake
[54.058s] -- Up-to-date: /home/jason/Desktop/navi/install/fast_lio/share/fast_lio/cmake/fast_lio__rosidl_typesupport_introspection_cppExport-release.cmake
[54.059s] -- Up-to-date: /home/jason/Desktop/navi/install/fast_lio/share/fast_lio/cmake/fast_lio__rosidl_typesupport_cppExport.cmake
[54.059s] -- Up-to-date: /home/jason/Desktop/navi/install/fast_lio/share/fast_lio/cmake/fast_lio__rosidl_typesupport_cppExport-release.cmake
[54.059s] -- Up-to-date: /home/jason/Desktop/navi/install/fast_lio/share/fast_lio/cmake/export_fast_lio__rosidl_generator_pyExport.cmake
[54.059s] -- Up-to-date: /home/jason/Desktop/navi/install/fast_lio/share/fast_lio/cmake/export_fast_lio__rosidl_generator_pyExport-release.cmake
[54.061s] Invoked command in '/home/jason/Desktop/navi/build/fast_lio' returned '0': CMAKE_PREFIX_PATH=/home/jason/Desktop/navi/install/livox_ros_driver2:/home/jason/Desktop/auto_aim/install/rm_vision_bringup:/home/jason/Desktop/auto_aim/install/rm_serial_driver:/home/jason/Desktop/auto_aim/install/rm_gimbal_description:/home/jason/Desktop/auto_aim/install/rm_auto_aim:/home/jason/Desktop/auto_aim/install/mindvision_camera:/home/jason/Desktop/auto_aim/install/hik_camera:/home/jason/Desktop/auto_aim/install/armor_tracker:/home/jason/Desktop/auto_aim/install/armor_detector:/home/jason/Desktop/auto_aim/install/auto_aim_interfaces:/home/jason/Desktop/Decision_moudle/install/decision_moudle:/home/jason/Desktop/navi/install/waypoint_rviz_plugin:/home/jason/Desktop/navi/install/waypoint_example:/home/jason/Desktop/navi/install/visualization_tools:/home/jason/Desktop/navi/install/velodyne_simulator:/home/jason/Desktop/navi/install/velodyne_gazebo_plugins:/home/jason/Desktop/navi/install/velodyne_description:/home/jason/Desktop/navi/install/rm_nav_bringup:/home/jason/Desktop/navi/install/vehicle_simulator:/home/jason/Desktop/navi/install/terrain_analysis_ext:/home/jason/Desktop/navi/install/terrain_analysis:/home/jason/Desktop/navi/install/sensor_scan_generation:/home/jason/Desktop/navi/install/path2waypoint:/home/jason/Desktop/navi/install/mapping:/home/jason/Desktop/navi/install/local_planner:/home/jason/Desktop/navi/install/loam_interface:/home/jason/Desktop/navi/install/fast_lio:/home/jason/Desktop/navi/install/linefit_ground_segmentation_ros:/home/jason/Desktop/navi/install/linefit_ground_segmentation:/home/jason/Desktop/navi/install/joy:/home/jason/Desktop/navi/install/icp_localization_ros2:/home/jason/Desktop/navi/install/a_star:/opt/ros/humble LD_LIBRARY_PATH=/home/jason/Desktop/navi/install/livox_ros_driver2/lib:/home/jason/Desktop/auto_aim/install/rm_serial_driver/lib:/home/jason/Desktop/auto_aim/install/mindvision_camera/lib:/home/jason/Desktop/auto_aim/install/hik_camera/lib:/home/jason/Desktop/auto_aim/install/armor_tracker/lib:/home/jason/Desktop/auto_aim/install/armor_detector/lib:/home/jason/Desktop/auto_aim/install/auto_aim_interfaces/lib:/home/jason/Desktop/Decision_moudle/install/decision_moudle/lib:/home/jason/Desktop/navi/install/velodyne_gazebo_plugins/lib:/home/jason/Desktop/navi/install/fast_lio/lib:/home/jason/Desktop/navi/install/linefit_ground_segmentation/lib:/home/jason/Desktop/navi/install/joy/lib:/home/jason/Desktop/navi/install/a_star/lib:/opt/MVS/lib/64:/opt/MVS/lib/32:/usr/lib/x86_64-linux-gnu/gazebo-11/plugins:/opt/ros/humble/opt/rviz_ogre_vendor/lib:/opt/ros/humble/lib/x86_64-linux-gnu:/opt/ros/humble/lib:/opt/MVS/lib/64:/opt/MVS/lib/32:/opt/MVS/lib/64:/opt/MVS/lib/32 /usr/bin/cmake --install /home/jason/Desktop/navi/build/fast_lio
