[0.072s] Invoking command in '/home/jason/Desktop/navi/build/waypoint_rviz_plugin': CMAKE_PREFIX_PATH=${CMAKE_PREFIX_PATH}:/opt/ros/humble /usr/bin/cmake --build /home/jason/Desktop/navi/build/waypoint_rviz_plugin -- -j20 -l20
[0.243s] [ 16%] [34m[1mAutomatic MOC for target waypoint_rviz_plugin[0m
[0.244s] [ 16%] Built target waypoint_rviz_plugin_autogen
[0.260s] [100%] Built target waypoint_rviz_plugin
[0.299s] Invoked command in '/home/jason/Desktop/navi/build/waypoint_rviz_plugin' returned '0': CMAKE_PREFIX_PATH=${CMAKE_PREFIX_PATH}:/opt/ros/humble /usr/bin/cmake --build /home/jason/Desktop/navi/build/waypoint_rviz_plugin -- -j20 -l20
[0.397s] Invoking command in '/home/jason/Desktop/navi/build/waypoint_rviz_plugin': CMAKE_PREFIX_PATH=${CMAKE_PREFIX_PATH}:/opt/ros/humble /usr/bin/cmake --install /home/jason/Desktop/navi/build/waypoint_rviz_plugin
[0.411s] -- Install configuration: "Release"
[0.411s] -- Execute custom install script
[0.411s] -- Up-to-date symlink: /home/jason/Desktop/navi/install/waypoint_rviz_plugin/share/waypoint_rviz_plugin//plugin_description.xml
[0.411s] -- Up-to-date symlink: /home/jason/Desktop/navi/install/waypoint_rviz_plugin/share/ament_index/resource_index/package_run_dependencies/waypoint_rviz_plugin
[0.411s] -- Up-to-date symlink: /home/jason/Desktop/navi/install/waypoint_rviz_plugin/share/ament_index/resource_index/parent_prefix_path/waypoint_rviz_plugin
[0.411s] -- Up-to-date symlink: /home/jason/Desktop/navi/install/waypoint_rviz_plugin/share/waypoint_rviz_plugin/environment/ament_prefix_path.sh
[0.412s] -- Up-to-date symlink: /home/jason/Desktop/navi/install/waypoint_rviz_plugin/share/waypoint_rviz_plugin/environment/ament_prefix_path.dsv
[0.412s] -- Up-to-date symlink: /home/jason/Desktop/navi/install/waypoint_rviz_plugin/share/waypoint_rviz_plugin/environment/path.sh
[0.412s] -- Up-to-date symlink: /home/jason/Desktop/navi/install/waypoint_rviz_plugin/share/waypoint_rviz_plugin/environment/path.dsv
[0.412s] -- Up-to-date symlink: /home/jason/Desktop/navi/install/waypoint_rviz_plugin/share/waypoint_rviz_plugin/local_setup.bash
[0.412s] -- Up-to-date symlink: /home/jason/Desktop/navi/install/waypoint_rviz_plugin/share/waypoint_rviz_plugin/local_setup.sh
[0.413s] -- Up-to-date symlink: /home/jason/Desktop/navi/install/waypoint_rviz_plugin/share/waypoint_rviz_plugin/local_setup.zsh
[0.413s] -- Up-to-date symlink: /home/jason/Desktop/navi/install/waypoint_rviz_plugin/share/waypoint_rviz_plugin/local_setup.dsv
[0.413s] -- Symlinking: /home/jason/Desktop/navi/install/waypoint_rviz_plugin/share/waypoint_rviz_plugin/package.dsv
[0.416s] -- Up-to-date symlink: /home/jason/Desktop/navi/install/waypoint_rviz_plugin/share/ament_index/resource_index/packages/waypoint_rviz_plugin
[0.416s] -- Up-to-date symlink: /home/jason/Desktop/navi/install/waypoint_rviz_plugin/share/ament_index/resource_index/rviz_common__pluginlib__plugin/waypoint_rviz_plugin
[0.416s] -- Up-to-date symlink: /home/jason/Desktop/navi/install/waypoint_rviz_plugin/share/waypoint_rviz_plugin/cmake/ament_cmake_export_dependencies-extras.cmake
[0.416s] -- Up-to-date symlink: /home/jason/Desktop/navi/install/waypoint_rviz_plugin/share/waypoint_rviz_plugin/cmake/waypoint_rviz_pluginConfig.cmake
[0.416s] -- Up-to-date symlink: /home/jason/Desktop/navi/install/waypoint_rviz_plugin/share/waypoint_rviz_plugin/cmake/waypoint_rviz_pluginConfig-version.cmake
[0.416s] -- Up-to-date symlink: /home/jason/Desktop/navi/install/waypoint_rviz_plugin/share/waypoint_rviz_plugin/package.xml
[0.417s] -- Up-to-date: /home/jason/Desktop/navi/install/waypoint_rviz_plugin/lib/waypoint_rviz_plugin/libwaypoint_rviz_plugin.so
[0.455s] Invoked command in '/home/jason/Desktop/navi/build/waypoint_rviz_plugin' returned '0': CMAKE_PREFIX_PATH=${CMAKE_PREFIX_PATH}:/opt/ros/humble /usr/bin/cmake --install /home/jason/Desktop/navi/build/waypoint_rviz_plugin
