[0.105s] Invoking command in '/home/jason/Desktop/navi/build/waypoint_rviz_plugin': CMAKE_PREFIX_PATH=${CMAKE_PREFIX_PATH}:/opt/ros/humble /usr/bin/cmake /home/jason/Desktop/navi/src/local_planner/autonomous_exploration_development_environment/src/waypoint_rviz_plugin -DAMENT_CMAKE_SYMLINK_INSTALL=1 -DCMAKE_INSTALL_PREFIX=/home/jason/Desktop/navi/install/waypoint_rviz_plugin
[2.626s] -- Found ament_cmake: 1.3.8 (/opt/ros/humble/share/ament_cmake/cmake)
[2.626s] -- Override CMake install command with custom implementation using symlinks instead of copying resources
[2.627s] -- Found pluginlib: 5.1.0 (/opt/ros/humble/share/pluginlib/cmake)
[2.628s] -- Found rclcpp: 16.0.8 (/opt/ros/humble/share/rclcpp/cmake)
[2.632s] -- Found rosidl_generator_c: 3.1.5 (/opt/ros/humble/share/rosidl_generator_c/cmake)
[2.637s] -- Found rosidl_adapter: 3.1.5 (/opt/ros/humble/share/rosidl_adapter/cmake)
[2.640s] -- Found rosidl_generator_cpp: 3.1.5 (/opt/ros/humble/share/rosidl_generator_cpp/cmake)
[2.645s] -- Using all available rosidl_typesupport_c: rosidl_typesupport_fastrtps_c;rosidl_typesupport_introspection_c
[2.646s] -- Using all available rosidl_typesupport_cpp: rosidl_typesupport_fastrtps_cpp;rosidl_typesupport_introspection_cpp
[2.647s] -- Found rmw_implementation_cmake: 6.1.1 (/opt/ros/humble/share/rmw_implementation_cmake/cmake)
[2.647s] -- Found rmw_fastrtps_cpp: 6.2.6 (/opt/ros/humble/share/rmw_fastrtps_cpp/cmake)
[2.648s] -- Found TinyXML2 via Config file: TinyXML2_DIR-NOTFOUND
[2.649s] -- Found TinyXML2 via Config file: TinyXML2_DIR-NOTFOUND
[2.649s] -- Found TinyXML2 via Config file: TinyXML2_DIR-NOTFOUND
[2.649s] -- Found TinyXML2 via Config file: TinyXML2_DIR-NOTFOUND
[2.649s] -- Using RMW implementation 'rmw_fastrtps_cpp' as default
[2.650s] -- Found rviz2: 11.2.12 (/opt/ros/humble/share/rviz2/cmake)
[2.650s] -- Found rviz_common: 11.2.12 (/opt/ros/humble/share/rviz_common/cmake)
[2.650s] -- Setting OGRE_DIR to: '/opt/ros/humble/share/rviz_ogre_vendor/cmake/../../../opt/rviz_ogre_vendor/lib/OGRE/cmake'
[2.650s] -- Found OGRE
[2.650s] --   static     : OFF
[2.650s] --   components : HLMS;MeshLodGenerator;Overlay;Paging;Property;RTShaderSystem;Terrain;Volume
[2.650s] --   plugins    : Plugin_BSPSceneManager;Plugin_OctreeSceneManager;Plugin_PCZSceneManager;Plugin_ParticleFX;RenderSystem_GL;RenderSystem_GL3Plus;Codec_STBI
[2.650s] --   media      : /opt/ros/humble/opt/rviz_ogre_vendor/share/OGRE/Media
[2.651s] -- OGRE_LIBRARIES: OgreHLMS;OgreMeshLodGenerator;OgreOverlay;OgrePaging;OgreProperty;OgreRTShaderSystem;OgreTerrain;OgreVolume;OgreMain
[2.651s] -- OGRE_LIBRARY_DIRS: /opt/ros/humble/opt/rviz_ogre_vendor/lib
[2.651s] -- OGRE_PLUGINS: Plugin_BSPSceneManager;Plugin_OctreeSceneManager;Plugin_PCZSceneManager;Plugin_ParticleFX;RenderSystem_GL;RenderSystem_GL3Plus;Codec_STBI
[2.651s] -- OGRE_PLUGIN_DIR: /opt/ros/humble/opt/rviz_ogre_vendor/lib/OGRE
[2.651s] -- rviz_ogre_vendor::OgreOverlay for IMPORTED_LOCATION_RELEASE: /opt/ros/humble/opt/rviz_ogre_vendor/lib/libOgreOverlay.so
[2.651s] -- rviz_ogre_vendor::OgreOverlay for IMPORTED_LOCATION_DEBUG: /opt/ros/humble/opt/rviz_ogre_vendor/lib/libOgreOverlay.so
[2.651s] -- rviz_ogre_vendor::OgreMain for IMPORTED_LOCATION_RELEASE: /opt/ros/humble/opt/rviz_ogre_vendor/lib/libOgreMain.so
[2.651s] -- rviz_ogre_vendor::OgreMain for IMPORTED_LOCATION_DEBUG: /opt/ros/humble/opt/rviz_ogre_vendor/lib/libOgreMain.so
[2.651s] -- rviz_ogre_vendor::RenderSystem_GL for IMPORTED_LOCATION_RELEASE: _render_system_gl_static_library_abs-NOTFOUND
[2.651s] -- rviz_ogre_vendor::RenderSystem_GL for IMPORTED_LOCATION_DEBUG: _render_system_gl_static_library_abs-NOTFOUND
[2.651s] -- library: /usr/lib/x86_64-linux-gnu/libcurl.so
[2.651s] -- Ensuring Eigen3 include directory is part of orocos-kdl CMake target
[2.651s] -- Found rviz_default_plugins: 11.2.12 (/opt/ros/humble/share/rviz_default_plugins/cmake)
[2.651s] -- Found ament_lint_auto: 0.12.10 (/opt/ros/humble/share/ament_lint_auto/cmake)
[2.651s] -- Added test 'copyright' to check source files copyright and LICENSE
[2.652s] -- Added test 'cppcheck' to perform static code analysis on C / C++ code
[2.652s] -- Configured cppcheck include dirs: /home/jason/Desktop/navi/src/local_planner/autonomous_exploration_development_environment/src/waypoint_rviz_plugin/include
[2.652s] -- Configured cppcheck exclude dirs and/or files: 
[2.652s] -- Added test 'cpplint' to check C / C++ code against the Google style
[2.652s] -- Configured cpplint exclude dirs and/or files: 
[2.652s] -- Added test 'lint_cmake' to check CMake code style
[2.652s] -- Added test 'uncrustify' to check C / C++ code style
[2.652s] -- Configured uncrustify additional arguments: 
[2.652s] -- Added test 'xmllint' to check XML markup files
[2.652s] -- Configuring done
[2.652s] -- Generating done
[2.652s] -- Build files have been written to: /home/jason/Desktop/navi/build/waypoint_rviz_plugin
[2.655s] Invoked command in '/home/jason/Desktop/navi/build/waypoint_rviz_plugin' returned '0': CMAKE_PREFIX_PATH=${CMAKE_PREFIX_PATH}:/opt/ros/humble /usr/bin/cmake /home/jason/Desktop/navi/src/local_planner/autonomous_exploration_development_environment/src/waypoint_rviz_plugin -DAMENT_CMAKE_SYMLINK_INSTALL=1 -DCMAKE_INSTALL_PREFIX=/home/jason/Desktop/navi/install/waypoint_rviz_plugin
[2.656s] Invoking command in '/home/jason/Desktop/navi/build/waypoint_rviz_plugin': CMAKE_PREFIX_PATH=${CMAKE_PREFIX_PATH}:/opt/ros/humble /usr/bin/cmake --build /home/jason/Desktop/navi/build/waypoint_rviz_plugin -- -j20 -l20
[2.787s] [ 16%] [34m[1mAutomatic MOC for target waypoint_rviz_plugin[0m
[2.787s] [ 16%] Built target waypoint_rviz_plugin_autogen
[2.788s] [35m[1mConsolidate compiler generated dependencies of target waypoint_rviz_plugin[0m
[2.801s] [100%] Built target waypoint_rviz_plugin
[2.816s] Invoked command in '/home/jason/Desktop/navi/build/waypoint_rviz_plugin' returned '0': CMAKE_PREFIX_PATH=${CMAKE_PREFIX_PATH}:/opt/ros/humble /usr/bin/cmake --build /home/jason/Desktop/navi/build/waypoint_rviz_plugin -- -j20 -l20
[2.896s] Invoking command in '/home/jason/Desktop/navi/build/waypoint_rviz_plugin': CMAKE_PREFIX_PATH=${CMAKE_PREFIX_PATH}:/opt/ros/humble /usr/bin/cmake --install /home/jason/Desktop/navi/build/waypoint_rviz_plugin
[2.946s] -- Install configuration: "Release"
[2.947s] -- Execute custom install script
[2.947s] -- Up-to-date symlink: /home/jason/Desktop/navi/install/waypoint_rviz_plugin/share/waypoint_rviz_plugin//plugin_description.xml
[2.947s] -- Up-to-date symlink: /home/jason/Desktop/navi/install/waypoint_rviz_plugin/share/ament_index/resource_index/package_run_dependencies/waypoint_rviz_plugin
[2.948s] -- Up-to-date symlink: /home/jason/Desktop/navi/install/waypoint_rviz_plugin/share/ament_index/resource_index/parent_prefix_path/waypoint_rviz_plugin
[2.948s] -- Up-to-date symlink: /home/jason/Desktop/navi/install/waypoint_rviz_plugin/share/waypoint_rviz_plugin/environment/ament_prefix_path.sh
[2.948s] -- Up-to-date symlink: /home/jason/Desktop/navi/install/waypoint_rviz_plugin/share/waypoint_rviz_plugin/environment/ament_prefix_path.dsv
[2.948s] -- Up-to-date symlink: /home/jason/Desktop/navi/install/waypoint_rviz_plugin/share/waypoint_rviz_plugin/environment/path.sh
[2.948s] -- Up-to-date symlink: /home/jason/Desktop/navi/install/waypoint_rviz_plugin/share/waypoint_rviz_plugin/environment/path.dsv
[2.948s] -- Up-to-date symlink: /home/jason/Desktop/navi/install/waypoint_rviz_plugin/share/waypoint_rviz_plugin/local_setup.bash
[2.948s] -- Up-to-date symlink: /home/jason/Desktop/navi/install/waypoint_rviz_plugin/share/waypoint_rviz_plugin/local_setup.sh
[2.948s] -- Up-to-date symlink: /home/jason/Desktop/navi/install/waypoint_rviz_plugin/share/waypoint_rviz_plugin/local_setup.zsh
[2.949s] -- Up-to-date symlink: /home/jason/Desktop/navi/install/waypoint_rviz_plugin/share/waypoint_rviz_plugin/local_setup.dsv
[2.949s] -- Symlinking: /home/jason/Desktop/navi/install/waypoint_rviz_plugin/share/waypoint_rviz_plugin/package.dsv
[2.949s] -- Up-to-date symlink: /home/jason/Desktop/navi/install/waypoint_rviz_plugin/share/ament_index/resource_index/packages/waypoint_rviz_plugin
[2.949s] -- Up-to-date symlink: /home/jason/Desktop/navi/install/waypoint_rviz_plugin/share/ament_index/resource_index/rviz_common__pluginlib__plugin/waypoint_rviz_plugin
[2.949s] -- Up-to-date symlink: /home/jason/Desktop/navi/install/waypoint_rviz_plugin/share/waypoint_rviz_plugin/cmake/ament_cmake_export_dependencies-extras.cmake
[2.949s] -- Up-to-date symlink: /home/jason/Desktop/navi/install/waypoint_rviz_plugin/share/waypoint_rviz_plugin/cmake/waypoint_rviz_pluginConfig.cmake
[2.949s] -- Up-to-date symlink: /home/jason/Desktop/navi/install/waypoint_rviz_plugin/share/waypoint_rviz_plugin/cmake/waypoint_rviz_pluginConfig-version.cmake
[2.950s] -- Up-to-date symlink: /home/jason/Desktop/navi/install/waypoint_rviz_plugin/share/waypoint_rviz_plugin/package.xml
[2.950s] -- Up-to-date: /home/jason/Desktop/navi/install/waypoint_rviz_plugin/lib/waypoint_rviz_plugin/libwaypoint_rviz_plugin.so
[2.961s] Invoked command in '/home/jason/Desktop/navi/build/waypoint_rviz_plugin' returned '0': CMAKE_PREFIX_PATH=${CMAKE_PREFIX_PATH}:/opt/ros/humble /usr/bin/cmake --install /home/jason/Desktop/navi/build/waypoint_rviz_plugin
