[0.074s] Invoking command in '/home/jason/Desktop/navi/build/waypoint_rviz_plugin': CMAKE_PREFIX_PATH=${CMAKE_PREFIX_PATH}:/opt/ros/humble /usr/bin/cmake --build /home/jason/Desktop/navi/build/waypoint_rviz_plugin -- -j20 -l20
[42.377s] [ 16%] [34m[1mAutomatic MOC for target waypoint_rviz_plugin[0m
[42.381s] [ 16%] Built target waypoint_rviz_plugin_autogen
[42.383s] [ 33%] [32mBuilding CXX object CMakeFiles/waypoint_rviz_plugin.dir/src/waypoint_tool.cpp.o[0m
[42.385s] [ 50%] [32mBuilding CXX object CMakeFiles/waypoint_rviz_plugin.dir/include/moc_waypoint_tool.cpp.o[0m
[42.386s] [ 66%] [32m[1mLinking CXX shared library libwaypoint_rviz_plugin.so[0m
[42.387s] [100%] Built target waypoint_rviz_plugin
[42.389s] [01m[K/home/jason/Desktop/navi/src/local_planner/autonomous_exploration_development_environment/src/waypoint_rviz_plugin/src/waypoint_tool.cpp:[m[K In member function ‘[01m[Kvirtual void waypoint_rviz_plugin::WaypointTool::onPoseSet(double, double, double)[m[K’:
[42.389s] [01m[K/home/jason/Desktop/navi/src/local_planner/autonomous_exploration_development_environment/src/waypoint_rviz_plugin/src/waypoint_tool.cpp:52:57:[m[K [01;35m[Kwarning: [m[Kunused parameter ‘[01m[Ktheta[m[K’ [[01;35m[K]8;;https://gcc.gnu.org/onlinedocs/gcc/Warning-Options.html#index-Wunused-parameter-Wunused-parameter]8;;[m[K]
[42.389s]    52 | void WaypointTool::onPoseSet(double x, double y, [01;35m[Kdouble theta[m[K)
[42.390s]       |                                                  [01;35m[K~~~~~~~^~~~~[m[K
[42.413s] Invoked command in '/home/jason/Desktop/navi/build/waypoint_rviz_plugin' returned '0': CMAKE_PREFIX_PATH=${CMAKE_PREFIX_PATH}:/opt/ros/humble /usr/bin/cmake --build /home/jason/Desktop/navi/build/waypoint_rviz_plugin -- -j20 -l20
[42.524s] Invoking command in '/home/jason/Desktop/navi/build/waypoint_rviz_plugin': CMAKE_PREFIX_PATH=${CMAKE_PREFIX_PATH}:/opt/ros/humble /usr/bin/cmake --install /home/jason/Desktop/navi/build/waypoint_rviz_plugin
[42.579s] -- Install configuration: "Release"
[42.579s] -- Execute custom install script
[42.582s] -- Up-to-date symlink: /home/jason/Desktop/navi/install/waypoint_rviz_plugin/share/waypoint_rviz_plugin//plugin_description.xml
[42.582s] -- Up-to-date symlink: /home/jason/Desktop/navi/install/waypoint_rviz_plugin/share/ament_index/resource_index/package_run_dependencies/waypoint_rviz_plugin
[42.582s] -- Up-to-date symlink: /home/jason/Desktop/navi/install/waypoint_rviz_plugin/share/ament_index/resource_index/parent_prefix_path/waypoint_rviz_plugin
[42.582s] -- Up-to-date symlink: /home/jason/Desktop/navi/install/waypoint_rviz_plugin/share/waypoint_rviz_plugin/environment/ament_prefix_path.sh
[42.582s] -- Up-to-date symlink: /home/jason/Desktop/navi/install/waypoint_rviz_plugin/share/waypoint_rviz_plugin/environment/ament_prefix_path.dsv
[42.582s] -- Up-to-date symlink: /home/jason/Desktop/navi/install/waypoint_rviz_plugin/share/waypoint_rviz_plugin/environment/path.sh
[42.582s] -- Up-to-date symlink: /home/jason/Desktop/navi/install/waypoint_rviz_plugin/share/waypoint_rviz_plugin/environment/path.dsv
[42.583s] -- Up-to-date symlink: /home/jason/Desktop/navi/install/waypoint_rviz_plugin/share/waypoint_rviz_plugin/local_setup.bash
[42.583s] -- Up-to-date symlink: /home/jason/Desktop/navi/install/waypoint_rviz_plugin/share/waypoint_rviz_plugin/local_setup.sh
[42.583s] -- Up-to-date symlink: /home/jason/Desktop/navi/install/waypoint_rviz_plugin/share/waypoint_rviz_plugin/local_setup.zsh
[42.585s] -- Up-to-date symlink: /home/jason/Desktop/navi/install/waypoint_rviz_plugin/share/waypoint_rviz_plugin/local_setup.dsv
[42.586s] -- Symlinking: /home/jason/Desktop/navi/install/waypoint_rviz_plugin/share/waypoint_rviz_plugin/package.dsv
[42.586s] -- Up-to-date symlink: /home/jason/Desktop/navi/install/waypoint_rviz_plugin/share/ament_index/resource_index/packages/waypoint_rviz_plugin
[42.586s] -- Up-to-date symlink: /home/jason/Desktop/navi/install/waypoint_rviz_plugin/share/ament_index/resource_index/rviz_common__pluginlib__plugin/waypoint_rviz_plugin
[42.595s] -- Up-to-date symlink: /home/jason/Desktop/navi/install/waypoint_rviz_plugin/share/waypoint_rviz_plugin/cmake/ament_cmake_export_dependencies-extras.cmake
[42.595s] -- Up-to-date symlink: /home/jason/Desktop/navi/install/waypoint_rviz_plugin/share/waypoint_rviz_plugin/cmake/waypoint_rviz_pluginConfig.cmake
[42.596s] -- Up-to-date symlink: /home/jason/Desktop/navi/install/waypoint_rviz_plugin/share/waypoint_rviz_plugin/cmake/waypoint_rviz_pluginConfig-version.cmake
[42.596s] -- Up-to-date symlink: /home/jason/Desktop/navi/install/waypoint_rviz_plugin/share/waypoint_rviz_plugin/package.xml
[42.596s] -- Installing: /home/jason/Desktop/navi/install/waypoint_rviz_plugin/lib/waypoint_rviz_plugin/libwaypoint_rviz_plugin.so
[42.596s] -- Set runtime path of "/home/jason/Desktop/navi/install/waypoint_rviz_plugin/lib/waypoint_rviz_plugin/libwaypoint_rviz_plugin.so" to ""
[42.643s] Invoked command in '/home/jason/Desktop/navi/build/waypoint_rviz_plugin' returned '0': CMAKE_PREFIX_PATH=${CMAKE_PREFIX_PATH}:/opt/ros/humble /usr/bin/cmake --install /home/jason/Desktop/navi/build/waypoint_rviz_plugin
