[0.072s] Invoking command in '/home/jason/Desktop/navi/build/terrain_analysis_ext': CMAKE_PREFIX_PATH=${CMAKE_PREFIX_PATH}:/opt/ros/humble /usr/bin/cmake --build /home/jason/Desktop/navi/build/terrain_analysis_ext -- -j20 -l20
[0.201s] [100%] Built target terrainAnalysisExt
[0.254s] Invoked command in '/home/jason/Desktop/navi/build/terrain_analysis_ext' returned '0': CMAKE_PREFIX_PATH=${CMAKE_PREFIX_PATH}:/opt/ros/humble /usr/bin/cmake --build /home/jason/Desktop/navi/build/terrain_analysis_ext -- -j20 -l20
[0.359s] Invoking command in '/home/jason/Desktop/navi/build/terrain_analysis_ext': CMAKE_PREFIX_PATH=${CMAKE_PREFIX_PATH}:/opt/ros/humble /usr/bin/cmake --install /home/jason/Desktop/navi/build/terrain_analysis_ext
[0.386s] -- Install configuration: "Release"
[0.387s] -- Execute custom install script
[0.387s] -- Up-to-date symlink: /home/jason/Desktop/navi/install/terrain_analysis_ext/lib/terrain_analysis_ext/terrainAnalysisExt
[0.388s] -- Up-to-date symlink: /home/jason/Desktop/navi/install/terrain_analysis_ext/share/terrain_analysis_ext/launch/terrain_analysis_ext.launch
[0.389s] -- Up-to-date symlink: /home/jason/Desktop/navi/install/terrain_analysis_ext/share/ament_index/resource_index/package_run_dependencies/terrain_analysis_ext
[0.390s] -- Up-to-date symlink: /home/jason/Desktop/navi/install/terrain_analysis_ext/share/ament_index/resource_index/parent_prefix_path/terrain_analysis_ext
[0.391s] -- Up-to-date symlink: /home/jason/Desktop/navi/install/terrain_analysis_ext/share/terrain_analysis_ext/environment/ament_prefix_path.sh
[0.391s] -- Up-to-date symlink: /home/jason/Desktop/navi/install/terrain_analysis_ext/share/terrain_analysis_ext/environment/ament_prefix_path.dsv
[0.392s] -- Up-to-date symlink: /home/jason/Desktop/navi/install/terrain_analysis_ext/share/terrain_analysis_ext/environment/path.sh
[0.393s] -- Up-to-date symlink: /home/jason/Desktop/navi/install/terrain_analysis_ext/share/terrain_analysis_ext/environment/path.dsv
[0.394s] -- Up-to-date symlink: /home/jason/Desktop/navi/install/terrain_analysis_ext/share/terrain_analysis_ext/local_setup.bash
[0.395s] -- Up-to-date symlink: /home/jason/Desktop/navi/install/terrain_analysis_ext/share/terrain_analysis_ext/local_setup.sh
[0.395s] -- Up-to-date symlink: /home/jason/Desktop/navi/install/terrain_analysis_ext/share/terrain_analysis_ext/local_setup.zsh
[0.396s] -- Up-to-date symlink: /home/jason/Desktop/navi/install/terrain_analysis_ext/share/terrain_analysis_ext/local_setup.dsv
[0.396s] -- Symlinking: /home/jason/Desktop/navi/install/terrain_analysis_ext/share/terrain_analysis_ext/package.dsv
[0.396s] -- Up-to-date symlink: /home/jason/Desktop/navi/install/terrain_analysis_ext/share/ament_index/resource_index/packages/terrain_analysis_ext
[0.396s] -- Up-to-date symlink: /home/jason/Desktop/navi/install/terrain_analysis_ext/share/terrain_analysis_ext/cmake/terrain_analysis_extConfig.cmake
[0.396s] -- Up-to-date symlink: /home/jason/Desktop/navi/install/terrain_analysis_ext/share/terrain_analysis_ext/cmake/terrain_analysis_extConfig-version.cmake
[0.396s] -- Up-to-date symlink: /home/jason/Desktop/navi/install/terrain_analysis_ext/share/terrain_analysis_ext/package.xml
[0.455s] Invoked command in '/home/jason/Desktop/navi/build/terrain_analysis_ext' returned '0': CMAKE_PREFIX_PATH=${CMAKE_PREFIX_PATH}:/opt/ros/humble /usr/bin/cmake --install /home/jason/Desktop/navi/build/terrain_analysis_ext
