[0.083s] Invoking command in '/home/jason/Desktop/navi/build/a_star': CMAKE_PREFIX_PATH=${CMAKE_PREFIX_PATH}:/opt/ros/humble /usr/bin/cmake /home/jason/Desktop/navi/src/global_planner/a_star -DAMENT_CMAKE_SYMLINK_INSTALL=1 -DCMAKE_INSTALL_PREFIX=/home/jason/Desktop/navi/install/a_star
[0.178s] -- Found ament_cmake_auto: 1.3.8 (/opt/ros/humble/share/ament_cmake_auto/cmake)
[0.253s] -- Override CMake install command with custom implementation using symlinks instead of copying resources
[0.403s] -- Found rosidl_generator_c: 3.1.5 (/opt/ros/humble/share/rosidl_generator_c/cmake)
[0.406s] -- Found rosidl_adapter: 3.1.5 (/opt/ros/humble/share/rosidl_adapter/cmake)
[0.415s] -- Found rosidl_generator_cpp: 3.1.5 (/opt/ros/humble/share/rosidl_generator_cpp/cmake)
[0.434s] -- Using all available rosidl_typesupport_c: rosidl_typesupport_fastrtps_c;rosidl_typesupport_introspection_c
[0.459s] -- Using all available rosidl_typesupport_cpp: rosidl_typesupport_fastrtps_cpp;rosidl_typesupport_introspection_cpp
[0.547s] -- Found rmw_implementation_cmake: 6.1.1 (/opt/ros/humble/share/rmw_implementation_cmake/cmake)
[0.551s] -- Found rmw_fastrtps_cpp: 6.2.6 (/opt/ros/humble/share/rmw_fastrtps_cpp/cmake)
[0.737s] -- Using RMW implementation 'rmw_fastrtps_cpp' as default
[1.266s] -- Found ament_lint_auto: 0.12.10 (/opt/ros/humble/share/ament_lint_auto/cmake)
[1.282s] -- Added test 'cppcheck' to perform static code analysis on C / C++ code
[1.283s] -- Configured cppcheck include dirs: /home/jason/Desktop/navi/src/global_planner/a_star/include
[1.283s] -- Configured cppcheck exclude dirs and/or files: 
[1.283s] -- Added test 'cpplint' to check C / C++ code against the Google style
[1.283s] -- Configured cpplint exclude dirs and/or files: 
[1.284s] -- Added test 'lint_cmake' to check CMake code style
[1.285s] -- Added test 'xmllint' to check XML markup files
[1.288s] -- Configuring done
[1.310s] -- Generating done
[1.313s] -- Build files have been written to: /home/jason/Desktop/navi/build/a_star
[1.326s] Invoked command in '/home/jason/Desktop/navi/build/a_star' returned '0': CMAKE_PREFIX_PATH=${CMAKE_PREFIX_PATH}:/opt/ros/humble /usr/bin/cmake /home/jason/Desktop/navi/src/global_planner/a_star -DAMENT_CMAKE_SYMLINK_INSTALL=1 -DCMAKE_INSTALL_PREFIX=/home/jason/Desktop/navi/install/a_star
[1.327s] Invoking command in '/home/jason/Desktop/navi/build/a_star': CMAKE_PREFIX_PATH=${CMAKE_PREFIX_PATH}:/opt/ros/humble /usr/bin/cmake --build /home/jason/Desktop/navi/build/a_star -- -j20 -l20
[2.724s] [35m[1mConsolidate compiler generated dependencies of target a_star_node[0m
[2.724s] [35m[1mConsolidate compiler generated dependencies of target a_star[0m
[2.725s] [ 50%] Built target a_star_node
[2.725s] [100%] Built target a_star
[2.729s] Invoked command in '/home/jason/Desktop/navi/build/a_star' returned '0': CMAKE_PREFIX_PATH=${CMAKE_PREFIX_PATH}:/opt/ros/humble /usr/bin/cmake --build /home/jason/Desktop/navi/build/a_star -- -j20 -l20
[2.807s] Invoking command in '/home/jason/Desktop/navi/build/a_star': CMAKE_PREFIX_PATH=${CMAKE_PREFIX_PATH}:/opt/ros/humble /usr/bin/cmake --install /home/jason/Desktop/navi/build/a_star
[2.922s] -- Install configuration: "Release"
[2.922s] -- Execute custom install script
[2.922s] -- Up-to-date symlink: /home/jason/Desktop/navi/install/a_star/lib/a_star/a_star_node
[2.922s] -- Up-to-date symlink: /home/jason/Desktop/navi/install/a_star/include/a_star/a_star.hpp
[2.923s] -- Up-to-date symlink: /home/jason/Desktop/navi/install/a_star/share/a_star/environment/library_path.sh
[2.923s] -- Up-to-date symlink: /home/jason/Desktop/navi/install/a_star/share/a_star/environment/library_path.dsv
[2.923s] -- Up-to-date symlink: /home/jason/Desktop/navi/install/a_star/lib/liba_star.so
[2.923s] -- Up-to-date symlink: /home/jason/Desktop/navi/install/a_star/share/ament_index/resource_index/package_run_dependencies/a_star
[2.923s] -- Up-to-date symlink: /home/jason/Desktop/navi/install/a_star/share/ament_index/resource_index/parent_prefix_path/a_star
[2.924s] -- Up-to-date symlink: /home/jason/Desktop/navi/install/a_star/share/a_star/environment/ament_prefix_path.sh
[2.924s] -- Up-to-date symlink: /home/jason/Desktop/navi/install/a_star/share/a_star/environment/ament_prefix_path.dsv
[2.924s] -- Up-to-date symlink: /home/jason/Desktop/navi/install/a_star/share/a_star/environment/path.sh
[2.925s] -- Up-to-date symlink: /home/jason/Desktop/navi/install/a_star/share/a_star/environment/path.dsv
[2.926s] -- Up-to-date symlink: /home/jason/Desktop/navi/install/a_star/share/a_star/local_setup.bash
[2.926s] -- Up-to-date symlink: /home/jason/Desktop/navi/install/a_star/share/a_star/local_setup.sh
[2.926s] -- Up-to-date symlink: /home/jason/Desktop/navi/install/a_star/share/a_star/local_setup.zsh
[2.926s] -- Up-to-date symlink: /home/jason/Desktop/navi/install/a_star/share/a_star/local_setup.dsv
[2.926s] -- Symlinking: /home/jason/Desktop/navi/install/a_star/share/a_star/package.dsv
[2.926s] -- Up-to-date symlink: /home/jason/Desktop/navi/install/a_star/share/ament_index/resource_index/packages/a_star
[2.926s] -- Up-to-date symlink: /home/jason/Desktop/navi/install/a_star/share/ament_index/resource_index/rclcpp_components/a_star
[2.926s] -- Up-to-date symlink: /home/jason/Desktop/navi/install/a_star/share/a_star/cmake/ament_cmake_export_dependencies-extras.cmake
[2.926s] -- Up-to-date symlink: /home/jason/Desktop/navi/install/a_star/share/a_star/cmake/ament_cmake_export_include_directories-extras.cmake
[2.927s] -- Up-to-date symlink: /home/jason/Desktop/navi/install/a_star/share/a_star/cmake/ament_cmake_export_libraries-extras.cmake
[2.927s] -- Up-to-date symlink: /home/jason/Desktop/navi/install/a_star/share/a_star/cmake/a_starConfig.cmake
[2.927s] -- Up-to-date symlink: /home/jason/Desktop/navi/install/a_star/share/a_star/cmake/a_starConfig-version.cmake
[2.927s] -- Up-to-date symlink: /home/jason/Desktop/navi/install/a_star/share/a_star/package.xml
[2.949s] Invoked command in '/home/jason/Desktop/navi/build/a_star' returned '0': CMAKE_PREFIX_PATH=${CMAKE_PREFIX_PATH}:/opt/ros/humble /usr/bin/cmake --install /home/jason/Desktop/navi/build/a_star
