[0.136s] Invoking command in '/home/jason/Desktop/navi/build/waypoint_rviz_plugin': CMAKE_PREFIX_PATH=${CMAKE_PREFIX_PATH}:/opt/ros/humble /usr/bin/cmake --build /home/jason/Desktop/navi/build/waypoint_rviz_plugin -- -j20 -l20
[0.220s] [ 16%] [34m[1mAutomatic MOC for target waypoint_rviz_plugin[0m
[0.258s] [ 16%] Built target waypoint_rviz_plugin_autogen
[0.329s] [100%] Built target waypoint_rviz_plugin
[0.462s] Invoked command in '/home/jason/Desktop/navi/build/waypoint_rviz_plugin' returned '0': CMAKE_PREFIX_PATH=${CMAKE_PREFIX_PATH}:/opt/ros/humble /usr/bin/cmake --build /home/jason/Desktop/navi/build/waypoint_rviz_plugin -- -j20 -l20
[0.617s] Invoking command in '/home/jason/Desktop/navi/build/waypoint_rviz_plugin': CMAKE_PREFIX_PATH=${CMAKE_PREFIX_PATH}:/opt/ros/humble /usr/bin/cmake --install /home/jason/Desktop/navi/build/waypoint_rviz_plugin
[0.651s] -- Install configuration: "Release"
[0.652s] -- Execute custom install script
[0.652s] -- Up-to-date symlink: /home/jason/Desktop/navi/install/waypoint_rviz_plugin/share/waypoint_rviz_plugin//plugin_description.xml
[0.652s] -- Up-to-date symlink: /home/jason/Desktop/navi/install/waypoint_rviz_plugin/share/ament_index/resource_index/package_run_dependencies/waypoint_rviz_plugin
[0.652s] -- Up-to-date symlink: /home/jason/Desktop/navi/install/waypoint_rviz_plugin/share/ament_index/resource_index/parent_prefix_path/waypoint_rviz_plugin
[0.652s] -- Up-to-date symlink: /home/jason/Desktop/navi/install/waypoint_rviz_plugin/share/waypoint_rviz_plugin/environment/ament_prefix_path.sh
[0.652s] -- Up-to-date symlink: /home/jason/Desktop/navi/install/waypoint_rviz_plugin/share/waypoint_rviz_plugin/environment/ament_prefix_path.dsv
[0.652s] -- Up-to-date symlink: /home/jason/Desktop/navi/install/waypoint_rviz_plugin/share/waypoint_rviz_plugin/environment/path.sh
[0.652s] -- Up-to-date symlink: /home/jason/Desktop/navi/install/waypoint_rviz_plugin/share/waypoint_rviz_plugin/environment/path.dsv
[0.653s] -- Up-to-date symlink: /home/jason/Desktop/navi/install/waypoint_rviz_plugin/share/waypoint_rviz_plugin/local_setup.bash
[0.653s] -- Up-to-date symlink: /home/jason/Desktop/navi/install/waypoint_rviz_plugin/share/waypoint_rviz_plugin/local_setup.sh
[0.653s] -- Up-to-date symlink: /home/jason/Desktop/navi/install/waypoint_rviz_plugin/share/waypoint_rviz_plugin/local_setup.zsh
[0.653s] -- Up-to-date symlink: /home/jason/Desktop/navi/install/waypoint_rviz_plugin/share/waypoint_rviz_plugin/local_setup.dsv
[0.653s] -- Symlinking: /home/jason/Desktop/navi/install/waypoint_rviz_plugin/share/waypoint_rviz_plugin/package.dsv
[0.654s] -- Up-to-date symlink: /home/jason/Desktop/navi/install/waypoint_rviz_plugin/share/ament_index/resource_index/packages/waypoint_rviz_plugin
[0.654s] -- Up-to-date symlink: /home/jason/Desktop/navi/install/waypoint_rviz_plugin/share/ament_index/resource_index/rviz_common__pluginlib__plugin/waypoint_rviz_plugin
[0.654s] -- Up-to-date symlink: /home/jason/Desktop/navi/install/waypoint_rviz_plugin/share/waypoint_rviz_plugin/cmake/ament_cmake_export_dependencies-extras.cmake
[0.654s] -- Up-to-date symlink: /home/jason/Desktop/navi/install/waypoint_rviz_plugin/share/waypoint_rviz_plugin/cmake/waypoint_rviz_pluginConfig.cmake
[0.654s] -- Up-to-date symlink: /home/jason/Desktop/navi/install/waypoint_rviz_plugin/share/waypoint_rviz_plugin/cmake/waypoint_rviz_pluginConfig-version.cmake
[0.654s] -- Up-to-date symlink: /home/jason/Desktop/navi/install/waypoint_rviz_plugin/share/waypoint_rviz_plugin/package.xml
[0.654s] -- Up-to-date: /home/jason/Desktop/navi/install/waypoint_rviz_plugin/lib/waypoint_rviz_plugin/libwaypoint_rviz_plugin.so
[0.706s] Invoked command in '/home/jason/Desktop/navi/build/waypoint_rviz_plugin' returned '0': CMAKE_PREFIX_PATH=${CMAKE_PREFIX_PATH}:/opt/ros/humble /usr/bin/cmake --install /home/jason/Desktop/navi/build/waypoint_rviz_plugin
