[0.000000] (-) TimerEvent: {}
[0.000315] (-) JobUnselected: {'identifier': 'a_star'}
[0.000432] (-) JobUnselected: {'identifier': 'fast_lio'}
[0.000452] (-) JobUnselected: {'identifier': 'icp_localization_ros2'}
[0.000469] (-) JobUnselected: {'identifier': 'joy'}
[0.000484] (-) JobUnselected: {'identifier': 'linefit_ground_segmentation'}
[0.000500] (-) JobUnselected: {'identifier': 'linefit_ground_segmentation_ros'}
[0.000515] (-) JobUnselected: {'identifier': 'livox_ros_driver2'}
[0.000529] (-) JobUnselected: {'identifier': 'loam_interface'}
[0.000544] (-) JobUnselected: {'identifier': 'local_planner'}
[0.000558] (-) JobUnselected: {'identifier': 'mapping'}
[0.000572] (-) JobUnselected: {'identifier': 'path2waypoint'}
[0.000586] (-) JobUnselected: {'identifier': 'rm_nav_bringup'}
[0.000600] (-) JobUnselected: {'identifier': 'sensor_scan_generation'}
[0.000614] (-) JobUnselected: {'identifier': 'terrain_analysis'}
[0.000628] (-) JobUnselected: {'identifier': 'terrain_analysis_ext'}
[0.000642] (-) JobUnselected: {'identifier': 'vehicle_simulator'}
[0.000656] (-) JobUnselected: {'identifier': 'velodyne_description'}
[0.000670] (-) JobUnselected: {'identifier': 'velodyne_gazebo_plugins'}
[0.000684] (-) JobUnselected: {'identifier': 'velodyne_simulator'}
[0.000698] (-) JobUnselected: {'identifier': 'visualization_tools'}
[0.000712] (-) JobUnselected: {'identifier': 'waypoint_example'}
[0.000726] (-) JobUnselected: {'identifier': 'waypoint_rviz_plugin'}
[0.000740] (-) EventReactorShutdown: {}
