[0.095s] Invoking command in '/home/jason/Desktop/navi/build/path2waypoint': CMAKE_PREFIX_PATH=${CMAKE_PREFIX_PATH}:/opt/ros/humble /usr/bin/cmake --build /home/jason/Desktop/navi/build/path2waypoint -- -j20 -l20
[0.216s] [ 50%] [32mBuilding CXX object CMakeFiles/path2waypoint.dir/src/path2waypoint.cpp.o[0m
[16.532s] [100%] [32m[1mLinking CXX executable path2waypoint[0m
[16.813s] [100%] Built target path2waypoint
[16.822s] Invoked command in '/home/jason/Desktop/navi/build/path2waypoint' returned '0': CMAKE_PREFIX_PATH=${CMAKE_PREFIX_PATH}:/opt/ros/humble /usr/bin/cmake --build /home/jason/Desktop/navi/build/path2waypoint -- -j20 -l20
[16.850s] Invoking command in '/home/jason/Desktop/navi/build/path2waypoint': CMAKE_PREFIX_PATH=${CMAKE_PREFIX_PATH}:/opt/ros/humble /usr/bin/cmake --install /home/jason/Desktop/navi/build/path2waypoint
[16.858s] -- Install configuration: "Release"
[16.859s] -- Execute custom install script
[16.859s] -- Up-to-date symlink: /home/jason/Desktop/navi/install/path2waypoint/lib/path2waypoint/path2waypoint
[16.859s] -- Up-to-date symlink: /home/jason/Desktop/navi/install/path2waypoint/share/ament_index/resource_index/package_run_dependencies/path2waypoint
[16.859s] -- Up-to-date symlink: /home/jason/Desktop/navi/install/path2waypoint/share/ament_index/resource_index/parent_prefix_path/path2waypoint
[16.860s] -- Up-to-date symlink: /home/jason/Desktop/navi/install/path2waypoint/share/path2waypoint/environment/ament_prefix_path.sh
[16.860s] -- Up-to-date symlink: /home/jason/Desktop/navi/install/path2waypoint/share/path2waypoint/environment/ament_prefix_path.dsv
[16.860s] -- Up-to-date symlink: /home/jason/Desktop/navi/install/path2waypoint/share/path2waypoint/environment/path.sh
[16.860s] -- Up-to-date symlink: /home/jason/Desktop/navi/install/path2waypoint/share/path2waypoint/environment/path.dsv
[16.860s] -- Up-to-date symlink: /home/jason/Desktop/navi/install/path2waypoint/share/path2waypoint/local_setup.bash
[16.860s] -- Up-to-date symlink: /home/jason/Desktop/navi/install/path2waypoint/share/path2waypoint/local_setup.sh
[16.860s] -- Up-to-date symlink: /home/jason/Desktop/navi/install/path2waypoint/share/path2waypoint/local_setup.zsh
[16.860s] -- Up-to-date symlink: /home/jason/Desktop/navi/install/path2waypoint/share/path2waypoint/local_setup.dsv
[16.860s] -- Symlinking: /home/jason/Desktop/navi/install/path2waypoint/share/path2waypoint/package.dsv
[16.871s] -- Up-to-date symlink: /home/jason/Desktop/navi/install/path2waypoint/share/ament_index/resource_index/packages/path2waypoint
[16.871s] -- Up-to-date symlink: /home/jason/Desktop/navi/install/path2waypoint/share/path2waypoint/cmake/path2waypointConfig.cmake
[16.871s] -- Up-to-date symlink: /home/jason/Desktop/navi/install/path2waypoint/share/path2waypoint/cmake/path2waypointConfig-version.cmake
[16.871s] -- Up-to-date symlink: /home/jason/Desktop/navi/install/path2waypoint/share/path2waypoint/package.xml
[16.873s] Invoked command in '/home/jason/Desktop/navi/build/path2waypoint' returned '0': CMAKE_PREFIX_PATH=${CMAKE_PREFIX_PATH}:/opt/ros/humble /usr/bin/cmake --install /home/jason/Desktop/navi/build/path2waypoint
