[0.063s] Invoking command in '/home/jason/Desktop/navi/build/a_star': CMAKE_PREFIX_PATH=${CMAKE_PREFIX_PATH}:/opt/ros/humble /usr/bin/cmake --build /home/jason/Desktop/navi/build/a_star -- -j20 -l20
[0.131s] [ 50%] Built target a_star_node
[0.131s] [100%] Built target a_star
[0.181s] Invoked command in '/home/jason/Desktop/navi/build/a_star' returned '0': CMAKE_PREFIX_PATH=${CMAKE_PREFIX_PATH}:/opt/ros/humble /usr/bin/cmake --build /home/jason/Desktop/navi/build/a_star -- -j20 -l20
[0.236s] Invoking command in '/home/jason/Desktop/navi/build/a_star': CMAKE_PREFIX_PATH=${CMAKE_PREFIX_PATH}:/opt/ros/humble /usr/bin/cmake --install /home/jason/Desktop/navi/build/a_star
[0.260s] -- Install configuration: "Release"
[0.266s] -- Execute custom install script
[0.268s] -- Up-to-date symlink: /home/jason/Desktop/navi/install/a_star/lib/a_star/a_star_node
[0.268s] -- Up-to-date symlink: /home/jason/Desktop/navi/install/a_star/include/a_star/a_star.hpp
[0.268s] -- Up-to-date symlink: /home/jason/Desktop/navi/install/a_star/share/a_star/environment/library_path.sh
[0.268s] -- Up-to-date symlink: /home/jason/Desktop/navi/install/a_star/share/a_star/environment/library_path.dsv
[0.273s] -- Up-to-date symlink: /home/jason/Desktop/navi/install/a_star/lib/liba_star.so
[0.273s] -- Up-to-date symlink: /home/jason/Desktop/navi/install/a_star/share/ament_index/resource_index/package_run_dependencies/a_star
[0.273s] -- Up-to-date symlink: /home/jason/Desktop/navi/install/a_star/share/ament_index/resource_index/parent_prefix_path/a_star
[0.274s] -- Up-to-date symlink: /home/jason/Desktop/navi/install/a_star/share/a_star/environment/ament_prefix_path.sh
[0.274s] -- Up-to-date symlink: /home/jason/Desktop/navi/install/a_star/share/a_star/environment/ament_prefix_path.dsv
[0.275s] -- Up-to-date symlink: /home/jason/Desktop/navi/install/a_star/share/a_star/environment/path.sh
[0.275s] -- Up-to-date symlink: /home/jason/Desktop/navi/install/a_star/share/a_star/environment/path.dsv
[0.277s] -- Up-to-date symlink: /home/jason/Desktop/navi/install/a_star/share/a_star/local_setup.bash
[0.278s] -- Up-to-date symlink: /home/jason/Desktop/navi/install/a_star/share/a_star/local_setup.sh
[0.278s] -- Up-to-date symlink: /home/jason/Desktop/navi/install/a_star/share/a_star/local_setup.zsh
[0.278s] -- Up-to-date symlink: /home/jason/Desktop/navi/install/a_star/share/a_star/local_setup.dsv
[0.279s] -- Symlinking: /home/jason/Desktop/navi/install/a_star/share/a_star/package.dsv
[0.287s] -- Up-to-date symlink: /home/jason/Desktop/navi/install/a_star/share/ament_index/resource_index/packages/a_star
[0.287s] -- Up-to-date symlink: /home/jason/Desktop/navi/install/a_star/share/ament_index/resource_index/rclcpp_components/a_star
[0.287s] -- Up-to-date symlink: /home/jason/Desktop/navi/install/a_star/share/a_star/cmake/ament_cmake_export_dependencies-extras.cmake
[0.287s] -- Up-to-date symlink: /home/jason/Desktop/navi/install/a_star/share/a_star/cmake/ament_cmake_export_include_directories-extras.cmake
[0.287s] -- Up-to-date symlink: /home/jason/Desktop/navi/install/a_star/share/a_star/cmake/ament_cmake_export_libraries-extras.cmake
[0.287s] -- Up-to-date symlink: /home/jason/Desktop/navi/install/a_star/share/a_star/cmake/a_starConfig.cmake
[0.287s] -- Up-to-date symlink: /home/jason/Desktop/navi/install/a_star/share/a_star/cmake/a_starConfig-version.cmake
[0.287s] -- Up-to-date symlink: /home/jason/Desktop/navi/install/a_star/share/a_star/package.xml
[0.322s] Invoked command in '/home/jason/Desktop/navi/build/a_star' returned '0': CMAKE_PREFIX_PATH=${CMAKE_PREFIX_PATH}:/opt/ros/humble /usr/bin/cmake --install /home/jason/Desktop/navi/build/a_star
