[0.082s] Invoking command in '/home/jason/Desktop/navi/build/local_planner': CMAKE_PREFIX_PATH=${CMAKE_PREFIX_PATH}:/opt/ros/humble /usr/bin/cmake --build /home/jason/Desktop/navi/build/local_planner -- -j20 -l20
[0.196s] [ 50%] Built target localPlanner
[0.196s] [100%] Built target pathFollower
[0.247s] Invoked command in '/home/jason/Desktop/navi/build/local_planner' returned '0': CMAKE_PREFIX_PATH=${CMAKE_PREFIX_PATH}:/opt/ros/humble /usr/bin/cmake --build /home/jason/Desktop/navi/build/local_planner -- -j20 -l20
[0.384s] Invoking command in '/home/jason/Desktop/navi/build/local_planner': CMAKE_PREFIX_PATH=${CMAKE_PREFIX_PATH}:/opt/ros/humble /usr/bin/cmake --install /home/jason/Desktop/navi/build/local_planner
[0.409s] -- Install configuration: "Release"
[0.409s] -- Execute custom install script
[0.410s] -- Up-to-date symlink: /home/jason/Desktop/navi/install/local_planner/lib/local_planner/localPlanner
[0.410s] -- Up-to-date symlink: /home/jason/Desktop/navi/install/local_planner/lib/local_planner/pathFollower
[0.410s] -- Up-to-date symlink: /home/jason/Desktop/navi/install/local_planner/share/local_planner/launch/local_planner.launch
[0.410s] -- Up-to-date symlink: /home/jason/Desktop/navi/install/local_planner/share/local_planner/paths/correspondences.txt
[0.411s] -- Up-to-date symlink: /home/jason/Desktop/navi/install/local_planner/share/local_planner/paths/pathList.ply
[0.411s] -- Up-to-date symlink: /home/jason/Desktop/navi/install/local_planner/share/local_planner/paths/path_generator.m
[0.411s] -- Up-to-date symlink: /home/jason/Desktop/navi/install/local_planner/share/local_planner/paths/paths.ply
[0.411s] -- Up-to-date symlink: /home/jason/Desktop/navi/install/local_planner/share/local_planner/paths/startPaths.ply
[0.411s] -- Up-to-date symlink: /home/jason/Desktop/navi/install/local_planner/share/ament_index/resource_index/package_run_dependencies/local_planner
[0.411s] -- Up-to-date symlink: /home/jason/Desktop/navi/install/local_planner/share/ament_index/resource_index/parent_prefix_path/local_planner
[0.411s] -- Up-to-date symlink: /home/jason/Desktop/navi/install/local_planner/share/local_planner/environment/ament_prefix_path.sh
[0.411s] -- Up-to-date symlink: /home/jason/Desktop/navi/install/local_planner/share/local_planner/environment/ament_prefix_path.dsv
[0.411s] -- Up-to-date symlink: /home/jason/Desktop/navi/install/local_planner/share/local_planner/environment/path.sh
[0.411s] -- Up-to-date symlink: /home/jason/Desktop/navi/install/local_planner/share/local_planner/environment/path.dsv
[0.411s] -- Up-to-date symlink: /home/jason/Desktop/navi/install/local_planner/share/local_planner/local_setup.bash
[0.412s] -- Up-to-date symlink: /home/jason/Desktop/navi/install/local_planner/share/local_planner/local_setup.sh
[0.412s] -- Up-to-date symlink: /home/jason/Desktop/navi/install/local_planner/share/local_planner/local_setup.zsh
[0.412s] -- Up-to-date symlink: /home/jason/Desktop/navi/install/local_planner/share/local_planner/local_setup.dsv
[0.412s] -- Symlinking: /home/jason/Desktop/navi/install/local_planner/share/local_planner/package.dsv
[0.416s] -- Up-to-date symlink: /home/jason/Desktop/navi/install/local_planner/share/ament_index/resource_index/packages/local_planner
[0.416s] -- Up-to-date symlink: /home/jason/Desktop/navi/install/local_planner/share/local_planner/cmake/local_plannerConfig.cmake
[0.417s] -- Up-to-date symlink: /home/jason/Desktop/navi/install/local_planner/share/local_planner/cmake/local_plannerConfig-version.cmake
[0.417s] -- Up-to-date symlink: /home/jason/Desktop/navi/install/local_planner/share/local_planner/package.xml
[0.490s] Invoked command in '/home/jason/Desktop/navi/build/local_planner' returned '0': CMAKE_PREFIX_PATH=${CMAKE_PREFIX_PATH}:/opt/ros/humble /usr/bin/cmake --install /home/jason/Desktop/navi/build/local_planner
