-- The C compiler identification is GNU 11.4.0
-- The CXX compiler identification is GNU 11.4.0
-- Detecting C compiler ABI info
-- Detecting C compiler ABI info - done
-- Check for working C compiler: /usr/bin/cc - skipped
-- Detecting C compile features
-- Detecting C compile features - done
-- Detecting CXX compiler ABI info
-- Detecting CXX compiler ABI info - done
-- Check for working CXX compiler: /usr/bin/c++ - skipped
-- Detecting CXX compile features
-- Detecting CXX compile features - done
-- Found ament_cmake: 1.3.8 (/opt/ros/humble/share/ament_cmake/cmake)
-- Found Python3: /usr/bin/python3 (found version "3.10.12") found components: Interpreter 
-- Override CMake install command with custom implementation using symlinks instead of copying resources
-- Found rclcpp: 16.0.8 (/opt/ros/humble/share/rclcpp/cmake)
-- Found rosidl_generator_c: 3.1.5 (/opt/ros/humble/share/rosidl_generator_c/cmake)
-- Found rosidl_adapter: 3.1.5 (/opt/ros/humble/share/rosidl_adapter/cmake)
-- Found rosidl_generator_cpp: 3.1.5 (/opt/ros/humble/share/rosidl_generator_cpp/cmake)
-- Using all available rosidl_typesupport_c: rosidl_typesupport_fastrtps_c;rosidl_typesupport_introspection_c
-- Using all available rosidl_typesupport_cpp: rosidl_typesupport_fastrtps_cpp;rosidl_typesupport_introspection_cpp
-- Found rmw_implementation_cmake: 6.1.1 (/opt/ros/humble/share/rmw_implementation_cmake/cmake)
-- Found rmw_fastrtps_cpp: 6.2.6 (/opt/ros/humble/share/rmw_fastrtps_cpp/cmake)
-- Found OpenSSL: /usr/lib/x86_64-linux-gnu/libcrypto.so (found version "3.0.2")  
-- Found FastRTPS: /opt/ros/humble/include  
-- Using RMW implementation 'rmw_fastrtps_cpp' as default
-- Looking for pthread.h
-- Looking for pthread.h - found
-- Performing Test CMAKE_HAVE_LIBC_PTHREAD
-- Performing Test CMAKE_HAVE_LIBC_PTHREAD - Success
-- Found Threads: TRUE  
-- Configuring done
-- Generating done
-- Build files have been written to: /home/jason/Desktop/navi/build/mapping
-- Install configuration: "Release"
-- Execute custom install script
-- Symlinking: /home/jason/Desktop/navi/install/mapping/share/mapping/launch/bringup_launch.py
-- Symlinking: /home/jason/Desktop/navi/install/mapping/share/mapping/launch/localization_launch.py
-- Symlinking: /home/jason/Desktop/navi/install/mapping/share/mapping/launch/mapping.launch.xml
-- Symlinking: /home/jason/Desktop/navi/install/mapping/share/mapping/map/RMUC2024.pgm
-- Symlinking: /home/jason/Desktop/navi/install/mapping/share/mapping/map/RMUC2024.yaml
-- Symlinking: /home/jason/Desktop/navi/install/mapping/share/mapping/map/map.pgm
-- Symlinking: /home/jason/Desktop/navi/install/mapping/share/mapping/map/map.yaml
-- Symlinking: /home/jason/Desktop/navi/install/mapping/share/mapping/rviz/global.rviz
-- Symlinking: /home/jason/Desktop/navi/install/mapping/share/mapping/rviz/mapping.rviz
-- Symlinking: /home/jason/Desktop/navi/install/mapping/share/mapping/params/nav2_params.yaml
-- Symlinking: /home/jason/Desktop/navi/install/mapping/share/ament_index/resource_index/package_run_dependencies/mapping
-- Symlinking: /home/jason/Desktop/navi/install/mapping/share/ament_index/resource_index/parent_prefix_path/mapping
-- Symlinking: /home/jason/Desktop/navi/install/mapping/share/mapping/environment/ament_prefix_path.sh
-- Symlinking: /home/jason/Desktop/navi/install/mapping/share/mapping/environment/ament_prefix_path.dsv
-- Symlinking: /home/jason/Desktop/navi/install/mapping/share/mapping/environment/path.sh
-- Symlinking: /home/jason/Desktop/navi/install/mapping/share/mapping/environment/path.dsv
-- Symlinking: /home/jason/Desktop/navi/install/mapping/share/mapping/local_setup.bash
-- Symlinking: /home/jason/Desktop/navi/install/mapping/share/mapping/local_setup.sh
-- Symlinking: /home/jason/Desktop/navi/install/mapping/share/mapping/local_setup.zsh
-- Symlinking: /home/jason/Desktop/navi/install/mapping/share/mapping/local_setup.dsv
-- Symlinking: /home/jason/Desktop/navi/install/mapping/share/mapping/package.dsv
-- Symlinking: /home/jason/Desktop/navi/install/mapping/share/ament_index/resource_index/packages/mapping
-- Symlinking: /home/jason/Desktop/navi/install/mapping/share/mapping/cmake/mappingConfig.cmake
-- Symlinking: /home/jason/Desktop/navi/install/mapping/share/mapping/cmake/mappingConfig-version.cmake
-- Symlinking: /home/jason/Desktop/navi/install/mapping/share/mapping/package.xml
