[0.059s] Invoking command in '/home/jason/Desktop/navi/build/joy': CMAKE_PREFIX_PATH=${CMAKE_PREFIX_PATH}:/opt/ros/humble /usr/bin/cmake /home/jason/Desktop/navi/src/local_planner/autonomous_exploration_development_environment/src/joystick_drivers/joy -DCMAKE_INSTALL_PREFIX=/home/jason/Desktop/navi/install/joy
[1.193s] -- Found ament_cmake_ros: 0.10.0 (/opt/ros/humble/share/ament_cmake_ros/cmake)
[1.194s] -- Override CMake install command with custom implementation using symlinks instead of copying resources
[1.194s] -- Found rclcpp: 16.0.8 (/opt/ros/humble/share/rclcpp/cmake)
[1.194s] -- Found rosidl_generator_c: 3.1.5 (/opt/ros/humble/share/rosidl_generator_c/cmake)
[1.194s] -- Found rosidl_adapter: 3.1.5 (/opt/ros/humble/share/rosidl_adapter/cmake)
[1.194s] -- Found rosidl_generator_cpp: 3.1.5 (/opt/ros/humble/share/rosidl_generator_cpp/cmake)
[1.194s] -- Using all available rosidl_typesupport_c: rosidl_typesupport_fastrtps_c;rosidl_typesupport_introspection_c
[1.194s] -- Using all available rosidl_typesupport_cpp: rosidl_typesupport_fastrtps_cpp;rosidl_typesupport_introspection_cpp
[1.194s] -- Found rmw_implementation_cmake: 6.1.1 (/opt/ros/humble/share/rmw_implementation_cmake/cmake)
[1.194s] -- Found rmw_fastrtps_cpp: 6.2.6 (/opt/ros/humble/share/rmw_fastrtps_cpp/cmake)
[1.194s] -- Using RMW implementation 'rmw_fastrtps_cpp' as default
[1.194s] -- Found rclcpp_components: 16.0.8 (/opt/ros/humble/share/rclcpp_components/cmake)
[1.194s] -- Found sdl2_vendor: 3.3.0 (/opt/ros/humble/share/sdl2_vendor/cmake)
[1.194s] -- Found sensor_msgs: 4.2.3 (/opt/ros/humble/share/sensor_msgs/cmake)
[1.194s] -- Found ament_lint_auto: 0.12.10 (/opt/ros/humble/share/ament_lint_auto/cmake)
[1.196s] -- Added test 'cppcheck' to perform static code analysis on C / C++ code
[1.196s] -- Configured cppcheck include dirs: $<BUILD_INTERFACE:/home/jason/Desktop/navi/src/local_planner/autonomous_exploration_development_environment/src/joystick_drivers/joy/include>
[1.196s] -- Configured cppcheck exclude dirs and/or files: 
[1.198s] -- Added test 'cpplint' to check C / C++ code against the Google style
[1.198s] -- Configured cpplint exclude dirs and/or files: 
[1.203s] -- Added test 'flake8' to check Python code syntax and style conventions
[1.203s] -- Added test 'lint_cmake' to check CMake code style
[1.203s] -- Added test 'pep257' to check Python code against some of the docstring style conventions in PEP 257
[1.203s] -- Added test 'uncrustify' to check C / C++ code style
[1.203s] -- Configured uncrustify additional arguments: 
[1.203s] -- Added test 'xmllint' to check XML markup files
[1.203s] -- Configuring done
[1.224s] -- Generating done
[1.227s] -- Build files have been written to: /home/jason/Desktop/navi/build/joy
[1.239s] Invoked command in '/home/jason/Desktop/navi/build/joy' returned '0': CMAKE_PREFIX_PATH=${CMAKE_PREFIX_PATH}:/opt/ros/humble /usr/bin/cmake /home/jason/Desktop/navi/src/local_planner/autonomous_exploration_development_environment/src/joystick_drivers/joy -DCMAKE_INSTALL_PREFIX=/home/jason/Desktop/navi/install/joy
[1.241s] Invoking command in '/home/jason/Desktop/navi/build/joy': CMAKE_PREFIX_PATH=${CMAKE_PREFIX_PATH}:/opt/ros/humble /usr/bin/cmake --build /home/jason/Desktop/navi/build/joy -- -j20 -l20
[2.460s] [35m[1mConsolidate compiler generated dependencies of target joy_node[0m
[2.460s] [35m[1mConsolidate compiler generated dependencies of target joy[0m
[2.460s] [35m[1mConsolidate compiler generated dependencies of target joy_enumerate_devices[0m
[2.460s] [ 33%] Built target joy_node
[2.460s] [ 66%] Built target joy
[2.460s] [100%] Built target joy_enumerate_devices
[2.468s] Invoked command in '/home/jason/Desktop/navi/build/joy' returned '0': CMAKE_PREFIX_PATH=${CMAKE_PREFIX_PATH}:/opt/ros/humble /usr/bin/cmake --build /home/jason/Desktop/navi/build/joy -- -j20 -l20
[2.524s] Invoking command in '/home/jason/Desktop/navi/build/joy': CMAKE_PREFIX_PATH=${CMAKE_PREFIX_PATH}:/opt/ros/humble /usr/bin/cmake --install /home/jason/Desktop/navi/build/joy
[2.647s] -- Install configuration: "Release"
[2.648s] -- Execute custom install script
[2.648s] -- Up-to-date symlink: /home/jason/Desktop/navi/install/joy/lib/joy/joy_node
[2.648s] -- Up-to-date symlink: /home/jason/Desktop/navi/install/joy/lib/joy/joy_enumerate_devices
[2.648s] -- Up-to-date symlink: /home/jason/Desktop/navi/install/joy/include/joy/joy/joy.hpp
[2.649s] -- Up-to-date symlink: /home/jason/Desktop/navi/install/joy/share/joy/config/joy-params.yaml
[2.649s] -- Up-to-date symlink: /home/jason/Desktop/navi/install/joy/share/joy/launch/joy-composed-launch.py
[2.650s] -- Up-to-date symlink: /home/jason/Desktop/navi/install/joy/share/joy/launch/joy-launch.py
[2.650s] -- Up-to-date symlink: /home/jason/Desktop/navi/install/joy/share/ament_index/resource_index/package_run_dependencies/joy
[2.650s] -- Up-to-date symlink: /home/jason/Desktop/navi/install/joy/share/ament_index/resource_index/parent_prefix_path/joy
[2.651s] -- Up-to-date symlink: /home/jason/Desktop/navi/install/joy/share/joy/environment/ament_prefix_path.sh
[2.651s] -- Up-to-date symlink: /home/jason/Desktop/navi/install/joy/share/joy/environment/ament_prefix_path.dsv
[2.651s] -- Up-to-date symlink: /home/jason/Desktop/navi/install/joy/share/joy/environment/path.sh
[2.651s] -- Up-to-date symlink: /home/jason/Desktop/navi/install/joy/share/joy/environment/path.dsv
[2.651s] -- Up-to-date symlink: /home/jason/Desktop/navi/install/joy/share/joy/local_setup.bash
[2.651s] -- Up-to-date symlink: /home/jason/Desktop/navi/install/joy/share/joy/local_setup.sh
[2.652s] -- Up-to-date symlink: /home/jason/Desktop/navi/install/joy/share/joy/local_setup.zsh
[2.652s] -- Up-to-date symlink: /home/jason/Desktop/navi/install/joy/share/joy/local_setup.dsv
[2.652s] -- Symlinking: /home/jason/Desktop/navi/install/joy/share/joy/package.dsv
[2.652s] -- Up-to-date symlink: /home/jason/Desktop/navi/install/joy/share/ament_index/resource_index/packages/joy
[2.652s] -- Up-to-date symlink: /home/jason/Desktop/navi/install/joy/share/ament_index/resource_index/rclcpp_components/joy
[2.652s] -- Up-to-date symlink: /home/jason/Desktop/navi/install/joy/share/joy/cmake/ament_cmake_export_targets-extras.cmake
[2.652s] -- Up-to-date symlink: /home/jason/Desktop/navi/install/joy/share/joy/cmake/ament_cmake_export_dependencies-extras.cmake
[2.653s] -- Up-to-date symlink: /home/jason/Desktop/navi/install/joy/share/joy/cmake/joyConfig.cmake
[2.653s] -- Up-to-date symlink: /home/jason/Desktop/navi/install/joy/share/joy/cmake/joyConfig-version.cmake
[2.653s] -- Up-to-date symlink: /home/jason/Desktop/navi/install/joy/share/joy/package.xml
[2.653s] -- Up-to-date: /home/jason/Desktop/navi/install/joy/lib/libjoy.so
[2.653s] -- Up-to-date: /home/jason/Desktop/navi/install/joy/share/joy/cmake/export_joyExport.cmake
[2.654s] -- Up-to-date: /home/jason/Desktop/navi/install/joy/share/joy/cmake/export_joyExport-release.cmake
[2.695s] Invoked command in '/home/jason/Desktop/navi/build/joy' returned '0': CMAKE_PREFIX_PATH=${CMAKE_PREFIX_PATH}:/opt/ros/humble /usr/bin/cmake --install /home/jason/Desktop/navi/build/joy
