[0.078s] Invoking command in '/home/jason/Desktop/navi/build/path2waypoint': CMAKE_PREFIX_PATH=/opt/ros/humble /usr/bin/cmake /home/jason/Desktop/navi/src/global_planner/path2waypoint -DCMAKE_BUILD_TYPE=Release -DAMENT_CMAKE_SYMLINK_INSTALL=1 -DCMAKE_INSTALL_PREFIX=/home/jason/Desktop/navi/install/path2waypoint
[0.352s] -- The C compiler identification is GNU 11.4.0
[0.507s] -- The CXX compiler identification is GNU 11.4.0
[0.537s] -- Detecting C compiler ABI info
[0.917s] -- Detecting C compiler ABI info - done
[1.003s] -- Check for working C compiler: /usr/bin/cc - skipped
[1.011s] -- Detecting C compile features
[1.013s] -- Detecting C compile features - done
[1.054s] -- Detecting CXX compiler ABI info
[1.456s] -- Detecting CXX compiler ABI info - done
[1.505s] -- Check for working CXX compiler: /usr/bin/c++ - skipped
[1.516s] -- Detecting CXX compile features
[1.516s] -- Detecting CXX compile features - done
[1.522s] -- Found ament_cmake: 1.3.8 (/opt/ros/humble/share/ament_cmake/cmake)
[2.489s] -- Found Python3: /usr/bin/python3 (found version "3.10.12") found components: Interpreter 
[2.809s] -- Override CMake install command with custom implementation using symlinks instead of copying resources
[2.927s] -- Found rclcpp: 16.0.8 (/opt/ros/humble/share/rclcpp/cmake)
[3.116s] -- Found rosidl_generator_c: 3.1.5 (/opt/ros/humble/share/rosidl_generator_c/cmake)
[3.144s] -- Found rosidl_adapter: 3.1.5 (/opt/ros/humble/share/rosidl_adapter/cmake)
[3.179s] -- Found rosidl_generator_cpp: 3.1.5 (/opt/ros/humble/share/rosidl_generator_cpp/cmake)
[3.249s] -- Using all available rosidl_typesupport_c: rosidl_typesupport_fastrtps_c;rosidl_typesupport_introspection_c
[3.343s] -- Using all available rosidl_typesupport_cpp: rosidl_typesupport_fastrtps_cpp;rosidl_typesupport_introspection_cpp
[3.588s] -- Found rmw_implementation_cmake: 6.1.1 (/opt/ros/humble/share/rmw_implementation_cmake/cmake)
[3.596s] -- Found rmw_fastrtps_cpp: 6.2.6 (/opt/ros/humble/share/rmw_fastrtps_cpp/cmake)
[3.996s] -- Found OpenSSL: /usr/lib/x86_64-linux-gnu/libcrypto.so (found version "3.0.2")  
[4.121s] -- Found FastRTPS: /opt/ros/humble/include  
[4.247s] -- Using RMW implementation 'rmw_fastrtps_cpp' as default
[4.278s] -- Looking for pthread.h
[4.610s] -- Looking for pthread.h - found
[4.610s] -- Performing Test CMAKE_HAVE_LIBC_PTHREAD
[4.967s] -- Performing Test CMAKE_HAVE_LIBC_PTHREAD - Success
[4.968s] -- Found Threads: TRUE  
[5.771s] -- Found rclcpp_components: 16.0.8 (/opt/ros/humble/share/rclcpp_components/cmake)
[6.125s] -- Found nav_msgs: 4.2.3 (/opt/ros/humble/share/nav_msgs/cmake)
[6.592s] -- Found ament_lint_auto: 0.12.10 (/opt/ros/humble/share/ament_lint_auto/cmake)
[6.944s] -- Added test 'cppcheck' to perform static code analysis on C / C++ code
[6.944s] -- Configured cppcheck include dirs: 
[6.945s] -- Configured cppcheck exclude dirs and/or files: 
[6.946s] -- Added test 'lint_cmake' to check CMake code style
[6.949s] -- Added test 'uncrustify' to check C / C++ code style
[6.949s] -- Configured uncrustify additional arguments: 
[6.951s] -- Added test 'xmllint' to check XML markup files
[6.954s] -- Configuring done
[6.977s] -- Generating done
[6.981s] -- Build files have been written to: /home/jason/Desktop/navi/build/path2waypoint
[7.011s] Invoked command in '/home/jason/Desktop/navi/build/path2waypoint' returned '0': CMAKE_PREFIX_PATH=/opt/ros/humble /usr/bin/cmake /home/jason/Desktop/navi/src/global_planner/path2waypoint -DCMAKE_BUILD_TYPE=Release -DAMENT_CMAKE_SYMLINK_INSTALL=1 -DCMAKE_INSTALL_PREFIX=/home/jason/Desktop/navi/install/path2waypoint
[7.029s] Invoking command in '/home/jason/Desktop/navi/build/path2waypoint': CMAKE_PREFIX_PATH=/opt/ros/humble /usr/bin/cmake --build /home/jason/Desktop/navi/build/path2waypoint -- -j20 -l20
[13.576s] [ 50%] [32mBuilding CXX object CMakeFiles/path2waypoint.dir/src/path2waypoint.cpp.o[0m
[78.303s] [100%] [32m[1mLinking CXX executable path2waypoint[0m
[78.854s] [100%] Built target path2waypoint
[78.874s] Invoked command in '/home/jason/Desktop/navi/build/path2waypoint' returned '0': CMAKE_PREFIX_PATH=/opt/ros/humble /usr/bin/cmake --build /home/jason/Desktop/navi/build/path2waypoint -- -j20 -l20
[78.923s] Invoking command in '/home/jason/Desktop/navi/build/path2waypoint': CMAKE_PREFIX_PATH=/opt/ros/humble /usr/bin/cmake --install /home/jason/Desktop/navi/build/path2waypoint
[78.937s] -- Install configuration: "Release"
[78.938s] -- Execute custom install script
[78.939s] -- Symlinking: /home/jason/Desktop/navi/install/path2waypoint/lib/path2waypoint/path2waypoint
[78.957s] -- Symlinking: /home/jason/Desktop/navi/install/path2waypoint/share/ament_index/resource_index/package_run_dependencies/path2waypoint
[78.973s] -- Symlinking: /home/jason/Desktop/navi/install/path2waypoint/share/ament_index/resource_index/parent_prefix_path/path2waypoint
[78.992s] -- Symlinking: /home/jason/Desktop/navi/install/path2waypoint/share/path2waypoint/environment/ament_prefix_path.sh
[79.011s] -- Symlinking: /home/jason/Desktop/navi/install/path2waypoint/share/path2waypoint/environment/ament_prefix_path.dsv
[79.028s] -- Symlinking: /home/jason/Desktop/navi/install/path2waypoint/share/path2waypoint/environment/path.sh
[79.059s] -- Symlinking: /home/jason/Desktop/navi/install/path2waypoint/share/path2waypoint/environment/path.dsv
[79.064s] -- Symlinking: /home/jason/Desktop/navi/install/path2waypoint/share/path2waypoint/local_setup.bash
[79.080s] -- Symlinking: /home/jason/Desktop/navi/install/path2waypoint/share/path2waypoint/local_setup.sh
[79.100s] -- Symlinking: /home/jason/Desktop/navi/install/path2waypoint/share/path2waypoint/local_setup.zsh
[79.117s] -- Symlinking: /home/jason/Desktop/navi/install/path2waypoint/share/path2waypoint/local_setup.dsv
[79.135s] -- Symlinking: /home/jason/Desktop/navi/install/path2waypoint/share/path2waypoint/package.dsv
[79.163s] -- Symlinking: /home/jason/Desktop/navi/install/path2waypoint/share/ament_index/resource_index/packages/path2waypoint
[79.182s] -- Symlinking: /home/jason/Desktop/navi/install/path2waypoint/share/path2waypoint/cmake/path2waypointConfig.cmake
[79.200s] -- Symlinking: /home/jason/Desktop/navi/install/path2waypoint/share/path2waypoint/cmake/path2waypointConfig-version.cmake
[79.215s] -- Symlinking: /home/jason/Desktop/navi/install/path2waypoint/share/path2waypoint/package.xml
[79.232s] Invoked command in '/home/jason/Desktop/navi/build/path2waypoint' returned '0': CMAKE_PREFIX_PATH=/opt/ros/humble /usr/bin/cmake --install /home/jason/Desktop/navi/build/path2waypoint
