[0.064s] Invoking command in '/home/jason/Desktop/navi/build/mapping': CMAKE_PREFIX_PATH=${CMAKE_PREFIX_PATH}:/opt/ros/humble /usr/bin/cmake /home/jason/Desktop/navi/src/global_planner/mapping -DCMAKE_INSTALL_PREFIX=/home/jason/Desktop/navi/install/mapping
[0.131s] -- Found ament_cmake: 1.3.8 (/opt/ros/humble/share/ament_cmake/cmake)
[0.265s] -- Override CMake install command with custom implementation using symlinks instead of copying resources
[0.285s] -- Found rclcpp: 16.0.8 (/opt/ros/humble/share/rclcpp/cmake)
[0.341s] -- Found rosidl_generator_c: 3.1.5 (/opt/ros/humble/share/rosidl_generator_c/cmake)
[0.345s] -- Found rosidl_adapter: 3.1.5 (/opt/ros/humble/share/rosidl_adapter/cmake)
[0.357s] -- Found rosidl_generator_cpp: 3.1.5 (/opt/ros/humble/share/rosidl_generator_cpp/cmake)
[0.377s] -- Using all available rosidl_typesupport_c: rosidl_typesupport_fastrtps_c;rosidl_typesupport_introspection_c
[0.402s] -- Using all available rosidl_typesupport_cpp: rosidl_typesupport_fastrtps_cpp;rosidl_typesupport_introspection_cpp
[0.492s] -- Found rmw_implementation_cmake: 6.1.1 (/opt/ros/humble/share/rmw_implementation_cmake/cmake)
[0.496s] -- Found rmw_fastrtps_cpp: 6.2.6 (/opt/ros/humble/share/rmw_fastrtps_cpp/cmake)
[0.684s] -- Using RMW implementation 'rmw_fastrtps_cpp' as default
[0.992s] -- Configuring done
[0.997s] -- Generating done
[0.999s] -- Build files have been written to: /home/jason/Desktop/navi/build/mapping
[1.009s] Invoked command in '/home/jason/Desktop/navi/build/mapping' returned '0': CMAKE_PREFIX_PATH=${CMAKE_PREFIX_PATH}:/opt/ros/humble /usr/bin/cmake /home/jason/Desktop/navi/src/global_planner/mapping -DCMAKE_INSTALL_PREFIX=/home/jason/Desktop/navi/install/mapping
[1.011s] Invoking command in '/home/jason/Desktop/navi/build/mapping': CMAKE_PREFIX_PATH=${CMAKE_PREFIX_PATH}:/opt/ros/humble /usr/bin/cmake --build /home/jason/Desktop/navi/build/mapping -- -j20 -l20
[2.498s] Invoked command in '/home/jason/Desktop/navi/build/mapping' returned '0': CMAKE_PREFIX_PATH=${CMAKE_PREFIX_PATH}:/opt/ros/humble /usr/bin/cmake --build /home/jason/Desktop/navi/build/mapping -- -j20 -l20
[2.548s] Invoking command in '/home/jason/Desktop/navi/build/mapping': CMAKE_PREFIX_PATH=${CMAKE_PREFIX_PATH}:/opt/ros/humble /usr/bin/cmake --install /home/jason/Desktop/navi/build/mapping
[2.664s] -- Install configuration: "Release"
[2.665s] -- Execute custom install script
[2.666s] -- Up-to-date symlink: /home/jason/Desktop/navi/install/mapping/share/mapping/launch/bringup_launch.py
[2.666s] -- Up-to-date symlink: /home/jason/Desktop/navi/install/mapping/share/mapping/launch/localization_launch.py
[2.666s] -- Up-to-date symlink: /home/jason/Desktop/navi/install/mapping/share/mapping/launch/mapping.launch.xml
[2.666s] -- Up-to-date symlink: /home/jason/Desktop/navi/install/mapping/share/mapping/map/RMUC2024.pgm
[2.666s] -- Up-to-date symlink: /home/jason/Desktop/navi/install/mapping/share/mapping/map/RMUC2024.yaml
[2.666s] -- Up-to-date symlink: /home/jason/Desktop/navi/install/mapping/share/mapping/map/map.pgm
[2.666s] -- Symlinking: /home/jason/Desktop/navi/install/mapping/share/mapping/map/map.png
[2.666s] -- Symlinking: /home/jason/Desktop/navi/install/mapping/share/mapping/map/map.xcf
[2.666s] -- Up-to-date symlink: /home/jason/Desktop/navi/install/mapping/share/mapping/map/map.yaml
[2.666s] -- Up-to-date symlink: /home/jason/Desktop/navi/install/mapping/share/mapping/rviz/global.rviz
[2.666s] -- Up-to-date symlink: /home/jason/Desktop/navi/install/mapping/share/mapping/rviz/mapping.rviz
[2.667s] -- Up-to-date symlink: /home/jason/Desktop/navi/install/mapping/share/mapping/params/nav2_params.yaml
[2.667s] -- Up-to-date symlink: /home/jason/Desktop/navi/install/mapping/share/ament_index/resource_index/package_run_dependencies/mapping
[2.667s] -- Up-to-date symlink: /home/jason/Desktop/navi/install/mapping/share/ament_index/resource_index/parent_prefix_path/mapping
[2.667s] -- Up-to-date symlink: /home/jason/Desktop/navi/install/mapping/share/mapping/environment/ament_prefix_path.sh
[2.667s] -- Up-to-date symlink: /home/jason/Desktop/navi/install/mapping/share/mapping/environment/ament_prefix_path.dsv
[2.667s] -- Up-to-date symlink: /home/jason/Desktop/navi/install/mapping/share/mapping/environment/path.sh
[2.667s] -- Up-to-date symlink: /home/jason/Desktop/navi/install/mapping/share/mapping/environment/path.dsv
[2.667s] -- Up-to-date symlink: /home/jason/Desktop/navi/install/mapping/share/mapping/local_setup.bash
[2.667s] -- Up-to-date symlink: /home/jason/Desktop/navi/install/mapping/share/mapping/local_setup.sh
[2.667s] -- Up-to-date symlink: /home/jason/Desktop/navi/install/mapping/share/mapping/local_setup.zsh
[2.667s] -- Up-to-date symlink: /home/jason/Desktop/navi/install/mapping/share/mapping/local_setup.dsv
[2.668s] -- Symlinking: /home/jason/Desktop/navi/install/mapping/share/mapping/package.dsv
[2.668s] -- Up-to-date symlink: /home/jason/Desktop/navi/install/mapping/share/ament_index/resource_index/packages/mapping
[2.668s] -- Up-to-date symlink: /home/jason/Desktop/navi/install/mapping/share/mapping/cmake/mappingConfig.cmake
[2.668s] -- Up-to-date symlink: /home/jason/Desktop/navi/install/mapping/share/mapping/cmake/mappingConfig-version.cmake
[2.668s] -- Up-to-date symlink: /home/jason/Desktop/navi/install/mapping/share/mapping/package.xml
[2.694s] Invoked command in '/home/jason/Desktop/navi/build/mapping' returned '0': CMAKE_PREFIX_PATH=${CMAKE_PREFIX_PATH}:/opt/ros/humble /usr/bin/cmake --install /home/jason/Desktop/navi/build/mapping
