[0.013s] Invoking command in '/home/jason/Desktop/navi/build/fast_lio': CMAKE_PREFIX_PATH=/home/jason/Desktop/navi/install/livox_ros_driver2:/home/jason/Desktop/auto_aim/install/rm_vision_bringup:/home/jason/Desktop/auto_aim/install/rm_serial_driver:/home/jason/Desktop/auto_aim/install/rm_gimbal_description:/home/jason/Desktop/auto_aim/install/rm_auto_aim:/home/jason/Desktop/auto_aim/install/mindvision_camera:/home/jason/Desktop/auto_aim/install/hik_camera:/home/jason/Desktop/auto_aim/install/armor_tracker:/home/jason/Desktop/auto_aim/install/armor_detector:/home/jason/Desktop/auto_aim/install/auto_aim_interfaces:/home/jason/Desktop/Decision_moudle/install/decision_moudle:/home/jason/Desktop/navi/install/waypoint_rviz_plugin:/home/jason/Desktop/navi/install/waypoint_example:/home/jason/Desktop/navi/install/visualization_tools:/home/jason/Desktop/navi/install/velodyne_simulator:/home/jason/Desktop/navi/install/velodyne_gazebo_plugins:/home/jason/Desktop/navi/install/velodyne_description:/home/jason/Desktop/navi/install/rm_nav_bringup:/home/jason/Desktop/navi/install/vehicle_simulator:/home/jason/Desktop/navi/install/terrain_analysis_ext:/home/jason/Desktop/navi/install/terrain_analysis:/home/jason/Desktop/navi/install/sensor_scan_generation:/home/jason/Desktop/navi/install/path2waypoint:/home/jason/Desktop/navi/install/mapping:/home/jason/Desktop/navi/install/local_planner:/home/jason/Desktop/navi/install/loam_interface:/home/jason/Desktop/navi/install/fast_lio:/home/jason/Desktop/navi/install/linefit_ground_segmentation_ros:/home/jason/Desktop/navi/install/linefit_ground_segmentation:/home/jason/Desktop/navi/install/joy:/home/jason/Desktop/navi/install/icp_localization_ros2:/home/jason/Desktop/navi/install/a_star:/opt/ros/humble LD_LIBRARY_PATH=/home/jason/Desktop/navi/install/livox_ros_driver2/lib:/opt/MVS/lib/64:/opt/MVS/lib/32:/home/jason/Desktop/auto_aim/install/rm_serial_driver/lib:/home/jason/Desktop/auto_aim/install/mindvision_camera/lib:/home/jason/Desktop/auto_aim/install/hik_camera/lib:/home/jason/Desktop/auto_aim/install/armor_tracker/lib:/home/jason/Desktop/auto_aim/install/armor_detector/lib:/home/jason/Desktop/auto_aim/install/auto_aim_interfaces/lib:/home/jason/Desktop/Decision_moudle/install/decision_moudle/lib:/home/jason/Desktop/navi/install/velodyne_gazebo_plugins/lib:/home/jason/Desktop/navi/install/fast_lio/lib:/home/jason/Desktop/navi/install/linefit_ground_segmentation/lib:/home/jason/Desktop/navi/install/joy/lib:/home/jason/Desktop/navi/install/a_star/lib:/opt/MVS/lib/64:/opt/MVS/lib/32:/usr/lib/x86_64-linux-gnu/gazebo-11/plugins:/opt/ros/humble/opt/rviz_ogre_vendor/lib:/opt/ros/humble/lib/x86_64-linux-gnu:/opt/ros/humble/lib:/opt/MVS/lib/64:/opt/MVS/lib/32:/opt/MVS/lib/64:/opt/MVS/lib/32 /usr/bin/cmake /home/jason/Desktop/navi/src/localization/FAST_LIO -DAMENT_CMAKE_SYMLINK_INSTALL=1 -DCMAKE_INSTALL_PREFIX=/home/jason/Desktop/navi/install/fast_lio
[0.026s] [0mCurrent CPU archtecture: x86_64[0m
[0.030s] [0mProcesser number:  20[0m
[0.030s] [0mcore for MP: 3[0m
[0.034s] -- Found PythonLibs: /usr/lib/x86_64-linux-gnu/libpython3.10.so (found version "3.10.12") 
[0.034s] -- Found ament_cmake: 1.3.8 (/opt/ros/humble/share/ament_cmake/cmake)
[0.132s] -- Override CMake install command with custom implementation using symlinks instead of copying resources
[0.140s] -- Found rclcpp: 16.0.8 (/opt/ros/humble/share/rclcpp/cmake)
[0.163s] -- Found rosidl_generator_c: 3.1.5 (/opt/ros/humble/share/rosidl_generator_c/cmake)
[0.165s] -- Found rosidl_adapter: 3.1.5 (/opt/ros/humble/share/rosidl_adapter/cmake)
[0.169s] -- Found rosidl_generator_cpp: 3.1.5 (/opt/ros/humble/share/rosidl_generator_cpp/cmake)
[0.177s] -- Using all available rosidl_typesupport_c: rosidl_typesupport_fastrtps_c;rosidl_typesupport_introspection_c
[0.189s] -- Using all available rosidl_typesupport_cpp: rosidl_typesupport_fastrtps_cpp;rosidl_typesupport_introspection_cpp
[0.232s] -- Found rmw_implementation_cmake: 6.1.1 (/opt/ros/humble/share/rmw_implementation_cmake/cmake)
[0.234s] -- Found rmw_fastrtps_cpp: 6.2.6 (/opt/ros/humble/share/rmw_fastrtps_cpp/cmake)
[0.365s] -- Using RMW implementation 'rmw_fastrtps_cpp' as default
[0.474s] -- Found rclcpp_components: 16.0.8 (/opt/ros/humble/share/rclcpp_components/cmake)
[0.513s] -- Found geometry_msgs: 4.2.3 (/opt/ros/humble/share/geometry_msgs/cmake)
[0.543s] -- Found nav_msgs: 4.2.3 (/opt/ros/humble/share/nav_msgs/cmake)
[0.599s] -- Found sensor_msgs: 4.2.3 (/opt/ros/humble/share/sensor_msgs/cmake)
[0.655s] -- Found std_srvs: 4.2.3 (/opt/ros/humble/share/std_srvs/cmake)
[0.666s] -- Found visualization_msgs: 4.2.3 (/opt/ros/humble/share/visualization_msgs/cmake)
[0.748s] -- Found pcl_ros: 2.4.0 (/opt/ros/humble/share/pcl_ros/cmake)
[0.923s] -- Found eigen3_cmake_module: 0.1.1 (/opt/ros/humble/share/eigen3_cmake_module/cmake)
[0.924s] -- Ensuring Eigen3 include directory is part of orocos-kdl CMake target
[1.129s] -- Eigen found (include: /usr/include/eigen3, version: 3.4.0)
[1.154s] -- FLANN found (include: /usr/include, lib: /usr/lib/x86_64-linux-gnu/libflann_cpp.so)
[1.392s] -- OpenNI found (version: 1.5.4.0, include: /usr/include/ni, lib: /usr/lib/libOpenNI.so;libusb::libusb)
[1.396s] -- OpenNI2 found (version: 2.2.0.33, include: /usr/include/openni2, lib: /usr/lib/x86_64-linux-gnu/libOpenNI2.so;libusb::libusb)
[1.511s] -- Eigen found (include: /usr/include/eigen3, version: 3.4.0)
[1.516s] -- OpenNI found (version: 1.5.4.0, include: /usr/include/ni, lib: /usr/lib/libOpenNI.so;libusb::libusb)
[1.522s] -- OpenNI2 found (version: 2.2.0.33, include: /usr/include/openni2, lib: /usr/lib/x86_64-linux-gnu/libOpenNI2.so;libusb::libusb)
[1.626s] -- Found Qhull version 8.0.2
[1.750s] -- OpenNI found (version: 1.5.4.0, include: /usr/include/ni, lib: /usr/lib/libOpenNI.so;libusb::libusb)
[1.875s] -- Found livox_ros_driver2: 1.0.0 (/home/jason/Desktop/navi/install/livox_ros_driver2/share/livox_ros_driver2/cmake)
[2.008s] -- Found rosidl_default_generators: 1.2.0 (/opt/ros/humble/share/rosidl_default_generators/cmake)
[2.015s] [33mCMake Warning (dev) at CMakeLists.txt:81 (find_package):
[2.015s]   Policy CMP0074 is not set: find_package uses <PackageName>_ROOT variables.
[2.015s]   Run "cmake --help-policy CMP0074" for policy details.  Use the cmake_policy
[2.015s]   command to set the policy and suppress this warning.
[2.015s] 
[2.015s]   CMake variable PCL_ROOT is set to:
[2.015s] 
[2.015s]     /usr
[2.015s] 
[2.015s]   For compatibility, CMake is ignoring the variable.
[2.015s] This warning is for project developers.  Use -Wno-dev to suppress it.
[2.015s] [0m
[2.021s] [0mEigen:/usr/include/eigen3[0m
[2.021s] -- PCL: /usr/include/pcl-1.12
[2.202s] -- Found ament_cmake_ros: 0.10.0 (/opt/ros/humble/share/ament_cmake_ros/cmake)
[2.423s] -- Using all available rosidl_typesupport_c: rosidl_typesupport_fastrtps_c;rosidl_typesupport_introspection_c
[2.496s] -- Using all available rosidl_typesupport_cpp: rosidl_typesupport_fastrtps_cpp;rosidl_typesupport_introspection_cpp
[2.509s] -- Found python_cmake_module: 0.10.0 (/opt/ros/humble/share/python_cmake_module/cmake)
[2.524s] -- Found PythonLibs: /usr/lib/x86_64-linux-gnu/libpython3.10.so (found suitable version "3.10.12", minimum required is "3.5") 
[2.524s] -- Using PYTHON_EXECUTABLE: /usr/bin/python3
[2.524s] -- Using PYTHON_INCLUDE_DIRS: /usr/include/python3.10
[2.524s] -- Using PYTHON_LIBRARIES: /usr/lib/x86_64-linux-gnu/libpython3.10.so
[2.590s] -- Configuring done
[2.630s] -- Generating done
[2.633s] -- Build files have been written to: /home/jason/Desktop/navi/build/fast_lio
[2.648s] Invoked command in '/home/jason/Desktop/navi/build/fast_lio' returned '0': CMAKE_PREFIX_PATH=/home/jason/Desktop/navi/install/livox_ros_driver2:/home/jason/Desktop/auto_aim/install/rm_vision_bringup:/home/jason/Desktop/auto_aim/install/rm_serial_driver:/home/jason/Desktop/auto_aim/install/rm_gimbal_description:/home/jason/Desktop/auto_aim/install/rm_auto_aim:/home/jason/Desktop/auto_aim/install/mindvision_camera:/home/jason/Desktop/auto_aim/install/hik_camera:/home/jason/Desktop/auto_aim/install/armor_tracker:/home/jason/Desktop/auto_aim/install/armor_detector:/home/jason/Desktop/auto_aim/install/auto_aim_interfaces:/home/jason/Desktop/Decision_moudle/install/decision_moudle:/home/jason/Desktop/navi/install/waypoint_rviz_plugin:/home/jason/Desktop/navi/install/waypoint_example:/home/jason/Desktop/navi/install/visualization_tools:/home/jason/Desktop/navi/install/velodyne_simulator:/home/jason/Desktop/navi/install/velodyne_gazebo_plugins:/home/jason/Desktop/navi/install/velodyne_description:/home/jason/Desktop/navi/install/rm_nav_bringup:/home/jason/Desktop/navi/install/vehicle_simulator:/home/jason/Desktop/navi/install/terrain_analysis_ext:/home/jason/Desktop/navi/install/terrain_analysis:/home/jason/Desktop/navi/install/sensor_scan_generation:/home/jason/Desktop/navi/install/path2waypoint:/home/jason/Desktop/navi/install/mapping:/home/jason/Desktop/navi/install/local_planner:/home/jason/Desktop/navi/install/loam_interface:/home/jason/Desktop/navi/install/fast_lio:/home/jason/Desktop/navi/install/linefit_ground_segmentation_ros:/home/jason/Desktop/navi/install/linefit_ground_segmentation:/home/jason/Desktop/navi/install/joy:/home/jason/Desktop/navi/install/icp_localization_ros2:/home/jason/Desktop/navi/install/a_star:/opt/ros/humble LD_LIBRARY_PATH=/home/jason/Desktop/navi/install/livox_ros_driver2/lib:/opt/MVS/lib/64:/opt/MVS/lib/32:/home/jason/Desktop/auto_aim/install/rm_serial_driver/lib:/home/jason/Desktop/auto_aim/install/mindvision_camera/lib:/home/jason/Desktop/auto_aim/install/hik_camera/lib:/home/jason/Desktop/auto_aim/install/armor_tracker/lib:/home/jason/Desktop/auto_aim/install/armor_detector/lib:/home/jason/Desktop/auto_aim/install/auto_aim_interfaces/lib:/home/jason/Desktop/Decision_moudle/install/decision_moudle/lib:/home/jason/Desktop/navi/install/velodyne_gazebo_plugins/lib:/home/jason/Desktop/navi/install/fast_lio/lib:/home/jason/Desktop/navi/install/linefit_ground_segmentation/lib:/home/jason/Desktop/navi/install/joy/lib:/home/jason/Desktop/navi/install/a_star/lib:/opt/MVS/lib/64:/opt/MVS/lib/32:/usr/lib/x86_64-linux-gnu/gazebo-11/plugins:/opt/ros/humble/opt/rviz_ogre_vendor/lib:/opt/ros/humble/lib/x86_64-linux-gnu:/opt/ros/humble/lib:/opt/MVS/lib/64:/opt/MVS/lib/32:/opt/MVS/lib/64:/opt/MVS/lib/32 /usr/bin/cmake /home/jason/Desktop/navi/src/localization/FAST_LIO -DAMENT_CMAKE_SYMLINK_INSTALL=1 -DCMAKE_INSTALL_PREFIX=/home/jason/Desktop/navi/install/fast_lio
[2.649s] Invoking command in '/home/jason/Desktop/navi/build/fast_lio': CMAKE_PREFIX_PATH=/home/jason/Desktop/navi/install/livox_ros_driver2:/home/jason/Desktop/auto_aim/install/rm_vision_bringup:/home/jason/Desktop/auto_aim/install/rm_serial_driver:/home/jason/Desktop/auto_aim/install/rm_gimbal_description:/home/jason/Desktop/auto_aim/install/rm_auto_aim:/home/jason/Desktop/auto_aim/install/mindvision_camera:/home/jason/Desktop/auto_aim/install/hik_camera:/home/jason/Desktop/auto_aim/install/armor_tracker:/home/jason/Desktop/auto_aim/install/armor_detector:/home/jason/Desktop/auto_aim/install/auto_aim_interfaces:/home/jason/Desktop/Decision_moudle/install/decision_moudle:/home/jason/Desktop/navi/install/waypoint_rviz_plugin:/home/jason/Desktop/navi/install/waypoint_example:/home/jason/Desktop/navi/install/visualization_tools:/home/jason/Desktop/navi/install/velodyne_simulator:/home/jason/Desktop/navi/install/velodyne_gazebo_plugins:/home/jason/Desktop/navi/install/velodyne_description:/home/jason/Desktop/navi/install/rm_nav_bringup:/home/jason/Desktop/navi/install/vehicle_simulator:/home/jason/Desktop/navi/install/terrain_analysis_ext:/home/jason/Desktop/navi/install/terrain_analysis:/home/jason/Desktop/navi/install/sensor_scan_generation:/home/jason/Desktop/navi/install/path2waypoint:/home/jason/Desktop/navi/install/mapping:/home/jason/Desktop/navi/install/local_planner:/home/jason/Desktop/navi/install/loam_interface:/home/jason/Desktop/navi/install/fast_lio:/home/jason/Desktop/navi/install/linefit_ground_segmentation_ros:/home/jason/Desktop/navi/install/linefit_ground_segmentation:/home/jason/Desktop/navi/install/joy:/home/jason/Desktop/navi/install/icp_localization_ros2:/home/jason/Desktop/navi/install/a_star:/opt/ros/humble LD_LIBRARY_PATH=/home/jason/Desktop/navi/install/livox_ros_driver2/lib:/opt/MVS/lib/64:/opt/MVS/lib/32:/home/jason/Desktop/auto_aim/install/rm_serial_driver/lib:/home/jason/Desktop/auto_aim/install/mindvision_camera/lib:/home/jason/Desktop/auto_aim/install/hik_camera/lib:/home/jason/Desktop/auto_aim/install/armor_tracker/lib:/home/jason/Desktop/auto_aim/install/armor_detector/lib:/home/jason/Desktop/auto_aim/install/auto_aim_interfaces/lib:/home/jason/Desktop/Decision_moudle/install/decision_moudle/lib:/home/jason/Desktop/navi/install/velodyne_gazebo_plugins/lib:/home/jason/Desktop/navi/install/fast_lio/lib:/home/jason/Desktop/navi/install/linefit_ground_segmentation/lib:/home/jason/Desktop/navi/install/joy/lib:/home/jason/Desktop/navi/install/a_star/lib:/opt/MVS/lib/64:/opt/MVS/lib/32:/usr/lib/x86_64-linux-gnu/gazebo-11/plugins:/opt/ros/humble/opt/rviz_ogre_vendor/lib:/opt/ros/humble/lib/x86_64-linux-gnu:/opt/ros/humble/lib:/opt/MVS/lib/64:/opt/MVS/lib/32:/opt/MVS/lib/64:/opt/MVS/lib/32 /usr/bin/cmake --build /home/jason/Desktop/navi/build/fast_lio -- -j20 -l20
[2.681s] [35m[1mConsolidate compiler generated dependencies of target fast_lio__rosidl_generator_c[0m
[2.688s] [  2%] Built target fast_lio__cpp
[2.689s] [ 11%] Built target fast_lio__rosidl_generator_c
[2.695s] [ 11%] Built target ament_cmake_python_symlink_fast_lio
[2.696s] [35m[1mConsolidate compiler generated dependencies of target fast_lio__rosidl_typesupport_cpp[0m
[2.696s] [35m[1mConsolidate compiler generated dependencies of target fast_lio__rosidl_typesupport_fastrtps_c[0m
[2.696s] [35m[1mConsolidate compiler generated dependencies of target fast_lio__rosidl_typesupport_introspection_c[0m
[2.697s] [35m[1mConsolidate compiler generated dependencies of target fast_lio__rosidl_typesupport_c[0m
[2.697s] [35m[1mConsolidate compiler generated dependencies of target fast_lio__rosidl_typesupport_fastrtps_cpp[0m
[2.697s] [35m[1mConsolidate compiler generated dependencies of target fast_lio__rosidl_typesupport_introspection_cpp[0m
[2.705s] [ 25%] Built target fast_lio__rosidl_typesupport_c
[2.705s] [ 28%] Built target fast_lio__rosidl_typesupport_introspection_c
[2.705s] [ 37%] Built target fast_lio__rosidl_typesupport_cpp
[2.707s] [ 45%] Built target fast_lio__rosidl_typesupport_fastrtps_c
[2.710s] [ 54%] Built target fast_lio__rosidl_typesupport_introspection_cpp
[2.710s] [ 62%] Built target fast_lio__rosidl_typesupport_fastrtps_cpp
[2.717s] [35m[1mConsolidate compiler generated dependencies of target fastlio_mapping[0m
[2.726s] [ 62%] Built target fast_lio
[2.744s] [ 65%] Built target fast_lio__py
[2.752s] [35m[1mConsolidate compiler generated dependencies of target fast_lio__rosidl_generator_py[0m
[2.754s] [ 77%] Built target fastlio_mapping
[2.763s] [ 82%] Built target fast_lio__rosidl_generator_py
[2.771s] [35m[1mConsolidate compiler generated dependencies of target fast_lio__rosidl_typesupport_fastrtps_c__pyext[0m
[2.771s] [35m[1mConsolidate compiler generated dependencies of target fast_lio__rosidl_typesupport_introspection_c__pyext[0m
[2.771s] [35m[1mConsolidate compiler generated dependencies of target fast_lio__rosidl_typesupport_c__pyext[0m
[2.782s] [ 94%] Built target fast_lio__rosidl_typesupport_fastrtps_c__pyext
[2.782s] [ 94%] Built target fast_lio__rosidl_typesupport_c__pyext
[2.782s] [100%] Built target fast_lio__rosidl_typesupport_introspection_c__pyext
[2.857s] running egg_info
[2.858s] writing fast_lio.egg-info/PKG-INFO
[2.858s] writing dependency_links to fast_lio.egg-info/dependency_links.txt
[2.858s] writing top-level names to fast_lio.egg-info/top_level.txt
[2.860s] reading manifest file 'fast_lio.egg-info/SOURCES.txt'
[2.860s] writing manifest file 'fast_lio.egg-info/SOURCES.txt'
[2.878s] [100%] Built target ament_cmake_python_build_fast_lio_egg
[2.887s] Invoked command in '/home/jason/Desktop/navi/build/fast_lio' returned '0': CMAKE_PREFIX_PATH=/home/jason/Desktop/navi/install/livox_ros_driver2:/home/jason/Desktop/auto_aim/install/rm_vision_bringup:/home/jason/Desktop/auto_aim/install/rm_serial_driver:/home/jason/Desktop/auto_aim/install/rm_gimbal_description:/home/jason/Desktop/auto_aim/install/rm_auto_aim:/home/jason/Desktop/auto_aim/install/mindvision_camera:/home/jason/Desktop/auto_aim/install/hik_camera:/home/jason/Desktop/auto_aim/install/armor_tracker:/home/jason/Desktop/auto_aim/install/armor_detector:/home/jason/Desktop/auto_aim/install/auto_aim_interfaces:/home/jason/Desktop/Decision_moudle/install/decision_moudle:/home/jason/Desktop/navi/install/waypoint_rviz_plugin:/home/jason/Desktop/navi/install/waypoint_example:/home/jason/Desktop/navi/install/visualization_tools:/home/jason/Desktop/navi/install/velodyne_simulator:/home/jason/Desktop/navi/install/velodyne_gazebo_plugins:/home/jason/Desktop/navi/install/velodyne_description:/home/jason/Desktop/navi/install/rm_nav_bringup:/home/jason/Desktop/navi/install/vehicle_simulator:/home/jason/Desktop/navi/install/terrain_analysis_ext:/home/jason/Desktop/navi/install/terrain_analysis:/home/jason/Desktop/navi/install/sensor_scan_generation:/home/jason/Desktop/navi/install/path2waypoint:/home/jason/Desktop/navi/install/mapping:/home/jason/Desktop/navi/install/local_planner:/home/jason/Desktop/navi/install/loam_interface:/home/jason/Desktop/navi/install/fast_lio:/home/jason/Desktop/navi/install/linefit_ground_segmentation_ros:/home/jason/Desktop/navi/install/linefit_ground_segmentation:/home/jason/Desktop/navi/install/joy:/home/jason/Desktop/navi/install/icp_localization_ros2:/home/jason/Desktop/navi/install/a_star:/opt/ros/humble LD_LIBRARY_PATH=/home/jason/Desktop/navi/install/livox_ros_driver2/lib:/opt/MVS/lib/64:/opt/MVS/lib/32:/home/jason/Desktop/auto_aim/install/rm_serial_driver/lib:/home/jason/Desktop/auto_aim/install/mindvision_camera/lib:/home/jason/Desktop/auto_aim/install/hik_camera/lib:/home/jason/Desktop/auto_aim/install/armor_tracker/lib:/home/jason/Desktop/auto_aim/install/armor_detector/lib:/home/jason/Desktop/auto_aim/install/auto_aim_interfaces/lib:/home/jason/Desktop/Decision_moudle/install/decision_moudle/lib:/home/jason/Desktop/navi/install/velodyne_gazebo_plugins/lib:/home/jason/Desktop/navi/install/fast_lio/lib:/home/jason/Desktop/navi/install/linefit_ground_segmentation/lib:/home/jason/Desktop/navi/install/joy/lib:/home/jason/Desktop/navi/install/a_star/lib:/opt/MVS/lib/64:/opt/MVS/lib/32:/usr/lib/x86_64-linux-gnu/gazebo-11/plugins:/opt/ros/humble/opt/rviz_ogre_vendor/lib:/opt/ros/humble/lib/x86_64-linux-gnu:/opt/ros/humble/lib:/opt/MVS/lib/64:/opt/MVS/lib/32:/opt/MVS/lib/64:/opt/MVS/lib/32 /usr/bin/cmake --build /home/jason/Desktop/navi/build/fast_lio -- -j20 -l20
[2.945s] Invoking command in '/home/jason/Desktop/navi/build/fast_lio': CMAKE_PREFIX_PATH=/home/jason/Desktop/navi/install/livox_ros_driver2:/home/jason/Desktop/auto_aim/install/rm_vision_bringup:/home/jason/Desktop/auto_aim/install/rm_serial_driver:/home/jason/Desktop/auto_aim/install/rm_gimbal_description:/home/jason/Desktop/auto_aim/install/rm_auto_aim:/home/jason/Desktop/auto_aim/install/mindvision_camera:/home/jason/Desktop/auto_aim/install/hik_camera:/home/jason/Desktop/auto_aim/install/armor_tracker:/home/jason/Desktop/auto_aim/install/armor_detector:/home/jason/Desktop/auto_aim/install/auto_aim_interfaces:/home/jason/Desktop/Decision_moudle/install/decision_moudle:/home/jason/Desktop/navi/install/waypoint_rviz_plugin:/home/jason/Desktop/navi/install/waypoint_example:/home/jason/Desktop/navi/install/visualization_tools:/home/jason/Desktop/navi/install/velodyne_simulator:/home/jason/Desktop/navi/install/velodyne_gazebo_plugins:/home/jason/Desktop/navi/install/velodyne_description:/home/jason/Desktop/navi/install/rm_nav_bringup:/home/jason/Desktop/navi/install/vehicle_simulator:/home/jason/Desktop/navi/install/terrain_analysis_ext:/home/jason/Desktop/navi/install/terrain_analysis:/home/jason/Desktop/navi/install/sensor_scan_generation:/home/jason/Desktop/navi/install/path2waypoint:/home/jason/Desktop/navi/install/mapping:/home/jason/Desktop/navi/install/local_planner:/home/jason/Desktop/navi/install/loam_interface:/home/jason/Desktop/navi/install/fast_lio:/home/jason/Desktop/navi/install/linefit_ground_segmentation_ros:/home/jason/Desktop/navi/install/linefit_ground_segmentation:/home/jason/Desktop/navi/install/joy:/home/jason/Desktop/navi/install/icp_localization_ros2:/home/jason/Desktop/navi/install/a_star:/opt/ros/humble LD_LIBRARY_PATH=/home/jason/Desktop/navi/install/livox_ros_driver2/lib:/opt/MVS/lib/64:/opt/MVS/lib/32:/home/jason/Desktop/auto_aim/install/rm_serial_driver/lib:/home/jason/Desktop/auto_aim/install/mindvision_camera/lib:/home/jason/Desktop/auto_aim/install/hik_camera/lib:/home/jason/Desktop/auto_aim/install/armor_tracker/lib:/home/jason/Desktop/auto_aim/install/armor_detector/lib:/home/jason/Desktop/auto_aim/install/auto_aim_interfaces/lib:/home/jason/Desktop/Decision_moudle/install/decision_moudle/lib:/home/jason/Desktop/navi/install/velodyne_gazebo_plugins/lib:/home/jason/Desktop/navi/install/fast_lio/lib:/home/jason/Desktop/navi/install/linefit_ground_segmentation/lib:/home/jason/Desktop/navi/install/joy/lib:/home/jason/Desktop/navi/install/a_star/lib:/opt/MVS/lib/64:/opt/MVS/lib/32:/usr/lib/x86_64-linux-gnu/gazebo-11/plugins:/opt/ros/humble/opt/rviz_ogre_vendor/lib:/opt/ros/humble/lib/x86_64-linux-gnu:/opt/ros/humble/lib:/opt/MVS/lib/64:/opt/MVS/lib/32:/opt/MVS/lib/64:/opt/MVS/lib/32 /usr/bin/cmake --install /home/jason/Desktop/navi/build/fast_lio
[2.951s] -- Install configuration: "Release"
[2.951s] -- Execute custom install script
[2.951s] -- Up-to-date symlink: /home/jason/Desktop/navi/install/fast_lio/share/ament_index/resource_index/rosidl_interfaces/fast_lio
[2.952s] -- Up-to-date symlink: /home/jason/Desktop/navi/install/fast_lio/include/fast_lio/fast_lio/msg/detail/pose6_d__functions.h
[2.952s] -- Up-to-date symlink: /home/jason/Desktop/navi/install/fast_lio/include/fast_lio/fast_lio/msg/detail/pose6_d__struct.h
[2.952s] -- Up-to-date symlink: /home/jason/Desktop/navi/install/fast_lio/include/fast_lio/fast_lio/msg/detail/pose6_d__type_support.h
[2.952s] -- Up-to-date symlink: /home/jason/Desktop/navi/install/fast_lio/include/fast_lio/fast_lio/msg/pose6_d.h
[2.952s] -- Up-to-date symlink: /home/jason/Desktop/navi/install/fast_lio/include/fast_lio/fast_lio/msg/rosidl_generator_c__visibility_control.h
[2.952s] -- Up-to-date symlink: /home/jason/Desktop/navi/install/fast_lio/share/fast_lio/environment/library_path.sh
[2.952s] -- Up-to-date symlink: /home/jason/Desktop/navi/install/fast_lio/share/fast_lio/environment/library_path.dsv
[2.952s] -- Up-to-date symlink: /home/jason/Desktop/navi/install/fast_lio/include/fast_lio/fast_lio/msg/detail/pose6_d__rosidl_typesupport_fastrtps_c.h
[2.952s] -- Up-to-date symlink: /home/jason/Desktop/navi/install/fast_lio/include/fast_lio/fast_lio/msg/rosidl_typesupport_fastrtps_c__visibility_control.h
[2.952s] -- Up-to-date symlink: /home/jason/Desktop/navi/install/fast_lio/include/fast_lio/fast_lio/msg/detail/pose6_d__builder.hpp
[2.953s] -- Up-to-date symlink: /home/jason/Desktop/navi/install/fast_lio/include/fast_lio/fast_lio/msg/detail/pose6_d__struct.hpp
[2.953s] -- Up-to-date symlink: /home/jason/Desktop/navi/install/fast_lio/include/fast_lio/fast_lio/msg/detail/pose6_d__traits.hpp
[2.953s] -- Up-to-date symlink: /home/jason/Desktop/navi/install/fast_lio/include/fast_lio/fast_lio/msg/pose6_d.hpp
[2.953s] -- Up-to-date symlink: /home/jason/Desktop/navi/install/fast_lio/include/fast_lio/fast_lio/msg/detail/pose6_d__rosidl_typesupport_fastrtps_cpp.hpp
[2.953s] -- Up-to-date symlink: /home/jason/Desktop/navi/install/fast_lio/include/fast_lio/fast_lio/msg/rosidl_typesupport_fastrtps_cpp__visibility_control.h
[2.953s] -- Up-to-date symlink: /home/jason/Desktop/navi/install/fast_lio/include/fast_lio/fast_lio/msg/detail/pose6_d__rosidl_typesupport_introspection_c.h
[2.953s] -- Up-to-date symlink: /home/jason/Desktop/navi/install/fast_lio/include/fast_lio/fast_lio/msg/rosidl_typesupport_introspection_c__visibility_control.h
[2.953s] -- Up-to-date symlink: /home/jason/Desktop/navi/install/fast_lio/include/fast_lio/fast_lio/msg/detail/pose6_d__rosidl_typesupport_introspection_cpp.hpp
[2.953s] -- Up-to-date symlink: /home/jason/Desktop/navi/install/fast_lio/share/fast_lio/environment/pythonpath.sh
[2.953s] -- Up-to-date symlink: /home/jason/Desktop/navi/install/fast_lio/share/fast_lio/environment/pythonpath.dsv
[2.954s] -- Up-to-date symlink: /home/jason/Desktop/navi/install/fast_lio/local/lib/python3.10/dist-packages/fast_lio-0.0.0-py3.10.egg-info/PKG-INFO
[2.954s] -- Up-to-date symlink: /home/jason/Desktop/navi/install/fast_lio/local/lib/python3.10/dist-packages/fast_lio-0.0.0-py3.10.egg-info/SOURCES.txt
[2.954s] -- Up-to-date symlink: /home/jason/Desktop/navi/install/fast_lio/local/lib/python3.10/dist-packages/fast_lio-0.0.0-py3.10.egg-info/dependency_links.txt
[2.954s] -- Up-to-date symlink: /home/jason/Desktop/navi/install/fast_lio/local/lib/python3.10/dist-packages/fast_lio-0.0.0-py3.10.egg-info/top_level.txt
[2.954s] -- Up-to-date symlink: /home/jason/Desktop/navi/install/fast_lio/local/lib/python3.10/dist-packages/fast_lio/__init__.py
[2.954s] -- Up-to-date symlink: /home/jason/Desktop/navi/install/fast_lio/local/lib/python3.10/dist-packages/fast_lio/_fast_lio_s.ep.rosidl_typesupport_c.c
[2.954s] -- Up-to-date symlink: /home/jason/Desktop/navi/install/fast_lio/local/lib/python3.10/dist-packages/fast_lio/_fast_lio_s.ep.rosidl_typesupport_fastrtps_c.c
[2.954s] -- Up-to-date symlink: /home/jason/Desktop/navi/install/fast_lio/local/lib/python3.10/dist-packages/fast_lio/_fast_lio_s.ep.rosidl_typesupport_introspection_c.c
[2.954s] -- Up-to-date symlink: /home/jason/Desktop/navi/install/fast_lio/local/lib/python3.10/dist-packages/fast_lio/fast_lio_s__rosidl_typesupport_c.cpython-310-x86_64-linux-gnu.so
[2.954s] -- Up-to-date symlink: /home/jason/Desktop/navi/install/fast_lio/local/lib/python3.10/dist-packages/fast_lio/fast_lio_s__rosidl_typesupport_fastrtps_c.cpython-310-x86_64-linux-gnu.so
[2.954s] -- Up-to-date symlink: /home/jason/Desktop/navi/install/fast_lio/local/lib/python3.10/dist-packages/fast_lio/fast_lio_s__rosidl_typesupport_introspection_c.cpython-310-x86_64-linux-gnu.so
[2.955s] -- Up-to-date symlink: /home/jason/Desktop/navi/install/fast_lio/local/lib/python3.10/dist-packages/fast_lio/libfast_lio__rosidl_generator_py.so
[2.955s] -- Up-to-date symlink: /home/jason/Desktop/navi/install/fast_lio/local/lib/python3.10/dist-packages/fast_lio/msg/__init__.py
[2.955s] -- Up-to-date symlink: /home/jason/Desktop/navi/install/fast_lio/local/lib/python3.10/dist-packages/fast_lio/msg/_pose6_d.py
[2.955s] -- Up-to-date symlink: /home/jason/Desktop/navi/install/fast_lio/local/lib/python3.10/dist-packages/fast_lio/msg/_pose6_d_s.c
[2.955s] -- Up-to-date symlink: /home/jason/Desktop/navi/install/fast_lio/local/lib/python3.10/dist-packages/fast_lio/fast_lio_s__rosidl_typesupport_fastrtps_c.cpython-310-x86_64-linux-gnu.so
[2.955s] -- Up-to-date symlink: /home/jason/Desktop/navi/install/fast_lio/local/lib/python3.10/dist-packages/fast_lio/fast_lio_s__rosidl_typesupport_introspection_c.cpython-310-x86_64-linux-gnu.so
[2.955s] -- Up-to-date symlink: /home/jason/Desktop/navi/install/fast_lio/local/lib/python3.10/dist-packages/fast_lio/fast_lio_s__rosidl_typesupport_c.cpython-310-x86_64-linux-gnu.so
[2.955s] -- Up-to-date symlink: /home/jason/Desktop/navi/install/fast_lio/share/fast_lio/msg/Pose6D.idl
[2.955s] -- Up-to-date symlink: /home/jason/Desktop/navi/install/fast_lio/share/fast_lio/msg/Pose6D.msg
[2.955s] -- Up-to-date symlink: /home/jason/Desktop/navi/install/fast_lio/lib/fast_lio/fastlio_mapping
[2.955s] -- Up-to-date symlink: /home/jason/Desktop/navi/install/fast_lio/share/fast_lio/config/avia.yaml
[2.955s] -- Up-to-date symlink: /home/jason/Desktop/navi/install/fast_lio/share/fast_lio/config/horizon.yaml
[2.955s] -- Up-to-date symlink: /home/jason/Desktop/navi/install/fast_lio/share/fast_lio/config/mid360.yaml
[2.956s] -- Up-to-date symlink: /home/jason/Desktop/navi/install/fast_lio/share/fast_lio/config/ouster64.yaml
[2.956s] -- Up-to-date symlink: /home/jason/Desktop/navi/install/fast_lio/share/fast_lio/config/velodyne.yaml
[2.956s] -- Up-to-date symlink: /home/jason/Desktop/navi/install/fast_lio/share/fast_lio/launch/gdb_debug_example.launch
[2.956s] -- Up-to-date symlink: /home/jason/Desktop/navi/install/fast_lio/share/fast_lio/launch/mapping.launch.py
[2.956s] -- Up-to-date symlink: /home/jason/Desktop/navi/install/fast_lio/share/fast_lio/rviz/fastlio.rviz
[2.956s] -- Up-to-date symlink: /home/jason/Desktop/navi/install/fast_lio/share/ament_index/resource_index/package_run_dependencies/fast_lio
[2.956s] -- Up-to-date symlink: /home/jason/Desktop/navi/install/fast_lio/share/ament_index/resource_index/parent_prefix_path/fast_lio
[2.956s] -- Up-to-date symlink: /home/jason/Desktop/navi/install/fast_lio/share/fast_lio/environment/ament_prefix_path.sh
[2.956s] -- Up-to-date symlink: /home/jason/Desktop/navi/install/fast_lio/share/fast_lio/environment/ament_prefix_path.dsv
[2.956s] -- Up-to-date symlink: /home/jason/Desktop/navi/install/fast_lio/share/fast_lio/environment/path.sh
[2.956s] -- Up-to-date symlink: /home/jason/Desktop/navi/install/fast_lio/share/fast_lio/environment/path.dsv
[2.956s] -- Up-to-date symlink: /home/jason/Desktop/navi/install/fast_lio/share/fast_lio/local_setup.bash
[2.956s] -- Up-to-date symlink: /home/jason/Desktop/navi/install/fast_lio/share/fast_lio/local_setup.sh
[2.956s] -- Up-to-date symlink: /home/jason/Desktop/navi/install/fast_lio/share/fast_lio/local_setup.zsh
[2.957s] -- Up-to-date symlink: /home/jason/Desktop/navi/install/fast_lio/share/fast_lio/local_setup.dsv
[2.957s] -- Symlinking: /home/jason/Desktop/navi/install/fast_lio/share/fast_lio/package.dsv
[2.963s] -- Up-to-date symlink: /home/jason/Desktop/navi/install/fast_lio/share/ament_index/resource_index/packages/fast_lio
[2.963s] -- Up-to-date symlink: /home/jason/Desktop/navi/install/fast_lio/share/fast_lio/cmake/rosidl_cmake-extras.cmake
[2.963s] -- Up-to-date symlink: /home/jason/Desktop/navi/install/fast_lio/share/fast_lio/cmake/ament_cmake_export_include_directories-extras.cmake
[2.963s] -- Up-to-date symlink: /home/jason/Desktop/navi/install/fast_lio/share/fast_lio/cmake/ament_cmake_export_libraries-extras.cmake
[2.963s] -- Up-to-date symlink: /home/jason/Desktop/navi/install/fast_lio/share/fast_lio/cmake/ament_cmake_export_targets-extras.cmake
[2.963s] -- Up-to-date symlink: /home/jason/Desktop/navi/install/fast_lio/share/fast_lio/cmake/rosidl_cmake_export_typesupport_targets-extras.cmake
[2.963s] -- Up-to-date symlink: /home/jason/Desktop/navi/install/fast_lio/share/fast_lio/cmake/ament_cmake_export_dependencies-extras.cmake
[2.963s] -- Up-to-date symlink: /home/jason/Desktop/navi/install/fast_lio/share/fast_lio/cmake/rosidl_cmake_export_typesupport_libraries-extras.cmake
[2.963s] -- Up-to-date symlink: /home/jason/Desktop/navi/install/fast_lio/share/fast_lio/cmake/fast_lioConfig.cmake
[2.963s] -- Up-to-date symlink: /home/jason/Desktop/navi/install/fast_lio/share/fast_lio/cmake/fast_lioConfig-version.cmake
[2.964s] -- Up-to-date symlink: /home/jason/Desktop/navi/install/fast_lio/share/fast_lio/package.xml
[2.964s] -- Up-to-date: /home/jason/Desktop/navi/install/fast_lio/lib/libfast_lio__rosidl_generator_c.so
[2.964s] -- Up-to-date: /home/jason/Desktop/navi/install/fast_lio/lib/libfast_lio__rosidl_typesupport_fastrtps_c.so
[2.964s] -- Up-to-date: /home/jason/Desktop/navi/install/fast_lio/lib/libfast_lio__rosidl_typesupport_fastrtps_cpp.so
[2.965s] -- Up-to-date: /home/jason/Desktop/navi/install/fast_lio/lib/libfast_lio__rosidl_typesupport_introspection_c.so
[2.965s] -- Up-to-date: /home/jason/Desktop/navi/install/fast_lio/lib/libfast_lio__rosidl_typesupport_c.so
[2.965s] -- Up-to-date: /home/jason/Desktop/navi/install/fast_lio/lib/libfast_lio__rosidl_typesupport_introspection_cpp.so
[2.966s] -- Up-to-date: /home/jason/Desktop/navi/install/fast_lio/lib/libfast_lio__rosidl_typesupport_cpp.so
[2.988s] Listing '/home/jason/Desktop/navi/install/fast_lio/local/lib/python3.10/dist-packages/fast_lio'...
[2.989s] Compiling '/home/jason/Desktop/navi/install/fast_lio/local/lib/python3.10/dist-packages/fast_lio/__init__.py'...
[2.989s] Listing '/home/jason/Desktop/navi/install/fast_lio/local/lib/python3.10/dist-packages/fast_lio/msg'...
[2.992s] -- Up-to-date: /home/jason/Desktop/navi/install/fast_lio/lib/libfast_lio__rosidl_generator_py.so
[2.992s] -- Up-to-date: /home/jason/Desktop/navi/install/fast_lio/share/fast_lio/cmake/export_fast_lio__rosidl_generator_cExport.cmake
[2.992s] -- Up-to-date: /home/jason/Desktop/navi/install/fast_lio/share/fast_lio/cmake/export_fast_lio__rosidl_generator_cExport-release.cmake
[2.992s] -- Up-to-date: /home/jason/Desktop/navi/install/fast_lio/share/fast_lio/cmake/export_fast_lio__rosidl_typesupport_fastrtps_cExport.cmake
[2.992s] -- Up-to-date: /home/jason/Desktop/navi/install/fast_lio/share/fast_lio/cmake/export_fast_lio__rosidl_typesupport_fastrtps_cExport-release.cmake
[2.992s] -- Up-to-date: /home/jason/Desktop/navi/install/fast_lio/share/fast_lio/cmake/export_fast_lio__rosidl_generator_cppExport.cmake
[2.992s] -- Up-to-date: /home/jason/Desktop/navi/install/fast_lio/share/fast_lio/cmake/export_fast_lio__rosidl_typesupport_fastrtps_cppExport.cmake
[2.993s] -- Up-to-date: /home/jason/Desktop/navi/install/fast_lio/share/fast_lio/cmake/export_fast_lio__rosidl_typesupport_fastrtps_cppExport-release.cmake
[2.993s] -- Up-to-date: /home/jason/Desktop/navi/install/fast_lio/share/fast_lio/cmake/fast_lio__rosidl_typesupport_introspection_cExport.cmake
[2.993s] -- Up-to-date: /home/jason/Desktop/navi/install/fast_lio/share/fast_lio/cmake/fast_lio__rosidl_typesupport_introspection_cExport-release.cmake
[2.993s] -- Up-to-date: /home/jason/Desktop/navi/install/fast_lio/share/fast_lio/cmake/fast_lio__rosidl_typesupport_cExport.cmake
[2.993s] -- Up-to-date: /home/jason/Desktop/navi/install/fast_lio/share/fast_lio/cmake/fast_lio__rosidl_typesupport_cExport-release.cmake
[2.993s] -- Up-to-date: /home/jason/Desktop/navi/install/fast_lio/share/fast_lio/cmake/fast_lio__rosidl_typesupport_introspection_cppExport.cmake
[2.993s] -- Up-to-date: /home/jason/Desktop/navi/install/fast_lio/share/fast_lio/cmake/fast_lio__rosidl_typesupport_introspection_cppExport-release.cmake
[2.993s] -- Up-to-date: /home/jason/Desktop/navi/install/fast_lio/share/fast_lio/cmake/fast_lio__rosidl_typesupport_cppExport.cmake
[2.993s] -- Up-to-date: /home/jason/Desktop/navi/install/fast_lio/share/fast_lio/cmake/fast_lio__rosidl_typesupport_cppExport-release.cmake
[2.994s] -- Up-to-date: /home/jason/Desktop/navi/install/fast_lio/share/fast_lio/cmake/export_fast_lio__rosidl_generator_pyExport.cmake
[2.994s] -- Up-to-date: /home/jason/Desktop/navi/install/fast_lio/share/fast_lio/cmake/export_fast_lio__rosidl_generator_pyExport-release.cmake
[2.996s] Invoked command in '/home/jason/Desktop/navi/build/fast_lio' returned '0': CMAKE_PREFIX_PATH=/home/jason/Desktop/navi/install/livox_ros_driver2:/home/jason/Desktop/auto_aim/install/rm_vision_bringup:/home/jason/Desktop/auto_aim/install/rm_serial_driver:/home/jason/Desktop/auto_aim/install/rm_gimbal_description:/home/jason/Desktop/auto_aim/install/rm_auto_aim:/home/jason/Desktop/auto_aim/install/mindvision_camera:/home/jason/Desktop/auto_aim/install/hik_camera:/home/jason/Desktop/auto_aim/install/armor_tracker:/home/jason/Desktop/auto_aim/install/armor_detector:/home/jason/Desktop/auto_aim/install/auto_aim_interfaces:/home/jason/Desktop/Decision_moudle/install/decision_moudle:/home/jason/Desktop/navi/install/waypoint_rviz_plugin:/home/jason/Desktop/navi/install/waypoint_example:/home/jason/Desktop/navi/install/visualization_tools:/home/jason/Desktop/navi/install/velodyne_simulator:/home/jason/Desktop/navi/install/velodyne_gazebo_plugins:/home/jason/Desktop/navi/install/velodyne_description:/home/jason/Desktop/navi/install/rm_nav_bringup:/home/jason/Desktop/navi/install/vehicle_simulator:/home/jason/Desktop/navi/install/terrain_analysis_ext:/home/jason/Desktop/navi/install/terrain_analysis:/home/jason/Desktop/navi/install/sensor_scan_generation:/home/jason/Desktop/navi/install/path2waypoint:/home/jason/Desktop/navi/install/mapping:/home/jason/Desktop/navi/install/local_planner:/home/jason/Desktop/navi/install/loam_interface:/home/jason/Desktop/navi/install/fast_lio:/home/jason/Desktop/navi/install/linefit_ground_segmentation_ros:/home/jason/Desktop/navi/install/linefit_ground_segmentation:/home/jason/Desktop/navi/install/joy:/home/jason/Desktop/navi/install/icp_localization_ros2:/home/jason/Desktop/navi/install/a_star:/opt/ros/humble LD_LIBRARY_PATH=/home/jason/Desktop/navi/install/livox_ros_driver2/lib:/opt/MVS/lib/64:/opt/MVS/lib/32:/home/jason/Desktop/auto_aim/install/rm_serial_driver/lib:/home/jason/Desktop/auto_aim/install/mindvision_camera/lib:/home/jason/Desktop/auto_aim/install/hik_camera/lib:/home/jason/Desktop/auto_aim/install/armor_tracker/lib:/home/jason/Desktop/auto_aim/install/armor_detector/lib:/home/jason/Desktop/auto_aim/install/auto_aim_interfaces/lib:/home/jason/Desktop/Decision_moudle/install/decision_moudle/lib:/home/jason/Desktop/navi/install/velodyne_gazebo_plugins/lib:/home/jason/Desktop/navi/install/fast_lio/lib:/home/jason/Desktop/navi/install/linefit_ground_segmentation/lib:/home/jason/Desktop/navi/install/joy/lib:/home/jason/Desktop/navi/install/a_star/lib:/opt/MVS/lib/64:/opt/MVS/lib/32:/usr/lib/x86_64-linux-gnu/gazebo-11/plugins:/opt/ros/humble/opt/rviz_ogre_vendor/lib:/opt/ros/humble/lib/x86_64-linux-gnu:/opt/ros/humble/lib:/opt/MVS/lib/64:/opt/MVS/lib/32:/opt/MVS/lib/64:/opt/MVS/lib/32 /usr/bin/cmake --install /home/jason/Desktop/navi/build/fast_lio
