[0.108s] Invoking command in '/home/jason/Desktop/navi/build/velodyne_gazebo_plugins': CMAKE_PREFIX_PATH=/opt/ros/humble /usr/bin/cmake /home/jason/Desktop/navi/src/local_planner/autonomous_exploration_development_environment/src/velodyne_simulator/velodyne_gazebo_plugins -DCMAKE_BUILD_TYPE=Release -DAMENT_CMAKE_SYMLINK_INSTALL=1 -DCMAKE_INSTALL_PREFIX=/home/jason/Desktop/navi/install/velodyne_gazebo_plugins
[3.214s] -- The C compiler identification is GNU 11.4.0
[3.215s] -- The CXX compiler identification is GNU 11.4.0
[3.215s] -- Detecting C compiler ABI info
[3.215s] -- Detecting C compiler ABI info - done
[3.215s] -- Check for working C compiler: /usr/bin/cc - skipped
[3.215s] -- Detecting C compile features
[3.215s] -- Detecting C compile features - done
[3.215s] -- Detecting CXX compiler ABI info
[3.216s] -- Detecting CXX compiler ABI info - done
[3.216s] -- Check for working CXX compiler: /usr/bin/c++ - skipped
[3.216s] -- Detecting CXX compile features
[3.216s] -- Detecting CXX compile features - done
[3.216s] -- Found ament_cmake: 1.3.8 (/opt/ros/humble/share/ament_cmake/cmake)
[3.216s] -- Found Python3: /usr/bin/python3 (found version "3.10.12") found components: Interpreter 
[3.216s] -- Override CMake install command with custom implementation using symlinks instead of copying resources
[3.216s] -- Found gazebo_dev: 3.7.0 (/opt/ros/humble/share/gazebo_dev/cmake)
[3.216s] -- Found PkgConfig: /usr/bin/pkg-config (found version "0.29.2") 
[3.217s] -- Checking for module 'bullet>=2.82'
[3.217s] --   Found bullet, version 3.05
[3.217s] -- Found fcl: /usr/include (found suitable version "0.7.0", minimum required is "0.5.0") 
[3.286s] -- Found assimp: /usr/include (found version "5.2.0") 
[3.408s] -- Found DART: /usr/include (Required is at least version "6.6") found components: dart 
[4.071s] -- Found Boost: /usr/lib/x86_64-linux-gnu/cmake/Boost-1.74.0/BoostConfig.cmake (found suitable version "1.74.0", minimum required is "1.40.0") found components: thread system filesystem program_options regex iostreams date_time 
[4.185s] -- Found Protobuf: /usr/lib/x86_64-linux-gnu/libprotobuf.so (found version "3.12.4") 
[4.204s] -- Looking for ignition-math6 -- found version 6.15.1
[4.224s] -- Searching for dependencies of ignition-math6
[4.230s] -- Looking for OGRE...
[4.231s] -- OGRE_PREFIX_WATCH changed.
[4.261s] -- Checking for module 'OGRE'
[4.329s] --   Found OGRE, version 1.9.0
[4.557s] -- Found Ogre Ghadamon (1.9.0)
[4.633s] -- Found OGRE: optimized;/usr/lib/x86_64-linux-gnu/libOgreMain.so;debug;/usr/lib/x86_64-linux-gnu/libOgreMain.so
[4.663s] -- Looking for OGRE_Paging...
[4.699s] -- Found OGRE_Paging: optimized;/usr/lib/x86_64-linux-gnu/libOgrePaging.so;debug;/usr/lib/x86_64-linux-gnu/libOgrePaging.so
[4.699s] -- Looking for OGRE_Terrain...
[4.718s] -- Found OGRE_Terrain: optimized;/usr/lib/x86_64-linux-gnu/libOgreTerrain.so;debug;/usr/lib/x86_64-linux-gnu/libOgreTerrain.so
[4.718s] -- Looking for OGRE_Property...
[4.737s] -- Found OGRE_Property: optimized;/usr/lib/x86_64-linux-gnu/libOgreProperty.so;debug;/usr/lib/x86_64-linux-gnu/libOgreProperty.so
[4.737s] -- Looking for OGRE_RTShaderSystem...
[4.755s] -- Found OGRE_RTShaderSystem: optimized;/usr/lib/x86_64-linux-gnu/libOgreRTShaderSystem.so;debug;/usr/lib/x86_64-linux-gnu/libOgreRTShaderSystem.so
[4.756s] -- Looking for OGRE_Volume...
[4.772s] -- Found OGRE_Volume: optimized;/usr/lib/x86_64-linux-gnu/libOgreVolume.so;debug;/usr/lib/x86_64-linux-gnu/libOgreVolume.so
[4.772s] -- Looking for OGRE_Overlay...
[4.787s] -- Found OGRE_Overlay: optimized;/usr/lib/x86_64-linux-gnu/libOgreOverlay.so;debug;/usr/lib/x86_64-linux-gnu/libOgreOverlay.so
[5.403s] -- Looking for ignition-math6 -- found version 6.15.1
[5.427s] -- Looking for ignition-transport8 -- found version 8.2.1
[5.428s] -- Searching for dependencies of ignition-transport8
[5.470s] -- Found Protobuf: /usr/lib/x86_64-linux-gnu/libprotobuf.so (found suitable version "3.12.4", minimum required is "3") 
[5.500s] -- Config-file not installed for ZeroMQ -- checking for pkg-config
[5.512s] -- Checking for module 'libzmq >= 4'
[5.544s] --   Found libzmq , version 4.3.4
[5.622s] -- Found ZeroMQ: TRUE (Required is at least version "4") 
[5.636s] -- Checking for module 'uuid'
[5.666s] --   Found uuid, version 2.37.2
[5.737s] -- Found UUID: TRUE  
[5.742s] -- Looking for ignition-msgs5 -- found version 5.8.1
[5.744s] -- Searching for dependencies of ignition-msgs5
[5.789s] -- Looking for ignition-math6 -- found version 6.15.1
[5.803s] -- Checking for module 'tinyxml2'
[5.874s] --   Found tinyxml2, version 9.0.0
[6.134s] -- Looking for ignition-msgs5 -- found version 5.8.1
[6.144s] -- Looking for ignition-common3 -- found version 3.14.0
[6.145s] -- Searching for dependencies of ignition-common3
[6.147s] -- Looking for dlfcn.h - found
[6.149s] -- Looking for libdl - found
[6.155s] -- Found DL: TRUE  
[6.197s] -- Found tinyobjloader: /usr/lib/x86_64-linux-gnu/cmake/tinyobjloader/tinyobjloader-config.cmake (found version "2.0.0") 
[6.199s] -- Searching for <ignition-common3> component [graphics]
[6.214s] -- Looking for ignition-common3-graphics -- found version 3.14.0
[6.215s] -- Searching for dependencies of ignition-common3-graphics
[6.217s] -- Looking for ignition-math6 -- found version 6.15.1
[6.226s] -- Looking for ignition-fuel_tools4 -- found version 4.4.0
[6.227s] -- Searching for dependencies of ignition-fuel_tools4
[6.710s] -- Found CURL: /usr/lib/x86_64-linux-gnu/libcurl.so (found version "7.81.0")  
[6.741s] -- Checking for module 'jsoncpp'
[6.789s] --   Found jsoncpp, version 1.9.5
[7.004s] -- Found JSONCPP: TRUE  
[7.022s] -- Checking for module 'libzip'
[7.064s] --   Found libzip, version 1.7.3
[7.246s] -- Found ZIP: TRUE  
[7.248s] -- Looking for ignition-common3 -- found version 3.14.0
[7.249s] -- Looking for ignition-math6 -- found version 6.15.1
[7.251s] -- Looking for ignition-msgs5 -- found version 5.8.1
[7.276s] -- Gazebo version: 11.10
[7.277s] -- Checking for module 'tbb'
[7.363s] --   Found tbb, version 2021.5.0
[7.571s] -- Found gazebo_ros: 3.7.0 (/opt/ros/humble/share/gazebo_ros/cmake)
[7.716s] -- Found rosidl_generator_c: 3.1.5 (/opt/ros/humble/share/rosidl_generator_c/cmake)
[7.739s] -- Found rosidl_adapter: 3.1.5 (/opt/ros/humble/share/rosidl_adapter/cmake)
[7.781s] -- Found rosidl_generator_cpp: 3.1.5 (/opt/ros/humble/share/rosidl_generator_cpp/cmake)
[7.817s] -- Using all available rosidl_typesupport_c: rosidl_typesupport_fastrtps_c;rosidl_typesupport_introspection_c
[7.889s] -- Using all available rosidl_typesupport_cpp: rosidl_typesupport_fastrtps_cpp;rosidl_typesupport_introspection_cpp
[8.074s] -- Found rmw_implementation_cmake: 6.1.1 (/opt/ros/humble/share/rmw_implementation_cmake/cmake)
[8.082s] -- Found rmw_fastrtps_cpp: 6.2.6 (/opt/ros/humble/share/rmw_fastrtps_cpp/cmake)
[8.561s] -- Found OpenSSL: /usr/lib/x86_64-linux-gnu/libcrypto.so (found version "3.0.2")  
[8.667s] -- Found FastRTPS: /opt/ros/humble/include  
[8.831s] -- Using RMW implementation 'rmw_fastrtps_cpp' as default
[8.859s] -- Found Threads: TRUE  
[9.397s] -- Found gazebo_msgs: 3.7.0 (/opt/ros/humble/share/gazebo_msgs/cmake)
[10.155s] -- Found sensor_msgs: 4.2.3 (/opt/ros/humble/share/sensor_msgs/cmake)
[10.673s] -- Configuring done
[10.766s] -- Generating done
[10.772s] -- Build files have been written to: /home/jason/Desktop/navi/build/velodyne_gazebo_plugins
[10.831s] Invoked command in '/home/jason/Desktop/navi/build/velodyne_gazebo_plugins' returned '0': CMAKE_PREFIX_PATH=/opt/ros/humble /usr/bin/cmake /home/jason/Desktop/navi/src/local_planner/autonomous_exploration_development_environment/src/velodyne_simulator/velodyne_gazebo_plugins -DCMAKE_BUILD_TYPE=Release -DAMENT_CMAKE_SYMLINK_INSTALL=1 -DCMAKE_INSTALL_PREFIX=/home/jason/Desktop/navi/install/velodyne_gazebo_plugins
[10.832s] Invoking command in '/home/jason/Desktop/navi/build/velodyne_gazebo_plugins': CMAKE_PREFIX_PATH=/opt/ros/humble /usr/bin/cmake --build /home/jason/Desktop/navi/build/velodyne_gazebo_plugins -- -j20 -l20
[13.763s] [ 50%] [32mBuilding CXX object CMakeFiles/gazebo_ros_velodyne_laser.dir/src/GazeboRosVelodyneLaser.cpp.o[0m
[73.557s] [100%] [32m[1mLinking CXX shared library libgazebo_ros_velodyne_laser.so[0m
[74.402s] [100%] Built target gazebo_ros_velodyne_laser
[74.423s] Invoked command in '/home/jason/Desktop/navi/build/velodyne_gazebo_plugins' returned '0': CMAKE_PREFIX_PATH=/opt/ros/humble /usr/bin/cmake --build /home/jason/Desktop/navi/build/velodyne_gazebo_plugins -- -j20 -l20
[74.484s] Invoking command in '/home/jason/Desktop/navi/build/velodyne_gazebo_plugins': CMAKE_PREFIX_PATH=/opt/ros/humble /usr/bin/cmake --install /home/jason/Desktop/navi/build/velodyne_gazebo_plugins
[78.849s] -- Install configuration: "Release"
[78.850s] -- Execute custom install script
[78.850s] -- Symlinking: /home/jason/Desktop/navi/install/velodyne_gazebo_plugins/lib/libgazebo_ros_velodyne_laser.so
[78.851s] -- Symlinking: /home/jason/Desktop/navi/install/velodyne_gazebo_plugins/include/velodyne_gazebo_plugins/GazeboRosVelodyneLaser.hpp
[78.851s] -- Symlinking: /home/jason/Desktop/navi/install/velodyne_gazebo_plugins/share/velodyne_gazebo_plugins/environment/library_path.sh
[78.852s] -- Symlinking: /home/jason/Desktop/navi/install/velodyne_gazebo_plugins/share/velodyne_gazebo_plugins/environment/library_path.dsv
[78.853s] -- Symlinking: /home/jason/Desktop/navi/install/velodyne_gazebo_plugins/share/ament_index/resource_index/package_run_dependencies/velodyne_gazebo_plugins
[78.853s] -- Symlinking: /home/jason/Desktop/navi/install/velodyne_gazebo_plugins/share/ament_index/resource_index/parent_prefix_path/velodyne_gazebo_plugins
[78.853s] -- Symlinking: /home/jason/Desktop/navi/install/velodyne_gazebo_plugins/share/velodyne_gazebo_plugins/environment/ament_prefix_path.sh
[78.853s] -- Symlinking: /home/jason/Desktop/navi/install/velodyne_gazebo_plugins/share/velodyne_gazebo_plugins/environment/ament_prefix_path.dsv
[78.853s] -- Symlinking: /home/jason/Desktop/navi/install/velodyne_gazebo_plugins/share/velodyne_gazebo_plugins/environment/path.sh
[78.854s] -- Symlinking: /home/jason/Desktop/navi/install/velodyne_gazebo_plugins/share/velodyne_gazebo_plugins/environment/path.dsv
[78.854s] -- Symlinking: /home/jason/Desktop/navi/install/velodyne_gazebo_plugins/share/velodyne_gazebo_plugins/local_setup.bash
[78.854s] -- Symlinking: /home/jason/Desktop/navi/install/velodyne_gazebo_plugins/share/velodyne_gazebo_plugins/local_setup.sh
[78.854s] -- Symlinking: /home/jason/Desktop/navi/install/velodyne_gazebo_plugins/share/velodyne_gazebo_plugins/local_setup.zsh
[78.854s] -- Symlinking: /home/jason/Desktop/navi/install/velodyne_gazebo_plugins/share/velodyne_gazebo_plugins/local_setup.dsv
[78.855s] -- Symlinking: /home/jason/Desktop/navi/install/velodyne_gazebo_plugins/share/velodyne_gazebo_plugins/package.dsv
[78.855s] -- Symlinking: /home/jason/Desktop/navi/install/velodyne_gazebo_plugins/share/ament_index/resource_index/packages/velodyne_gazebo_plugins
[78.855s] -- Symlinking: /home/jason/Desktop/navi/install/velodyne_gazebo_plugins/share/velodyne_gazebo_plugins/cmake/ament_cmake_export_include_directories-extras.cmake
[78.855s] -- Symlinking: /home/jason/Desktop/navi/install/velodyne_gazebo_plugins/share/velodyne_gazebo_plugins/cmake/ament_cmake_export_libraries-extras.cmake
[78.855s] -- Symlinking: /home/jason/Desktop/navi/install/velodyne_gazebo_plugins/share/velodyne_gazebo_plugins/cmake/ament_cmake_export_dependencies-extras.cmake
[78.855s] -- Symlinking: /home/jason/Desktop/navi/install/velodyne_gazebo_plugins/share/velodyne_gazebo_plugins/cmake/velodyne_gazebo_pluginsConfig.cmake
[78.855s] -- Symlinking: /home/jason/Desktop/navi/install/velodyne_gazebo_plugins/share/velodyne_gazebo_plugins/cmake/velodyne_gazebo_pluginsConfig-version.cmake
[78.855s] -- Symlinking: /home/jason/Desktop/navi/install/velodyne_gazebo_plugins/share/velodyne_gazebo_plugins/package.xml
[78.856s] Invoked command in '/home/jason/Desktop/navi/build/velodyne_gazebo_plugins' returned '0': CMAKE_PREFIX_PATH=/opt/ros/humble /usr/bin/cmake --install /home/jason/Desktop/navi/build/velodyne_gazebo_plugins
