[0.084s] Invoking command in '/home/jason/Desktop/navi/build/local_planner': CMAKE_PREFIX_PATH=${CMAKE_PREFIX_PATH}:/opt/ros/humble /usr/bin/cmake --build /home/jason/Desktop/navi/build/local_planner -- -j20 -l20
[0.230s] [35m[1mConsolidate compiler generated dependencies of target localPlanner[0m
[0.230s] [35m[1mConsolidate compiler generated dependencies of target pathFollower[0m
[0.230s] [ 50%] Built target localPlanner
[0.240s] [100%] Built target pathFollower
[0.304s] Invoked command in '/home/jason/Desktop/navi/build/local_planner' returned '0': CMAKE_PREFIX_PATH=${CMAKE_PREFIX_PATH}:/opt/ros/humble /usr/bin/cmake --build /home/jason/Desktop/navi/build/local_planner -- -j20 -l20
[0.445s] Invoking command in '/home/jason/Desktop/navi/build/local_planner': CMAKE_PREFIX_PATH=${CMAKE_PREFIX_PATH}:/opt/ros/humble /usr/bin/cmake --install /home/jason/Desktop/navi/build/local_planner
[0.483s] -- Install configuration: "Release"
[0.483s] -- Execute custom install script
[0.484s] -- Up-to-date symlink: /home/jason/Desktop/navi/install/local_planner/lib/local_planner/localPlanner
[0.484s] -- Up-to-date symlink: /home/jason/Desktop/navi/install/local_planner/lib/local_planner/pathFollower
[0.484s] -- Up-to-date symlink: /home/jason/Desktop/navi/install/local_planner/share/local_planner/launch/local_planner.launch
[0.484s] -- Up-to-date symlink: /home/jason/Desktop/navi/install/local_planner/share/local_planner/paths/correspondences.txt
[0.485s] -- Up-to-date symlink: /home/jason/Desktop/navi/install/local_planner/share/local_planner/paths/pathList.ply
[0.486s] -- Up-to-date symlink: /home/jason/Desktop/navi/install/local_planner/share/local_planner/paths/path_generator.m
[0.486s] -- Up-to-date symlink: /home/jason/Desktop/navi/install/local_planner/share/local_planner/paths/paths.ply
[0.487s] -- Up-to-date symlink: /home/jason/Desktop/navi/install/local_planner/share/local_planner/paths/startPaths.ply
[0.487s] -- Up-to-date symlink: /home/jason/Desktop/navi/install/local_planner/share/ament_index/resource_index/package_run_dependencies/local_planner
[0.489s] -- Up-to-date symlink: /home/jason/Desktop/navi/install/local_planner/share/ament_index/resource_index/parent_prefix_path/local_planner
[0.489s] -- Up-to-date symlink: /home/jason/Desktop/navi/install/local_planner/share/local_planner/environment/ament_prefix_path.sh
[0.489s] -- Up-to-date symlink: /home/jason/Desktop/navi/install/local_planner/share/local_planner/environment/ament_prefix_path.dsv
[0.489s] -- Up-to-date symlink: /home/jason/Desktop/navi/install/local_planner/share/local_planner/environment/path.sh
[0.490s] -- Up-to-date symlink: /home/jason/Desktop/navi/install/local_planner/share/local_planner/environment/path.dsv
[0.490s] -- Up-to-date symlink: /home/jason/Desktop/navi/install/local_planner/share/local_planner/local_setup.bash
[0.490s] -- Up-to-date symlink: /home/jason/Desktop/navi/install/local_planner/share/local_planner/local_setup.sh
[0.491s] -- Up-to-date symlink: /home/jason/Desktop/navi/install/local_planner/share/local_planner/local_setup.zsh
[0.491s] -- Up-to-date symlink: /home/jason/Desktop/navi/install/local_planner/share/local_planner/local_setup.dsv
[0.492s] -- Symlinking: /home/jason/Desktop/navi/install/local_planner/share/local_planner/package.dsv
[0.506s] -- Up-to-date symlink: /home/jason/Desktop/navi/install/local_planner/share/ament_index/resource_index/packages/local_planner
[0.506s] -- Up-to-date symlink: /home/jason/Desktop/navi/install/local_planner/share/local_planner/cmake/local_plannerConfig.cmake
[0.506s] -- Up-to-date symlink: /home/jason/Desktop/navi/install/local_planner/share/local_planner/cmake/local_plannerConfig-version.cmake
[0.506s] -- Up-to-date symlink: /home/jason/Desktop/navi/install/local_planner/share/local_planner/package.xml
[0.567s] Invoked command in '/home/jason/Desktop/navi/build/local_planner' returned '0': CMAKE_PREFIX_PATH=${CMAKE_PREFIX_PATH}:/opt/ros/humble /usr/bin/cmake --install /home/jason/Desktop/navi/build/local_planner
