[0.212s] Invoking command in '/home/jason/Desktop/navi/build/waypoint_rviz_plugin': CMAKE_PREFIX_PATH=/opt/ros/humble /usr/bin/cmake /home/jason/Desktop/navi/src/local_planner/autonomous_exploration_development_environment/src/waypoint_rviz_plugin -DCMAKE_BUILD_TYPE=Release -DAMENT_CMAKE_SYMLINK_INSTALL=1 -DCMAKE_INSTALL_PREFIX=/home/jason/Desktop/navi/install/waypoint_rviz_plugin
[10.783s] -- The C compiler identification is GNU 11.4.0
[10.783s] -- The CXX compiler identification is GNU 11.4.0
[10.784s] -- Detecting C compiler ABI info
[10.784s] -- Detecting C compiler ABI info - done
[10.784s] -- Check for working C compiler: /usr/bin/cc - skipped
[10.800s] -- Detecting C compile features
[10.801s] -- Detecting C compile features - done
[10.801s] -- Detecting CXX compiler ABI info
[10.801s] -- Detecting CXX compiler ABI info - done
[10.801s] -- Check for working CXX compiler: /usr/bin/c++ - skipped
[10.801s] -- Detecting CXX compile features
[10.802s] -- Detecting CXX compile features - done
[10.802s] -- Found ament_cmake: 1.3.8 (/opt/ros/humble/share/ament_cmake/cmake)
[10.802s] -- Found Python3: /usr/bin/python3 (found version "3.10.12") found components: Interpreter 
[10.802s] -- Override CMake install command with custom implementation using symlinks instead of copying resources
[10.802s] -- Found pluginlib: 5.1.0 (/opt/ros/humble/share/pluginlib/cmake)
[10.802s] -- Found rclcpp: 16.0.8 (/opt/ros/humble/share/rclcpp/cmake)
[10.802s] -- Found rosidl_generator_c: 3.1.5 (/opt/ros/humble/share/rosidl_generator_c/cmake)
[10.802s] -- Found rosidl_adapter: 3.1.5 (/opt/ros/humble/share/rosidl_adapter/cmake)
[10.802s] -- Found rosidl_generator_cpp: 3.1.5 (/opt/ros/humble/share/rosidl_generator_cpp/cmake)
[10.803s] -- Using all available rosidl_typesupport_c: rosidl_typesupport_fastrtps_c;rosidl_typesupport_introspection_c
[10.803s] -- Using all available rosidl_typesupport_cpp: rosidl_typesupport_fastrtps_cpp;rosidl_typesupport_introspection_cpp
[10.803s] -- Found rmw_implementation_cmake: 6.1.1 (/opt/ros/humble/share/rmw_implementation_cmake/cmake)
[10.803s] -- Found rmw_fastrtps_cpp: 6.2.6 (/opt/ros/humble/share/rmw_fastrtps_cpp/cmake)
[10.803s] -- Found TinyXML2 via Config file: TinyXML2_DIR-NOTFOUND
[10.803s] -- Found OpenSSL: /usr/lib/x86_64-linux-gnu/libcrypto.so (found version "3.0.2")  
[10.803s] -- Found TinyXML2 via Config file: TinyXML2_DIR-NOTFOUND
[10.804s] -- Found FastRTPS: /opt/ros/humble/include  
[10.804s] -- Found TinyXML2 via Config file: TinyXML2_DIR-NOTFOUND
[10.804s] -- Found TinyXML2 via Config file: TinyXML2_DIR-NOTFOUND
[10.804s] -- Using RMW implementation 'rmw_fastrtps_cpp' as default
[10.804s] -- Looking for pthread.h
[10.804s] -- Looking for pthread.h - found
[10.804s] -- Performing Test CMAKE_HAVE_LIBC_PTHREAD
[10.804s] -- Performing Test CMAKE_HAVE_LIBC_PTHREAD - Success
[10.805s] -- Found Threads: TRUE  
[10.805s] -- Found rviz2: 11.2.12 (/opt/ros/humble/share/rviz2/cmake)
[10.805s] -- Found rviz_common: 11.2.12 (/opt/ros/humble/share/rviz_common/cmake)
[10.805s] -- Setting OGRE_DIR to: '/opt/ros/humble/share/rviz_ogre_vendor/cmake/../../../opt/rviz_ogre_vendor/lib/OGRE/cmake'
[10.805s] -- Found OGRE
[10.805s] --   static     : OFF
[10.805s] --   components : HLMS;MeshLodGenerator;Overlay;Paging;Property;RTShaderSystem;Terrain;Volume
[10.806s] --   plugins    : Plugin_BSPSceneManager;Plugin_OctreeSceneManager;Plugin_PCZSceneManager;Plugin_ParticleFX;RenderSystem_GL;RenderSystem_GL3Plus;Codec_STBI
[10.806s] --   media      : /opt/ros/humble/opt/rviz_ogre_vendor/share/OGRE/Media
[10.806s] -- OGRE_LIBRARIES: OgreHLMS;OgreMeshLodGenerator;OgreOverlay;OgrePaging;OgreProperty;OgreRTShaderSystem;OgreTerrain;OgreVolume;OgreMain
[10.806s] -- OGRE_LIBRARY_DIRS: /opt/ros/humble/opt/rviz_ogre_vendor/lib
[10.806s] -- OGRE_PLUGINS: Plugin_BSPSceneManager;Plugin_OctreeSceneManager;Plugin_PCZSceneManager;Plugin_ParticleFX;RenderSystem_GL;RenderSystem_GL3Plus;Codec_STBI
[10.806s] -- OGRE_PLUGIN_DIR: /opt/ros/humble/opt/rviz_ogre_vendor/lib/OGRE
[10.806s] -- rviz_ogre_vendor::OgreOverlay for IMPORTED_LOCATION_RELEASE: /opt/ros/humble/opt/rviz_ogre_vendor/lib/libOgreOverlay.so
[10.806s] -- rviz_ogre_vendor::OgreOverlay for IMPORTED_LOCATION_DEBUG: /opt/ros/humble/opt/rviz_ogre_vendor/lib/libOgreOverlay.so
[10.806s] -- rviz_ogre_vendor::OgreMain for IMPORTED_LOCATION_RELEASE: /opt/ros/humble/opt/rviz_ogre_vendor/lib/libOgreMain.so
[10.806s] -- rviz_ogre_vendor::OgreMain for IMPORTED_LOCATION_DEBUG: /opt/ros/humble/opt/rviz_ogre_vendor/lib/libOgreMain.so
[10.807s] -- Found ZLIB: /usr/lib/x86_64-linux-gnu/libz.so (found version "1.2.11") 
[10.807s] -- Found OpenGL: /usr/lib/x86_64-linux-gnu/libOpenGL.so   
[10.807s] -- Found X11: /usr/include   
[10.807s] -- Looking for XOpenDisplay in /usr/lib/x86_64-linux-gnu/libX11.so;/usr/lib/x86_64-linux-gnu/libXext.so
[10.807s] -- Looking for XOpenDisplay in /usr/lib/x86_64-linux-gnu/libX11.so;/usr/lib/x86_64-linux-gnu/libXext.so - found
[10.807s] -- Looking for gethostbyname
[10.807s] -- Looking for gethostbyname - found
[10.807s] -- Looking for connect
[10.807s] -- Looking for connect - found
[10.807s] -- Looking for remove
[10.808s] -- Looking for remove - found
[10.808s] -- Looking for shmat
[10.808s] -- Looking for shmat - found
[10.808s] -- Looking for IceConnectionNumber in ICE
[10.808s] -- Looking for IceConnectionNumber in ICE - found
[10.808s] -- rviz_ogre_vendor::RenderSystem_GL for IMPORTED_LOCATION_RELEASE: _render_system_gl_static_library_abs-NOTFOUND
[10.808s] -- rviz_ogre_vendor::RenderSystem_GL for IMPORTED_LOCATION_DEBUG: _render_system_gl_static_library_abs-NOTFOUND
[10.808s] -- library: /usr/lib/x86_64-linux-gnu/libcurl.so
[10.808s] -- Found Eigen3: TRUE (found version "3.4.0") 
[10.808s] -- Ensuring Eigen3 include directory is part of orocos-kdl CMake target
[10.808s] -- Found rviz_default_plugins: 11.2.12 (/opt/ros/humble/share/rviz_default_plugins/cmake)
[12.325s] -- Found ament_lint_auto: 0.12.10 (/opt/ros/humble/share/ament_lint_auto/cmake)
[12.591s] -- Added test 'copyright' to check source files copyright and LICENSE
[12.604s] -- Added test 'cppcheck' to perform static code analysis on C / C++ code
[12.605s] -- Configured cppcheck include dirs: /home/jason/Desktop/navi/src/local_planner/autonomous_exploration_development_environment/src/waypoint_rviz_plugin/include
[12.605s] -- Configured cppcheck exclude dirs and/or files: 
[12.606s] -- Added test 'cpplint' to check C / C++ code against the Google style
[12.606s] -- Configured cpplint exclude dirs and/or files: 
[12.620s] -- Added test 'lint_cmake' to check CMake code style
[12.622s] -- Added test 'uncrustify' to check C / C++ code style
[12.622s] -- Configured uncrustify additional arguments: 
[12.627s] -- Added test 'xmllint' to check XML markup files
[12.640s] -- Configuring done
[12.793s] -- Generating done
[12.800s] -- Build files have been written to: /home/jason/Desktop/navi/build/waypoint_rviz_plugin
[12.841s] Invoked command in '/home/jason/Desktop/navi/build/waypoint_rviz_plugin' returned '0': CMAKE_PREFIX_PATH=/opt/ros/humble /usr/bin/cmake /home/jason/Desktop/navi/src/local_planner/autonomous_exploration_development_environment/src/waypoint_rviz_plugin -DCMAKE_BUILD_TYPE=Release -DAMENT_CMAKE_SYMLINK_INSTALL=1 -DCMAKE_INSTALL_PREFIX=/home/jason/Desktop/navi/install/waypoint_rviz_plugin
[12.866s] Invoking command in '/home/jason/Desktop/navi/build/waypoint_rviz_plugin': CMAKE_PREFIX_PATH=/opt/ros/humble /usr/bin/cmake --build /home/jason/Desktop/navi/build/waypoint_rviz_plugin -- -j20 -l20
[13.948s] [ 16%] [34m[1mAutomatic MOC for target waypoint_rviz_plugin[0m
[13.948s] [ 16%] Built target waypoint_rviz_plugin_autogen
[13.948s] [ 33%] [34m[1mGenerating include/moc_waypoint_tool.cpp[0m
[13.948s] [ 50%] [32mBuilding CXX object CMakeFiles/waypoint_rviz_plugin.dir/waypoint_rviz_plugin_autogen/mocs_compilation.cpp.o[0m
[13.948s] [ 66%] [32mBuilding CXX object CMakeFiles/waypoint_rviz_plugin.dir/src/waypoint_tool.cpp.o[0m
[13.948s] [ 83%] [32mBuilding CXX object CMakeFiles/waypoint_rviz_plugin.dir/include/moc_waypoint_tool.cpp.o[0m
[35.894s] [01m[K/home/jason/Desktop/navi/src/local_planner/autonomous_exploration_development_environment/src/waypoint_rviz_plugin/src/waypoint_tool.cpp:[m[K In member function ‘[01m[Kvirtual void waypoint_rviz_plugin::WaypointTool::onPoseSet(double, double, double)[m[K’:
[35.894s] [01m[K/home/jason/Desktop/navi/src/local_planner/autonomous_exploration_development_environment/src/waypoint_rviz_plugin/src/waypoint_tool.cpp:52:57:[m[K [01;35m[Kwarning: [m[Kunused parameter ‘[01m[Ktheta[m[K’ [[01;35m[K]8;;https://gcc.gnu.org/onlinedocs/gcc/Warning-Options.html#index-Wunused-parameter-Wunused-parameter]8;;[m[K]
[35.894s]    52 | void WaypointTool::onPoseSet(double x, double y, [01;35m[Kdouble theta[m[K)
[35.894s]       |                                                  [01;35m[K~~~~~~~^~~~~[m[K
[66.772s] [100%] [32m[1mLinking CXX shared library libwaypoint_rviz_plugin.so[0m
[68.931s] [100%] Built target waypoint_rviz_plugin
[68.989s] Invoked command in '/home/jason/Desktop/navi/build/waypoint_rviz_plugin' returned '0': CMAKE_PREFIX_PATH=/opt/ros/humble /usr/bin/cmake --build /home/jason/Desktop/navi/build/waypoint_rviz_plugin -- -j20 -l20
[69.055s] Invoking command in '/home/jason/Desktop/navi/build/waypoint_rviz_plugin': CMAKE_PREFIX_PATH=/opt/ros/humble /usr/bin/cmake --install /home/jason/Desktop/navi/build/waypoint_rviz_plugin
[71.407s] -- Install configuration: "Release"
[71.408s] -- Execute custom install script
[71.409s] -- Symlinking: /home/jason/Desktop/navi/install/waypoint_rviz_plugin/share/waypoint_rviz_plugin//plugin_description.xml
[71.410s] -- Symlinking: /home/jason/Desktop/navi/install/waypoint_rviz_plugin/share/ament_index/resource_index/package_run_dependencies/waypoint_rviz_plugin
[71.411s] -- Symlinking: /home/jason/Desktop/navi/install/waypoint_rviz_plugin/share/ament_index/resource_index/parent_prefix_path/waypoint_rviz_plugin
[71.411s] -- Symlinking: /home/jason/Desktop/navi/install/waypoint_rviz_plugin/share/waypoint_rviz_plugin/environment/ament_prefix_path.sh
[71.411s] -- Symlinking: /home/jason/Desktop/navi/install/waypoint_rviz_plugin/share/waypoint_rviz_plugin/environment/ament_prefix_path.dsv
[71.411s] -- Symlinking: /home/jason/Desktop/navi/install/waypoint_rviz_plugin/share/waypoint_rviz_plugin/environment/path.sh
[71.411s] -- Symlinking: /home/jason/Desktop/navi/install/waypoint_rviz_plugin/share/waypoint_rviz_plugin/environment/path.dsv
[71.412s] -- Symlinking: /home/jason/Desktop/navi/install/waypoint_rviz_plugin/share/waypoint_rviz_plugin/local_setup.bash
[71.412s] -- Symlinking: /home/jason/Desktop/navi/install/waypoint_rviz_plugin/share/waypoint_rviz_plugin/local_setup.sh
[71.413s] -- Symlinking: /home/jason/Desktop/navi/install/waypoint_rviz_plugin/share/waypoint_rviz_plugin/local_setup.zsh
[71.413s] -- Symlinking: /home/jason/Desktop/navi/install/waypoint_rviz_plugin/share/waypoint_rviz_plugin/local_setup.dsv
[71.413s] -- Symlinking: /home/jason/Desktop/navi/install/waypoint_rviz_plugin/share/waypoint_rviz_plugin/package.dsv
[71.413s] -- Symlinking: /home/jason/Desktop/navi/install/waypoint_rviz_plugin/share/ament_index/resource_index/packages/waypoint_rviz_plugin
[71.414s] -- Symlinking: /home/jason/Desktop/navi/install/waypoint_rviz_plugin/share/ament_index/resource_index/rviz_common__pluginlib__plugin/waypoint_rviz_plugin
[71.414s] -- Symlinking: /home/jason/Desktop/navi/install/waypoint_rviz_plugin/share/waypoint_rviz_plugin/cmake/ament_cmake_export_dependencies-extras.cmake
[71.414s] -- Symlinking: /home/jason/Desktop/navi/install/waypoint_rviz_plugin/share/waypoint_rviz_plugin/cmake/waypoint_rviz_pluginConfig.cmake
[71.416s] -- Symlinking: /home/jason/Desktop/navi/install/waypoint_rviz_plugin/share/waypoint_rviz_plugin/cmake/waypoint_rviz_pluginConfig-version.cmake
[71.416s] -- Symlinking: /home/jason/Desktop/navi/install/waypoint_rviz_plugin/share/waypoint_rviz_plugin/package.xml
[71.417s] -- Installing: /home/jason/Desktop/navi/install/waypoint_rviz_plugin/lib/waypoint_rviz_plugin/libwaypoint_rviz_plugin.so
[71.417s] -- Set runtime path of "/home/jason/Desktop/navi/install/waypoint_rviz_plugin/lib/waypoint_rviz_plugin/libwaypoint_rviz_plugin.so" to ""
[71.452s] Invoked command in '/home/jason/Desktop/navi/build/waypoint_rviz_plugin' returned '0': CMAKE_PREFIX_PATH=/opt/ros/humble /usr/bin/cmake --install /home/jason/Desktop/navi/build/waypoint_rviz_plugin
