[0.074s] Invoking command in '/home/jason/Desktop/navi/build/waypoint_rviz_plugin': CMAKE_PREFIX_PATH=${CMAKE_PREFIX_PATH}:/opt/ros/humble /usr/bin/cmake /home/jason/Desktop/navi/src/local_planner/autonomous_exploration_development_environment/src/waypoint_rviz_plugin -DCMAKE_INSTALL_PREFIX=/home/jason/Desktop/navi/install/waypoint_rviz_plugin
[2.671s] -- Found ament_cmake: 1.3.8 (/opt/ros/humble/share/ament_cmake/cmake)
[2.671s] -- Override CMake install command with custom implementation using symlinks instead of copying resources
[2.671s] -- Found pluginlib: 5.1.0 (/opt/ros/humble/share/pluginlib/cmake)
[2.671s] -- Found rclcpp: 16.0.8 (/opt/ros/humble/share/rclcpp/cmake)
[2.672s] -- Found rosidl_generator_c: 3.1.5 (/opt/ros/humble/share/rosidl_generator_c/cmake)
[2.672s] -- Found rosidl_adapter: 3.1.5 (/opt/ros/humble/share/rosidl_adapter/cmake)
[2.672s] -- Found rosidl_generator_cpp: 3.1.5 (/opt/ros/humble/share/rosidl_generator_cpp/cmake)
[2.672s] -- Using all available rosidl_typesupport_c: rosidl_typesupport_fastrtps_c;rosidl_typesupport_introspection_c
[2.672s] -- Using all available rosidl_typesupport_cpp: rosidl_typesupport_fastrtps_cpp;rosidl_typesupport_introspection_cpp
[2.672s] -- Found rmw_implementation_cmake: 6.1.1 (/opt/ros/humble/share/rmw_implementation_cmake/cmake)
[2.672s] -- Found rmw_fastrtps_cpp: 6.2.6 (/opt/ros/humble/share/rmw_fastrtps_cpp/cmake)
[2.672s] -- Found TinyXML2 via Config file: TinyXML2_DIR-NOTFOUND
[2.674s] -- Found TinyXML2 via Config file: TinyXML2_DIR-NOTFOUND
[2.674s] -- Found TinyXML2 via Config file: TinyXML2_DIR-NOTFOUND
[2.674s] -- Found TinyXML2 via Config file: TinyXML2_DIR-NOTFOUND
[2.674s] -- Using RMW implementation 'rmw_fastrtps_cpp' as default
[2.674s] -- Found rviz2: 11.2.12 (/opt/ros/humble/share/rviz2/cmake)
[2.674s] -- Found rviz_common: 11.2.12 (/opt/ros/humble/share/rviz_common/cmake)
[2.674s] -- Setting OGRE_DIR to: '/opt/ros/humble/share/rviz_ogre_vendor/cmake/../../../opt/rviz_ogre_vendor/lib/OGRE/cmake'
[2.674s] -- Found OGRE
[2.674s] --   static     : OFF
[2.674s] --   components : HLMS;MeshLodGenerator;Overlay;Paging;Property;RTShaderSystem;Terrain;Volume
[2.682s] --   plugins    : Plugin_BSPSceneManager;Plugin_OctreeSceneManager;Plugin_PCZSceneManager;Plugin_ParticleFX;RenderSystem_GL;RenderSystem_GL3Plus;Codec_STBI
[2.686s] --   media      : /opt/ros/humble/opt/rviz_ogre_vendor/share/OGRE/Media
[2.686s] -- OGRE_LIBRARIES: OgreHLMS;OgreMeshLodGenerator;OgreOverlay;OgrePaging;OgreProperty;OgreRTShaderSystem;OgreTerrain;OgreVolume;OgreMain
[2.687s] -- OGRE_LIBRARY_DIRS: /opt/ros/humble/opt/rviz_ogre_vendor/lib
[2.687s] -- OGRE_PLUGINS: Plugin_BSPSceneManager;Plugin_OctreeSceneManager;Plugin_PCZSceneManager;Plugin_ParticleFX;RenderSystem_GL;RenderSystem_GL3Plus;Codec_STBI
[2.687s] -- OGRE_PLUGIN_DIR: /opt/ros/humble/opt/rviz_ogre_vendor/lib/OGRE
[2.687s] -- rviz_ogre_vendor::OgreOverlay for IMPORTED_LOCATION_RELEASE: /opt/ros/humble/opt/rviz_ogre_vendor/lib/libOgreOverlay.so
[2.687s] -- rviz_ogre_vendor::OgreOverlay for IMPORTED_LOCATION_DEBUG: /opt/ros/humble/opt/rviz_ogre_vendor/lib/libOgreOverlay.so
[2.687s] -- rviz_ogre_vendor::OgreMain for IMPORTED_LOCATION_RELEASE: /opt/ros/humble/opt/rviz_ogre_vendor/lib/libOgreMain.so
[2.687s] -- rviz_ogre_vendor::OgreMain for IMPORTED_LOCATION_DEBUG: /opt/ros/humble/opt/rviz_ogre_vendor/lib/libOgreMain.so
[2.687s] -- rviz_ogre_vendor::RenderSystem_GL for IMPORTED_LOCATION_RELEASE: _render_system_gl_static_library_abs-NOTFOUND
[2.687s] -- rviz_ogre_vendor::RenderSystem_GL for IMPORTED_LOCATION_DEBUG: _render_system_gl_static_library_abs-NOTFOUND
[2.687s] -- library: /usr/lib/x86_64-linux-gnu/libcurl.so
[2.687s] -- Ensuring Eigen3 include directory is part of orocos-kdl CMake target
[2.687s] -- Found rviz_default_plugins: 11.2.12 (/opt/ros/humble/share/rviz_default_plugins/cmake)
[2.838s] -- Found ament_lint_auto: 0.12.10 (/opt/ros/humble/share/ament_lint_auto/cmake)
[2.983s] -- Added test 'copyright' to check source files copyright and LICENSE
[2.988s] -- Added test 'cppcheck' to perform static code analysis on C / C++ code
[2.988s] -- Configured cppcheck include dirs: /home/jason/Desktop/navi/src/local_planner/autonomous_exploration_development_environment/src/waypoint_rviz_plugin/include
[2.988s] -- Configured cppcheck exclude dirs and/or files: 
[2.989s] -- Added test 'cpplint' to check C / C++ code against the Google style
[2.989s] -- Configured cpplint exclude dirs and/or files: 
[2.989s] -- Added test 'lint_cmake' to check CMake code style
[2.990s] -- Added test 'uncrustify' to check C / C++ code style
[2.991s] -- Configured uncrustify additional arguments: 
[2.994s] -- Added test 'xmllint' to check XML markup files
[3.000s] -- Configuring done
[3.071s] -- Generating done
[3.075s] -- Build files have been written to: /home/jason/Desktop/navi/build/waypoint_rviz_plugin
[3.107s] Invoked command in '/home/jason/Desktop/navi/build/waypoint_rviz_plugin' returned '0': CMAKE_PREFIX_PATH=${CMAKE_PREFIX_PATH}:/opt/ros/humble /usr/bin/cmake /home/jason/Desktop/navi/src/local_planner/autonomous_exploration_development_environment/src/waypoint_rviz_plugin -DCMAKE_INSTALL_PREFIX=/home/jason/Desktop/navi/install/waypoint_rviz_plugin
[3.108s] Invoking command in '/home/jason/Desktop/navi/build/waypoint_rviz_plugin': CMAKE_PREFIX_PATH=${CMAKE_PREFIX_PATH}:/opt/ros/humble /usr/bin/cmake --build /home/jason/Desktop/navi/build/waypoint_rviz_plugin -- -j20 -l20
[4.289s] [ 16%] [34m[1mAutomatic MOC for target waypoint_rviz_plugin[0m
[4.289s] [ 16%] Built target waypoint_rviz_plugin_autogen
[4.289s] [35m[1mConsolidate compiler generated dependencies of target waypoint_rviz_plugin[0m
[4.289s] [ 33%] [32mBuilding CXX object CMakeFiles/waypoint_rviz_plugin.dir/src/waypoint_tool.cpp.o[0m
[4.289s] [ 50%] [32mBuilding CXX object CMakeFiles/waypoint_rviz_plugin.dir/include/moc_waypoint_tool.cpp.o[0m
[18.979s] gmake[2]: *** [CMakeFiles/waypoint_rviz_plugin.dir/build.make:108: CMakeFiles/waypoint_rviz_plugin.dir/include/moc_waypoint_tool.cpp.o] Interrupt
[19.000s] gmake[2]: *** [CMakeFiles/waypoint_rviz_plugin.dir/build.make:94: CMakeFiles/waypoint_rviz_plugin.dir/src/waypoint_tool.cpp.o] Interrupt
[19.001s] gmake[1]: *** [CMakeFiles/Makefile2:138: CMakeFiles/waypoint_rviz_plugin.dir/all] Interrupt
[19.001s] gmake: *** [Makefile:146: all] Interrupt
