[0.067s] Invoking command in '/home/jason/Desktop/navi/build/terrain_analysis': CMAKE_PREFIX_PATH=${CMAKE_PREFIX_PATH}:/opt/ros/humble /usr/bin/cmake --build /home/jason/Desktop/navi/build/terrain_analysis -- -j20 -l20
[0.258s] [100%] Built target terrainAnalysis
[0.290s] Invoked command in '/home/jason/Desktop/navi/build/terrain_analysis' returned '0': CMAKE_PREFIX_PATH=${CMAKE_PREFIX_PATH}:/opt/ros/humble /usr/bin/cmake --build /home/jason/Desktop/navi/build/terrain_analysis -- -j20 -l20
[0.356s] Invoking command in '/home/jason/Desktop/navi/build/terrain_analysis': CMAKE_PREFIX_PATH=${CMAKE_PREFIX_PATH}:/opt/ros/humble /usr/bin/cmake --install /home/jason/Desktop/navi/build/terrain_analysis
[0.372s] -- Install configuration: "Release"
[0.372s] -- Execute custom install script
[0.372s] -- Up-to-date symlink: /home/jason/Desktop/navi/install/terrain_analysis/lib/terrain_analysis/terrainAnalysis
[0.372s] -- Up-to-date symlink: /home/jason/Desktop/navi/install/terrain_analysis/share/terrain_analysis/launch/terrain_analysis.launch
[0.374s] -- Up-to-date symlink: /home/jason/Desktop/navi/install/terrain_analysis/share/ament_index/resource_index/package_run_dependencies/terrain_analysis
[0.374s] -- Up-to-date symlink: /home/jason/Desktop/navi/install/terrain_analysis/share/ament_index/resource_index/parent_prefix_path/terrain_analysis
[0.375s] -- Up-to-date symlink: /home/jason/Desktop/navi/install/terrain_analysis/share/terrain_analysis/environment/ament_prefix_path.sh
[0.375s] -- Up-to-date symlink: /home/jason/Desktop/navi/install/terrain_analysis/share/terrain_analysis/environment/ament_prefix_path.dsv
[0.375s] -- Up-to-date symlink: /home/jason/Desktop/navi/install/terrain_analysis/share/terrain_analysis/environment/path.sh
[0.375s] -- Up-to-date symlink: /home/jason/Desktop/navi/install/terrain_analysis/share/terrain_analysis/environment/path.dsv
[0.375s] -- Up-to-date symlink: /home/jason/Desktop/navi/install/terrain_analysis/share/terrain_analysis/local_setup.bash
[0.375s] -- Up-to-date symlink: /home/jason/Desktop/navi/install/terrain_analysis/share/terrain_analysis/local_setup.sh
[0.376s] -- Up-to-date symlink: /home/jason/Desktop/navi/install/terrain_analysis/share/terrain_analysis/local_setup.zsh
[0.377s] -- Up-to-date symlink: /home/jason/Desktop/navi/install/terrain_analysis/share/terrain_analysis/local_setup.dsv
[0.377s] -- Symlinking: /home/jason/Desktop/navi/install/terrain_analysis/share/terrain_analysis/package.dsv
[0.378s] -- Up-to-date symlink: /home/jason/Desktop/navi/install/terrain_analysis/share/ament_index/resource_index/packages/terrain_analysis
[0.378s] -- Up-to-date symlink: /home/jason/Desktop/navi/install/terrain_analysis/share/terrain_analysis/cmake/terrain_analysisConfig.cmake
[0.378s] -- Up-to-date symlink: /home/jason/Desktop/navi/install/terrain_analysis/share/terrain_analysis/cmake/terrain_analysisConfig-version.cmake
[0.378s] -- Up-to-date symlink: /home/jason/Desktop/navi/install/terrain_analysis/share/terrain_analysis/package.xml
[0.441s] Invoked command in '/home/jason/Desktop/navi/build/terrain_analysis' returned '0': CMAKE_PREFIX_PATH=${CMAKE_PREFIX_PATH}:/opt/ros/humble /usr/bin/cmake --install /home/jason/Desktop/navi/build/terrain_analysis
