[0.065s] Invoking command in '/home/jason/Desktop/navi/build/vehicle_simulator': CMAKE_PREFIX_PATH=${CMAKE_PREFIX_PATH}:/opt/ros/humble /usr/bin/cmake /home/jason/Desktop/navi/src/local_planner/autonomous_exploration_development_environment/src/vehicle_simulator -DCMAKE_INSTALL_PREFIX=/home/jason/Desktop/navi/install/vehicle_simulator
[0.105s] -- Found ament_cmake: 1.3.8 (/opt/ros/humble/share/ament_cmake/cmake)
[0.309s] -- Override CMake install command with custom implementation using symlinks instead of copying resources
[0.318s] -- Found rclcpp: 16.0.8 (/opt/ros/humble/share/rclcpp/cmake)
[0.360s] -- Found rosidl_generator_c: 3.1.5 (/opt/ros/humble/share/rosidl_generator_c/cmake)
[0.365s] -- Found rosidl_adapter: 3.1.5 (/opt/ros/humble/share/rosidl_adapter/cmake)
[0.374s] -- Found rosidl_generator_cpp: 3.1.5 (/opt/ros/humble/share/rosidl_generator_cpp/cmake)
[0.392s] -- Using all available rosidl_typesupport_c: rosidl_typesupport_fastrtps_c;rosidl_typesupport_introspection_c
[0.418s] -- Using all available rosidl_typesupport_cpp: rosidl_typesupport_fastrtps_cpp;rosidl_typesupport_introspection_cpp
[0.507s] -- Found rmw_implementation_cmake: 6.1.1 (/opt/ros/humble/share/rmw_implementation_cmake/cmake)
[0.510s] -- Found rmw_fastrtps_cpp: 6.2.6 (/opt/ros/humble/share/rmw_fastrtps_cpp/cmake)
[0.698s] -- Using RMW implementation 'rmw_fastrtps_cpp' as default
[0.883s] -- Found nav_msgs: 4.2.3 (/opt/ros/humble/share/nav_msgs/cmake)
[1.061s] -- Found sensor_msgs: 4.2.3 (/opt/ros/humble/share/sensor_msgs/cmake)
[1.184s] -- Found tf2_ros: 0.25.6 (/opt/ros/humble/share/tf2_ros/cmake)
[1.567s] -- Found tf2_geometry_msgs: 0.25.6 (/opt/ros/humble/share/tf2_geometry_msgs/cmake)
[1.573s] -- Found eigen3_cmake_module: 0.1.1 (/opt/ros/humble/share/eigen3_cmake_module/cmake)
[1.574s] -- Found Eigen3: TRUE (found version "3.4.0") 
[1.574s] -- Ensuring Eigen3 include directory is part of orocos-kdl CMake target
[1.591s] -- Found gazebo_msgs: 3.7.0 (/opt/ros/humble/share/gazebo_msgs/cmake)
[1.927s] -- Found gazebo_ros: 3.7.0 (/opt/ros/humble/share/gazebo_ros/cmake)
[2.010s] -- Found DART: /usr/include (Required is at least version "6.6") found components: dart 
[2.055s] -- Found Boost: /usr/lib/x86_64-linux-gnu/cmake/Boost-1.74.0/BoostConfig.cmake (found suitable version "1.74.0", minimum required is "1.40.0") found components: thread system filesystem program_options regex iostreams date_time 
[2.063s] -- Found Protobuf: /usr/lib/x86_64-linux-gnu/libprotobuf.so (found version "3.12.4") 
[2.066s] -- Looking for ignition-math6 -- found version 6.15.1
[2.073s] -- Searching for dependencies of ignition-math6
[2.075s] -- Looking for OGRE...
[2.086s] -- Found Ogre Ghadamon (1.9.0)
[2.087s] -- Found OGRE: optimized;/usr/lib/x86_64-linux-gnu/libOgreMain.so;debug;/usr/lib/x86_64-linux-gnu/libOgreMain.so
[2.103s] -- Looking for OGRE_Paging...
[2.104s] -- Found OGRE_Paging: optimized;/usr/lib/x86_64-linux-gnu/libOgrePaging.so;debug;/usr/lib/x86_64-linux-gnu/libOgrePaging.so
[2.105s] -- Looking for OGRE_Terrain...
[2.105s] -- Found OGRE_Terrain: optimized;/usr/lib/x86_64-linux-gnu/libOgreTerrain.so;debug;/usr/lib/x86_64-linux-gnu/libOgreTerrain.so
[2.105s] -- Looking for OGRE_Property...
[2.105s] -- Found OGRE_Property: optimized;/usr/lib/x86_64-linux-gnu/libOgreProperty.so;debug;/usr/lib/x86_64-linux-gnu/libOgreProperty.so
[2.105s] -- Looking for OGRE_RTShaderSystem...
[2.106s] -- Found OGRE_RTShaderSystem: optimized;/usr/lib/x86_64-linux-gnu/libOgreRTShaderSystem.so;debug;/usr/lib/x86_64-linux-gnu/libOgreRTShaderSystem.so
[2.106s] -- Looking for OGRE_Volume...
[2.106s] -- Found OGRE_Volume: optimized;/usr/lib/x86_64-linux-gnu/libOgreVolume.so;debug;/usr/lib/x86_64-linux-gnu/libOgreVolume.so
[2.106s] -- Looking for OGRE_Overlay...
[2.106s] -- Found OGRE_Overlay: optimized;/usr/lib/x86_64-linux-gnu/libOgreOverlay.so;debug;/usr/lib/x86_64-linux-gnu/libOgreOverlay.so
[2.385s] -- Looking for ignition-math6 -- found version 6.15.1
[2.390s] -- Looking for ignition-transport8 -- found version 8.2.1
[2.390s] -- Searching for dependencies of ignition-transport8
[2.415s] -- Found Protobuf: /usr/lib/x86_64-linux-gnu/libprotobuf.so (found suitable version "3.12.4", minimum required is "3") 
[2.429s] -- Config-file not installed for ZeroMQ -- checking for pkg-config
[2.438s] -- Checking for module 'libzmq >= 4'
[2.466s] --   Found libzmq , version 4.3.4
[2.532s] -- Checking for module 'uuid'
[2.559s] --   Found uuid, version 2.37.2
[2.617s] -- Looking for ignition-msgs5 -- found version 5.8.1
[2.618s] -- Searching for dependencies of ignition-msgs5
[2.648s] -- Looking for ignition-math6 -- found version 6.15.1
[2.656s] -- Checking for module 'tinyxml2'
[2.683s] --   Found tinyxml2, version 9.0.0
[2.738s] -- Looking for ignition-msgs5 -- found version 5.8.1
[2.739s] -- Looking for ignition-common3 -- found version 3.14.0
[2.740s] -- Searching for dependencies of ignition-common3
[2.740s] -- Looking for dlfcn.h - found
[2.741s] -- Looking for libdl - found
[2.759s] -- Searching for <ignition-common3> component [graphics]
[2.759s] -- Looking for ignition-common3-graphics -- found version 3.14.0
[2.759s] -- Searching for dependencies of ignition-common3-graphics
[2.759s] -- Looking for ignition-math6 -- found version 6.15.1
[2.759s] -- Looking for ignition-fuel_tools4 -- found version 4.4.0
[2.760s] -- Searching for dependencies of ignition-fuel_tools4
[2.829s] -- Checking for module 'jsoncpp'
[2.844s] --   Found jsoncpp, version 1.9.5
[2.900s] -- Checking for module 'libzip'
[2.922s] --   Found libzip, version 1.7.3
[2.967s] -- Looking for ignition-common3 -- found version 3.14.0
[2.969s] -- Looking for ignition-math6 -- found version 6.15.1
[2.969s] -- Looking for ignition-msgs5 -- found version 5.8.1
[2.969s] -- Gazebo version: 11.10
[3.005s] -- Eigen found (include: /usr/include/eigen3, version: 3.4.0)
[3.015s] -- Found Boost: /usr/lib/x86_64-linux-gnu/cmake/Boost-1.74.0/BoostConfig.cmake (found suitable version "1.74.0", minimum required is "1.65.0") found components: system filesystem date_time iostreams serialization 
[3.056s] -- FLANN found (include: /usr/include, lib: /usr/lib/x86_64-linux-gnu/libflann_cpp.so)
[3.319s] -- Found Eigen3: /usr/include/eigen3 (found version "3.4.0") 
[3.562s] -- OpenNI found (version: 1.5.4.0, include: /usr/include/ni, lib: /usr/lib/libOpenNI.so;libusb::libusb)
[3.568s] -- OpenNI2 found (version: 2.2.0.33, include: /usr/include/openni2, lib: /usr/lib/x86_64-linux-gnu/libOpenNI2.so;libusb::libusb)
[3.569s] [0m** WARNING ** io features related to pcap will be disabled[0m
[3.961s] -- Eigen found (include: /usr/include/eigen3, version: 3.4.0)
[3.978s] -- OpenNI found (version: 1.5.4.0, include: /usr/include/ni, lib: /usr/lib/libOpenNI.so;libusb::libusb)
[4.000s] -- OpenNI2 found (version: 2.2.0.33, include: /usr/include/openni2, lib: /usr/lib/x86_64-linux-gnu/libOpenNI2.so;libusb::libusb)
[4.463s] -- Found Qhull version 8.0.2
[4.997s] -- OpenNI found (version: 1.5.4.0, include: /usr/include/ni, lib: /usr/lib/libOpenNI.so;libusb::libusb)
[5.463s] -- looking for PCL_COMMON
[5.465s] -- looking for PCL_KDTREE
[5.466s] -- looking for PCL_OCTREE
[5.468s] -- looking for PCL_SEARCH
[5.469s] -- looking for PCL_SAMPLE_CONSENSUS
[5.472s] -- looking for PCL_FILTERS
[5.472s] -- looking for PCL_2D
[5.473s] -- looking for PCL_GEOMETRY
[5.475s] -- looking for PCL_IO
[5.476s] -- looking for PCL_FEATURES
[5.479s] -- looking for PCL_ML
[5.479s] -- looking for PCL_SEGMENTATION
[5.480s] -- looking for PCL_VISUALIZATION
[5.481s] -- looking for PCL_SURFACE
[5.482s] -- looking for PCL_REGISTRATION
[5.483s] -- looking for PCL_KEYPOINTS
[5.484s] -- looking for PCL_TRACKING
[5.486s] -- looking for PCL_RECOGNITION
[5.487s] -- looking for PCL_STEREO
[5.488s] -- looking for PCL_APPS
[5.490s] -- looking for PCL_IN_HAND_SCANNER
[5.491s] -- looking for PCL_MODELER
[5.491s] -- looking for PCL_POINT_CLOUD_EDITOR
[5.492s] -- looking for PCL_OUTOFCORE
[5.493s] -- looking for PCL_PEOPLE
[5.497s] -- Found pcl_conversions: 2.4.0 (/opt/ros/humble/share/pcl_conversions/cmake)
[5.826s] -- Found pcl_ros: 2.4.0 (/opt/ros/humble/share/pcl_ros/cmake)
[6.676s] -- Found ament_lint_auto: 0.12.10 (/opt/ros/humble/share/ament_lint_auto/cmake)
[6.871s] -- Added test 'copyright' to check source files copyright and LICENSE
[6.885s] -- Added test 'cppcheck' to perform static code analysis on C / C++ code
[6.885s] -- Configured cppcheck include dirs: /home/jason/Desktop/navi/src/local_planner/autonomous_exploration_development_environment/src/vehicle_simulator/include
[6.885s] -- Configured cppcheck exclude dirs and/or files: 
[6.896s] -- Added test 'cpplint' to check C / C++ code against the Google style
[6.896s] -- Configured cpplint exclude dirs and/or files: 
[6.898s] -- Added test 'flake8' to check Python code syntax and style conventions
[6.900s] -- Added test 'lint_cmake' to check CMake code style
[6.901s] -- Added test 'pep257' to check Python code against some of the docstring style conventions in PEP 257
[6.906s] -- Added test 'uncrustify' to check C / C++ code style
[6.907s] -- Configured uncrustify additional arguments: 
[6.910s] -- Added test 'xmllint' to check XML markup files
[6.918s] -- Configuring done
[7.222s] -- Generating done
[7.222s] -- Build files have been written to: /home/jason/Desktop/navi/build/vehicle_simulator
[7.411s] Invoked command in '/home/jason/Desktop/navi/build/vehicle_simulator' returned '0': CMAKE_PREFIX_PATH=${CMAKE_PREFIX_PATH}:/opt/ros/humble /usr/bin/cmake /home/jason/Desktop/navi/src/local_planner/autonomous_exploration_development_environment/src/vehicle_simulator -DCMAKE_INSTALL_PREFIX=/home/jason/Desktop/navi/install/vehicle_simulator
[7.412s] Invoking command in '/home/jason/Desktop/navi/build/vehicle_simulator': CMAKE_PREFIX_PATH=${CMAKE_PREFIX_PATH}:/opt/ros/humble /usr/bin/cmake --build /home/jason/Desktop/navi/build/vehicle_simulator -- -j20 -l20
[19.260s] [35m[1mConsolidate compiler generated dependencies of target vehicleSimulator[0m
[19.260s] [ 50%] [32mBuilding CXX object CMakeFiles/vehicleSimulator.dir/src/vehicleSimulator.cpp.o[0m
[19.261s] gmake[2]: *** [CMakeFiles/vehicleSimulator.dir/build.make:76: CMakeFiles/vehicleSimulator.dir/src/vehicleSimulator.cpp.o] Interrupt
[19.261s] gmake[1]: *** [CMakeFiles/Makefile2:137: CMakeFiles/vehicleSimulator.dir/all] Interrupt
[19.261s] gmake: *** [Makefile:146: all] Interrupt
