[0.000000] (-) TimerEvent: {}
[0.000192] (-) JobUnselected: {'identifier': 'a_star'}
[0.000230] (-) JobUnselected: {'identifier': 'fast_lio'}
[0.000248] (-) JobUnselected: {'identifier': 'icp_localization_ros2'}
[0.000265] (-) JobUnselected: {'identifier': 'joy'}
[0.000280] (-) JobUnselected: {'identifier': 'linefit_ground_segmentation'}
[0.000294] (-) JobUnselected: {'identifier': 'linefit_ground_segmentation_ros'}
[0.000309] (-) JobUnselected: {'identifier': 'livox_ros_driver2'}
[0.000323] (-) JobUnselected: {'identifier': 'loam_interface'}
[0.000337] (-) JobUnselected: {'identifier': 'local_planner'}
[0.000350] (-) JobUnselected: {'identifier': 'mapping'}
[0.000364] (-) JobUnselected: {'identifier': 'path2waypoint'}
[0.000378] (-) JobUnselected: {'identifier': 'rm_nav_bringup'}
[0.000391] (-) JobUnselected: {'identifier': 'sensor_scan_generation'}
[0.000405] (-) JobUnselected: {'identifier': 'terrain_analysis'}
[0.000418] (-) JobUnselected: {'identifier': 'terrain_analysis_ext'}
[0.000432] (-) JobUnselected: {'identifier': 'vehicle_simulator'}
[0.000445] (-) JobUnselected: {'identifier': 'velodyne_description'}
[0.000459] (-) JobUnselected: {'identifier': 'velodyne_gazebo_plugins'}
[0.000472] (-) JobUnselected: {'identifier': 'velodyne_simulator'}
[0.000486] (-) JobUnselected: {'identifier': 'visualization_tools'}
[0.000500] (-) JobUnselected: {'identifier': 'waypoint_example'}
[0.000514] (-) JobUnselected: {'identifier': 'waypoint_rviz_plugin'}
[0.000528] (-) EventReactorShutdown: {}
