-- Found ament_cmake_auto: 1.3.8 (/opt/ros/humble/share/ament_cmake_auto/cmake)
-- Override CMake install command with custom implementation using symlinks instead of copying resources
-- Found rosidl_generator_c: 3.1.5 (/opt/ros/humble/share/rosidl_generator_c/cmake)
-- Found rosidl_adapter: 3.1.5 (/opt/ros/humble/share/rosidl_adapter/cmake)
-- Found rosidl_generator_cpp: 3.1.5 (/opt/ros/humble/share/rosidl_generator_cpp/cmake)
-- Using all available rosidl_typesupport_c: rosidl_typesupport_fastrtps_c;rosidl_typesupport_introspection_c
-- Using all available rosidl_typesupport_cpp: rosidl_typesupport_fastrtps_cpp;rosidl_typesupport_introspection_cpp
-- Found rmw_implementation_cmake: 6.1.1 (/opt/ros/humble/share/rmw_implementation_cmake/cmake)
-- Found rmw_fastrtps_cpp: 6.2.6 (/opt/ros/humble/share/rmw_fastrtps_cpp/cmake)
-- Using RMW implementation 'rmw_fastrtps_cpp' as default
-- Found eigen3_cmake_module: 0.1.1 (/opt/ros/humble/share/eigen3_cmake_module/cmake)
-- Ensuring Eigen3 include directory is part of orocos-kdl CMake target
-- Eigen found (include: /usr/include/eigen3, version: 3.4.0)
-- FLANN found (include: /usr/include, lib: /usr/lib/x86_64-linux-gnu/libflann_cpp.so)
-- OpenNI found (version: 1.5.4.0, include: /usr/include/ni, lib: /usr/lib/libOpenNI.so;libusb::libusb)
-- OpenNI2 found (version: 2.2.0.33, include: /usr/include/openni2, lib: /usr/lib/x86_64-linux-gnu/libOpenNI2.so;libusb::libusb)
-- Eigen found (include: /usr/include/eigen3, version: 3.4.0)
-- OpenNI found (version: 1.5.4.0, include: /usr/include/ni, lib: /usr/lib/libOpenNI.so;libusb::libusb)
-- OpenNI2 found (version: 2.2.0.33, include: /usr/include/openni2, lib: /usr/lib/x86_64-linux-gnu/libOpenNI2.so;libusb::libusb)
-- Found Qhull version 8.0.2
-- OpenNI found (version: 1.5.4.0, include: /usr/include/ni, lib: /usr/lib/libOpenNI.so;libusb::libusb)
-- Found Boost: /usr/lib/x86_64-linux-gnu/cmake/Boost-1.74.0/BoostConfig.cmake (found version "1.74.0") found components: thread filesystem system program_options date_time 
-- Found Boost: /usr/lib/x86_64-linux-gnu/cmake/Boost-1.74.0/BoostConfig.cmake (found version "1.74.0") found components: thread filesystem system program_options date_time chrono 
-- Found ament_lint_auto: 0.12.10 (/opt/ros/humble/share/ament_lint_auto/cmake)
-- Added test 'cppcheck' to perform static code analysis on C / C++ code
-- Configured cppcheck include dirs: /home/jason/Desktop/navi/src/localization/icp_localization_ros2/include
-- Configured cppcheck exclude dirs and/or files: 
-- Added test 'flake8' to check Python code syntax and style conventions
-- Added test 'lint_cmake' to check CMake code style
-- Added test 'pep257' to check Python code against some of the docstring style conventions in PEP 257
-- Added test 'uncrustify' to check C / C++ code style
-- Configured uncrustify additional arguments: 
-- Added test 'xmllint' to check XML markup files
-- Configuring done
-- Generating done
-- Build files have been written to: /home/jason/Desktop/navi/build/icp_localization_ros2
[35m[1mConsolidate compiler generated dependencies of target icp_localization[0m
[  5%] [32mBuilding CXX object CMakeFiles/icp_localization.dir/src/ICPlocalization.cpp.o[0m
[ 11%] [32mBuilding CXX object CMakeFiles/icp_localization.dir/src/RangeDataAccumulator.cpp.o[0m
[ 17%] [32mBuilding CXX object CMakeFiles/icp_localization.dir/src/common/math.cpp.o[0m
[ 23%] [32mBuilding CXX object CMakeFiles/icp_localization.dir/src/common/time.cpp.o[0m
[ 29%] [32mBuilding CXX object CMakeFiles/icp_localization.dir/src/helpers.cpp.o[0m
[ 35%] [32mBuilding CXX object CMakeFiles/icp_localization.dir/src/transform/FrameTracker.cpp.o[0m
[ 41%] [32mBuilding CXX object CMakeFiles/icp_localization.dir/src/transform/ImuInterpolationBuffer.cpp.o[0m
[ 47%] [32mBuilding CXX object CMakeFiles/icp_localization.dir/src/localizer_node.cpp.o[0m
[ 52%] [32mBuilding CXX object CMakeFiles/icp_localization.dir/src/transform/ImuReading.cpp.o[0m
[ 58%] [32mBuilding CXX object CMakeFiles/icp_localization.dir/src/transform/ImuTracker.cpp.o[0m
[ 64%] [32mBuilding CXX object CMakeFiles/icp_localization.dir/src/transform/TransformInterpolationBuffer.cpp.o[0m
[ 70%] [32mBuilding CXX object CMakeFiles/icp_localization.dir/src/transform/TfPublisher.cpp.o[0m
[ 76%] [32mBuilding CXX object CMakeFiles/icp_localization.dir/src/transform/RigidTransform.cpp.o[0m
[ 82%] [32mBuilding CXX object CMakeFiles/icp_localization.dir/src/transform/Twist.cpp.o[0m
[ 88%] [32mBuilding CXX object CMakeFiles/icp_localization.dir/src/transform/TwistIntegrationBuffer.cpp.o[0m
[ 94%] [32mBuilding CXX object CMakeFiles/icp_localization.dir/src/transform/TwistIntegrationBufferRos.cpp.o[0m
