[0.068s] Invoking command in '/home/jason/Desktop/navi/build/icp_localization_ros2': CMAKE_PREFIX_PATH=${CMAKE_PREFIX_PATH}:/opt/ros/humble /usr/bin/cmake /home/jason/Desktop/navi/src/localization/icp_localization_ros2 -DCMAKE_INSTALL_PREFIX=/home/jason/Desktop/navi/install/icp_localization_ros2
[1.035s] -- Found ament_cmake_auto: 1.3.8 (/opt/ros/humble/share/ament_cmake_auto/cmake)
[1.035s] -- Override CMake install command with custom implementation using symlinks instead of copying resources
[1.035s] -- Found rosidl_generator_c: 3.1.5 (/opt/ros/humble/share/rosidl_generator_c/cmake)
[1.035s] -- Found rosidl_adapter: 3.1.5 (/opt/ros/humble/share/rosidl_adapter/cmake)
[1.037s] -- Found rosidl_generator_cpp: 3.1.5 (/opt/ros/humble/share/rosidl_generator_cpp/cmake)
[1.037s] -- Using all available rosidl_typesupport_c: rosidl_typesupport_fastrtps_c;rosidl_typesupport_introspection_c
[1.037s] -- Using all available rosidl_typesupport_cpp: rosidl_typesupport_fastrtps_cpp;rosidl_typesupport_introspection_cpp
[1.037s] -- Found rmw_implementation_cmake: 6.1.1 (/opt/ros/humble/share/rmw_implementation_cmake/cmake)
[1.037s] -- Found rmw_fastrtps_cpp: 6.2.6 (/opt/ros/humble/share/rmw_fastrtps_cpp/cmake)
[1.037s] -- Using RMW implementation 'rmw_fastrtps_cpp' as default
[1.475s] -- Found eigen3_cmake_module: 0.1.1 (/opt/ros/humble/share/eigen3_cmake_module/cmake)
[1.476s] -- Ensuring Eigen3 include directory is part of orocos-kdl CMake target
[2.024s] -- Eigen found (include: /usr/include/eigen3, version: 3.4.0)
[2.084s] -- FLANN found (include: /usr/include, lib: /usr/lib/x86_64-linux-gnu/libflann_cpp.so)
[2.595s] -- OpenNI found (version: 1.5.4.0, include: /usr/include/ni, lib: /usr/lib/libOpenNI.so;libusb::libusb)
[2.603s] -- OpenNI2 found (version: 2.2.0.33, include: /usr/include/openni2, lib: /usr/lib/x86_64-linux-gnu/libOpenNI2.so;libusb::libusb)
[2.891s] -- Eigen found (include: /usr/include/eigen3, version: 3.4.0)
[2.930s] -- OpenNI found (version: 1.5.4.0, include: /usr/include/ni, lib: /usr/lib/libOpenNI.so;libusb::libusb)
[2.939s] -- OpenNI2 found (version: 2.2.0.33, include: /usr/include/openni2, lib: /usr/lib/x86_64-linux-gnu/libOpenNI2.so;libusb::libusb)
[3.202s] -- Found Qhull version 8.0.2
[3.465s] -- OpenNI found (version: 1.5.4.0, include: /usr/include/ni, lib: /usr/lib/libOpenNI.so;libusb::libusb)
[4.523s] -- Found Boost: /usr/lib/x86_64-linux-gnu/cmake/Boost-1.74.0/BoostConfig.cmake (found version "1.74.0") found components: thread filesystem system program_options date_time 
[4.540s] -- Found Boost: /usr/lib/x86_64-linux-gnu/cmake/Boost-1.74.0/BoostConfig.cmake (found version "1.74.0") found components: thread filesystem system program_options date_time chrono 
[4.935s] -- Found ament_lint_auto: 0.12.10 (/opt/ros/humble/share/ament_lint_auto/cmake)
[4.966s] -- Added test 'cppcheck' to perform static code analysis on C / C++ code
[4.968s] -- Configured cppcheck include dirs: /home/jason/Desktop/navi/src/localization/icp_localization_ros2/include
[4.969s] -- Configured cppcheck exclude dirs and/or files: 
[4.972s] -- Added test 'flake8' to check Python code syntax and style conventions
[4.976s] -- Added test 'lint_cmake' to check CMake code style
[4.977s] -- Added test 'pep257' to check Python code against some of the docstring style conventions in PEP 257
[4.993s] -- Added test 'uncrustify' to check C / C++ code style
[4.994s] -- Configured uncrustify additional arguments: 
[4.994s] -- Added test 'xmllint' to check XML markup files
[5.000s] -- Configuring done
[5.136s] -- Generating done
[5.143s] -- Build files have been written to: /home/jason/Desktop/navi/build/icp_localization_ros2
[5.200s] Invoked command in '/home/jason/Desktop/navi/build/icp_localization_ros2' returned '0': CMAKE_PREFIX_PATH=${CMAKE_PREFIX_PATH}:/opt/ros/humble /usr/bin/cmake /home/jason/Desktop/navi/src/localization/icp_localization_ros2 -DCMAKE_INSTALL_PREFIX=/home/jason/Desktop/navi/install/icp_localization_ros2
[5.201s] Invoking command in '/home/jason/Desktop/navi/build/icp_localization_ros2': CMAKE_PREFIX_PATH=${CMAKE_PREFIX_PATH}:/opt/ros/humble /usr/bin/cmake --build /home/jason/Desktop/navi/build/icp_localization_ros2 -- -j20 -l20
[19.178s] [35m[1mConsolidate compiler generated dependencies of target icp_localization[0m
[19.178s] [  5%] [32mBuilding CXX object CMakeFiles/icp_localization.dir/src/ICPlocalization.cpp.o[0m
[19.178s] [ 11%] [32mBuilding CXX object CMakeFiles/icp_localization.dir/src/RangeDataAccumulator.cpp.o[0m
[19.178s] [ 17%] [32mBuilding CXX object CMakeFiles/icp_localization.dir/src/common/math.cpp.o[0m
[19.178s] [ 23%] [32mBuilding CXX object CMakeFiles/icp_localization.dir/src/common/time.cpp.o[0m
[19.178s] [ 29%] [32mBuilding CXX object CMakeFiles/icp_localization.dir/src/helpers.cpp.o[0m
[19.178s] [ 35%] [32mBuilding CXX object CMakeFiles/icp_localization.dir/src/transform/FrameTracker.cpp.o[0m
[19.178s] [ 41%] [32mBuilding CXX object CMakeFiles/icp_localization.dir/src/transform/ImuInterpolationBuffer.cpp.o[0m
[19.178s] [ 47%] [32mBuilding CXX object CMakeFiles/icp_localization.dir/src/localizer_node.cpp.o[0m
[19.178s] [ 52%] [32mBuilding CXX object CMakeFiles/icp_localization.dir/src/transform/ImuReading.cpp.o[0m
[19.178s] [ 58%] [32mBuilding CXX object CMakeFiles/icp_localization.dir/src/transform/ImuTracker.cpp.o[0m
[19.178s] [ 64%] [32mBuilding CXX object CMakeFiles/icp_localization.dir/src/transform/TransformInterpolationBuffer.cpp.o[0m
[19.179s] [ 70%] [32mBuilding CXX object CMakeFiles/icp_localization.dir/src/transform/TfPublisher.cpp.o[0m
[19.179s] [ 76%] [32mBuilding CXX object CMakeFiles/icp_localization.dir/src/transform/RigidTransform.cpp.o[0m
[19.179s] [ 82%] [32mBuilding CXX object CMakeFiles/icp_localization.dir/src/transform/Twist.cpp.o[0m
[19.179s] [ 88%] [32mBuilding CXX object CMakeFiles/icp_localization.dir/src/transform/TwistIntegrationBuffer.cpp.o[0m
[19.179s] [ 94%] [32mBuilding CXX object CMakeFiles/icp_localization.dir/src/transform/TwistIntegrationBufferRos.cpp.o[0m
[19.179s] gmake[2]: *** [CMakeFiles/icp_localization.dir/build.make:230: CMakeFiles/icp_localization.dir/src/transform/TfPublisher.cpp.o] Interrupt
[19.179s] gmake[2]: *** [CMakeFiles/icp_localization.dir/build.make:118: CMakeFiles/icp_localization.dir/src/common/time.cpp.o] Interrupt
[19.179s] gmake[2]: *** [CMakeFiles/icp_localization.dir/build.make:188: CMakeFiles/icp_localization.dir/src/transform/ImuReading.cpp.o] Interrupt
[19.179s] gmake[2]: *** [CMakeFiles/icp_localization.dir/build.make:174: CMakeFiles/icp_localization.dir/src/transform/ImuInterpolationBuffer.cpp.o] Interrupt
[19.179s] gmake[2]: *** [CMakeFiles/icp_localization.dir/build.make:76: CMakeFiles/icp_localization.dir/src/ICPlocalization.cpp.o] Interrupt
[19.179s] gmake[2]: *** [CMakeFiles/icp_localization.dir/build.make:90: CMakeFiles/icp_localization.dir/src/RangeDataAccumulator.cpp.o] Interrupt
[19.179s] gmake[2]: *** [CMakeFiles/icp_localization.dir/build.make:216: CMakeFiles/icp_localization.dir/src/transform/RigidTransform.cpp.o] Interrupt
[19.180s] gmake[2]: *** [CMakeFiles/icp_localization.dir/build.make:104: CMakeFiles/icp_localization.dir/src/common/math.cpp.o] Interrupt
[19.180s] gmake[2]: *** [CMakeFiles/icp_localization.dir/build.make:258: CMakeFiles/icp_localization.dir/src/transform/Twist.cpp.o] Interrupt
[19.180s] gmake[2]: *** [CMakeFiles/icp_localization.dir/build.make:272: CMakeFiles/icp_localization.dir/src/transform/TwistIntegrationBuffer.cpp.o] Interrupt
[19.180s] gmake[2]: *** [CMakeFiles/icp_localization.dir/build.make:286: CMakeFiles/icp_localization.dir/src/transform/TwistIntegrationBufferRos.cpp.o] Interrupt
[19.180s] gmake[2]: *** [CMakeFiles/icp_localization.dir/build.make:244: CMakeFiles/icp_localization.dir/src/transform/TransformInterpolationBuffer.cpp.o] Interrupt
[19.180s] gmake[2]: *** [CMakeFiles/icp_localization.dir/build.make:160: CMakeFiles/icp_localization.dir/src/transform/FrameTracker.cpp.o] Interrupt
[19.180s] gmake[2]: *** [CMakeFiles/icp_localization.dir/build.make:202: CMakeFiles/icp_localization.dir/src/transform/ImuTracker.cpp.o] Interrupt
[19.180s] gmake[2]: *** [CMakeFiles/icp_localization.dir/build.make:146: CMakeFiles/icp_localization.dir/src/localizer_node.cpp.o] Interrupt
[19.180s] gmake[2]: *** [CMakeFiles/icp_localization.dir/build.make:132: CMakeFiles/icp_localization.dir/src/helpers.cpp.o] Interrupt
[19.180s] gmake[1]: *** [CMakeFiles/Makefile2:137: CMakeFiles/icp_localization.dir/all] Interrupt
[19.180s] gmake: *** [Makefile:146: all] Interrupt
