[0.080s] Invoking command in '/home/jason/Desktop/navi/build/livox_ros_driver2': CMAKE_PREFIX_PATH=${CMAKE_PREFIX_PATH}:/opt/ros/humble /usr/bin/cmake --build /home/jason/Desktop/navi/build/livox_ros_driver2 -- -j20 -l20
[0.180s] [  1%] Built target livox_interfaces2__cpp
[0.180s] [  8%] Built target livox_interfaces2__rosidl_generator_c
[0.180s] [  8%] Built target ament_cmake_python_symlink_livox_ros_driver2
[0.180s] [ 12%] Built target livox_ros_driver2_node
[0.194s] [ 19%] Built target livox_interfaces2__rosidl_typesupport_cpp
[0.206s] [ 26%] Built target livox_interfaces2__rosidl_typesupport_fastrtps_c
[0.207s] [ 33%] Built target livox_interfaces2__rosidl_typesupport_introspection_c
[0.208s] [ 40%] Built target livox_interfaces2__rosidl_typesupport_fastrtps_cpp
[0.225s] [ 47%] Built target livox_interfaces2__rosidl_typesupport_introspection_cpp
[0.233s] [ 54%] Built target livox_interfaces2__rosidl_typesupport_c
[0.271s] [ 54%] Built target livox_interfaces2
[0.272s] [ 82%] Built target livox_ros_driver2
[0.291s] [ 84%] Built target livox_interfaces2__py
[0.319s] [ 89%] Built target livox_interfaces2__rosidl_generator_py
[0.381s] [ 92%] Built target livox_ros_driver2__rosidl_typesupport_introspection_c__pyext
[0.381s] [ 96%] Built target livox_ros_driver2__rosidl_typesupport_fastrtps_c__pyext
[0.393s] [100%] Built target livox_ros_driver2__rosidl_typesupport_c__pyext
[0.468s] running egg_info
[0.471s] writing livox_ros_driver2.egg-info/PKG-INFO
[0.472s] writing dependency_links to livox_ros_driver2.egg-info/dependency_links.txt
[0.472s] writing top-level names to livox_ros_driver2.egg-info/top_level.txt
[0.472s] reading manifest file 'livox_ros_driver2.egg-info/SOURCES.txt'
[0.473s] writing manifest file 'livox_ros_driver2.egg-info/SOURCES.txt'
[0.521s] [100%] Built target ament_cmake_python_build_livox_ros_driver2_egg
[0.606s] Invoked command in '/home/jason/Desktop/navi/build/livox_ros_driver2' returned '0': CMAKE_PREFIX_PATH=${CMAKE_PREFIX_PATH}:/opt/ros/humble /usr/bin/cmake --build /home/jason/Desktop/navi/build/livox_ros_driver2 -- -j20 -l20
[0.743s] Invoking command in '/home/jason/Desktop/navi/build/livox_ros_driver2': CMAKE_PREFIX_PATH=${CMAKE_PREFIX_PATH}:/opt/ros/humble /usr/bin/cmake --install /home/jason/Desktop/navi/build/livox_ros_driver2
[0.754s] -- Install configuration: "Release"
[0.755s] -- Execute custom install script
[0.755s] -- Up-to-date symlink: /home/jason/Desktop/navi/install/livox_ros_driver2/share/ament_index/resource_index/rosidl_interfaces/livox_ros_driver2
[0.756s] -- Up-to-date symlink: /home/jason/Desktop/navi/install/livox_ros_driver2/include/livox_ros_driver2/livox_ros_driver2/msg/custom_msg.h
[0.756s] -- Up-to-date symlink: /home/jason/Desktop/navi/install/livox_ros_driver2/include/livox_ros_driver2/livox_ros_driver2/msg/custom_point.h
[0.756s] -- Up-to-date symlink: /home/jason/Desktop/navi/install/livox_ros_driver2/include/livox_ros_driver2/livox_ros_driver2/msg/detail/custom_msg__functions.h
[0.756s] -- Up-to-date symlink: /home/jason/Desktop/navi/install/livox_ros_driver2/include/livox_ros_driver2/livox_ros_driver2/msg/detail/custom_msg__struct.h
[0.757s] -- Up-to-date symlink: /home/jason/Desktop/navi/install/livox_ros_driver2/include/livox_ros_driver2/livox_ros_driver2/msg/detail/custom_msg__type_support.h
[0.757s] -- Up-to-date symlink: /home/jason/Desktop/navi/install/livox_ros_driver2/include/livox_ros_driver2/livox_ros_driver2/msg/detail/custom_point__functions.h
[0.757s] -- Up-to-date symlink: /home/jason/Desktop/navi/install/livox_ros_driver2/include/livox_ros_driver2/livox_ros_driver2/msg/detail/custom_point__struct.h
[0.757s] -- Up-to-date symlink: /home/jason/Desktop/navi/install/livox_ros_driver2/include/livox_ros_driver2/livox_ros_driver2/msg/detail/custom_point__type_support.h
[0.757s] -- Up-to-date symlink: /home/jason/Desktop/navi/install/livox_ros_driver2/include/livox_ros_driver2/livox_ros_driver2/msg/rosidl_generator_c__visibility_control.h
[0.757s] -- Up-to-date symlink: /home/jason/Desktop/navi/install/livox_ros_driver2/share/livox_ros_driver2/environment/library_path.sh
[0.757s] -- Up-to-date symlink: /home/jason/Desktop/navi/install/livox_ros_driver2/share/livox_ros_driver2/environment/library_path.dsv
[0.757s] -- Up-to-date symlink: /home/jason/Desktop/navi/install/livox_ros_driver2/include/livox_ros_driver2/livox_ros_driver2/msg/detail/custom_msg__rosidl_typesupport_fastrtps_c.h
[0.757s] -- Up-to-date symlink: /home/jason/Desktop/navi/install/livox_ros_driver2/include/livox_ros_driver2/livox_ros_driver2/msg/detail/custom_point__rosidl_typesupport_fastrtps_c.h
[0.758s] -- Up-to-date symlink: /home/jason/Desktop/navi/install/livox_ros_driver2/include/livox_ros_driver2/livox_ros_driver2/msg/rosidl_typesupport_fastrtps_c__visibility_control.h
[0.758s] -- Up-to-date symlink: /home/jason/Desktop/navi/install/livox_ros_driver2/include/livox_ros_driver2/livox_ros_driver2/msg/detail/custom_msg__rosidl_typesupport_introspection_c.h
[0.758s] -- Up-to-date symlink: /home/jason/Desktop/navi/install/livox_ros_driver2/include/livox_ros_driver2/livox_ros_driver2/msg/detail/custom_point__rosidl_typesupport_introspection_c.h
[0.758s] -- Up-to-date symlink: /home/jason/Desktop/navi/install/livox_ros_driver2/include/livox_ros_driver2/livox_ros_driver2/msg/rosidl_typesupport_introspection_c__visibility_control.h
[0.758s] -- Up-to-date symlink: /home/jason/Desktop/navi/install/livox_ros_driver2/include/livox_ros_driver2/livox_ros_driver2/msg/custom_msg.hpp
[0.758s] -- Up-to-date symlink: /home/jason/Desktop/navi/install/livox_ros_driver2/include/livox_ros_driver2/livox_ros_driver2/msg/custom_point.hpp
[0.758s] -- Up-to-date symlink: /home/jason/Desktop/navi/install/livox_ros_driver2/include/livox_ros_driver2/livox_ros_driver2/msg/detail/custom_msg__builder.hpp
[0.758s] -- Up-to-date symlink: /home/jason/Desktop/navi/install/livox_ros_driver2/include/livox_ros_driver2/livox_ros_driver2/msg/detail/custom_msg__struct.hpp
[0.758s] -- Up-to-date symlink: /home/jason/Desktop/navi/install/livox_ros_driver2/include/livox_ros_driver2/livox_ros_driver2/msg/detail/custom_msg__traits.hpp
[0.759s] -- Up-to-date symlink: /home/jason/Desktop/navi/install/livox_ros_driver2/include/livox_ros_driver2/livox_ros_driver2/msg/detail/custom_point__builder.hpp
[0.759s] -- Up-to-date symlink: /home/jason/Desktop/navi/install/livox_ros_driver2/include/livox_ros_driver2/livox_ros_driver2/msg/detail/custom_point__struct.hpp
[0.759s] -- Up-to-date symlink: /home/jason/Desktop/navi/install/livox_ros_driver2/include/livox_ros_driver2/livox_ros_driver2/msg/detail/custom_point__traits.hpp
[0.759s] -- Up-to-date symlink: /home/jason/Desktop/navi/install/livox_ros_driver2/include/livox_ros_driver2/livox_ros_driver2/msg/detail/custom_msg__rosidl_typesupport_fastrtps_cpp.hpp
[0.759s] -- Up-to-date symlink: /home/jason/Desktop/navi/install/livox_ros_driver2/include/livox_ros_driver2/livox_ros_driver2/msg/detail/custom_point__rosidl_typesupport_fastrtps_cpp.hpp
[0.759s] -- Up-to-date symlink: /home/jason/Desktop/navi/install/livox_ros_driver2/include/livox_ros_driver2/livox_ros_driver2/msg/rosidl_typesupport_fastrtps_cpp__visibility_control.h
[0.760s] -- Up-to-date symlink: /home/jason/Desktop/navi/install/livox_ros_driver2/include/livox_ros_driver2/livox_ros_driver2/msg/detail/custom_msg__rosidl_typesupport_introspection_cpp.hpp
[0.760s] -- Up-to-date symlink: /home/jason/Desktop/navi/install/livox_ros_driver2/include/livox_ros_driver2/livox_ros_driver2/msg/detail/custom_point__rosidl_typesupport_introspection_cpp.hpp
[0.760s] -- Up-to-date symlink: /home/jason/Desktop/navi/install/livox_ros_driver2/share/livox_ros_driver2/environment/pythonpath.sh
[0.760s] -- Up-to-date symlink: /home/jason/Desktop/navi/install/livox_ros_driver2/share/livox_ros_driver2/environment/pythonpath.dsv
[0.760s] -- Up-to-date symlink: /home/jason/Desktop/navi/install/livox_ros_driver2/local/lib/python3.10/dist-packages/livox_ros_driver2-1.0.0-py3.10.egg-info/PKG-INFO
[0.760s] -- Up-to-date symlink: /home/jason/Desktop/navi/install/livox_ros_driver2/local/lib/python3.10/dist-packages/livox_ros_driver2-1.0.0-py3.10.egg-info/SOURCES.txt
[0.760s] -- Up-to-date symlink: /home/jason/Desktop/navi/install/livox_ros_driver2/local/lib/python3.10/dist-packages/livox_ros_driver2-1.0.0-py3.10.egg-info/dependency_links.txt
[0.760s] -- Up-to-date symlink: /home/jason/Desktop/navi/install/livox_ros_driver2/local/lib/python3.10/dist-packages/livox_ros_driver2-1.0.0-py3.10.egg-info/top_level.txt
[0.760s] -- Up-to-date symlink: /home/jason/Desktop/navi/install/livox_ros_driver2/local/lib/python3.10/dist-packages/livox_ros_driver2/__init__.py
[0.760s] -- Up-to-date symlink: /home/jason/Desktop/navi/install/livox_ros_driver2/local/lib/python3.10/dist-packages/livox_ros_driver2/_livox_ros_driver2_s.ep.rosidl_typesupport_c.c
[0.760s] -- Up-to-date symlink: /home/jason/Desktop/navi/install/livox_ros_driver2/local/lib/python3.10/dist-packages/livox_ros_driver2/_livox_ros_driver2_s.ep.rosidl_typesupport_fastrtps_c.c
[0.760s] -- Up-to-date symlink: /home/jason/Desktop/navi/install/livox_ros_driver2/local/lib/python3.10/dist-packages/livox_ros_driver2/_livox_ros_driver2_s.ep.rosidl_typesupport_introspection_c.c
[0.761s] -- Up-to-date symlink: /home/jason/Desktop/navi/install/livox_ros_driver2/local/lib/python3.10/dist-packages/livox_ros_driver2/liblivox_interfaces2__rosidl_generator_py.so
[0.761s] -- Up-to-date symlink: /home/jason/Desktop/navi/install/livox_ros_driver2/local/lib/python3.10/dist-packages/livox_ros_driver2/livox_ros_driver2_s__rosidl_typesupport_c.cpython-310-x86_64-linux-gnu.so
[0.761s] -- Up-to-date symlink: /home/jason/Desktop/navi/install/livox_ros_driver2/local/lib/python3.10/dist-packages/livox_ros_driver2/livox_ros_driver2_s__rosidl_typesupport_fastrtps_c.cpython-310-x86_64-linux-gnu.so
[0.761s] -- Up-to-date symlink: /home/jason/Desktop/navi/install/livox_ros_driver2/local/lib/python3.10/dist-packages/livox_ros_driver2/livox_ros_driver2_s__rosidl_typesupport_introspection_c.cpython-310-x86_64-linux-gnu.so
[0.761s] -- Up-to-date symlink: /home/jason/Desktop/navi/install/livox_ros_driver2/local/lib/python3.10/dist-packages/livox_ros_driver2/msg/__init__.py
[0.761s] -- Up-to-date symlink: /home/jason/Desktop/navi/install/livox_ros_driver2/local/lib/python3.10/dist-packages/livox_ros_driver2/msg/_custom_msg.py
[0.761s] -- Up-to-date symlink: /home/jason/Desktop/navi/install/livox_ros_driver2/local/lib/python3.10/dist-packages/livox_ros_driver2/msg/_custom_msg_s.c
[0.761s] -- Up-to-date symlink: /home/jason/Desktop/navi/install/livox_ros_driver2/local/lib/python3.10/dist-packages/livox_ros_driver2/msg/_custom_point.py
[0.761s] -- Up-to-date symlink: /home/jason/Desktop/navi/install/livox_ros_driver2/local/lib/python3.10/dist-packages/livox_ros_driver2/msg/_custom_point_s.c
[0.761s] -- Up-to-date symlink: /home/jason/Desktop/navi/install/livox_ros_driver2/local/lib/python3.10/dist-packages/livox_ros_driver2/livox_ros_driver2_s__rosidl_typesupport_fastrtps_c.cpython-310-x86_64-linux-gnu.so
[0.762s] -- Up-to-date symlink: /home/jason/Desktop/navi/install/livox_ros_driver2/local/lib/python3.10/dist-packages/livox_ros_driver2/livox_ros_driver2_s__rosidl_typesupport_introspection_c.cpython-310-x86_64-linux-gnu.so
[0.762s] -- Up-to-date symlink: /home/jason/Desktop/navi/install/livox_ros_driver2/local/lib/python3.10/dist-packages/livox_ros_driver2/livox_ros_driver2_s__rosidl_typesupport_c.cpython-310-x86_64-linux-gnu.so
[0.762s] -- Up-to-date symlink: /home/jason/Desktop/navi/install/livox_ros_driver2/share/livox_ros_driver2/msg/CustomPoint.idl
[0.762s] -- Up-to-date symlink: /home/jason/Desktop/navi/install/livox_ros_driver2/share/livox_ros_driver2/msg/CustomMsg.idl
[0.762s] -- Up-to-date symlink: /home/jason/Desktop/navi/install/livox_ros_driver2/share/livox_ros_driver2/msg/CustomPoint.msg
[0.762s] -- Up-to-date symlink: /home/jason/Desktop/navi/install/livox_ros_driver2/share/livox_ros_driver2/msg/CustomMsg.msg
[0.762s] -- Up-to-date symlink: /home/jason/Desktop/navi/install/livox_ros_driver2/lib/livox_ros_driver2/livox_ros_driver2_node
[0.762s] -- Up-to-date symlink: /home/jason/Desktop/navi/install/livox_ros_driver2/lib/liblivox_ros_driver2.so
[0.762s] -- Up-to-date symlink: /home/jason/Desktop/navi/install/livox_ros_driver2/share/livox_ros_driver2/config/HAP_config.json
[0.762s] -- Up-to-date symlink: /home/jason/Desktop/navi/install/livox_ros_driver2/share/livox_ros_driver2/config/MID360_config.json
[0.762s] -- Up-to-date symlink: /home/jason/Desktop/navi/install/livox_ros_driver2/share/livox_ros_driver2/config/display_point_cloud.rviz
[0.762s] -- Up-to-date symlink: /home/jason/Desktop/navi/install/livox_ros_driver2/share/livox_ros_driver2/config/mixed_HAP_MID360_config.json
[0.763s] -- Up-to-date symlink: /home/jason/Desktop/navi/install/livox_ros_driver2/share/livox_ros_driver2/launch/msg_HAP_launch.py
[0.763s] -- Up-to-date symlink: /home/jason/Desktop/navi/install/livox_ros_driver2/share/livox_ros_driver2/launch/msg_MID360_launch.py
[0.763s] -- Up-to-date symlink: /home/jason/Desktop/navi/install/livox_ros_driver2/share/livox_ros_driver2/launch/rviz_HAP_launch.py
[0.763s] -- Up-to-date symlink: /home/jason/Desktop/navi/install/livox_ros_driver2/share/livox_ros_driver2/launch/rviz_MID360_launch.py
[0.763s] -- Up-to-date symlink: /home/jason/Desktop/navi/install/livox_ros_driver2/share/livox_ros_driver2/launch/rviz_mixed.py
[0.763s] -- Up-to-date symlink: /home/jason/Desktop/navi/install/livox_ros_driver2/share/ament_index/resource_index/package_run_dependencies/livox_ros_driver2
[0.764s] -- Up-to-date symlink: /home/jason/Desktop/navi/install/livox_ros_driver2/share/ament_index/resource_index/parent_prefix_path/livox_ros_driver2
[0.764s] -- Up-to-date symlink: /home/jason/Desktop/navi/install/livox_ros_driver2/share/livox_ros_driver2/environment/ament_prefix_path.sh
[0.764s] -- Up-to-date symlink: /home/jason/Desktop/navi/install/livox_ros_driver2/share/livox_ros_driver2/environment/ament_prefix_path.dsv
[0.764s] -- Up-to-date symlink: /home/jason/Desktop/navi/install/livox_ros_driver2/share/livox_ros_driver2/environment/path.sh
[0.764s] -- Up-to-date symlink: /home/jason/Desktop/navi/install/livox_ros_driver2/share/livox_ros_driver2/environment/path.dsv
[0.764s] -- Up-to-date symlink: /home/jason/Desktop/navi/install/livox_ros_driver2/share/livox_ros_driver2/local_setup.bash
[0.765s] -- Up-to-date symlink: /home/jason/Desktop/navi/install/livox_ros_driver2/share/livox_ros_driver2/local_setup.sh
[0.765s] -- Up-to-date symlink: /home/jason/Desktop/navi/install/livox_ros_driver2/share/livox_ros_driver2/local_setup.zsh
[0.765s] -- Up-to-date symlink: /home/jason/Desktop/navi/install/livox_ros_driver2/share/livox_ros_driver2/local_setup.dsv
[0.765s] -- Symlinking: /home/jason/Desktop/navi/install/livox_ros_driver2/share/livox_ros_driver2/package.dsv
[0.775s] -- Up-to-date symlink: /home/jason/Desktop/navi/install/livox_ros_driver2/share/ament_index/resource_index/packages/livox_ros_driver2
[0.775s] -- Up-to-date symlink: /home/jason/Desktop/navi/install/livox_ros_driver2/share/ament_index/resource_index/rclcpp_components/livox_ros_driver2
[0.775s] -- Up-to-date symlink: /home/jason/Desktop/navi/install/livox_ros_driver2/share/livox_ros_driver2/cmake/rosidl_cmake-extras.cmake
[0.775s] -- Up-to-date symlink: /home/jason/Desktop/navi/install/livox_ros_driver2/share/livox_ros_driver2/cmake/ament_cmake_export_dependencies-extras.cmake
[0.776s] -- Up-to-date symlink: /home/jason/Desktop/navi/install/livox_ros_driver2/share/livox_ros_driver2/cmake/ament_cmake_export_include_directories-extras.cmake
[0.776s] -- Up-to-date symlink: /home/jason/Desktop/navi/install/livox_ros_driver2/share/livox_ros_driver2/cmake/ament_cmake_export_libraries-extras.cmake
[0.778s] -- Up-to-date symlink: /home/jason/Desktop/navi/install/livox_ros_driver2/share/livox_ros_driver2/cmake/ament_cmake_export_targets-extras.cmake
[0.778s] -- Up-to-date symlink: /home/jason/Desktop/navi/install/livox_ros_driver2/share/livox_ros_driver2/cmake/rosidl_cmake_export_typesupport_targets-extras.cmake
[0.778s] -- Up-to-date symlink: /home/jason/Desktop/navi/install/livox_ros_driver2/share/livox_ros_driver2/cmake/rosidl_cmake_export_typesupport_libraries-extras.cmake
[0.778s] -- Up-to-date symlink: /home/jason/Desktop/navi/install/livox_ros_driver2/share/livox_ros_driver2/cmake/livox_ros_driver2Config.cmake
[0.779s] -- Up-to-date symlink: /home/jason/Desktop/navi/install/livox_ros_driver2/share/livox_ros_driver2/cmake/livox_ros_driver2Config-version.cmake
[0.779s] -- Up-to-date symlink: /home/jason/Desktop/navi/install/livox_ros_driver2/share/livox_ros_driver2/package.xml
[0.779s] -- Up-to-date: /home/jason/Desktop/navi/install/livox_ros_driver2/lib/liblivox_ros_driver2__rosidl_generator_c.so
[0.780s] -- Up-to-date: /home/jason/Desktop/navi/install/livox_ros_driver2/lib/liblivox_ros_driver2__rosidl_typesupport_fastrtps_c.so
[0.780s] -- Up-to-date: /home/jason/Desktop/navi/install/livox_ros_driver2/lib/liblivox_ros_driver2__rosidl_typesupport_introspection_c.so
[0.781s] -- Up-to-date: /home/jason/Desktop/navi/install/livox_ros_driver2/lib/liblivox_ros_driver2__rosidl_typesupport_c.so
[0.781s] -- Up-to-date: /home/jason/Desktop/navi/install/livox_ros_driver2/lib/liblivox_ros_driver2__rosidl_typesupport_fastrtps_cpp.so
[0.782s] -- Up-to-date: /home/jason/Desktop/navi/install/livox_ros_driver2/lib/liblivox_ros_driver2__rosidl_typesupport_introspection_cpp.so
[0.782s] -- Up-to-date: /home/jason/Desktop/navi/install/livox_ros_driver2/lib/liblivox_ros_driver2__rosidl_typesupport_cpp.so
[0.808s] Listing '/home/jason/Desktop/navi/install/livox_ros_driver2/local/lib/python3.10/dist-packages/livox_ros_driver2'...
[0.808s] Listing '/home/jason/Desktop/navi/install/livox_ros_driver2/local/lib/python3.10/dist-packages/livox_ros_driver2/msg'...
[0.812s] -- Up-to-date: /home/jason/Desktop/navi/install/livox_ros_driver2/lib/liblivox_interfaces2__rosidl_generator_py.so
[0.812s] -- Up-to-date: /home/jason/Desktop/navi/install/livox_ros_driver2/share/livox_ros_driver2/cmake/export_livox_interfaces2__rosidl_generator_cExport.cmake
[0.813s] -- Up-to-date: /home/jason/Desktop/navi/install/livox_ros_driver2/share/livox_ros_driver2/cmake/export_livox_interfaces2__rosidl_generator_cExport-release.cmake
[0.814s] -- Up-to-date: /home/jason/Desktop/navi/install/livox_ros_driver2/share/livox_ros_driver2/cmake/export_livox_interfaces2__rosidl_typesupport_fastrtps_cExport.cmake
[0.814s] -- Up-to-date: /home/jason/Desktop/navi/install/livox_ros_driver2/share/livox_ros_driver2/cmake/export_livox_interfaces2__rosidl_typesupport_fastrtps_cExport-release.cmake
[0.814s] -- Up-to-date: /home/jason/Desktop/navi/install/livox_ros_driver2/share/livox_ros_driver2/cmake/livox_interfaces2__rosidl_typesupport_introspection_cExport.cmake
[0.814s] -- Up-to-date: /home/jason/Desktop/navi/install/livox_ros_driver2/share/livox_ros_driver2/cmake/livox_interfaces2__rosidl_typesupport_introspection_cExport-release.cmake
[0.814s] -- Up-to-date: /home/jason/Desktop/navi/install/livox_ros_driver2/share/livox_ros_driver2/cmake/livox_interfaces2__rosidl_typesupport_cExport.cmake
[0.814s] -- Up-to-date: /home/jason/Desktop/navi/install/livox_ros_driver2/share/livox_ros_driver2/cmake/livox_interfaces2__rosidl_typesupport_cExport-release.cmake
[0.814s] -- Up-to-date: /home/jason/Desktop/navi/install/livox_ros_driver2/share/livox_ros_driver2/cmake/export_livox_interfaces2__rosidl_generator_cppExport.cmake
[0.814s] -- Up-to-date: /home/jason/Desktop/navi/install/livox_ros_driver2/share/livox_ros_driver2/cmake/export_livox_interfaces2__rosidl_typesupport_fastrtps_cppExport.cmake
[0.815s] -- Up-to-date: /home/jason/Desktop/navi/install/livox_ros_driver2/share/livox_ros_driver2/cmake/export_livox_interfaces2__rosidl_typesupport_fastrtps_cppExport-release.cmake
[0.815s] -- Up-to-date: /home/jason/Desktop/navi/install/livox_ros_driver2/share/livox_ros_driver2/cmake/livox_interfaces2__rosidl_typesupport_introspection_cppExport.cmake
[0.815s] -- Up-to-date: /home/jason/Desktop/navi/install/livox_ros_driver2/share/livox_ros_driver2/cmake/livox_interfaces2__rosidl_typesupport_introspection_cppExport-release.cmake
[0.815s] -- Up-to-date: /home/jason/Desktop/navi/install/livox_ros_driver2/share/livox_ros_driver2/cmake/livox_interfaces2__rosidl_typesupport_cppExport.cmake
[0.815s] -- Up-to-date: /home/jason/Desktop/navi/install/livox_ros_driver2/share/livox_ros_driver2/cmake/livox_interfaces2__rosidl_typesupport_cppExport-release.cmake
[0.815s] -- Up-to-date: /home/jason/Desktop/navi/install/livox_ros_driver2/share/livox_ros_driver2/cmake/export_livox_interfaces2__rosidl_generator_pyExport.cmake
[0.815s] -- Up-to-date: /home/jason/Desktop/navi/install/livox_ros_driver2/share/livox_ros_driver2/cmake/export_livox_interfaces2__rosidl_generator_pyExport-release.cmake
[0.832s] Invoked command in '/home/jason/Desktop/navi/build/livox_ros_driver2' returned '0': CMAKE_PREFIX_PATH=${CMAKE_PREFIX_PATH}:/opt/ros/humble /usr/bin/cmake --install /home/jason/Desktop/navi/build/livox_ros_driver2
