[0.080s] Invoking command in '/home/jason/Desktop/navi/build/linefit_ground_segmentation': CMAKE_PREFIX_PATH=${CMAKE_PREFIX_PATH}:/opt/ros/humble /usr/bin/cmake /home/jason/Desktop/navi/src/local_planner/linefit_ground_segementation_ros2/linefit_ground_segmentation -DAMENT_CMAKE_SYMLINK_INSTALL=1 -DCMAKE_INSTALL_PREFIX=/home/jason/Desktop/navi/install/linefit_ground_segmentation
[0.173s] -- Found ament_cmake_auto: 1.3.8 (/opt/ros/humble/share/ament_cmake_auto/cmake)
[0.247s] -- Override CMake install command with custom implementation using symlinks instead of copying resources
[0.474s] -- Found rosidl_generator_c: 3.1.5 (/opt/ros/humble/share/rosidl_generator_c/cmake)
[0.478s] -- Found rosidl_adapter: 3.1.5 (/opt/ros/humble/share/rosidl_adapter/cmake)
[0.487s] -- Found rosidl_generator_cpp: 3.1.5 (/opt/ros/humble/share/rosidl_generator_cpp/cmake)
[0.505s] -- Using all available rosidl_typesupport_c: rosidl_typesupport_fastrtps_c;rosidl_typesupport_introspection_c
[0.529s] -- Using all available rosidl_typesupport_cpp: rosidl_typesupport_fastrtps_cpp;rosidl_typesupport_introspection_cpp
[0.621s] -- Found rmw_implementation_cmake: 6.1.1 (/opt/ros/humble/share/rmw_implementation_cmake/cmake)
[0.624s] -- Found rmw_fastrtps_cpp: 6.2.6 (/opt/ros/humble/share/rmw_fastrtps_cpp/cmake)
[0.807s] -- Using RMW implementation 'rmw_fastrtps_cpp' as default
[1.563s] -- Found eigen3_cmake_module: 0.1.1 (/opt/ros/humble/share/eigen3_cmake_module/cmake)
[1.564s] -- Ensuring Eigen3 include directory is part of orocos-kdl CMake target
[1.918s] -- Eigen found (include: /usr/include/eigen3, version: 3.4.0)
[1.949s] -- FLANN found (include: /usr/include, lib: /usr/lib/x86_64-linux-gnu/libflann_cpp.so)
[2.325s] -- OpenNI found (version: 1.5.4.0, include: /usr/include/ni, lib: /usr/lib/libOpenNI.so;libusb::libusb)
[2.334s] -- OpenNI2 found (version: 2.2.0.33, include: /usr/include/openni2, lib: /usr/lib/x86_64-linux-gnu/libOpenNI2.so;libusb::libusb)
[2.553s] -- Eigen found (include: /usr/include/eigen3, version: 3.4.0)
[2.562s] -- OpenNI found (version: 1.5.4.0, include: /usr/include/ni, lib: /usr/lib/libOpenNI.so;libusb::libusb)
[2.570s] -- OpenNI2 found (version: 2.2.0.33, include: /usr/include/openni2, lib: /usr/lib/x86_64-linux-gnu/libOpenNI2.so;libusb::libusb)
[2.804s] -- Found Qhull version 8.0.2
[3.003s] -- OpenNI found (version: 1.5.4.0, include: /usr/include/ni, lib: /usr/lib/libOpenNI.so;libusb::libusb)
[3.363s] -- Configuring done
[3.405s] -- Generating done
[3.409s] -- Build files have been written to: /home/jason/Desktop/navi/build/linefit_ground_segmentation
[3.432s] Invoked command in '/home/jason/Desktop/navi/build/linefit_ground_segmentation' returned '0': CMAKE_PREFIX_PATH=${CMAKE_PREFIX_PATH}:/opt/ros/humble /usr/bin/cmake /home/jason/Desktop/navi/src/local_planner/linefit_ground_segementation_ros2/linefit_ground_segmentation -DAMENT_CMAKE_SYMLINK_INSTALL=1 -DCMAKE_INSTALL_PREFIX=/home/jason/Desktop/navi/install/linefit_ground_segmentation
[3.434s] Invoking command in '/home/jason/Desktop/navi/build/linefit_ground_segmentation': CMAKE_PREFIX_PATH=${CMAKE_PREFIX_PATH}:/opt/ros/humble /usr/bin/cmake --build /home/jason/Desktop/navi/build/linefit_ground_segmentation -- -j20 -l20
[3.494s] [35m[1mConsolidate compiler generated dependencies of target linefit_ground_segmentation[0m
[3.552s] [100%] Built target linefit_ground_segmentation
[3.569s] Invoked command in '/home/jason/Desktop/navi/build/linefit_ground_segmentation' returned '0': CMAKE_PREFIX_PATH=${CMAKE_PREFIX_PATH}:/opt/ros/humble /usr/bin/cmake --build /home/jason/Desktop/navi/build/linefit_ground_segmentation -- -j20 -l20
[3.615s] Invoking command in '/home/jason/Desktop/navi/build/linefit_ground_segmentation': CMAKE_PREFIX_PATH=${CMAKE_PREFIX_PATH}:/opt/ros/humble /usr/bin/cmake --install /home/jason/Desktop/navi/build/linefit_ground_segmentation
[3.622s] -- Install configuration: "Release"
[3.623s] -- Execute custom install script
[3.623s] -- Up-to-date symlink: /home/jason/Desktop/navi/install/linefit_ground_segmentation/include/ground_segmentation/bin.h
[3.623s] -- Up-to-date symlink: /home/jason/Desktop/navi/install/linefit_ground_segmentation/include/ground_segmentation/ground_segmentation.h
[3.624s] -- Up-to-date symlink: /home/jason/Desktop/navi/install/linefit_ground_segmentation/include/ground_segmentation/segment.h
[3.624s] -- Up-to-date symlink: /home/jason/Desktop/navi/install/linefit_ground_segmentation/include/ground_segmentation/typedefs.h
[3.624s] -- Up-to-date symlink: /home/jason/Desktop/navi/install/linefit_ground_segmentation/include/ground_segmentation/viewer.h
[3.624s] -- Up-to-date symlink: /home/jason/Desktop/navi/install/linefit_ground_segmentation/share/linefit_ground_segmentation/environment/library_path.sh
[3.624s] -- Up-to-date symlink: /home/jason/Desktop/navi/install/linefit_ground_segmentation/share/linefit_ground_segmentation/environment/library_path.dsv
[3.624s] -- Up-to-date symlink: /home/jason/Desktop/navi/install/linefit_ground_segmentation/lib/liblinefit_ground_segmentation.so
[3.624s] -- Up-to-date symlink: /home/jason/Desktop/navi/install/linefit_ground_segmentation/share/ament_index/resource_index/package_run_dependencies/linefit_ground_segmentation
[3.624s] -- Up-to-date symlink: /home/jason/Desktop/navi/install/linefit_ground_segmentation/share/ament_index/resource_index/parent_prefix_path/linefit_ground_segmentation
[3.625s] -- Up-to-date symlink: /home/jason/Desktop/navi/install/linefit_ground_segmentation/share/linefit_ground_segmentation/environment/ament_prefix_path.sh
[3.625s] -- Up-to-date symlink: /home/jason/Desktop/navi/install/linefit_ground_segmentation/share/linefit_ground_segmentation/environment/ament_prefix_path.dsv
[3.625s] -- Up-to-date symlink: /home/jason/Desktop/navi/install/linefit_ground_segmentation/share/linefit_ground_segmentation/environment/path.sh
[3.625s] -- Up-to-date symlink: /home/jason/Desktop/navi/install/linefit_ground_segmentation/share/linefit_ground_segmentation/environment/path.dsv
[3.625s] -- Up-to-date symlink: /home/jason/Desktop/navi/install/linefit_ground_segmentation/share/linefit_ground_segmentation/local_setup.bash
[3.625s] -- Up-to-date symlink: /home/jason/Desktop/navi/install/linefit_ground_segmentation/share/linefit_ground_segmentation/local_setup.sh
[3.625s] -- Up-to-date symlink: /home/jason/Desktop/navi/install/linefit_ground_segmentation/share/linefit_ground_segmentation/local_setup.zsh
[3.626s] -- Up-to-date symlink: /home/jason/Desktop/navi/install/linefit_ground_segmentation/share/linefit_ground_segmentation/local_setup.dsv
[3.626s] -- Symlinking: /home/jason/Desktop/navi/install/linefit_ground_segmentation/share/linefit_ground_segmentation/package.dsv
[3.634s] -- Up-to-date symlink: /home/jason/Desktop/navi/install/linefit_ground_segmentation/share/ament_index/resource_index/packages/linefit_ground_segmentation
[3.635s] -- Up-to-date symlink: /home/jason/Desktop/navi/install/linefit_ground_segmentation/share/linefit_ground_segmentation/cmake/ament_cmake_export_dependencies-extras.cmake
[3.635s] -- Up-to-date symlink: /home/jason/Desktop/navi/install/linefit_ground_segmentation/share/linefit_ground_segmentation/cmake/ament_cmake_export_include_directories-extras.cmake
[3.636s] -- Up-to-date symlink: /home/jason/Desktop/navi/install/linefit_ground_segmentation/share/linefit_ground_segmentation/cmake/ament_cmake_export_libraries-extras.cmake
[3.636s] -- Up-to-date symlink: /home/jason/Desktop/navi/install/linefit_ground_segmentation/share/linefit_ground_segmentation/cmake/linefit_ground_segmentationConfig.cmake
[3.636s] -- Up-to-date symlink: /home/jason/Desktop/navi/install/linefit_ground_segmentation/share/linefit_ground_segmentation/cmake/linefit_ground_segmentationConfig-version.cmake
[3.636s] -- Up-to-date symlink: /home/jason/Desktop/navi/install/linefit_ground_segmentation/share/linefit_ground_segmentation/package.xml
[3.639s] Invoked command in '/home/jason/Desktop/navi/build/linefit_ground_segmentation' returned '0': CMAKE_PREFIX_PATH=${CMAKE_PREFIX_PATH}:/opt/ros/humble /usr/bin/cmake --install /home/jason/Desktop/navi/build/linefit_ground_segmentation
