[0.061s] Invoking command in '/home/jason/Desktop/navi/build/loam_interface': CMAKE_PREFIX_PATH=${CMAKE_PREFIX_PATH}:/opt/ros/humble /usr/bin/cmake --build /home/jason/Desktop/navi/build/loam_interface -- -j20 -l20
[0.150s] [100%] Built target loamInterface
[0.191s] Invoked command in '/home/jason/Desktop/navi/build/loam_interface' returned '0': CMAKE_PREFIX_PATH=${CMAKE_PREFIX_PATH}:/opt/ros/humble /usr/bin/cmake --build /home/jason/Desktop/navi/build/loam_interface -- -j20 -l20
[0.259s] Invoking command in '/home/jason/Desktop/navi/build/loam_interface': CMAKE_PREFIX_PATH=${CMAKE_PREFIX_PATH}:/opt/ros/humble /usr/bin/cmake --install /home/jason/Desktop/navi/build/loam_interface
[0.282s] -- Install configuration: "Release"
[0.282s] -- Execute custom install script
[0.282s] -- Up-to-date symlink: /home/jason/Desktop/navi/install/loam_interface/lib/loam_interface/loamInterface
[0.282s] -- Up-to-date symlink: /home/jason/Desktop/navi/install/loam_interface/share/loam_interface/launch/loam_interface.launch
[0.282s] -- Up-to-date symlink: /home/jason/Desktop/navi/install/loam_interface/share/ament_index/resource_index/package_run_dependencies/loam_interface
[0.282s] -- Up-to-date symlink: /home/jason/Desktop/navi/install/loam_interface/share/ament_index/resource_index/parent_prefix_path/loam_interface
[0.283s] -- Up-to-date symlink: /home/jason/Desktop/navi/install/loam_interface/share/loam_interface/environment/ament_prefix_path.sh
[0.283s] -- Up-to-date symlink: /home/jason/Desktop/navi/install/loam_interface/share/loam_interface/environment/ament_prefix_path.dsv
[0.283s] -- Up-to-date symlink: /home/jason/Desktop/navi/install/loam_interface/share/loam_interface/environment/path.sh
[0.283s] -- Up-to-date symlink: /home/jason/Desktop/navi/install/loam_interface/share/loam_interface/environment/path.dsv
[0.283s] -- Up-to-date symlink: /home/jason/Desktop/navi/install/loam_interface/share/loam_interface/local_setup.bash
[0.283s] -- Up-to-date symlink: /home/jason/Desktop/navi/install/loam_interface/share/loam_interface/local_setup.sh
[0.283s] -- Up-to-date symlink: /home/jason/Desktop/navi/install/loam_interface/share/loam_interface/local_setup.zsh
[0.283s] -- Up-to-date symlink: /home/jason/Desktop/navi/install/loam_interface/share/loam_interface/local_setup.dsv
[0.283s] -- Symlinking: /home/jason/Desktop/navi/install/loam_interface/share/loam_interface/package.dsv
[0.285s] -- Up-to-date symlink: /home/jason/Desktop/navi/install/loam_interface/share/ament_index/resource_index/packages/loam_interface
[0.285s] -- Up-to-date symlink: /home/jason/Desktop/navi/install/loam_interface/share/loam_interface/cmake/loam_interfaceConfig.cmake
[0.285s] -- Up-to-date symlink: /home/jason/Desktop/navi/install/loam_interface/share/loam_interface/cmake/loam_interfaceConfig-version.cmake
[0.285s] -- Up-to-date symlink: /home/jason/Desktop/navi/install/loam_interface/share/loam_interface/package.xml
[0.322s] Invoked command in '/home/jason/Desktop/navi/build/loam_interface' returned '0': CMAKE_PREFIX_PATH=${CMAKE_PREFIX_PATH}:/opt/ros/humble /usr/bin/cmake --install /home/jason/Desktop/navi/build/loam_interface
