[0.072s] Invoking command in '/home/jason/Desktop/navi/build/local_planner': CMAKE_PREFIX_PATH=${CMAKE_PREFIX_PATH}:/opt/ros/humble /usr/bin/cmake --build /home/jason/Desktop/navi/build/local_planner -- -j20 -l20
[0.290s] [ 25%] [32mBuilding CXX object CMakeFiles/localPlanner.dir/src/localPlanner.cpp.o[0m
[0.290s] [ 50%] [32mBuilding CXX object CMakeFiles/pathFollower.dir/src/pathFollower.cpp.o[0m
[67.503s] [ 75%] [32m[1mLinking CXX executable pathFollower[0m
[67.938s] [ 75%] Built target pathFollower
[70.743s] [100%] [32m[1mLinking CXX executable localPlanner[0m
[71.338s] [100%] Built target localPlanner
[71.349s] Invoked command in '/home/jason/Desktop/navi/build/local_planner' returned '0': CMAKE_PREFIX_PATH=${CMAKE_PREFIX_PATH}:/opt/ros/humble /usr/bin/cmake --build /home/jason/Desktop/navi/build/local_planner -- -j20 -l20
[71.380s] Invoking command in '/home/jason/Desktop/navi/build/local_planner': CMAKE_PREFIX_PATH=${CMAKE_PREFIX_PATH}:/opt/ros/humble /usr/bin/cmake --install /home/jason/Desktop/navi/build/local_planner
[71.387s] -- Install configuration: "Release"
[71.388s] -- Execute custom install script
[71.388s] -- Up-to-date symlink: /home/jason/Desktop/navi/install/local_planner/lib/local_planner/localPlanner
[71.388s] -- Up-to-date symlink: /home/jason/Desktop/navi/install/local_planner/lib/local_planner/pathFollower
[71.388s] -- Up-to-date symlink: /home/jason/Desktop/navi/install/local_planner/share/local_planner/launch/local_planner.launch
[71.389s] -- Up-to-date symlink: /home/jason/Desktop/navi/install/local_planner/share/local_planner/paths/correspondences.txt
[71.389s] -- Up-to-date symlink: /home/jason/Desktop/navi/install/local_planner/share/local_planner/paths/pathList.ply
[71.389s] -- Up-to-date symlink: /home/jason/Desktop/navi/install/local_planner/share/local_planner/paths/path_generator.m
[71.389s] -- Up-to-date symlink: /home/jason/Desktop/navi/install/local_planner/share/local_planner/paths/paths.ply
[71.389s] -- Up-to-date symlink: /home/jason/Desktop/navi/install/local_planner/share/local_planner/paths/startPaths.ply
[71.389s] -- Up-to-date symlink: /home/jason/Desktop/navi/install/local_planner/share/ament_index/resource_index/package_run_dependencies/local_planner
[71.389s] -- Up-to-date symlink: /home/jason/Desktop/navi/install/local_planner/share/ament_index/resource_index/parent_prefix_path/local_planner
[71.390s] -- Up-to-date symlink: /home/jason/Desktop/navi/install/local_planner/share/local_planner/environment/ament_prefix_path.sh
[71.390s] -- Up-to-date symlink: /home/jason/Desktop/navi/install/local_planner/share/local_planner/environment/ament_prefix_path.dsv
[71.390s] -- Up-to-date symlink: /home/jason/Desktop/navi/install/local_planner/share/local_planner/environment/path.sh
[71.390s] -- Up-to-date symlink: /home/jason/Desktop/navi/install/local_planner/share/local_planner/environment/path.dsv
[71.390s] -- Up-to-date symlink: /home/jason/Desktop/navi/install/local_planner/share/local_planner/local_setup.bash
[71.390s] -- Up-to-date symlink: /home/jason/Desktop/navi/install/local_planner/share/local_planner/local_setup.sh
[71.390s] -- Up-to-date symlink: /home/jason/Desktop/navi/install/local_planner/share/local_planner/local_setup.zsh
[71.390s] -- Up-to-date symlink: /home/jason/Desktop/navi/install/local_planner/share/local_planner/local_setup.dsv
[71.390s] -- Symlinking: /home/jason/Desktop/navi/install/local_planner/share/local_planner/package.dsv
[71.399s] -- Up-to-date symlink: /home/jason/Desktop/navi/install/local_planner/share/ament_index/resource_index/packages/local_planner
[71.400s] -- Up-to-date symlink: /home/jason/Desktop/navi/install/local_planner/share/local_planner/cmake/local_plannerConfig.cmake
[71.400s] -- Up-to-date symlink: /home/jason/Desktop/navi/install/local_planner/share/local_planner/cmake/local_plannerConfig-version.cmake
[71.400s] -- Up-to-date symlink: /home/jason/Desktop/navi/install/local_planner/share/local_planner/package.xml
[71.401s] Invoked command in '/home/jason/Desktop/navi/build/local_planner' returned '0': CMAKE_PREFIX_PATH=${CMAKE_PREFIX_PATH}:/opt/ros/humble /usr/bin/cmake --install /home/jason/Desktop/navi/build/local_planner
