[0.018s] Invoking command in '/home/jason/Desktop/navi/build/velodyne_simulator': AMENT_PREFIX_PATH=/home/jason/Desktop/navi/install/velodyne_gazebo_plugins:/home/jason/Desktop/navi/install/velodyne_description:${AMENT_PREFIX_PATH} CMAKE_PREFIX_PATH=/home/jason/Desktop/navi/install/velodyne_gazebo_plugins:/home/jason/Desktop/navi/install/velodyne_description:/opt/ros/humble LD_LIBRARY_PATH=/home/jason/Desktop/navi/install/velodyne_gazebo_plugins/lib:/opt/MVS/lib/64:/opt/MVS/lib/32:/usr/lib/x86_64-linux-gnu/gazebo-11/plugins:/opt/ros/humble/opt/rviz_ogre_vendor/lib:/opt/ros/humble/lib/x86_64-linux-gnu:/opt/ros/humble/lib:/opt/MVS/lib/64:/opt/MVS/lib/32:/opt/MVS/lib/64:/opt/MVS/lib/32 /usr/bin/cmake /home/jason/Desktop/navi/src/local_planner/autonomous_exploration_development_environment/src/velodyne_simulator/velodyne_simulator -DCMAKE_BUILD_TYPE=Release -DAMENT_CMAKE_SYMLINK_INSTALL=1 -DCMAKE_INSTALL_PREFIX=/home/jason/Desktop/navi/install/velodyne_simulator
[0.267s] -- The C compiler identification is GNU 11.4.0
[0.268s] -- The CXX compiler identification is GNU 11.4.0
[0.268s] -- Detecting C compiler ABI info
[0.358s] -- Detecting C compiler ABI info - done
[0.376s] -- Check for working C compiler: /usr/bin/cc - skipped
[0.377s] -- Detecting C compile features
[0.378s] -- Detecting C compile features - done
[0.385s] -- Detecting CXX compiler ABI info
[0.525s] -- Detecting CXX compiler ABI info - done
[0.544s] -- Check for working CXX compiler: /usr/bin/c++ - skipped
[0.544s] -- Detecting CXX compile features
[0.545s] -- Detecting CXX compile features - done
[0.551s] -- Found ament_cmake: 1.3.8 (/opt/ros/humble/share/ament_cmake/cmake)
[0.872s] -- Found Python3: /usr/bin/python3 (found version "3.10.12") found components: Interpreter 
[1.018s] -- Override CMake install command with custom implementation using symlinks instead of copying resources
[1.217s] -- Configuring done
[1.222s] -- Generating done
[1.223s] -- Build files have been written to: /home/jason/Desktop/navi/build/velodyne_simulator
[1.231s] Invoked command in '/home/jason/Desktop/navi/build/velodyne_simulator' returned '0': AMENT_PREFIX_PATH=/home/jason/Desktop/navi/install/velodyne_gazebo_plugins:/home/jason/Desktop/navi/install/velodyne_description:${AMENT_PREFIX_PATH} CMAKE_PREFIX_PATH=/home/jason/Desktop/navi/install/velodyne_gazebo_plugins:/home/jason/Desktop/navi/install/velodyne_description:/opt/ros/humble LD_LIBRARY_PATH=/home/jason/Desktop/navi/install/velodyne_gazebo_plugins/lib:/opt/MVS/lib/64:/opt/MVS/lib/32:/usr/lib/x86_64-linux-gnu/gazebo-11/plugins:/opt/ros/humble/opt/rviz_ogre_vendor/lib:/opt/ros/humble/lib/x86_64-linux-gnu:/opt/ros/humble/lib:/opt/MVS/lib/64:/opt/MVS/lib/32:/opt/MVS/lib/64:/opt/MVS/lib/32 /usr/bin/cmake /home/jason/Desktop/navi/src/local_planner/autonomous_exploration_development_environment/src/velodyne_simulator/velodyne_simulator -DCMAKE_BUILD_TYPE=Release -DAMENT_CMAKE_SYMLINK_INSTALL=1 -DCMAKE_INSTALL_PREFIX=/home/jason/Desktop/navi/install/velodyne_simulator
[1.234s] Invoking command in '/home/jason/Desktop/navi/build/velodyne_simulator': AMENT_PREFIX_PATH=/home/jason/Desktop/navi/install/velodyne_gazebo_plugins:/home/jason/Desktop/navi/install/velodyne_description:${AMENT_PREFIX_PATH} CMAKE_PREFIX_PATH=/home/jason/Desktop/navi/install/velodyne_gazebo_plugins:/home/jason/Desktop/navi/install/velodyne_description:/opt/ros/humble LD_LIBRARY_PATH=/home/jason/Desktop/navi/install/velodyne_gazebo_plugins/lib:/opt/MVS/lib/64:/opt/MVS/lib/32:/usr/lib/x86_64-linux-gnu/gazebo-11/plugins:/opt/ros/humble/opt/rviz_ogre_vendor/lib:/opt/ros/humble/lib/x86_64-linux-gnu:/opt/ros/humble/lib:/opt/MVS/lib/64:/opt/MVS/lib/32:/opt/MVS/lib/64:/opt/MVS/lib/32 /usr/bin/cmake --build /home/jason/Desktop/navi/build/velodyne_simulator -- -j20 -l20
[1.303s] Invoked command in '/home/jason/Desktop/navi/build/velodyne_simulator' returned '0': AMENT_PREFIX_PATH=/home/jason/Desktop/navi/install/velodyne_gazebo_plugins:/home/jason/Desktop/navi/install/velodyne_description:${AMENT_PREFIX_PATH} CMAKE_PREFIX_PATH=/home/jason/Desktop/navi/install/velodyne_gazebo_plugins:/home/jason/Desktop/navi/install/velodyne_description:/opt/ros/humble LD_LIBRARY_PATH=/home/jason/Desktop/navi/install/velodyne_gazebo_plugins/lib:/opt/MVS/lib/64:/opt/MVS/lib/32:/usr/lib/x86_64-linux-gnu/gazebo-11/plugins:/opt/ros/humble/opt/rviz_ogre_vendor/lib:/opt/ros/humble/lib/x86_64-linux-gnu:/opt/ros/humble/lib:/opt/MVS/lib/64:/opt/MVS/lib/32:/opt/MVS/lib/64:/opt/MVS/lib/32 /usr/bin/cmake --build /home/jason/Desktop/navi/build/velodyne_simulator -- -j20 -l20
[1.346s] Invoking command in '/home/jason/Desktop/navi/build/velodyne_simulator': AMENT_PREFIX_PATH=/home/jason/Desktop/navi/install/velodyne_gazebo_plugins:/home/jason/Desktop/navi/install/velodyne_description:${AMENT_PREFIX_PATH} CMAKE_PREFIX_PATH=/home/jason/Desktop/navi/install/velodyne_gazebo_plugins:/home/jason/Desktop/navi/install/velodyne_description:/opt/ros/humble LD_LIBRARY_PATH=/home/jason/Desktop/navi/install/velodyne_gazebo_plugins/lib:/opt/MVS/lib/64:/opt/MVS/lib/32:/usr/lib/x86_64-linux-gnu/gazebo-11/plugins:/opt/ros/humble/opt/rviz_ogre_vendor/lib:/opt/ros/humble/lib/x86_64-linux-gnu:/opt/ros/humble/lib:/opt/MVS/lib/64:/opt/MVS/lib/32:/opt/MVS/lib/64:/opt/MVS/lib/32 /usr/bin/cmake --install /home/jason/Desktop/navi/build/velodyne_simulator
[1.359s] -- Install configuration: "Release"
[1.360s] -- Execute custom install script
[1.362s] -- Symlinking: /home/jason/Desktop/navi/install/velodyne_simulator/share/ament_index/resource_index/package_run_dependencies/velodyne_simulator
[1.379s] -- Symlinking: /home/jason/Desktop/navi/install/velodyne_simulator/share/ament_index/resource_index/parent_prefix_path/velodyne_simulator
[1.395s] -- Symlinking: /home/jason/Desktop/navi/install/velodyne_simulator/share/velodyne_simulator/environment/ament_prefix_path.sh
[1.410s] -- Symlinking: /home/jason/Desktop/navi/install/velodyne_simulator/share/velodyne_simulator/environment/ament_prefix_path.dsv
[1.426s] -- Symlinking: /home/jason/Desktop/navi/install/velodyne_simulator/share/velodyne_simulator/environment/path.sh
[1.441s] -- Symlinking: /home/jason/Desktop/navi/install/velodyne_simulator/share/velodyne_simulator/environment/path.dsv
[1.454s] -- Symlinking: /home/jason/Desktop/navi/install/velodyne_simulator/share/velodyne_simulator/local_setup.bash
[1.470s] -- Symlinking: /home/jason/Desktop/navi/install/velodyne_simulator/share/velodyne_simulator/local_setup.sh
[1.486s] -- Symlinking: /home/jason/Desktop/navi/install/velodyne_simulator/share/velodyne_simulator/local_setup.zsh
[1.502s] -- Symlinking: /home/jason/Desktop/navi/install/velodyne_simulator/share/velodyne_simulator/local_setup.dsv
[1.518s] -- Symlinking: /home/jason/Desktop/navi/install/velodyne_simulator/share/velodyne_simulator/package.dsv
[1.534s] -- Symlinking: /home/jason/Desktop/navi/install/velodyne_simulator/share/ament_index/resource_index/packages/velodyne_simulator
[1.550s] -- Symlinking: /home/jason/Desktop/navi/install/velodyne_simulator/share/velodyne_simulator/cmake/velodyne_simulatorConfig.cmake
[1.566s] -- Symlinking: /home/jason/Desktop/navi/install/velodyne_simulator/share/velodyne_simulator/cmake/velodyne_simulatorConfig-version.cmake
[1.582s] -- Symlinking: /home/jason/Desktop/navi/install/velodyne_simulator/share/velodyne_simulator/package.xml
[1.602s] Invoked command in '/home/jason/Desktop/navi/build/velodyne_simulator' returned '0': AMENT_PREFIX_PATH=/home/jason/Desktop/navi/install/velodyne_gazebo_plugins:/home/jason/Desktop/navi/install/velodyne_description:${AMENT_PREFIX_PATH} CMAKE_PREFIX_PATH=/home/jason/Desktop/navi/install/velodyne_gazebo_plugins:/home/jason/Desktop/navi/install/velodyne_description:/opt/ros/humble LD_LIBRARY_PATH=/home/jason/Desktop/navi/install/velodyne_gazebo_plugins/lib:/opt/MVS/lib/64:/opt/MVS/lib/32:/usr/lib/x86_64-linux-gnu/gazebo-11/plugins:/opt/ros/humble/opt/rviz_ogre_vendor/lib:/opt/ros/humble/lib/x86_64-linux-gnu:/opt/ros/humble/lib:/opt/MVS/lib/64:/opt/MVS/lib/32:/opt/MVS/lib/64:/opt/MVS/lib/32 /usr/bin/cmake --install /home/jason/Desktop/navi/build/velodyne_simulator
