[0.074s] Invoking command in '/home/jason/Desktop/navi/build/vehicle_simulator': CMAKE_PREFIX_PATH=${CMAKE_PREFIX_PATH}:/opt/ros/humble /usr/bin/cmake --build /home/jason/Desktop/navi/build/vehicle_simulator -- -j20 -l20
[0.266s] [ 50%] [32mBuilding CXX object CMakeFiles/vehicleSimulator.dir/src/vehicleSimulator.cpp.o[0m
[57.059s] [100%] [32m[1mLinking CXX executable vehicleSimulator[0m
[58.576s] [100%] Built target vehicleSimulator
[58.592s] Invoked command in '/home/jason/Desktop/navi/build/vehicle_simulator' returned '0': CMAKE_PREFIX_PATH=${CMAKE_PREFIX_PATH}:/opt/ros/humble /usr/bin/cmake --build /home/jason/Desktop/navi/build/vehicle_simulator -- -j20 -l20
[58.637s] Invoking command in '/home/jason/Desktop/navi/build/vehicle_simulator': CMAKE_PREFIX_PATH=${CMAKE_PREFIX_PATH}:/opt/ros/humble /usr/bin/cmake --install /home/jason/Desktop/navi/build/vehicle_simulator
[58.649s] -- Install configuration: "Release"
[58.650s] -- Execute custom install script
[58.650s] -- Up-to-date symlink: /home/jason/Desktop/navi/install/vehicle_simulator/lib/vehicle_simulator/vehicleSimulator
[58.651s] -- Up-to-date symlink: /home/jason/Desktop/navi/install/vehicle_simulator/share/vehicle_simulator/launch/system_campus.launch
[58.651s] -- Up-to-date symlink: /home/jason/Desktop/navi/install/vehicle_simulator/share/vehicle_simulator/launch/system_forest.launch
[58.651s] -- Up-to-date symlink: /home/jason/Desktop/navi/install/vehicle_simulator/share/vehicle_simulator/launch/system_garage.launch.py
[58.651s] -- Up-to-date symlink: /home/jason/Desktop/navi/install/vehicle_simulator/share/vehicle_simulator/launch/system_indoor.launch
[58.652s] -- Up-to-date symlink: /home/jason/Desktop/navi/install/vehicle_simulator/share/vehicle_simulator/launch/system_real_robot.launch.py
[58.652s] -- Up-to-date symlink: /home/jason/Desktop/navi/install/vehicle_simulator/share/vehicle_simulator/launch/system_tunnel.launch
[58.652s] -- Up-to-date symlink: /home/jason/Desktop/navi/install/vehicle_simulator/share/vehicle_simulator/launch/vehicle_simulator.launch
[58.652s] -- Up-to-date symlink: /home/jason/Desktop/navi/install/vehicle_simulator/share/vehicle_simulator/log/readme.txt
[58.652s] -- Up-to-date symlink: /home/jason/Desktop/navi/install/vehicle_simulator/share/vehicle_simulator/mesh/download_environments.sh
[58.652s] -- Up-to-date symlink: /home/jason/Desktop/navi/install/vehicle_simulator/share/vehicle_simulator/mesh/garage/meshes/blue-concrete-texture-3.jpg
[58.653s] -- Up-to-date symlink: /home/jason/Desktop/navi/install/vehicle_simulator/share/vehicle_simulator/mesh/garage/meshes/garage.dae
[58.653s] -- Up-to-date symlink: /home/jason/Desktop/navi/install/vehicle_simulator/share/vehicle_simulator/mesh/garage/meshes/imgonline-com-ua-tile-RySXiqZBriXUB4J.jpg
[58.653s] -- Up-to-date symlink: /home/jason/Desktop/navi/install/vehicle_simulator/share/vehicle_simulator/mesh/garage/meshes/imgonline-com-ua-tile-pLFAF53NCY1Spr.jpg
[58.653s] -- Up-to-date symlink: /home/jason/Desktop/navi/install/vehicle_simulator/share/vehicle_simulator/mesh/garage/meshes/imgonline-com-ua-tile-turvdQ7ZY0r.jpg
[58.653s] -- Up-to-date symlink: /home/jason/Desktop/navi/install/vehicle_simulator/share/vehicle_simulator/mesh/garage/model.config
[58.653s] -- Up-to-date symlink: /home/jason/Desktop/navi/install/vehicle_simulator/share/vehicle_simulator/mesh/garage/model.sdf
[58.653s] -- Up-to-date symlink: /home/jason/Desktop/navi/install/vehicle_simulator/share/vehicle_simulator/mesh/garage/preview/overview.png
[58.654s] -- Up-to-date symlink: /home/jason/Desktop/navi/install/vehicle_simulator/share/vehicle_simulator/mesh/garage/preview/pointcloud.ply
[58.654s] -- Up-to-date symlink: /home/jason/Desktop/navi/install/vehicle_simulator/share/vehicle_simulator/rviz/vehicle_simulator.rviz
[58.654s] -- Up-to-date symlink: /home/jason/Desktop/navi/install/vehicle_simulator/share/vehicle_simulator/urdf/camera.urdf.xacro
[58.654s] -- Up-to-date symlink: /home/jason/Desktop/navi/install/vehicle_simulator/share/vehicle_simulator/urdf/lidar.urdf.xacro
[58.654s] -- Up-to-date symlink: /home/jason/Desktop/navi/install/vehicle_simulator/share/vehicle_simulator/urdf/robot.sdf
[58.654s] -- Up-to-date symlink: /home/jason/Desktop/navi/install/vehicle_simulator/share/vehicle_simulator/world/campus.world
[58.654s] -- Up-to-date symlink: /home/jason/Desktop/navi/install/vehicle_simulator/share/vehicle_simulator/world/forest.world
[58.654s] -- Up-to-date symlink: /home/jason/Desktop/navi/install/vehicle_simulator/share/vehicle_simulator/world/garage.world
[58.655s] -- Up-to-date symlink: /home/jason/Desktop/navi/install/vehicle_simulator/share/vehicle_simulator/world/indoor.world
[58.655s] -- Up-to-date symlink: /home/jason/Desktop/navi/install/vehicle_simulator/share/vehicle_simulator/world/tunnel.world
[58.655s] -- Up-to-date symlink: /home/jason/Desktop/navi/install/vehicle_simulator/share/ament_index/resource_index/package_run_dependencies/vehicle_simulator
[58.655s] -- Up-to-date symlink: /home/jason/Desktop/navi/install/vehicle_simulator/share/ament_index/resource_index/parent_prefix_path/vehicle_simulator
[58.655s] -- Up-to-date symlink: /home/jason/Desktop/navi/install/vehicle_simulator/share/vehicle_simulator/environment/ament_prefix_path.sh
[58.655s] -- Up-to-date symlink: /home/jason/Desktop/navi/install/vehicle_simulator/share/vehicle_simulator/environment/ament_prefix_path.dsv
[58.655s] -- Up-to-date symlink: /home/jason/Desktop/navi/install/vehicle_simulator/share/vehicle_simulator/environment/path.sh
[58.656s] -- Up-to-date symlink: /home/jason/Desktop/navi/install/vehicle_simulator/share/vehicle_simulator/environment/path.dsv
[58.656s] -- Up-to-date symlink: /home/jason/Desktop/navi/install/vehicle_simulator/share/vehicle_simulator/local_setup.bash
[58.656s] -- Up-to-date symlink: /home/jason/Desktop/navi/install/vehicle_simulator/share/vehicle_simulator/local_setup.sh
[58.656s] -- Up-to-date symlink: /home/jason/Desktop/navi/install/vehicle_simulator/share/vehicle_simulator/local_setup.zsh
[58.656s] -- Up-to-date symlink: /home/jason/Desktop/navi/install/vehicle_simulator/share/vehicle_simulator/local_setup.dsv
[58.656s] -- Symlinking: /home/jason/Desktop/navi/install/vehicle_simulator/share/vehicle_simulator/package.dsv
[58.670s] -- Up-to-date symlink: /home/jason/Desktop/navi/install/vehicle_simulator/share/ament_index/resource_index/packages/vehicle_simulator
[58.671s] -- Up-to-date symlink: /home/jason/Desktop/navi/install/vehicle_simulator/share/vehicle_simulator/cmake/vehicle_simulatorConfig.cmake
[58.671s] -- Up-to-date symlink: /home/jason/Desktop/navi/install/vehicle_simulator/share/vehicle_simulator/cmake/vehicle_simulatorConfig-version.cmake
[58.671s] -- Up-to-date symlink: /home/jason/Desktop/navi/install/vehicle_simulator/share/vehicle_simulator/package.xml
[58.674s] Invoked command in '/home/jason/Desktop/navi/build/vehicle_simulator' returned '0': CMAKE_PREFIX_PATH=${CMAKE_PREFIX_PATH}:/opt/ros/humble /usr/bin/cmake --install /home/jason/Desktop/navi/build/vehicle_simulator
