[0.075s] Invoking command in '/home/jason/Desktop/navi/build/sensor_scan_generation': CMAKE_PREFIX_PATH=${CMAKE_PREFIX_PATH}:/opt/ros/humble /usr/bin/cmake /home/jason/Desktop/navi/src/local_planner/autonomous_exploration_development_environment/src/sensor_scan_generation -DAMENT_CMAKE_SYMLINK_INSTALL=1 -DCMAKE_INSTALL_PREFIX=/home/jason/Desktop/navi/install/sensor_scan_generation
[0.186s] -- Found ament_cmake: 1.3.8 (/opt/ros/humble/share/ament_cmake/cmake)
[0.270s] -- Override CMake install command with custom implementation using symlinks instead of copying resources
[0.282s] -- Found rclcpp: 16.0.8 (/opt/ros/humble/share/rclcpp/cmake)
[0.344s] -- Found rosidl_generator_c: 3.1.5 (/opt/ros/humble/share/rosidl_generator_c/cmake)
[0.344s] -- Found rosidl_adapter: 3.1.5 (/opt/ros/humble/share/rosidl_adapter/cmake)
[0.350s] -- Found rosidl_generator_cpp: 3.1.5 (/opt/ros/humble/share/rosidl_generator_cpp/cmake)
[0.368s] -- Using all available rosidl_typesupport_c: rosidl_typesupport_fastrtps_c;rosidl_typesupport_introspection_c
[0.393s] -- Using all available rosidl_typesupport_cpp: rosidl_typesupport_fastrtps_cpp;rosidl_typesupport_introspection_cpp
[0.481s] -- Found rmw_implementation_cmake: 6.1.1 (/opt/ros/humble/share/rmw_implementation_cmake/cmake)
[0.485s] -- Found rmw_fastrtps_cpp: 6.2.6 (/opt/ros/humble/share/rmw_fastrtps_cpp/cmake)
[0.673s] -- Using RMW implementation 'rmw_fastrtps_cpp' as default
[0.908s] -- Found nav_msgs: 4.2.3 (/opt/ros/humble/share/nav_msgs/cmake)
[1.098s] -- Found sensor_msgs: 4.2.3 (/opt/ros/humble/share/sensor_msgs/cmake)
[1.227s] -- Found tf2_ros: 0.25.6 (/opt/ros/humble/share/tf2_ros/cmake)
[1.730s] -- Found tf2_geometry_msgs: 0.25.6 (/opt/ros/humble/share/tf2_geometry_msgs/cmake)
[1.736s] -- Found eigen3_cmake_module: 0.1.1 (/opt/ros/humble/share/eigen3_cmake_module/cmake)
[1.738s] -- Ensuring Eigen3 include directory is part of orocos-kdl CMake target
[1.752s] -- Found pcl_conversions: 2.4.0 (/opt/ros/humble/share/pcl_conversions/cmake)
[1.940s] -- Found pcl_ros: 2.4.0 (/opt/ros/humble/share/pcl_ros/cmake)
[2.143s] -- Eigen found (include: /usr/include/eigen3, version: 3.4.0)
[2.186s] -- FLANN found (include: /usr/include, lib: /usr/lib/x86_64-linux-gnu/libflann_cpp.so)
[2.599s] -- OpenNI found (version: 1.5.4.0, include: /usr/include/ni, lib: /usr/lib/libOpenNI.so;libusb::libusb)
[2.608s] -- OpenNI2 found (version: 2.2.0.33, include: /usr/include/openni2, lib: /usr/lib/x86_64-linux-gnu/libOpenNI2.so;libusb::libusb)
[2.844s] -- Eigen found (include: /usr/include/eigen3, version: 3.4.0)
[2.853s] -- OpenNI found (version: 1.5.4.0, include: /usr/include/ni, lib: /usr/lib/libOpenNI.so;libusb::libusb)
[2.885s] -- OpenNI2 found (version: 2.2.0.33, include: /usr/include/openni2, lib: /usr/lib/x86_64-linux-gnu/libOpenNI2.so;libusb::libusb)
[3.086s] -- Found Qhull version 8.0.2
[3.317s] -- OpenNI found (version: 1.5.4.0, include: /usr/include/ni, lib: /usr/lib/libOpenNI.so;libusb::libusb)
[3.690s] -- Found ament_lint_auto: 0.12.10 (/opt/ros/humble/share/ament_lint_auto/cmake)
[3.795s] -- Added test 'copyright' to check source files copyright and LICENSE
[3.795s] -- Added test 'cppcheck' to perform static code analysis on C / C++ code
[3.796s] -- Configured cppcheck include dirs: 
[3.796s] -- Configured cppcheck exclude dirs and/or files: 
[3.797s] -- Added test 'cpplint' to check C / C++ code against the Google style
[3.797s] -- Configured cpplint exclude dirs and/or files: 
[3.797s] -- Added test 'lint_cmake' to check CMake code style
[3.798s] -- Added test 'uncrustify' to check C / C++ code style
[3.798s] -- Configured uncrustify additional arguments: 
[3.798s] -- Added test 'xmllint' to check XML markup files
[3.801s] -- Configuring done
[3.846s] -- Generating done
[3.851s] -- Build files have been written to: /home/jason/Desktop/navi/build/sensor_scan_generation
[3.869s] Invoked command in '/home/jason/Desktop/navi/build/sensor_scan_generation' returned '0': CMAKE_PREFIX_PATH=${CMAKE_PREFIX_PATH}:/opt/ros/humble /usr/bin/cmake /home/jason/Desktop/navi/src/local_planner/autonomous_exploration_development_environment/src/sensor_scan_generation -DAMENT_CMAKE_SYMLINK_INSTALL=1 -DCMAKE_INSTALL_PREFIX=/home/jason/Desktop/navi/install/sensor_scan_generation
[3.870s] Invoking command in '/home/jason/Desktop/navi/build/sensor_scan_generation': CMAKE_PREFIX_PATH=${CMAKE_PREFIX_PATH}:/opt/ros/humble /usr/bin/cmake --build /home/jason/Desktop/navi/build/sensor_scan_generation -- -j20 -l20
[3.913s] [35m[1mConsolidate compiler generated dependencies of target sensorScanGeneration[0m
[3.942s] [100%] Built target sensorScanGeneration
[3.954s] Invoked command in '/home/jason/Desktop/navi/build/sensor_scan_generation' returned '0': CMAKE_PREFIX_PATH=${CMAKE_PREFIX_PATH}:/opt/ros/humble /usr/bin/cmake --build /home/jason/Desktop/navi/build/sensor_scan_generation -- -j20 -l20
[3.997s] Invoking command in '/home/jason/Desktop/navi/build/sensor_scan_generation': CMAKE_PREFIX_PATH=${CMAKE_PREFIX_PATH}:/opt/ros/humble /usr/bin/cmake --install /home/jason/Desktop/navi/build/sensor_scan_generation
[4.009s] -- Install configuration: "Release"
[4.009s] -- Execute custom install script
[4.009s] -- Up-to-date symlink: /home/jason/Desktop/navi/install/sensor_scan_generation/lib/sensor_scan_generation/sensorScanGeneration
[4.010s] -- Up-to-date symlink: /home/jason/Desktop/navi/install/sensor_scan_generation/share/sensor_scan_generation/launch/sensor_scan_generation.launch
[4.010s] -- Up-to-date symlink: /home/jason/Desktop/navi/install/sensor_scan_generation/share/ament_index/resource_index/package_run_dependencies/sensor_scan_generation
[4.010s] -- Up-to-date symlink: /home/jason/Desktop/navi/install/sensor_scan_generation/share/ament_index/resource_index/parent_prefix_path/sensor_scan_generation
[4.010s] -- Up-to-date symlink: /home/jason/Desktop/navi/install/sensor_scan_generation/share/sensor_scan_generation/environment/ament_prefix_path.sh
[4.011s] -- Up-to-date symlink: /home/jason/Desktop/navi/install/sensor_scan_generation/share/sensor_scan_generation/environment/ament_prefix_path.dsv
[4.011s] -- Up-to-date symlink: /home/jason/Desktop/navi/install/sensor_scan_generation/share/sensor_scan_generation/environment/path.sh
[4.011s] -- Up-to-date symlink: /home/jason/Desktop/navi/install/sensor_scan_generation/share/sensor_scan_generation/environment/path.dsv
[4.011s] -- Up-to-date symlink: /home/jason/Desktop/navi/install/sensor_scan_generation/share/sensor_scan_generation/local_setup.bash
[4.012s] -- Up-to-date symlink: /home/jason/Desktop/navi/install/sensor_scan_generation/share/sensor_scan_generation/local_setup.sh
[4.012s] -- Up-to-date symlink: /home/jason/Desktop/navi/install/sensor_scan_generation/share/sensor_scan_generation/local_setup.zsh
[4.012s] -- Up-to-date symlink: /home/jason/Desktop/navi/install/sensor_scan_generation/share/sensor_scan_generation/local_setup.dsv
[4.012s] -- Symlinking: /home/jason/Desktop/navi/install/sensor_scan_generation/share/sensor_scan_generation/package.dsv
[4.021s] -- Up-to-date symlink: /home/jason/Desktop/navi/install/sensor_scan_generation/share/ament_index/resource_index/packages/sensor_scan_generation
[4.022s] -- Up-to-date symlink: /home/jason/Desktop/navi/install/sensor_scan_generation/share/sensor_scan_generation/cmake/sensor_scan_generationConfig.cmake
[4.022s] -- Up-to-date symlink: /home/jason/Desktop/navi/install/sensor_scan_generation/share/sensor_scan_generation/cmake/sensor_scan_generationConfig-version.cmake
[4.022s] -- Up-to-date symlink: /home/jason/Desktop/navi/install/sensor_scan_generation/share/sensor_scan_generation/package.xml
[4.030s] Invoked command in '/home/jason/Desktop/navi/build/sensor_scan_generation' returned '0': CMAKE_PREFIX_PATH=${CMAKE_PREFIX_PATH}:/opt/ros/humble /usr/bin/cmake --install /home/jason/Desktop/navi/build/sensor_scan_generation
