[0.204s] Invoking command in '/home/jason/Desktop/navi/build/waypoint_example': CMAKE_PREFIX_PATH=/opt/ros/humble /usr/bin/cmake /home/jason/Desktop/navi/src/local_planner/autonomous_exploration_development_environment/src/waypoint_example -DCMAKE_BUILD_TYPE=Release -DAMENT_CMAKE_SYMLINK_INSTALL=1 -DCMAKE_INSTALL_PREFIX=/home/jason/Desktop/navi/install/waypoint_example
[7.096s] -- The C compiler identification is GNU 11.4.0
[7.096s] -- The CXX compiler identification is GNU 11.4.0
[7.097s] -- Detecting C compiler ABI info
[7.097s] -- Detecting C compiler ABI info - done
[7.097s] -- Check for working C compiler: /usr/bin/cc - skipped
[7.097s] -- Detecting C compile features
[7.097s] -- Detecting C compile features - done
[7.097s] -- Detecting CXX compiler ABI info
[7.097s] -- Detecting CXX compiler ABI info - done
[7.097s] -- Check for working CXX compiler: /usr/bin/c++ - skipped
[7.098s] -- Detecting CXX compile features
[7.098s] -- Detecting CXX compile features - done
[7.098s] -- Found ament_cmake: 1.3.8 (/opt/ros/humble/share/ament_cmake/cmake)
[7.098s] -- Found Python3: /usr/bin/python3 (found version "3.10.12") found components: Interpreter 
[7.098s] -- Override CMake install command with custom implementation using symlinks instead of copying resources
[7.098s] -- Found rclcpp: 16.0.8 (/opt/ros/humble/share/rclcpp/cmake)
[7.098s] -- Found rosidl_generator_c: 3.1.5 (/opt/ros/humble/share/rosidl_generator_c/cmake)
[7.098s] -- Found rosidl_adapter: 3.1.5 (/opt/ros/humble/share/rosidl_adapter/cmake)
[7.099s] -- Found rosidl_generator_cpp: 3.1.5 (/opt/ros/humble/share/rosidl_generator_cpp/cmake)
[7.099s] -- Using all available rosidl_typesupport_c: rosidl_typesupport_fastrtps_c;rosidl_typesupport_introspection_c
[7.099s] -- Using all available rosidl_typesupport_cpp: rosidl_typesupport_fastrtps_cpp;rosidl_typesupport_introspection_cpp
[7.099s] -- Found rmw_implementation_cmake: 6.1.1 (/opt/ros/humble/share/rmw_implementation_cmake/cmake)
[7.099s] -- Found rmw_fastrtps_cpp: 6.2.6 (/opt/ros/humble/share/rmw_fastrtps_cpp/cmake)
[7.099s] -- Found OpenSSL: /usr/lib/x86_64-linux-gnu/libcrypto.so (found version "3.0.2")  
[7.099s] -- Found FastRTPS: /opt/ros/humble/include  
[7.099s] -- Using RMW implementation 'rmw_fastrtps_cpp' as default
[7.099s] -- Looking for pthread.h
[7.100s] -- Looking for pthread.h - found
[7.100s] -- Performing Test CMAKE_HAVE_LIBC_PTHREAD
[7.100s] -- Performing Test CMAKE_HAVE_LIBC_PTHREAD - Success
[7.100s] -- Found Threads: TRUE  
[7.100s] -- Found nav_msgs: 4.2.3 (/opt/ros/humble/share/nav_msgs/cmake)
[7.100s] -- Found sensor_msgs: 4.2.3 (/opt/ros/humble/share/sensor_msgs/cmake)
[7.100s] -- Found tf2_ros: 0.25.6 (/opt/ros/humble/share/tf2_ros/cmake)
[7.100s] -- Found tf2_geometry_msgs: 0.25.6 (/opt/ros/humble/share/tf2_geometry_msgs/cmake)
[7.100s] -- Found eigen3_cmake_module: 0.1.1 (/opt/ros/humble/share/eigen3_cmake_module/cmake)
[7.100s] -- Found Eigen3: TRUE (found version "3.4.0") 
[7.101s] -- Ensuring Eigen3 include directory is part of orocos-kdl CMake target
[7.101s] -- Found pcl_conversions: 2.4.0 (/opt/ros/humble/share/pcl_conversions/cmake)
[7.219s] -- Found pcl_ros: 2.4.0 (/opt/ros/humble/share/pcl_ros/cmake)
[7.661s] -- Checking for module 'eigen3'
[7.716s] --   Found eigen3, version 3.4.0
[7.867s] -- Found Eigen: /usr/include/eigen3 (Required is at least version "3.1") 
[7.867s] -- Eigen found (include: /usr/include/eigen3, version: 3.4.0)
[7.976s] -- Checking for module 'flann'
[8.049s] --   Found flann, version 1.9.1
[8.231s] -- Found FLANN: /usr/lib/x86_64-linux-gnu/libflann_cpp.so  
[8.231s] -- FLANN found (include: /usr/include, lib: /usr/lib/x86_64-linux-gnu/libflann_cpp.so)
[10.902s] -- Checking for module 'libusb-1.0'
[10.931s] --   Found libusb-1.0, version 1.0.25
[11.030s] -- Found libusb: /usr/lib/x86_64-linux-gnu/libusb-1.0.so  
[11.034s] -- OpenNI found (version: 1.5.4.0, include: /usr/include/ni, lib: /usr/lib/libOpenNI.so;libusb::libusb)
[11.158s] -- OpenNI2 found (version: 2.2.0.33, include: /usr/include/openni2, lib: /usr/lib/x86_64-linux-gnu/libOpenNI2.so;libusb::libusb)
[11.540s] -- Eigen found (include: /usr/include/eigen3, version: 3.4.0)
[11.556s] -- OpenNI found (version: 1.5.4.0, include: /usr/include/ni, lib: /usr/lib/libOpenNI.so;libusb::libusb)
[11.571s] -- OpenNI2 found (version: 2.2.0.33, include: /usr/include/openni2, lib: /usr/lib/x86_64-linux-gnu/libOpenNI2.so;libusb::libusb)
[11.934s] -- Found Qhull version 8.0.2
[12.406s] -- OpenNI found (version: 1.5.4.0, include: /usr/include/ni, lib: /usr/lib/libOpenNI.so;libusb::libusb)
[12.870s] -- Found PCL_COMMON: /usr/lib/x86_64-linux-gnu/libpcl_common.so  
[12.870s] -- Found PCL_KDTREE: /usr/lib/x86_64-linux-gnu/libpcl_kdtree.so  
[12.871s] -- Found PCL_OCTREE: /usr/lib/x86_64-linux-gnu/libpcl_octree.so  
[12.871s] -- Found PCL_SEARCH: /usr/lib/x86_64-linux-gnu/libpcl_search.so  
[12.872s] -- Found PCL_SAMPLE_CONSENSUS: /usr/lib/x86_64-linux-gnu/libpcl_sample_consensus.so  
[12.872s] -- Found PCL_FILTERS: /usr/lib/x86_64-linux-gnu/libpcl_filters.so  
[12.873s] -- Found PCL_2D: /usr/include/pcl-1.12  
[12.874s] -- Found PCL_GEOMETRY: /usr/include/pcl-1.12  
[12.877s] -- Found PCL_IO: /usr/lib/x86_64-linux-gnu/libpcl_io.so  
[12.889s] -- Found PCL_FEATURES: /usr/lib/x86_64-linux-gnu/libpcl_features.so  
[12.889s] -- Found PCL_ML: /usr/lib/x86_64-linux-gnu/libpcl_ml.so  
[12.891s] -- Found PCL_SEGMENTATION: /usr/lib/x86_64-linux-gnu/libpcl_segmentation.so  
[12.894s] -- Found PCL_VISUALIZATION: /usr/lib/x86_64-linux-gnu/libpcl_visualization.so  
[12.898s] -- Found PCL_SURFACE: /usr/lib/x86_64-linux-gnu/libpcl_surface.so  
[12.929s] -- Found PCL_REGISTRATION: /usr/lib/x86_64-linux-gnu/libpcl_registration.so  
[12.929s] -- Found PCL_KEYPOINTS: /usr/lib/x86_64-linux-gnu/libpcl_keypoints.so  
[12.929s] -- Found PCL_TRACKING: /usr/lib/x86_64-linux-gnu/libpcl_tracking.so  
[12.929s] -- Found PCL_RECOGNITION: /usr/lib/x86_64-linux-gnu/libpcl_recognition.so  
[12.929s] -- Found PCL_STEREO: /usr/lib/x86_64-linux-gnu/libpcl_stereo.so  
[12.930s] -- Found PCL_APPS: /usr/lib/x86_64-linux-gnu/libpcl_apps.so  
[12.930s] -- Found PCL_IN_HAND_SCANNER: /usr/include/pcl-1.12  
[12.930s] -- Found PCL_MODELER: /usr/include/pcl-1.12  
[12.930s] -- Found PCL_POINT_CLOUD_EDITOR: /usr/include/pcl-1.12  
[12.930s] -- Found PCL_OUTOFCORE: /usr/lib/x86_64-linux-gnu/libpcl_outofcore.so  
[12.930s] -- Found PCL_PEOPLE: /usr/lib/x86_64-linux-gnu/libpcl_people.so  
[13.119s] -- Found ament_lint_auto: 0.12.10 (/opt/ros/humble/share/ament_lint_auto/cmake)
[13.367s] -- Added test 'copyright' to check source files copyright and LICENSE
[13.382s] -- Added test 'cppcheck' to perform static code analysis on C / C++ code
[13.383s] -- Configured cppcheck include dirs: 
[13.383s] -- Configured cppcheck exclude dirs and/or files: 
[13.386s] -- Added test 'cpplint' to check C / C++ code against the Google style
[13.386s] -- Configured cpplint exclude dirs and/or files: 
[13.389s] -- Added test 'lint_cmake' to check CMake code style
[13.391s] -- Added test 'uncrustify' to check C / C++ code style
[13.391s] -- Configured uncrustify additional arguments: 
[13.392s] -- Added test 'xmllint' to check XML markup files
[13.396s] -- Configuring done
[13.515s] -- Generating done
[13.521s] -- Build files have been written to: /home/jason/Desktop/navi/build/waypoint_example
[13.580s] Invoked command in '/home/jason/Desktop/navi/build/waypoint_example' returned '0': CMAKE_PREFIX_PATH=/opt/ros/humble /usr/bin/cmake /home/jason/Desktop/navi/src/local_planner/autonomous_exploration_development_environment/src/waypoint_example -DCMAKE_BUILD_TYPE=Release -DAMENT_CMAKE_SYMLINK_INSTALL=1 -DCMAKE_INSTALL_PREFIX=/home/jason/Desktop/navi/install/waypoint_example
[13.581s] Invoking command in '/home/jason/Desktop/navi/build/waypoint_example': CMAKE_PREFIX_PATH=/opt/ros/humble /usr/bin/cmake --build /home/jason/Desktop/navi/build/waypoint_example -- -j20 -l20
[14.428s] [ 50%] [32mBuilding CXX object CMakeFiles/waypointExample.dir/src/waypointExample.cpp.o[0m
[70.452s] [100%] [32m[1mLinking CXX executable waypointExample[0m
[71.297s] [100%] Built target waypointExample
[71.320s] Invoked command in '/home/jason/Desktop/navi/build/waypoint_example' returned '0': CMAKE_PREFIX_PATH=/opt/ros/humble /usr/bin/cmake --build /home/jason/Desktop/navi/build/waypoint_example -- -j20 -l20
[71.474s] Invoking command in '/home/jason/Desktop/navi/build/waypoint_example': CMAKE_PREFIX_PATH=/opt/ros/humble /usr/bin/cmake --install /home/jason/Desktop/navi/build/waypoint_example
[71.500s] -- Install configuration: "Release"
[71.500s] -- Execute custom install script
[71.500s] -- Symlinking: /home/jason/Desktop/navi/install/waypoint_example/lib/waypoint_example/waypointExample
[71.513s] -- Symlinking: /home/jason/Desktop/navi/install/waypoint_example/share/waypoint_example/launch/waypoint_example_garage.launch
[71.544s] -- Symlinking: /home/jason/Desktop/navi/install/waypoint_example/share/waypoint_example/data/boundary_garage.ply
[71.567s] -- Symlinking: /home/jason/Desktop/navi/install/waypoint_example/share/waypoint_example/data/waypoints_garage.ply
[71.585s] -- Symlinking: /home/jason/Desktop/navi/install/waypoint_example/share/ament_index/resource_index/package_run_dependencies/waypoint_example
[71.605s] -- Symlinking: /home/jason/Desktop/navi/install/waypoint_example/share/ament_index/resource_index/parent_prefix_path/waypoint_example
[71.625s] -- Symlinking: /home/jason/Desktop/navi/install/waypoint_example/share/waypoint_example/environment/ament_prefix_path.sh
[71.646s] -- Symlinking: /home/jason/Desktop/navi/install/waypoint_example/share/waypoint_example/environment/ament_prefix_path.dsv
[71.666s] -- Symlinking: /home/jason/Desktop/navi/install/waypoint_example/share/waypoint_example/environment/path.sh
[71.689s] -- Symlinking: /home/jason/Desktop/navi/install/waypoint_example/share/waypoint_example/environment/path.dsv
[71.705s] -- Symlinking: /home/jason/Desktop/navi/install/waypoint_example/share/waypoint_example/local_setup.bash
[71.724s] -- Symlinking: /home/jason/Desktop/navi/install/waypoint_example/share/waypoint_example/local_setup.sh
[71.742s] -- Symlinking: /home/jason/Desktop/navi/install/waypoint_example/share/waypoint_example/local_setup.zsh
[71.761s] -- Symlinking: /home/jason/Desktop/navi/install/waypoint_example/share/waypoint_example/local_setup.dsv
[71.781s] -- Symlinking: /home/jason/Desktop/navi/install/waypoint_example/share/waypoint_example/package.dsv
[71.808s] -- Symlinking: /home/jason/Desktop/navi/install/waypoint_example/share/ament_index/resource_index/packages/waypoint_example
[71.821s] -- Symlinking: /home/jason/Desktop/navi/install/waypoint_example/share/waypoint_example/cmake/waypoint_exampleConfig.cmake
[71.841s] -- Symlinking: /home/jason/Desktop/navi/install/waypoint_example/share/waypoint_example/cmake/waypoint_exampleConfig-version.cmake
[71.870s] -- Symlinking: /home/jason/Desktop/navi/install/waypoint_example/share/waypoint_example/package.xml
[71.883s] Invoked command in '/home/jason/Desktop/navi/build/waypoint_example' returned '0': CMAKE_PREFIX_PATH=/opt/ros/humble /usr/bin/cmake --install /home/jason/Desktop/navi/build/waypoint_example
