[  1%] Built target livox_interfaces2__cpp
[  1%] Built target ament_cmake_python_symlink_livox_ros_driver2
[  8%] Built target livox_interfaces2__rosidl_generator_c
[35m[1mConsolidate compiler generated dependencies of target livox_interfaces2__rosidl_typesupport_cpp[0m
[35m[1mConsolidate compiler generated dependencies of target livox_interfaces2__rosidl_typesupport_fastrtps_cpp[0m
[ 10%] [32mBuilding CXX object CMakeFiles/livox_ros_driver2_node.dir/rclcpp_components/node_main_livox_ros_driver2_node.cpp.o[0m
[35m[1mConsolidate compiler generated dependencies of target livox_interfaces2__rosidl_typesupport_introspection_cpp[0m
[35m[1mConsolidate compiler generated dependencies of target livox_interfaces2__rosidl_typesupport_fastrtps_c[0m
[ 17%] Built target livox_interfaces2__rosidl_typesupport_cpp
[ 24%] Built target livox_interfaces2__rosidl_typesupport_introspection_cpp
[ 31%] Built target livox_interfaces2__rosidl_typesupport_fastrtps_cpp
[ 38%] Built target livox_interfaces2__rosidl_typesupport_introspection_c
[ 45%] Built target livox_interfaces2__rosidl_typesupport_c
[ 52%] Built target livox_interfaces2__rosidl_typesupport_fastrtps_c
[35m[1mConsolidate compiler generated dependencies of target livox_ros_driver2[0m
[ 52%] Built target livox_interfaces2
[ 54%] Built target livox_interfaces2__py
[ 56%] [32mBuilding CXX object CMakeFiles/livox_ros_driver2.dir/src/lddc.cpp.o[0m
[35m[1mConsolidate compiler generated dependencies of target livox_interfaces2__rosidl_generator_py[0m
[ 57%] [32mBuilding CXX object CMakeFiles/livox_ros_driver2.dir/src/lds_lidar.cpp.o[0m
[ 59%] [32mBuilding CXX object CMakeFiles/livox_ros_driver2.dir/src/driver_node.cpp.o[0m
[ 61%] [32mBuilding CXX object CMakeFiles/livox_ros_driver2.dir/src/livox_ros_driver2.cpp.o[0m
[ 63%] [32mBuilding CXX object CMakeFiles/livox_ros_driver2.dir/src/comm/pub_handler.cpp.o[0m
[ 64%] [32mBuilding CXX object CMakeFiles/livox_ros_driver2.dir/src/parse_cfg_file/parse_cfg_file.cpp.o[0m
[ 66%] [32mBuilding CXX object CMakeFiles/livox_ros_driver2.dir/src/call_back/livox_lidar_callback.cpp.o[0m
In file included from [01m[K/home/jason/Desktop/navi/src/sensor_driver/livox_ros_driver2/src/driver_node.h:28[m[K,
                 from [01m[K/home/jason/Desktop/navi/src/sensor_driver/livox_ros_driver2/src/driver_node.cpp:25[m[K:
[01m[K/home/jason/Desktop/navi/src/sensor_driver/livox_ros_driver2/src/include/ros_headers.h:28:[m[K [01;35m[Kwarning: [m[K"BUILDING_ROS2" redefined
   28 | #define BUILDING_ROS2
      | 
[01m[K<command-line>:[m[K [01;36m[Knote: [m[Kthis is the location of the previous definition
[ 71%] Built target livox_interfaces2__rosidl_generator_py
[35m[1mConsolidate compiler generated dependencies of target livox_ros_driver2__rosidl_typesupport_fastrtps_c__pyext[0m
[35m[1mConsolidate compiler generated dependencies of target livox_ros_driver2__rosidl_typesupport_c__pyext[0m
[ 75%] Built target livox_ros_driver2__rosidl_typesupport_c__pyext
[35m[1mConsolidate compiler generated dependencies of target livox_ros_driver2__rosidl_typesupport_introspection_c__pyext[0m
[ 78%] Built target livox_ros_driver2__rosidl_typesupport_fastrtps_c__pyext
[ 82%] Built target livox_ros_driver2__rosidl_typesupport_introspection_c__pyext
In file included from [01m[K/home/jason/Desktop/navi/src/sensor_driver/livox_ros_driver2/src/driver_node.h:28[m[K,
                 from [01m[K/home/jason/Desktop/navi/src/sensor_driver/livox_ros_driver2/src/livox_ros_driver2.cpp:32[m[K:
[01m[K/home/jason/Desktop/navi/src/sensor_driver/livox_ros_driver2/src/include/ros_headers.h:28:[m[K [01;35m[Kwarning: [m[K"BUILDING_ROS2" redefined
   28 | #define BUILDING_ROS2
      | 
[01m[K<command-line>:[m[K [01;36m[Knote: [m[Kthis is the location of the previous definition
In file included from [01m[K/home/jason/Desktop/navi/src/sensor_driver/livox_ros_driver2/src/driver_node.h:28[m[K,
                 from [01m[K/home/jason/Desktop/navi/src/sensor_driver/livox_ros_driver2/src/lddc.h:31[m[K,
                 from [01m[K/home/jason/Desktop/navi/src/sensor_driver/livox_ros_driver2/src/lddc.cpp:25[m[K:
[01m[K/home/jason/Desktop/navi/src/sensor_driver/livox_ros_driver2/src/include/ros_headers.h:28:[m[K [01;35m[Kwarning: [m[K"BUILDING_ROS2" redefined
   28 | #define BUILDING_ROS2
      | 
[01m[K<command-line>:[m[K [01;36m[Knote: [m[Kthis is the location of the previous definition
running egg_info
writing livox_ros_driver2.egg-info/PKG-INFO
writing dependency_links to livox_ros_driver2.egg-info/dependency_links.txt
writing top-level names to livox_ros_driver2.egg-info/top_level.txt
reading manifest file 'livox_ros_driver2.egg-info/SOURCES.txt'
writing manifest file 'livox_ros_driver2.egg-info/SOURCES.txt'
[ 82%] Built target ament_cmake_python_build_livox_ros_driver2_egg
In file included from [01m[K/home/jason/Desktop/navi/src/sensor_driver/livox_ros_driver2/src/lds_lidar.cpp:47[m[K:
[01m[K/home/jason/Desktop/navi/src/sensor_driver/livox_ros_driver2/src/comm/pub_handler.h:44:29:[m[K [01;35m[Kwarning: [m[K‘[01m[Klivox_ros::extrinsic_global[m[K’ defined but not used [[01;35m[K]8;;https://gcc.gnu.org/onlinedocs/gcc/Warning-Options.html#index-Wunused-variable-Wunused-variable]8;;[m[K]
   44 | static ExtParameterDetailed [01;35m[Kextrinsic_global[m[K = {
      |                             [01;35m[K^~~~~~~~~~~~~~~~[m[K
[ 84%] [32m[1mLinking CXX executable livox_ros_driver2_node[0m
[ 84%] Built target livox_ros_driver2_node
[ 85%] [32m[1mLinking CXX shared library liblivox_ros_driver2.so[0m
[100%] Built target livox_ros_driver2
-- Install configuration: "Release"
-- Execute custom install script
-- Up-to-date symlink: /home/jason/Desktop/navi/install/livox_ros_driver2/share/ament_index/resource_index/rosidl_interfaces/livox_ros_driver2
-- Up-to-date symlink: /home/jason/Desktop/navi/install/livox_ros_driver2/include/livox_ros_driver2/livox_ros_driver2/msg/custom_msg.h
-- Up-to-date symlink: /home/jason/Desktop/navi/install/livox_ros_driver2/include/livox_ros_driver2/livox_ros_driver2/msg/custom_point.h
-- Up-to-date symlink: /home/jason/Desktop/navi/install/livox_ros_driver2/include/livox_ros_driver2/livox_ros_driver2/msg/detail/custom_msg__functions.h
-- Up-to-date symlink: /home/jason/Desktop/navi/install/livox_ros_driver2/include/livox_ros_driver2/livox_ros_driver2/msg/detail/custom_msg__struct.h
-- Up-to-date symlink: /home/jason/Desktop/navi/install/livox_ros_driver2/include/livox_ros_driver2/livox_ros_driver2/msg/detail/custom_msg__type_support.h
-- Up-to-date symlink: /home/jason/Desktop/navi/install/livox_ros_driver2/include/livox_ros_driver2/livox_ros_driver2/msg/detail/custom_point__functions.h
-- Up-to-date symlink: /home/jason/Desktop/navi/install/livox_ros_driver2/include/livox_ros_driver2/livox_ros_driver2/msg/detail/custom_point__struct.h
-- Up-to-date symlink: /home/jason/Desktop/navi/install/livox_ros_driver2/include/livox_ros_driver2/livox_ros_driver2/msg/detail/custom_point__type_support.h
-- Up-to-date symlink: /home/jason/Desktop/navi/install/livox_ros_driver2/include/livox_ros_driver2/livox_ros_driver2/msg/rosidl_generator_c__visibility_control.h
-- Up-to-date symlink: /home/jason/Desktop/navi/install/livox_ros_driver2/share/livox_ros_driver2/environment/library_path.sh
-- Up-to-date symlink: /home/jason/Desktop/navi/install/livox_ros_driver2/share/livox_ros_driver2/environment/library_path.dsv
-- Up-to-date symlink: /home/jason/Desktop/navi/install/livox_ros_driver2/include/livox_ros_driver2/livox_ros_driver2/msg/detail/custom_msg__rosidl_typesupport_fastrtps_c.h
-- Up-to-date symlink: /home/jason/Desktop/navi/install/livox_ros_driver2/include/livox_ros_driver2/livox_ros_driver2/msg/detail/custom_point__rosidl_typesupport_fastrtps_c.h
-- Up-to-date symlink: /home/jason/Desktop/navi/install/livox_ros_driver2/include/livox_ros_driver2/livox_ros_driver2/msg/rosidl_typesupport_fastrtps_c__visibility_control.h
-- Up-to-date symlink: /home/jason/Desktop/navi/install/livox_ros_driver2/include/livox_ros_driver2/livox_ros_driver2/msg/detail/custom_msg__rosidl_typesupport_introspection_c.h
-- Up-to-date symlink: /home/jason/Desktop/navi/install/livox_ros_driver2/include/livox_ros_driver2/livox_ros_driver2/msg/detail/custom_point__rosidl_typesupport_introspection_c.h
-- Up-to-date symlink: /home/jason/Desktop/navi/install/livox_ros_driver2/include/livox_ros_driver2/livox_ros_driver2/msg/rosidl_typesupport_introspection_c__visibility_control.h
-- Up-to-date symlink: /home/jason/Desktop/navi/install/livox_ros_driver2/include/livox_ros_driver2/livox_ros_driver2/msg/custom_msg.hpp
-- Up-to-date symlink: /home/jason/Desktop/navi/install/livox_ros_driver2/include/livox_ros_driver2/livox_ros_driver2/msg/custom_point.hpp
-- Up-to-date symlink: /home/jason/Desktop/navi/install/livox_ros_driver2/include/livox_ros_driver2/livox_ros_driver2/msg/detail/custom_msg__builder.hpp
-- Up-to-date symlink: /home/jason/Desktop/navi/install/livox_ros_driver2/include/livox_ros_driver2/livox_ros_driver2/msg/detail/custom_msg__struct.hpp
-- Up-to-date symlink: /home/jason/Desktop/navi/install/livox_ros_driver2/include/livox_ros_driver2/livox_ros_driver2/msg/detail/custom_msg__traits.hpp
-- Up-to-date symlink: /home/jason/Desktop/navi/install/livox_ros_driver2/include/livox_ros_driver2/livox_ros_driver2/msg/detail/custom_point__builder.hpp
-- Up-to-date symlink: /home/jason/Desktop/navi/install/livox_ros_driver2/include/livox_ros_driver2/livox_ros_driver2/msg/detail/custom_point__struct.hpp
-- Up-to-date symlink: /home/jason/Desktop/navi/install/livox_ros_driver2/include/livox_ros_driver2/livox_ros_driver2/msg/detail/custom_point__traits.hpp
-- Up-to-date symlink: /home/jason/Desktop/navi/install/livox_ros_driver2/include/livox_ros_driver2/livox_ros_driver2/msg/detail/custom_msg__rosidl_typesupport_fastrtps_cpp.hpp
-- Up-to-date symlink: /home/jason/Desktop/navi/install/livox_ros_driver2/include/livox_ros_driver2/livox_ros_driver2/msg/detail/custom_point__rosidl_typesupport_fastrtps_cpp.hpp
-- Up-to-date symlink: /home/jason/Desktop/navi/install/livox_ros_driver2/include/livox_ros_driver2/livox_ros_driver2/msg/rosidl_typesupport_fastrtps_cpp__visibility_control.h
-- Up-to-date symlink: /home/jason/Desktop/navi/install/livox_ros_driver2/include/livox_ros_driver2/livox_ros_driver2/msg/detail/custom_msg__rosidl_typesupport_introspection_cpp.hpp
-- Up-to-date symlink: /home/jason/Desktop/navi/install/livox_ros_driver2/include/livox_ros_driver2/livox_ros_driver2/msg/detail/custom_point__rosidl_typesupport_introspection_cpp.hpp
-- Up-to-date symlink: /home/jason/Desktop/navi/install/livox_ros_driver2/share/livox_ros_driver2/environment/pythonpath.sh
-- Up-to-date symlink: /home/jason/Desktop/navi/install/livox_ros_driver2/share/livox_ros_driver2/environment/pythonpath.dsv
-- Up-to-date symlink: /home/jason/Desktop/navi/install/livox_ros_driver2/local/lib/python3.10/dist-packages/livox_ros_driver2-1.0.0-py3.10.egg-info/PKG-INFO
-- Up-to-date symlink: /home/jason/Desktop/navi/install/livox_ros_driver2/local/lib/python3.10/dist-packages/livox_ros_driver2-1.0.0-py3.10.egg-info/SOURCES.txt
-- Up-to-date symlink: /home/jason/Desktop/navi/install/livox_ros_driver2/local/lib/python3.10/dist-packages/livox_ros_driver2-1.0.0-py3.10.egg-info/dependency_links.txt
-- Up-to-date symlink: /home/jason/Desktop/navi/install/livox_ros_driver2/local/lib/python3.10/dist-packages/livox_ros_driver2-1.0.0-py3.10.egg-info/top_level.txt
-- Up-to-date symlink: /home/jason/Desktop/navi/install/livox_ros_driver2/local/lib/python3.10/dist-packages/livox_ros_driver2/__init__.py
-- Up-to-date symlink: /home/jason/Desktop/navi/install/livox_ros_driver2/local/lib/python3.10/dist-packages/livox_ros_driver2/_livox_ros_driver2_s.ep.rosidl_typesupport_c.c
-- Up-to-date symlink: /home/jason/Desktop/navi/install/livox_ros_driver2/local/lib/python3.10/dist-packages/livox_ros_driver2/_livox_ros_driver2_s.ep.rosidl_typesupport_fastrtps_c.c
-- Up-to-date symlink: /home/jason/Desktop/navi/install/livox_ros_driver2/local/lib/python3.10/dist-packages/livox_ros_driver2/_livox_ros_driver2_s.ep.rosidl_typesupport_introspection_c.c
-- Up-to-date symlink: /home/jason/Desktop/navi/install/livox_ros_driver2/local/lib/python3.10/dist-packages/livox_ros_driver2/liblivox_interfaces2__rosidl_generator_py.so
-- Up-to-date symlink: /home/jason/Desktop/navi/install/livox_ros_driver2/local/lib/python3.10/dist-packages/livox_ros_driver2/livox_ros_driver2_s__rosidl_typesupport_c.cpython-310-x86_64-linux-gnu.so
-- Up-to-date symlink: /home/jason/Desktop/navi/install/livox_ros_driver2/local/lib/python3.10/dist-packages/livox_ros_driver2/livox_ros_driver2_s__rosidl_typesupport_fastrtps_c.cpython-310-x86_64-linux-gnu.so
-- Up-to-date symlink: /home/jason/Desktop/navi/install/livox_ros_driver2/local/lib/python3.10/dist-packages/livox_ros_driver2/livox_ros_driver2_s__rosidl_typesupport_introspection_c.cpython-310-x86_64-linux-gnu.so
-- Up-to-date symlink: /home/jason/Desktop/navi/install/livox_ros_driver2/local/lib/python3.10/dist-packages/livox_ros_driver2/msg/__init__.py
-- Up-to-date symlink: /home/jason/Desktop/navi/install/livox_ros_driver2/local/lib/python3.10/dist-packages/livox_ros_driver2/msg/_custom_msg.py
-- Up-to-date symlink: /home/jason/Desktop/navi/install/livox_ros_driver2/local/lib/python3.10/dist-packages/livox_ros_driver2/msg/_custom_msg_s.c
-- Up-to-date symlink: /home/jason/Desktop/navi/install/livox_ros_driver2/local/lib/python3.10/dist-packages/livox_ros_driver2/msg/_custom_point.py
-- Up-to-date symlink: /home/jason/Desktop/navi/install/livox_ros_driver2/local/lib/python3.10/dist-packages/livox_ros_driver2/msg/_custom_point_s.c
-- Up-to-date symlink: /home/jason/Desktop/navi/install/livox_ros_driver2/local/lib/python3.10/dist-packages/livox_ros_driver2/livox_ros_driver2_s__rosidl_typesupport_fastrtps_c.cpython-310-x86_64-linux-gnu.so
-- Up-to-date symlink: /home/jason/Desktop/navi/install/livox_ros_driver2/local/lib/python3.10/dist-packages/livox_ros_driver2/livox_ros_driver2_s__rosidl_typesupport_introspection_c.cpython-310-x86_64-linux-gnu.so
-- Up-to-date symlink: /home/jason/Desktop/navi/install/livox_ros_driver2/local/lib/python3.10/dist-packages/livox_ros_driver2/livox_ros_driver2_s__rosidl_typesupport_c.cpython-310-x86_64-linux-gnu.so
-- Up-to-date symlink: /home/jason/Desktop/navi/install/livox_ros_driver2/share/livox_ros_driver2/msg/CustomPoint.idl
-- Up-to-date symlink: /home/jason/Desktop/navi/install/livox_ros_driver2/share/livox_ros_driver2/msg/CustomMsg.idl
-- Up-to-date symlink: /home/jason/Desktop/navi/install/livox_ros_driver2/share/livox_ros_driver2/msg/CustomPoint.msg
-- Up-to-date symlink: /home/jason/Desktop/navi/install/livox_ros_driver2/share/livox_ros_driver2/msg/CustomMsg.msg
-- Up-to-date symlink: /home/jason/Desktop/navi/install/livox_ros_driver2/lib/livox_ros_driver2/livox_ros_driver2_node
-- Up-to-date symlink: /home/jason/Desktop/navi/install/livox_ros_driver2/lib/liblivox_ros_driver2.so
-- Up-to-date symlink: /home/jason/Desktop/navi/install/livox_ros_driver2/share/livox_ros_driver2/config/HAP_config.json
-- Up-to-date symlink: /home/jason/Desktop/navi/install/livox_ros_driver2/share/livox_ros_driver2/config/MID360_config.json
-- Up-to-date symlink: /home/jason/Desktop/navi/install/livox_ros_driver2/share/livox_ros_driver2/config/display_point_cloud.rviz
-- Up-to-date symlink: /home/jason/Desktop/navi/install/livox_ros_driver2/share/livox_ros_driver2/config/mixed_HAP_MID360_config.json
-- Up-to-date symlink: /home/jason/Desktop/navi/install/livox_ros_driver2/share/livox_ros_driver2/launch/msg_HAP_launch.py
-- Up-to-date symlink: /home/jason/Desktop/navi/install/livox_ros_driver2/share/livox_ros_driver2/launch/msg_MID360_launch.py
-- Up-to-date symlink: /home/jason/Desktop/navi/install/livox_ros_driver2/share/livox_ros_driver2/launch/rviz_HAP_launch.py
-- Up-to-date symlink: /home/jason/Desktop/navi/install/livox_ros_driver2/share/livox_ros_driver2/launch/rviz_MID360_launch.py
-- Up-to-date symlink: /home/jason/Desktop/navi/install/livox_ros_driver2/share/livox_ros_driver2/launch/rviz_mixed.py
-- Up-to-date symlink: /home/jason/Desktop/navi/install/livox_ros_driver2/share/ament_index/resource_index/package_run_dependencies/livox_ros_driver2
-- Up-to-date symlink: /home/jason/Desktop/navi/install/livox_ros_driver2/share/ament_index/resource_index/parent_prefix_path/livox_ros_driver2
-- Up-to-date symlink: /home/jason/Desktop/navi/install/livox_ros_driver2/share/livox_ros_driver2/environment/ament_prefix_path.sh
-- Up-to-date symlink: /home/jason/Desktop/navi/install/livox_ros_driver2/share/livox_ros_driver2/environment/ament_prefix_path.dsv
-- Up-to-date symlink: /home/jason/Desktop/navi/install/livox_ros_driver2/share/livox_ros_driver2/environment/path.sh
-- Up-to-date symlink: /home/jason/Desktop/navi/install/livox_ros_driver2/share/livox_ros_driver2/environment/path.dsv
-- Up-to-date symlink: /home/jason/Desktop/navi/install/livox_ros_driver2/share/livox_ros_driver2/local_setup.bash
-- Up-to-date symlink: /home/jason/Desktop/navi/install/livox_ros_driver2/share/livox_ros_driver2/local_setup.sh
-- Up-to-date symlink: /home/jason/Desktop/navi/install/livox_ros_driver2/share/livox_ros_driver2/local_setup.zsh
-- Up-to-date symlink: /home/jason/Desktop/navi/install/livox_ros_driver2/share/livox_ros_driver2/local_setup.dsv
-- Symlinking: /home/jason/Desktop/navi/install/livox_ros_driver2/share/livox_ros_driver2/package.dsv
-- Up-to-date symlink: /home/jason/Desktop/navi/install/livox_ros_driver2/share/ament_index/resource_index/packages/livox_ros_driver2
-- Up-to-date symlink: /home/jason/Desktop/navi/install/livox_ros_driver2/share/ament_index/resource_index/rclcpp_components/livox_ros_driver2
-- Up-to-date symlink: /home/jason/Desktop/navi/install/livox_ros_driver2/share/livox_ros_driver2/cmake/rosidl_cmake-extras.cmake
-- Up-to-date symlink: /home/jason/Desktop/navi/install/livox_ros_driver2/share/livox_ros_driver2/cmake/ament_cmake_export_dependencies-extras.cmake
-- Up-to-date symlink: /home/jason/Desktop/navi/install/livox_ros_driver2/share/livox_ros_driver2/cmake/ament_cmake_export_include_directories-extras.cmake
-- Up-to-date symlink: /home/jason/Desktop/navi/install/livox_ros_driver2/share/livox_ros_driver2/cmake/ament_cmake_export_libraries-extras.cmake
-- Up-to-date symlink: /home/jason/Desktop/navi/install/livox_ros_driver2/share/livox_ros_driver2/cmake/ament_cmake_export_targets-extras.cmake
-- Up-to-date symlink: /home/jason/Desktop/navi/install/livox_ros_driver2/share/livox_ros_driver2/cmake/rosidl_cmake_export_typesupport_targets-extras.cmake
-- Up-to-date symlink: /home/jason/Desktop/navi/install/livox_ros_driver2/share/livox_ros_driver2/cmake/rosidl_cmake_export_typesupport_libraries-extras.cmake
-- Up-to-date symlink: /home/jason/Desktop/navi/install/livox_ros_driver2/share/livox_ros_driver2/cmake/livox_ros_driver2Config.cmake
-- Up-to-date symlink: /home/jason/Desktop/navi/install/livox_ros_driver2/share/livox_ros_driver2/cmake/livox_ros_driver2Config-version.cmake
-- Up-to-date symlink: /home/jason/Desktop/navi/install/livox_ros_driver2/share/livox_ros_driver2/package.xml
-- Up-to-date: /home/jason/Desktop/navi/install/livox_ros_driver2/lib/liblivox_ros_driver2__rosidl_generator_c.so
-- Installing: /home/jason/Desktop/navi/install/livox_ros_driver2/lib/liblivox_ros_driver2__rosidl_typesupport_fastrtps_c.so
-- Set runtime path of "/home/jason/Desktop/navi/install/livox_ros_driver2/lib/liblivox_ros_driver2__rosidl_typesupport_fastrtps_c.so" to ""
-- Up-to-date: /home/jason/Desktop/navi/install/livox_ros_driver2/lib/liblivox_ros_driver2__rosidl_typesupport_introspection_c.so
-- Up-to-date: /home/jason/Desktop/navi/install/livox_ros_driver2/lib/liblivox_ros_driver2__rosidl_typesupport_c.so
-- Installing: /home/jason/Desktop/navi/install/livox_ros_driver2/lib/liblivox_ros_driver2__rosidl_typesupport_fastrtps_cpp.so
-- Set runtime path of "/home/jason/Desktop/navi/install/livox_ros_driver2/lib/liblivox_ros_driver2__rosidl_typesupport_fastrtps_cpp.so" to ""
-- Installing: /home/jason/Desktop/navi/install/livox_ros_driver2/lib/liblivox_ros_driver2__rosidl_typesupport_introspection_cpp.so
-- Set runtime path of "/home/jason/Desktop/navi/install/livox_ros_driver2/lib/liblivox_ros_driver2__rosidl_typesupport_introspection_cpp.so" to ""
-- Installing: /home/jason/Desktop/navi/install/livox_ros_driver2/lib/liblivox_ros_driver2__rosidl_typesupport_cpp.so
-- Set runtime path of "/home/jason/Desktop/navi/install/livox_ros_driver2/lib/liblivox_ros_driver2__rosidl_typesupport_cpp.so" to ""
Listing '/home/jason/Desktop/navi/install/livox_ros_driver2/local/lib/python3.10/dist-packages/livox_ros_driver2'...
Compiling '/home/jason/Desktop/navi/install/livox_ros_driver2/local/lib/python3.10/dist-packages/livox_ros_driver2/__init__.py'...
Listing '/home/jason/Desktop/navi/install/livox_ros_driver2/local/lib/python3.10/dist-packages/livox_ros_driver2/msg'...
-- Installing: /home/jason/Desktop/navi/install/livox_ros_driver2/lib/liblivox_interfaces2__rosidl_generator_py.so
-- Set runtime path of "/home/jason/Desktop/navi/install/livox_ros_driver2/lib/liblivox_interfaces2__rosidl_generator_py.so" to ""
-- Up-to-date: /home/jason/Desktop/navi/install/livox_ros_driver2/share/livox_ros_driver2/cmake/export_livox_interfaces2__rosidl_generator_cExport.cmake
-- Up-to-date: /home/jason/Desktop/navi/install/livox_ros_driver2/share/livox_ros_driver2/cmake/export_livox_interfaces2__rosidl_generator_cExport-release.cmake
-- Up-to-date: /home/jason/Desktop/navi/install/livox_ros_driver2/share/livox_ros_driver2/cmake/export_livox_interfaces2__rosidl_typesupport_fastrtps_cExport.cmake
-- Up-to-date: /home/jason/Desktop/navi/install/livox_ros_driver2/share/livox_ros_driver2/cmake/export_livox_interfaces2__rosidl_typesupport_fastrtps_cExport-release.cmake
-- Up-to-date: /home/jason/Desktop/navi/install/livox_ros_driver2/share/livox_ros_driver2/cmake/livox_interfaces2__rosidl_typesupport_introspection_cExport.cmake
-- Up-to-date: /home/jason/Desktop/navi/install/livox_ros_driver2/share/livox_ros_driver2/cmake/livox_interfaces2__rosidl_typesupport_introspection_cExport-release.cmake
-- Up-to-date: /home/jason/Desktop/navi/install/livox_ros_driver2/share/livox_ros_driver2/cmake/livox_interfaces2__rosidl_typesupport_cExport.cmake
-- Up-to-date: /home/jason/Desktop/navi/install/livox_ros_driver2/share/livox_ros_driver2/cmake/livox_interfaces2__rosidl_typesupport_cExport-release.cmake
-- Up-to-date: /home/jason/Desktop/navi/install/livox_ros_driver2/share/livox_ros_driver2/cmake/export_livox_interfaces2__rosidl_generator_cppExport.cmake
-- Up-to-date: /home/jason/Desktop/navi/install/livox_ros_driver2/share/livox_ros_driver2/cmake/export_livox_interfaces2__rosidl_typesupport_fastrtps_cppExport.cmake
-- Up-to-date: /home/jason/Desktop/navi/install/livox_ros_driver2/share/livox_ros_driver2/cmake/export_livox_interfaces2__rosidl_typesupport_fastrtps_cppExport-release.cmake
-- Up-to-date: /home/jason/Desktop/navi/install/livox_ros_driver2/share/livox_ros_driver2/cmake/livox_interfaces2__rosidl_typesupport_introspection_cppExport.cmake
-- Up-to-date: /home/jason/Desktop/navi/install/livox_ros_driver2/share/livox_ros_driver2/cmake/livox_interfaces2__rosidl_typesupport_introspection_cppExport-release.cmake
-- Up-to-date: /home/jason/Desktop/navi/install/livox_ros_driver2/share/livox_ros_driver2/cmake/livox_interfaces2__rosidl_typesupport_cppExport.cmake
-- Up-to-date: /home/jason/Desktop/navi/install/livox_ros_driver2/share/livox_ros_driver2/cmake/livox_interfaces2__rosidl_typesupport_cppExport-release.cmake
-- Up-to-date: /home/jason/Desktop/navi/install/livox_ros_driver2/share/livox_ros_driver2/cmake/export_livox_interfaces2__rosidl_generator_pyExport.cmake
-- Up-to-date: /home/jason/Desktop/navi/install/livox_ros_driver2/share/livox_ros_driver2/cmake/export_livox_interfaces2__rosidl_generator_pyExport-release.cmake
