[0.073s] Invoking command in '/home/jason/Desktop/navi/build/vehicle_simulator': CMAKE_PREFIX_PATH=${CMAKE_PREFIX_PATH}:/opt/ros/humble /usr/bin/cmake /home/jason/Desktop/navi/src/local_planner/autonomous_exploration_development_environment/src/vehicle_simulator -DAMENT_CMAKE_SYMLINK_INSTALL=1 -DCMAKE_INSTALL_PREFIX=/home/jason/Desktop/navi/install/vehicle_simulator
[0.227s] -- Found ament_cmake: 1.3.8 (/opt/ros/humble/share/ament_cmake/cmake)
[0.299s] -- Override CMake install command with custom implementation using symlinks instead of copying resources
[0.303s] -- Found rclcpp: 16.0.8 (/opt/ros/humble/share/rclcpp/cmake)
[0.348s] -- Found rosidl_generator_c: 3.1.5 (/opt/ros/humble/share/rosidl_generator_c/cmake)
[0.348s] -- Found rosidl_adapter: 3.1.5 (/opt/ros/humble/share/rosidl_adapter/cmake)
[0.355s] -- Found rosidl_generator_cpp: 3.1.5 (/opt/ros/humble/share/rosidl_generator_cpp/cmake)
[0.372s] -- Using all available rosidl_typesupport_c: rosidl_typesupport_fastrtps_c;rosidl_typesupport_introspection_c
[0.396s] -- Using all available rosidl_typesupport_cpp: rosidl_typesupport_fastrtps_cpp;rosidl_typesupport_introspection_cpp
[0.488s] -- Found rmw_implementation_cmake: 6.1.1 (/opt/ros/humble/share/rmw_implementation_cmake/cmake)
[0.491s] -- Found rmw_fastrtps_cpp: 6.2.6 (/opt/ros/humble/share/rmw_fastrtps_cpp/cmake)
[0.680s] -- Using RMW implementation 'rmw_fastrtps_cpp' as default
[0.886s] -- Found nav_msgs: 4.2.3 (/opt/ros/humble/share/nav_msgs/cmake)
[1.017s] -- Found sensor_msgs: 4.2.3 (/opt/ros/humble/share/sensor_msgs/cmake)
[1.099s] -- Found tf2_ros: 0.25.6 (/opt/ros/humble/share/tf2_ros/cmake)
[1.470s] -- Found tf2_geometry_msgs: 0.25.6 (/opt/ros/humble/share/tf2_geometry_msgs/cmake)
[1.474s] -- Found eigen3_cmake_module: 0.1.1 (/opt/ros/humble/share/eigen3_cmake_module/cmake)
[1.475s] -- Found Eigen3: TRUE (found version "3.4.0") 
[1.475s] -- Ensuring Eigen3 include directory is part of orocos-kdl CMake target
[1.485s] -- Found gazebo_msgs: 3.7.0 (/opt/ros/humble/share/gazebo_msgs/cmake)
[1.746s] -- Found gazebo_ros: 3.7.0 (/opt/ros/humble/share/gazebo_ros/cmake)
[1.778s] -- Found DART: /usr/include (Required is at least version "6.6") found components: dart 
[1.796s] -- Found Boost: /usr/lib/x86_64-linux-gnu/cmake/Boost-1.74.0/BoostConfig.cmake (found suitable version "1.74.0", minimum required is "1.40.0") found components: thread system filesystem program_options regex iostreams date_time 
[1.806s] -- Found Protobuf: /usr/lib/x86_64-linux-gnu/libprotobuf.so (found version "3.12.4") 
[1.809s] -- Looking for ignition-math6 -- found version 6.15.1
[1.812s] -- Searching for dependencies of ignition-math6
[1.814s] -- Looking for OGRE...
[1.819s] -- Found Ogre Ghadamon (1.9.0)
[1.819s] -- Found OGRE: optimized;/usr/lib/x86_64-linux-gnu/libOgreMain.so;debug;/usr/lib/x86_64-linux-gnu/libOgreMain.so
[1.828s] -- Looking for OGRE_Paging...
[1.828s] -- Found OGRE_Paging: optimized;/usr/lib/x86_64-linux-gnu/libOgrePaging.so;debug;/usr/lib/x86_64-linux-gnu/libOgrePaging.so
[1.828s] -- Looking for OGRE_Terrain...
[1.829s] -- Found OGRE_Terrain: optimized;/usr/lib/x86_64-linux-gnu/libOgreTerrain.so;debug;/usr/lib/x86_64-linux-gnu/libOgreTerrain.so
[1.829s] -- Looking for OGRE_Property...
[1.829s] -- Found OGRE_Property: optimized;/usr/lib/x86_64-linux-gnu/libOgreProperty.so;debug;/usr/lib/x86_64-linux-gnu/libOgreProperty.so
[1.829s] -- Looking for OGRE_RTShaderSystem...
[1.829s] -- Found OGRE_RTShaderSystem: optimized;/usr/lib/x86_64-linux-gnu/libOgreRTShaderSystem.so;debug;/usr/lib/x86_64-linux-gnu/libOgreRTShaderSystem.so
[1.829s] -- Looking for OGRE_Volume...
[1.829s] -- Found OGRE_Volume: optimized;/usr/lib/x86_64-linux-gnu/libOgreVolume.so;debug;/usr/lib/x86_64-linux-gnu/libOgreVolume.so
[1.829s] -- Looking for OGRE_Overlay...
[1.829s] -- Found OGRE_Overlay: optimized;/usr/lib/x86_64-linux-gnu/libOgreOverlay.so;debug;/usr/lib/x86_64-linux-gnu/libOgreOverlay.so
[1.964s] -- Looking for ignition-math6 -- found version 6.15.1
[1.964s] -- Looking for ignition-transport8 -- found version 8.2.1
[1.965s] -- Searching for dependencies of ignition-transport8
[1.983s] -- Found Protobuf: /usr/lib/x86_64-linux-gnu/libprotobuf.so (found suitable version "3.12.4", minimum required is "3") 
[2.000s] -- Config-file not installed for ZeroMQ -- checking for pkg-config
[2.007s] -- Checking for module 'libzmq >= 4'
[2.027s] --   Found libzmq , version 4.3.4
[2.078s] -- Checking for module 'uuid'
[2.093s] --   Found uuid, version 2.37.2
[2.135s] -- Looking for ignition-msgs5 -- found version 5.8.1
[2.136s] -- Searching for dependencies of ignition-msgs5
[2.163s] -- Looking for ignition-math6 -- found version 6.15.1
[2.170s] -- Checking for module 'tinyxml2'
[2.211s] --   Found tinyxml2, version 9.0.0
[2.258s] -- Looking for ignition-msgs5 -- found version 5.8.1
[2.259s] -- Looking for ignition-common3 -- found version 3.14.0
[2.259s] -- Searching for dependencies of ignition-common3
[2.259s] -- Looking for dlfcn.h - found
[2.259s] -- Looking for libdl - found
[2.274s] -- Searching for <ignition-common3> component [graphics]
[2.275s] -- Looking for ignition-common3-graphics -- found version 3.14.0
[2.275s] -- Searching for dependencies of ignition-common3-graphics
[2.276s] -- Looking for ignition-math6 -- found version 6.15.1
[2.277s] -- Looking for ignition-fuel_tools4 -- found version 4.4.0
[2.278s] -- Searching for dependencies of ignition-fuel_tools4
[2.336s] -- Checking for module 'jsoncpp'
[2.355s] --   Found jsoncpp, version 1.9.5
[2.407s] -- Checking for module 'libzip'
[2.419s] --   Found libzip, version 1.7.3
[2.452s] -- Looking for ignition-common3 -- found version 3.14.0
[2.453s] -- Looking for ignition-math6 -- found version 6.15.1
[2.453s] -- Looking for ignition-msgs5 -- found version 5.8.1
[2.454s] -- Gazebo version: 11.10
[2.489s] -- Eigen found (include: /usr/include/eigen3, version: 3.4.0)
[2.497s] -- Found Boost: /usr/lib/x86_64-linux-gnu/cmake/Boost-1.74.0/BoostConfig.cmake (found suitable version "1.74.0", minimum required is "1.65.0") found components: system filesystem date_time iostreams serialization 
[2.533s] -- FLANN found (include: /usr/include, lib: /usr/lib/x86_64-linux-gnu/libflann_cpp.so)
[2.785s] -- Found Eigen3: /usr/include/eigen3 (found version "3.4.0") 
[2.970s] -- OpenNI found (version: 1.5.4.0, include: /usr/include/ni, lib: /usr/lib/libOpenNI.so;libusb::libusb)
[2.979s] -- OpenNI2 found (version: 2.2.0.33, include: /usr/include/openni2, lib: /usr/lib/x86_64-linux-gnu/libOpenNI2.so;libusb::libusb)
[2.979s] [0m** WARNING ** io features related to pcap will be disabled[0m
[3.169s] -- Eigen found (include: /usr/include/eigen3, version: 3.4.0)
[3.175s] -- OpenNI found (version: 1.5.4.0, include: /usr/include/ni, lib: /usr/lib/libOpenNI.so;libusb::libusb)
[3.186s] -- OpenNI2 found (version: 2.2.0.33, include: /usr/include/openni2, lib: /usr/lib/x86_64-linux-gnu/libOpenNI2.so;libusb::libusb)
[3.368s] -- Found Qhull version 8.0.2
[3.547s] -- OpenNI found (version: 1.5.4.0, include: /usr/include/ni, lib: /usr/lib/libOpenNI.so;libusb::libusb)
[3.700s] -- looking for PCL_COMMON
[3.700s] -- looking for PCL_KDTREE
[3.700s] -- looking for PCL_OCTREE
[3.700s] -- looking for PCL_SEARCH
[3.700s] -- looking for PCL_SAMPLE_CONSENSUS
[3.701s] -- looking for PCL_FILTERS
[3.701s] -- looking for PCL_2D
[3.701s] -- looking for PCL_GEOMETRY
[3.701s] -- looking for PCL_IO
[3.701s] -- looking for PCL_FEATURES
[3.701s] -- looking for PCL_ML
[3.701s] -- looking for PCL_SEGMENTATION
[3.701s] -- looking for PCL_VISUALIZATION
[3.702s] -- looking for PCL_SURFACE
[3.702s] -- looking for PCL_REGISTRATION
[3.702s] -- looking for PCL_KEYPOINTS
[3.702s] -- looking for PCL_TRACKING
[3.702s] -- looking for PCL_RECOGNITION
[3.703s] -- looking for PCL_STEREO
[3.703s] -- looking for PCL_APPS
[3.704s] -- looking for PCL_IN_HAND_SCANNER
[3.704s] -- looking for PCL_MODELER
[3.705s] -- looking for PCL_POINT_CLOUD_EDITOR
[3.705s] -- looking for PCL_OUTOFCORE
[3.705s] -- looking for PCL_PEOPLE
[3.707s] -- Found pcl_conversions: 2.4.0 (/opt/ros/humble/share/pcl_conversions/cmake)
[3.824s] -- Found pcl_ros: 2.4.0 (/opt/ros/humble/share/pcl_ros/cmake)
[4.060s] -- Found ament_lint_auto: 0.12.10 (/opt/ros/humble/share/ament_lint_auto/cmake)
[4.129s] -- Added test 'copyright' to check source files copyright and LICENSE
[4.131s] -- Added test 'cppcheck' to perform static code analysis on C / C++ code
[4.132s] -- Configured cppcheck include dirs: /home/jason/Desktop/navi/src/local_planner/autonomous_exploration_development_environment/src/vehicle_simulator/include
[4.132s] -- Configured cppcheck exclude dirs and/or files: 
[4.134s] -- Added test 'cpplint' to check C / C++ code against the Google style
[4.134s] -- Configured cpplint exclude dirs and/or files: 
[4.135s] -- Added test 'flake8' to check Python code syntax and style conventions
[4.135s] -- Added test 'lint_cmake' to check CMake code style
[4.135s] -- Added test 'pep257' to check Python code against some of the docstring style conventions in PEP 257
[4.138s] -- Added test 'uncrustify' to check C / C++ code style
[4.138s] -- Configured uncrustify additional arguments: 
[4.138s] -- Added test 'xmllint' to check XML markup files
[4.140s] -- Configuring done
[4.197s] -- Generating done
[4.203s] -- Build files have been written to: /home/jason/Desktop/navi/build/vehicle_simulator
[4.225s] Invoked command in '/home/jason/Desktop/navi/build/vehicle_simulator' returned '0': CMAKE_PREFIX_PATH=${CMAKE_PREFIX_PATH}:/opt/ros/humble /usr/bin/cmake /home/jason/Desktop/navi/src/local_planner/autonomous_exploration_development_environment/src/vehicle_simulator -DAMENT_CMAKE_SYMLINK_INSTALL=1 -DCMAKE_INSTALL_PREFIX=/home/jason/Desktop/navi/install/vehicle_simulator
[4.228s] Invoking command in '/home/jason/Desktop/navi/build/vehicle_simulator': CMAKE_PREFIX_PATH=${CMAKE_PREFIX_PATH}:/opt/ros/humble /usr/bin/cmake --build /home/jason/Desktop/navi/build/vehicle_simulator -- -j20 -l20
[4.281s] [35m[1mConsolidate compiler generated dependencies of target vehicleSimulator[0m
[4.309s] [100%] Built target vehicleSimulator
[4.318s] Invoked command in '/home/jason/Desktop/navi/build/vehicle_simulator' returned '0': CMAKE_PREFIX_PATH=${CMAKE_PREFIX_PATH}:/opt/ros/humble /usr/bin/cmake --build /home/jason/Desktop/navi/build/vehicle_simulator -- -j20 -l20
[4.348s] Invoking command in '/home/jason/Desktop/navi/build/vehicle_simulator': CMAKE_PREFIX_PATH=${CMAKE_PREFIX_PATH}:/opt/ros/humble /usr/bin/cmake --install /home/jason/Desktop/navi/build/vehicle_simulator
[4.355s] -- Install configuration: "Release"
[4.355s] -- Execute custom install script
[4.356s] -- Up-to-date symlink: /home/jason/Desktop/navi/install/vehicle_simulator/lib/vehicle_simulator/vehicleSimulator
[4.356s] -- Up-to-date symlink: /home/jason/Desktop/navi/install/vehicle_simulator/share/vehicle_simulator/launch/system_campus.launch
[4.356s] -- Up-to-date symlink: /home/jason/Desktop/navi/install/vehicle_simulator/share/vehicle_simulator/launch/system_forest.launch
[4.356s] -- Up-to-date symlink: /home/jason/Desktop/navi/install/vehicle_simulator/share/vehicle_simulator/launch/system_garage.launch.py
[4.357s] -- Up-to-date symlink: /home/jason/Desktop/navi/install/vehicle_simulator/share/vehicle_simulator/launch/system_indoor.launch
[4.357s] -- Up-to-date symlink: /home/jason/Desktop/navi/install/vehicle_simulator/share/vehicle_simulator/launch/system_real_robot.launch.py
[4.357s] -- Up-to-date symlink: /home/jason/Desktop/navi/install/vehicle_simulator/share/vehicle_simulator/launch/system_tunnel.launch
[4.357s] -- Up-to-date symlink: /home/jason/Desktop/navi/install/vehicle_simulator/share/vehicle_simulator/launch/vehicle_simulator.launch
[4.357s] -- Up-to-date symlink: /home/jason/Desktop/navi/install/vehicle_simulator/share/vehicle_simulator/log/readme.txt
[4.358s] -- Up-to-date symlink: /home/jason/Desktop/navi/install/vehicle_simulator/share/vehicle_simulator/mesh/download_environments.sh
[4.358s] -- Up-to-date symlink: /home/jason/Desktop/navi/install/vehicle_simulator/share/vehicle_simulator/mesh/garage/meshes/blue-concrete-texture-3.jpg
[4.358s] -- Up-to-date symlink: /home/jason/Desktop/navi/install/vehicle_simulator/share/vehicle_simulator/mesh/garage/meshes/garage.dae
[4.358s] -- Up-to-date symlink: /home/jason/Desktop/navi/install/vehicle_simulator/share/vehicle_simulator/mesh/garage/meshes/imgonline-com-ua-tile-RySXiqZBriXUB4J.jpg
[4.358s] -- Up-to-date symlink: /home/jason/Desktop/navi/install/vehicle_simulator/share/vehicle_simulator/mesh/garage/meshes/imgonline-com-ua-tile-pLFAF53NCY1Spr.jpg
[4.358s] -- Up-to-date symlink: /home/jason/Desktop/navi/install/vehicle_simulator/share/vehicle_simulator/mesh/garage/meshes/imgonline-com-ua-tile-turvdQ7ZY0r.jpg
[4.358s] -- Up-to-date symlink: /home/jason/Desktop/navi/install/vehicle_simulator/share/vehicle_simulator/mesh/garage/model.config
[4.358s] -- Up-to-date symlink: /home/jason/Desktop/navi/install/vehicle_simulator/share/vehicle_simulator/mesh/garage/model.sdf
[4.358s] -- Up-to-date symlink: /home/jason/Desktop/navi/install/vehicle_simulator/share/vehicle_simulator/mesh/garage/preview/overview.png
[4.358s] -- Up-to-date symlink: /home/jason/Desktop/navi/install/vehicle_simulator/share/vehicle_simulator/mesh/garage/preview/pointcloud.ply
[4.358s] -- Up-to-date symlink: /home/jason/Desktop/navi/install/vehicle_simulator/share/vehicle_simulator/rviz/vehicle_simulator.rviz
[4.359s] -- Up-to-date symlink: /home/jason/Desktop/navi/install/vehicle_simulator/share/vehicle_simulator/urdf/camera.urdf.xacro
[4.359s] -- Up-to-date symlink: /home/jason/Desktop/navi/install/vehicle_simulator/share/vehicle_simulator/urdf/lidar.urdf.xacro
[4.359s] -- Up-to-date symlink: /home/jason/Desktop/navi/install/vehicle_simulator/share/vehicle_simulator/urdf/robot.sdf
[4.359s] -- Up-to-date symlink: /home/jason/Desktop/navi/install/vehicle_simulator/share/vehicle_simulator/world/campus.world
[4.359s] -- Up-to-date symlink: /home/jason/Desktop/navi/install/vehicle_simulator/share/vehicle_simulator/world/forest.world
[4.359s] -- Up-to-date symlink: /home/jason/Desktop/navi/install/vehicle_simulator/share/vehicle_simulator/world/garage.world
[4.359s] -- Up-to-date symlink: /home/jason/Desktop/navi/install/vehicle_simulator/share/vehicle_simulator/world/indoor.world
[4.359s] -- Up-to-date symlink: /home/jason/Desktop/navi/install/vehicle_simulator/share/vehicle_simulator/world/tunnel.world
[4.359s] -- Up-to-date symlink: /home/jason/Desktop/navi/install/vehicle_simulator/share/ament_index/resource_index/package_run_dependencies/vehicle_simulator
[4.359s] -- Up-to-date symlink: /home/jason/Desktop/navi/install/vehicle_simulator/share/ament_index/resource_index/parent_prefix_path/vehicle_simulator
[4.359s] -- Up-to-date symlink: /home/jason/Desktop/navi/install/vehicle_simulator/share/vehicle_simulator/environment/ament_prefix_path.sh
[4.360s] -- Up-to-date symlink: /home/jason/Desktop/navi/install/vehicle_simulator/share/vehicle_simulator/environment/ament_prefix_path.dsv
[4.360s] -- Up-to-date symlink: /home/jason/Desktop/navi/install/vehicle_simulator/share/vehicle_simulator/environment/path.sh
[4.360s] -- Up-to-date symlink: /home/jason/Desktop/navi/install/vehicle_simulator/share/vehicle_simulator/environment/path.dsv
[4.360s] -- Up-to-date symlink: /home/jason/Desktop/navi/install/vehicle_simulator/share/vehicle_simulator/local_setup.bash
[4.360s] -- Up-to-date symlink: /home/jason/Desktop/navi/install/vehicle_simulator/share/vehicle_simulator/local_setup.sh
[4.360s] -- Up-to-date symlink: /home/jason/Desktop/navi/install/vehicle_simulator/share/vehicle_simulator/local_setup.zsh
[4.360s] -- Up-to-date symlink: /home/jason/Desktop/navi/install/vehicle_simulator/share/vehicle_simulator/local_setup.dsv
[4.360s] -- Symlinking: /home/jason/Desktop/navi/install/vehicle_simulator/share/vehicle_simulator/package.dsv
[4.364s] -- Up-to-date symlink: /home/jason/Desktop/navi/install/vehicle_simulator/share/ament_index/resource_index/packages/vehicle_simulator
[4.364s] -- Up-to-date symlink: /home/jason/Desktop/navi/install/vehicle_simulator/share/vehicle_simulator/cmake/vehicle_simulatorConfig.cmake
[4.364s] -- Up-to-date symlink: /home/jason/Desktop/navi/install/vehicle_simulator/share/vehicle_simulator/cmake/vehicle_simulatorConfig-version.cmake
[4.365s] -- Up-to-date symlink: /home/jason/Desktop/navi/install/vehicle_simulator/share/vehicle_simulator/package.xml
[4.375s] Invoked command in '/home/jason/Desktop/navi/build/vehicle_simulator' returned '0': CMAKE_PREFIX_PATH=${CMAKE_PREFIX_PATH}:/opt/ros/humble /usr/bin/cmake --install /home/jason/Desktop/navi/build/vehicle_simulator
