[0.087s] Invoking command in '/home/jason/Desktop/navi/build/livox_ros_driver2': CMAKE_PREFIX_PATH=/opt/ros/humble /usr/bin/cmake /home/jason/Desktop/navi/src/sensor_driver/livox_ros_driver2 -DCMAKE_BUILD_TYPE=Release -DAMENT_CMAKE_SYMLINK_INSTALL=1 -DCMAKE_INSTALL_PREFIX=/home/jason/Desktop/navi/install/livox_ros_driver2
[0.298s] -- The C compiler identification is GNU 11.4.0
[0.463s] -- The CXX compiler identification is GNU 11.4.0
[0.524s] -- Detecting C compiler ABI info
[0.936s] -- Detecting C compiler ABI info - done
[0.962s] -- Check for working C compiler: /usr/bin/cc - skipped
[0.963s] -- Detecting C compile features
[0.971s] -- Detecting C compile features - done
[0.992s] -- Detecting CXX compiler ABI info
[1.396s] -- Detecting CXX compiler ABI info - done
[1.446s] -- Check for working CXX compiler: /usr/bin/c++ - skipped
[1.448s] -- Detecting CXX compile features
[1.448s] -- Detecting CXX compile features - done
[1.466s] -- livox_ros_driver2 version: 1.0.0
[1.470s] -- Found ament_cmake_auto: 1.3.8 (/opt/ros/humble/share/ament_cmake_auto/cmake)
[2.283s] -- Found Python3: /usr/bin/python3 (found version "3.10.12") found components: Interpreter 
[2.592s] -- Override CMake install command with custom implementation using symlinks instead of copying resources
[2.947s] -- Using all available rosidl_typesupport_c: rosidl_typesupport_fastrtps_c;rosidl_typesupport_introspection_c
[2.965s] -- Found rosidl_adapter: 3.1.5 (/opt/ros/humble/share/rosidl_adapter/cmake)
[3.070s] -- Using all available rosidl_typesupport_cpp: rosidl_typesupport_fastrtps_cpp;rosidl_typesupport_introspection_cpp
[3.510s] -- Found rmw_implementation_cmake: 6.1.1 (/opt/ros/humble/share/rmw_implementation_cmake/cmake)
[3.517s] -- Found rmw_fastrtps_cpp: 6.2.6 (/opt/ros/humble/share/rmw_fastrtps_cpp/cmake)
[3.942s] -- Found OpenSSL: /usr/lib/x86_64-linux-gnu/libcrypto.so (found version "3.0.2")  
[4.090s] -- Found FastRTPS: /opt/ros/humble/include  
[4.285s] -- Using RMW implementation 'rmw_fastrtps_cpp' as default
[4.324s] -- Looking for pthread.h
[4.590s] -- Looking for pthread.h - found
[4.590s] -- Performing Test CMAKE_HAVE_LIBC_PTHREAD
[5.020s] -- Performing Test CMAKE_HAVE_LIBC_PTHREAD - Success
[5.026s] -- Found Threads: TRUE  
[6.888s] -- Checking for module 'eigen3'
[6.974s] --   Found eigen3, version 3.4.0
[7.215s] -- Found Eigen: /usr/include/eigen3 (Required is at least version "3.1") 
[7.215s] -- Eigen found (include: /usr/include/eigen3, version: 3.4.0)
[7.282s] -- Found Boost: /usr/lib/x86_64-linux-gnu/cmake/Boost-1.74.0/BoostConfig.cmake (found suitable version "1.74.0", minimum required is "1.65.0") found components: system filesystem date_time iostreams serialization 
[7.327s] -- Checking for module 'flann'
[7.387s] --   Found flann, version 1.9.1
[7.620s] -- Found FLANN: /usr/lib/x86_64-linux-gnu/libflann_cpp.so  
[7.620s] -- FLANN found (include: /usr/include, lib: /usr/lib/x86_64-linux-gnu/libflann_cpp.so)
[7.761s] -- Found GLEW: /usr/lib/x86_64-linux-gnu/libGLEW.so  
[7.778s] -- Found OpenGL: /usr/lib/x86_64-linux-gnu/libOpenGL.so  found components: OpenGL GLX 
[8.296s] -- Found MPI_C: /usr/lib/x86_64-linux-gnu/libmpi.so (found version "3.1") 
[8.297s] -- Found MPI: TRUE (found version "3.1") found components: C 
[8.304s] -- Found JsonCpp: /usr/lib/x86_64-linux-gnu/libjsoncpp.so (found suitable version "1.9.5", minimum required is "0.7.0") 
[8.327s] -- Found ZLIB: /usr/lib/x86_64-linux-gnu/libz.so (found version "1.2.11") 
[8.371s] -- Found PNG: /usr/lib/x86_64-linux-gnu/libpng.so (found version "1.6.37") 
[8.408s] -- Found Eigen3: /usr/include/eigen3 (found version "3.4.0") 
[8.735s] -- Found X11: /usr/include   
[8.736s] -- Looking for XOpenDisplay in /usr/lib/x86_64-linux-gnu/libX11.so;/usr/lib/x86_64-linux-gnu/libXext.so
[9.017s] -- Looking for XOpenDisplay in /usr/lib/x86_64-linux-gnu/libX11.so;/usr/lib/x86_64-linux-gnu/libXext.so - found
[9.018s] -- Looking for gethostbyname
[9.258s] -- Looking for gethostbyname - found
[9.259s] -- Looking for connect
[9.494s] -- Looking for connect - found
[9.494s] -- Looking for remove
[9.734s] -- Looking for remove - found
[9.734s] -- Looking for shmat
[9.928s] -- Looking for shmat - found
[9.929s] -- Looking for IceConnectionNumber in ICE
[10.144s] -- Looking for IceConnectionNumber in ICE - found
[10.400s] -- Found EXPAT: /usr/lib/x86_64-linux-gnu/libexpat.so (found version "2.4.7") 
[10.405s] -- Found double-conversion: /usr/lib/x86_64-linux-gnu/libdouble-conversion.so  
[10.432s] -- Found LZ4: /usr/lib/x86_64-linux-gnu/liblz4.so (found version "1.9.3") 
[10.435s] -- Found LZMA: /usr/lib/x86_64-linux-gnu/liblzma.so (found version "5.2.5") 
[10.514s] -- Found JPEG: /usr/lib/x86_64-linux-gnu/libjpeg.so (found version "80") 
[10.542s] -- Found TIFF: /usr/lib/x86_64-linux-gnu/libtiff.so (found version "4.3.0")  
[10.555s] -- Found Freetype: /usr/lib/x86_64-linux-gnu/libfreetype.so (found version "2.11.1") 
[10.570s] -- Found utf8cpp: /usr/include/utf8cpp  
[10.781s] -- Checking for module 'libusb-1.0'
[10.839s] --   Found libusb-1.0, version 1.0.25
[10.946s] -- Found libusb: /usr/lib/x86_64-linux-gnu/libusb-1.0.so  
[10.948s] -- Found OpenNI: /usr/lib/libOpenNI.so;libusb::libusb (found version "1.5.4.0") 
[10.948s] -- OpenNI found (version: 1.5.4.0, include: /usr/include/ni, lib: /usr/lib/libOpenNI.so;libusb::libusb)
[11.139s] -- Found OpenNI2: /usr/lib/x86_64-linux-gnu/libOpenNI2.so;libusb::libusb (found version "2.2.0.33") 
[11.139s] -- OpenNI2 found (version: 2.2.0.33, include: /usr/include/openni2, lib: /usr/lib/x86_64-linux-gnu/libOpenNI2.so;libusb::libusb)
[11.140s] [0m** WARNING ** io features related to pcap will be disabled[0m
[11.558s] -- Eigen found (include: /usr/include/eigen3, version: 3.4.0)
[11.575s] -- OpenNI found (version: 1.5.4.0, include: /usr/include/ni, lib: /usr/lib/libOpenNI.so;libusb::libusb)
[11.599s] -- OpenNI2 found (version: 2.2.0.33, include: /usr/include/openni2, lib: /usr/lib/x86_64-linux-gnu/libOpenNI2.so;libusb::libusb)
[12.017s] -- Found Qhull version 8.0.2
[12.400s] -- OpenNI found (version: 1.5.4.0, include: /usr/include/ni, lib: /usr/lib/libOpenNI.so;libusb::libusb)
[12.750s] -- looking for PCL_COMMON
[12.752s] -- Found PCL_COMMON: /usr/lib/x86_64-linux-gnu/libpcl_common.so  
[12.753s] -- looking for PCL_KDTREE
[12.755s] -- Found PCL_KDTREE: /usr/lib/x86_64-linux-gnu/libpcl_kdtree.so  
[12.755s] -- looking for PCL_OCTREE
[12.758s] -- Found PCL_OCTREE: /usr/lib/x86_64-linux-gnu/libpcl_octree.so  
[12.758s] -- looking for PCL_SEARCH
[12.760s] -- Found PCL_SEARCH: /usr/lib/x86_64-linux-gnu/libpcl_search.so  
[12.761s] -- looking for PCL_SAMPLE_CONSENSUS
[12.763s] -- Found PCL_SAMPLE_CONSENSUS: /usr/lib/x86_64-linux-gnu/libpcl_sample_consensus.so  
[12.763s] -- looking for PCL_FILTERS
[12.766s] -- Found PCL_FILTERS: /usr/lib/x86_64-linux-gnu/libpcl_filters.so  
[12.766s] -- looking for PCL_2D
[12.767s] -- Found PCL_2D: /usr/include/pcl-1.12  
[12.767s] -- looking for PCL_GEOMETRY
[12.768s] -- Found PCL_GEOMETRY: /usr/include/pcl-1.12  
[12.768s] -- looking for PCL_IO
[12.771s] -- Found PCL_IO: /usr/lib/x86_64-linux-gnu/libpcl_io.so  
[12.772s] -- looking for PCL_FEATURES
[12.784s] -- Found PCL_FEATURES: /usr/lib/x86_64-linux-gnu/libpcl_features.so  
[12.784s] -- looking for PCL_ML
[12.784s] -- Found PCL_ML: /usr/lib/x86_64-linux-gnu/libpcl_ml.so  
[12.784s] -- looking for PCL_SEGMENTATION
[12.784s] -- Found PCL_SEGMENTATION: /usr/lib/x86_64-linux-gnu/libpcl_segmentation.so  
[12.784s] -- looking for PCL_VISUALIZATION
[12.785s] -- Found PCL_VISUALIZATION: /usr/lib/x86_64-linux-gnu/libpcl_visualization.so  
[12.785s] -- looking for PCL_SURFACE
[12.788s] -- Found PCL_SURFACE: /usr/lib/x86_64-linux-gnu/libpcl_surface.so  
[12.792s] -- looking for PCL_REGISTRATION
[12.795s] -- Found PCL_REGISTRATION: /usr/lib/x86_64-linux-gnu/libpcl_registration.so  
[12.795s] -- looking for PCL_KEYPOINTS
[12.798s] -- Found PCL_KEYPOINTS: /usr/lib/x86_64-linux-gnu/libpcl_keypoints.so  
[12.799s] -- looking for PCL_TRACKING
[12.801s] -- Found PCL_TRACKING: /usr/lib/x86_64-linux-gnu/libpcl_tracking.so  
[12.803s] -- looking for PCL_RECOGNITION
[12.806s] -- Found PCL_RECOGNITION: /usr/lib/x86_64-linux-gnu/libpcl_recognition.so  
[12.807s] -- looking for PCL_STEREO
[12.810s] -- Found PCL_STEREO: /usr/lib/x86_64-linux-gnu/libpcl_stereo.so  
[12.811s] -- looking for PCL_APPS
[12.814s] -- Found PCL_APPS: /usr/lib/x86_64-linux-gnu/libpcl_apps.so  
[12.817s] -- looking for PCL_IN_HAND_SCANNER
[12.818s] -- Found PCL_IN_HAND_SCANNER: /usr/include/pcl-1.12  
[12.819s] -- looking for PCL_MODELER
[12.820s] -- Found PCL_MODELER: /usr/include/pcl-1.12  
[12.821s] -- looking for PCL_POINT_CLOUD_EDITOR
[12.834s] -- Found PCL_POINT_CLOUD_EDITOR: /usr/include/pcl-1.12  
[12.835s] -- looking for PCL_OUTOFCORE
[12.837s] -- Found PCL_OUTOFCORE: /usr/lib/x86_64-linux-gnu/libpcl_outofcore.so  
[12.838s] -- looking for PCL_PEOPLE
[12.840s] -- Found PCL_PEOPLE: /usr/lib/x86_64-linux-gnu/libpcl_people.so  
[12.842s] -- Found PCL: pcl_common;pcl_kdtree;pcl_octree;pcl_search;pcl_sample_consensus;pcl_filters;pcl_io;pcl_features;pcl_ml;pcl_segmentation;pcl_visualization;pcl_surface;pcl_registration;pcl_keypoints;pcl_tracking;pcl_recognition;pcl_stereo;pcl_apps;pcl_outofcore;pcl_people;Boost::system;Boost::filesystem;Boost::date_time;Boost::iostreams;Boost::serialization;/usr/lib/libOpenNI.so;libusb::libusb;/usr/lib/x86_64-linux-gnu/libOpenNI2.so;libusb::libusb;VTK::ChartsCore;VTK::CommonColor;VTK::CommonComputationalGeometry;VTK::CommonCore;VTK::CommonDataModel;VTK::CommonExecutionModel;VTK::CommonMath;VTK::CommonMisc;VTK::CommonTransforms;VTK::FiltersCore;VTK::FiltersExtraction;VTK::FiltersGeneral;VTK::FiltersGeometry;VTK::FiltersModeling;VTK::FiltersSources;VTK::ImagingCore;VTK::ImagingSources;VTK::InteractionImage;VTK::InteractionStyle;VTK::InteractionWidgets;VTK::IOCore;VTK::IOGeometry;VTK::IOImage;VTK::IOLegacy;VTK::IOPLY;VTK::RenderingAnnotation;VTK::RenderingCore;VTK::RenderingContext2D;VTK::RenderingLOD;VTK::RenderingFreeType;VTK::ViewsCore;VTK::ViewsContext2D;VTK::RenderingOpenGL2;VTK::GUISupportQt;FLANN::FLANN;QHULL::QHULL  
[12.865s] -- Found PkgConfig: /usr/bin/pkg-config (found version "0.29.2") 
[12.867s] -- Checking for module 'apr-1'
[12.941s] --   Found apr-1, version 1.7.0
[13.166s] [0m/usr/include/apr-1.0[0m
[13.166s] [0mapr-1[0m
[13.807s] -- Found ament_cmake_ros: 0.10.0 (/opt/ros/humble/share/ament_cmake_ros/cmake)
[14.670s] -- Using all available rosidl_typesupport_c: rosidl_typesupport_fastrtps_c;rosidl_typesupport_introspection_c
[15.961s] -- Using all available rosidl_typesupport_cpp: rosidl_typesupport_fastrtps_cpp;rosidl_typesupport_introspection_cpp
[16.038s] -- Found PythonInterp: /usr/bin/python3 (found suitable version "3.10.12", minimum required is "3.6") 
[16.043s] -- Found python_cmake_module: 0.10.0 (/opt/ros/humble/share/python_cmake_module/cmake)
[16.123s] -- Found PythonLibs: /usr/lib/x86_64-linux-gnu/libpython3.10.so (found suitable version "3.10.12", minimum required is "3.5") 
[16.123s] -- Using PYTHON_EXECUTABLE: /usr/bin/python3
[16.123s] -- Using PYTHON_INCLUDE_DIRS: /usr/include/python3.10
[16.123s] -- Using PYTHON_LIBRARIES: /usr/lib/x86_64-linux-gnu/libpython3.10.so
[16.189s] -- Found PythonExtra: .so  
[16.322s] [0m/usr/local/lib/liblivox_lidar_sdk_shared.so[0m
[16.570s] -- Found ament_lint_auto: 0.12.10 (/opt/ros/humble/share/ament_lint_auto/cmake)
[16.633s] -- Added test 'copyright' to check source files copyright and LICENSE
[16.642s] -- Added test 'cppcheck' to perform static code analysis on C / C++ code
[16.645s] -- Configured cppcheck include dirs: /home/jason/Desktop/navi/src/sensor_driver/livox_ros_driver2/3rdparty;/home/jason/Desktop/navi/src/sensor_driver/livox_ros_driver2/src
[16.645s] -- Configured cppcheck exclude dirs and/or files: 
[16.654s] -- Added test 'cpplint' to check C / C++ code against the Google style
[16.654s] -- Configured cpplint exclude dirs and/or files: 
[16.656s] -- Added test 'flake8' to check Python code syntax and style conventions
[16.659s] -- Added test 'lint_cmake' to check CMake code style
[16.661s] -- Added test 'pep257' to check Python code against some of the docstring style conventions in PEP 257
[16.670s] -- Added test 'uncrustify' to check C / C++ code style
[16.670s] -- Configured uncrustify additional arguments: 
[16.672s] -- Added test 'xmllint' to check XML markup files
[16.681s] -- Configuring done
[16.923s] -- Generating done
[16.932s] -- Build files have been written to: /home/jason/Desktop/navi/build/livox_ros_driver2
[16.994s] Invoked command in '/home/jason/Desktop/navi/build/livox_ros_driver2' returned '0': CMAKE_PREFIX_PATH=/opt/ros/humble /usr/bin/cmake /home/jason/Desktop/navi/src/sensor_driver/livox_ros_driver2 -DCMAKE_BUILD_TYPE=Release -DAMENT_CMAKE_SYMLINK_INSTALL=1 -DCMAKE_INSTALL_PREFIX=/home/jason/Desktop/navi/install/livox_ros_driver2
[16.996s] Invoking command in '/home/jason/Desktop/navi/build/livox_ros_driver2': CMAKE_PREFIX_PATH=/opt/ros/humble /usr/bin/cmake --build /home/jason/Desktop/navi/build/livox_ros_driver2 -- -j20 -l20
[69.036s] [  1%] [34m[1mGenerating C code for ROS interfaces[0m
[69.037s] [  3%] [32mBuilding CXX object CMakeFiles/livox_ros_driver2_node.dir/rclcpp_components/node_main_livox_ros_driver2_node.cpp.o[0m
[69.038s] [  5%] [34m[1mGenerating C++ code for ROS interfaces[0m
[69.038s] [  5%] Built target ament_cmake_python_symlink_livox_ros_driver2
[69.038s] running egg_info
[69.039s] creating livox_ros_driver2.egg-info
[69.039s] writing livox_ros_driver2.egg-info/PKG-INFO
[69.039s] writing dependency_links to livox_ros_driver2.egg-info/dependency_links.txt
[69.039s] writing top-level names to livox_ros_driver2.egg-info/top_level.txt
[69.039s] writing manifest file 'livox_ros_driver2.egg-info/SOURCES.txt'
[69.039s] reading manifest file 'livox_ros_driver2.egg-info/SOURCES.txt'
[69.039s] writing manifest file 'livox_ros_driver2.egg-info/SOURCES.txt'
[69.039s] [  5%] Built target livox_interfaces2__cpp
[69.039s] [  7%] [34m[1mGenerating C++ type support for eProsima Fast-RTPS[0m
[69.040s] [  8%] [34m[1mGenerating C++ type support dispatch for ROS interfaces[0m
[69.040s] [ 10%] [34m[1mGenerating C++ introspection for ROS interfaces[0m
[69.040s] [ 10%] Built target ament_cmake_python_build_livox_ros_driver2_egg
[69.040s] [ 12%] [32mBuilding C object CMakeFiles/livox_interfaces2__rosidl_generator_c.dir/rosidl_generator_c/livox_ros_driver2/msg/detail/custom_point__functions.c.o[0m
[69.040s] [ 14%] [32mBuilding C object CMakeFiles/livox_interfaces2__rosidl_generator_c.dir/rosidl_generator_c/livox_ros_driver2/msg/detail/custom_msg__functions.c.o[0m
[69.040s] [ 15%] [32mBuilding CXX object CMakeFiles/livox_interfaces2__rosidl_typesupport_fastrtps_cpp.dir/rosidl_typesupport_fastrtps_cpp/livox_ros_driver2/msg/detail/dds_fastrtps/custom_point__type_support.cpp.o[0m
[69.040s] [ 17%] [32m[1mLinking C shared library liblivox_ros_driver2__rosidl_generator_c.so[0m
[69.040s] [ 19%] [32mBuilding CXX object CMakeFiles/livox_interfaces2__rosidl_typesupport_fastrtps_cpp.dir/rosidl_typesupport_fastrtps_cpp/livox_ros_driver2/msg/detail/dds_fastrtps/custom_msg__type_support.cpp.o[0m
[69.040s] [ 21%] [32mBuilding CXX object CMakeFiles/livox_interfaces2__rosidl_typesupport_cpp.dir/rosidl_typesupport_cpp/livox_ros_driver2/msg/custom_msg__type_support.cpp.o[0m
[69.041s] [ 21%] Built target livox_interfaces2__rosidl_generator_c
[69.041s] [ 22%] [32mBuilding CXX object CMakeFiles/livox_interfaces2__rosidl_typesupport_cpp.dir/rosidl_typesupport_cpp/livox_ros_driver2/msg/custom_point__type_support.cpp.o[0m
[69.041s] [ 24%] [34m[1mGenerating C type support for eProsima Fast-RTPS[0m
[69.041s] [ 26%] [34m[1mGenerating C introspection for ROS interfaces[0m
[69.041s] [ 28%] [34m[1mGenerating C type support dispatch for ROS interfaces[0m
[69.041s] [ 29%] [32mBuilding CXX object CMakeFiles/livox_interfaces2__rosidl_typesupport_introspection_cpp.dir/rosidl_typesupport_introspection_cpp/livox_ros_driver2/msg/detail/custom_msg__type_support.cpp.o[0m
[69.041s] [ 31%] [32mBuilding CXX object CMakeFiles/livox_interfaces2__rosidl_typesupport_introspection_cpp.dir/rosidl_typesupport_introspection_cpp/livox_ros_driver2/msg/detail/custom_point__type_support.cpp.o[0m
[69.042s] [ 33%] [32mBuilding C object CMakeFiles/livox_interfaces2__rosidl_typesupport_introspection_c.dir/rosidl_typesupport_introspection_c/livox_ros_driver2/msg/detail/custom_point__type_support.c.o[0m
[69.042s] [ 35%] [32mBuilding C object CMakeFiles/livox_interfaces2__rosidl_typesupport_introspection_c.dir/rosidl_typesupport_introspection_c/livox_ros_driver2/msg/detail/custom_msg__type_support.c.o[0m
[69.042s] [ 36%] [32m[1mLinking C shared library liblivox_ros_driver2__rosidl_typesupport_introspection_c.so[0m
[69.042s] [ 38%] [32m[1mLinking CXX shared library liblivox_ros_driver2__rosidl_typesupport_introspection_cpp.so[0m
[69.042s] [ 38%] Built target livox_interfaces2__rosidl_typesupport_introspection_c
[69.045s] [ 40%] [32m[1mLinking CXX shared library liblivox_ros_driver2__rosidl_typesupport_cpp.so[0m
[69.048s] [ 40%] Built target livox_interfaces2__rosidl_typesupport_introspection_cpp
[69.048s] [ 40%] Built target livox_interfaces2__rosidl_typesupport_cpp
[69.048s] [ 42%] [32mBuilding CXX object CMakeFiles/livox_ros_driver2.dir/src/livox_ros_driver2.cpp.o[0m
[69.048s] [ 43%] [32mBuilding CXX object CMakeFiles/livox_ros_driver2.dir/src/lddc.cpp.o[0m
[69.049s] In file included from [01m[K/home/jason/Desktop/navi/src/sensor_driver/livox_ros_driver2/src/driver_node.h:28[m[K,
[69.049s]                  from [01m[K/home/jason/Desktop/navi/src/sensor_driver/livox_ros_driver2/src/driver_node.cpp:25[m[K:
[69.049s] [01m[K/home/jason/Desktop/navi/src/sensor_driver/livox_ros_driver2/src/include/ros_headers.h:28:[m[K [01;35m[Kwarning: [m[K"BUILDING_ROS2" redefined
[69.049s]    28 | #define BUILDING_ROS2
[69.049s]       | 
[69.049s] [01m[K<command-line>:[m[K [01;36m[Knote: [m[Kthis is the location of the previous definition
[69.049s] In file included from [01m[K/home/jason/Desktop/navi/src/sensor_driver/livox_ros_driver2/src/driver_node.h:28[m[K,
[69.050s]                  from [01m[K/home/jason/Desktop/navi/src/sensor_driver/livox_ros_driver2/src/livox_ros_driver2.cpp:32[m[K:
[69.050s] [01m[K/home/jason/Desktop/navi/src/sensor_driver/livox_ros_driver2/src/include/ros_headers.h:28:[m[K [01;35m[Kwarning: [m[K"BUILDING_ROS2" redefined
[69.050s]    28 | #define BUILDING_ROS2
[69.050s]       | 
[69.050s] [01m[K<command-line>:[m[K [01;36m[Knote: [m[Kthis is the location of the previous definition
[69.050s] In file included from [01m[K/home/jason/Desktop/navi/src/sensor_driver/livox_ros_driver2/src/driver_node.h:28[m[K,
[69.050s]                  from [01m[K/home/jason/Desktop/navi/src/sensor_driver/livox_ros_driver2/src/lddc.h:31[m[K,
[69.050s]                  from [01m[K/home/jason/Desktop/navi/src/sensor_driver/livox_ros_driver2/src/lddc.cpp:25[m[K:
[69.051s] [01m[K/home/jason/Desktop/navi/src/sensor_driver/livox_ros_driver2/src/include/ros_headers.h:28:[m[K [01;35m[Kwarning: [m[K"BUILDING_ROS2" redefined
[69.051s]    28 | #define BUILDING_ROS2
[69.051s]       | 
[69.051s] [01m[K<command-line>:[m[K [01;36m[Knote: [m[Kthis is the location of the previous definition
[69.051s] In file included from [01m[K/home/jason/Desktop/navi/src/sensor_driver/livox_ros_driver2/src/lds_lidar.cpp:47[m[K:
[69.051s] [01m[K/home/jason/Desktop/navi/src/sensor_driver/livox_ros_driver2/src/comm/pub_handler.h:44:29:[m[K [01;35m[Kwarning: [m[K‘[01m[Klivox_ros::extrinsic_global[m[K’ defined but not used [[01;35m[K]8;;https://gcc.gnu.org/onlinedocs/gcc/Warning-Options.html#index-Wunused-variable-Wunused-variable]8;;[m[K]
[69.051s]    44 | static ExtParameterDetailed [01;35m[Kextrinsic_global[m[K = {
[69.051s]       |                             [01;35m[K^~~~~~~~~~~~~~~~[m[K
[69.051s] [ 45%] [32mBuilding CXX object CMakeFiles/livox_ros_driver2.dir/src/lds.cpp.o[0m
[69.052s] [ 47%] [32mBuilding CXX object CMakeFiles/livox_ros_driver2.dir/src/driver_node.cpp.o[0m
[69.052s] [ 49%] [32mBuilding CXX object CMakeFiles/livox_ros_driver2.dir/src/lds_lidar.cpp.o[0m
[69.052s] [ 50%] [32mBuilding CXX object CMakeFiles/livox_ros_driver2.dir/src/comm/comm.cpp.o[0m
[69.052s] [ 52%] [32mBuilding CXX object CMakeFiles/livox_ros_driver2.dir/src/comm/ldq.cpp.o[0m
[69.052s] [ 54%] [32mBuilding CXX object CMakeFiles/livox_ros_driver2.dir/src/comm/semaphore.cpp.o[0m
[69.052s] [ 56%] [32mBuilding CXX object CMakeFiles/livox_ros_driver2.dir/src/comm/lidar_imu_data_queue.cpp.o[0m
[69.052s] [ 57%] [32mBuilding CXX object CMakeFiles/livox_ros_driver2.dir/src/comm/cache_index.cpp.o[0m
[69.052s] [ 59%] [32mBuilding CXX object CMakeFiles/livox_ros_driver2.dir/src/comm/pub_handler.cpp.o[0m
[69.053s] [ 61%] [32mBuilding CXX object CMakeFiles/livox_interfaces2__rosidl_typesupport_c.dir/rosidl_typesupport_c/livox_ros_driver2/msg/custom_msg__type_support.cpp.o[0m
[69.053s] [ 63%] [32mBuilding CXX object CMakeFiles/livox_interfaces2__rosidl_typesupport_c.dir/rosidl_typesupport_c/livox_ros_driver2/msg/custom_point__type_support.cpp.o[0m
[69.053s] [ 64%] [32mBuilding CXX object CMakeFiles/livox_ros_driver2.dir/src/parse_cfg_file/parse_cfg_file.cpp.o[0m
[69.053s] [ 66%] [32mBuilding CXX object CMakeFiles/livox_ros_driver2.dir/src/parse_cfg_file/parse_livox_lidar_cfg.cpp.o[0m
[69.053s] [ 68%] [32mBuilding CXX object CMakeFiles/livox_ros_driver2.dir/src/call_back/lidar_common_callback.cpp.o[0m
[69.053s] [ 70%] [32mBuilding CXX object CMakeFiles/livox_ros_driver2.dir/src/call_back/livox_lidar_callback.cpp.o[0m
[69.053s] [ 71%] [32m[1mLinking CXX shared library liblivox_ros_driver2__rosidl_typesupport_c.so[0m
[69.053s] [ 71%] Built target livox_interfaces2__rosidl_typesupport_c
[69.060s] [ 73%] [32m[1mLinking CXX shared library liblivox_ros_driver2__rosidl_typesupport_fastrtps_cpp.so[0m
[69.060s] [ 73%] Built target livox_interfaces2__rosidl_typesupport_fastrtps_cpp
[69.060s] [ 75%] [32mBuilding CXX object CMakeFiles/livox_interfaces2__rosidl_typesupport_fastrtps_c.dir/rosidl_typesupport_fastrtps_c/livox_ros_driver2/msg/detail/custom_point__type_support_c.cpp.o[0m
[69.060s] [ 77%] [32mBuilding CXX object CMakeFiles/livox_interfaces2__rosidl_typesupport_fastrtps_c.dir/rosidl_typesupport_fastrtps_c/livox_ros_driver2/msg/detail/custom_msg__type_support_c.cpp.o[0m
[69.060s] [ 78%] [32m[1mLinking CXX shared library liblivox_ros_driver2__rosidl_typesupport_fastrtps_c.so[0m
[69.060s] [ 78%] Built target livox_interfaces2__rosidl_typesupport_fastrtps_c
[69.060s] [ 78%] Built target livox_interfaces2
[69.061s] [ 80%] [34m[1mGenerating Python code for ROS interfaces[0m
[69.061s] [ 80%] Built target livox_interfaces2__py
[69.061s] [ 82%] [32mBuilding C object CMakeFiles/livox_interfaces2__rosidl_generator_py.dir/rosidl_generator_py/livox_ros_driver2/msg/_custom_point_s.c.o[0m
[69.061s] [ 84%] [32mBuilding C object CMakeFiles/livox_interfaces2__rosidl_generator_py.dir/rosidl_generator_py/livox_ros_driver2/msg/_custom_msg_s.c.o[0m
[69.061s] [ 85%] [32m[1mLinking C shared library rosidl_generator_py/livox_ros_driver2/liblivox_interfaces2__rosidl_generator_py.so[0m
[69.061s] [ 85%] Built target livox_interfaces2__rosidl_generator_py
[69.061s] [ 87%] [32m[1mLinking CXX executable livox_ros_driver2_node[0m
[69.061s] [ 87%] Built target livox_ros_driver2_node
[69.062s] [ 89%] [32m[1mLinking CXX shared library liblivox_ros_driver2.so[0m
[69.062s] [ 89%] Built target livox_ros_driver2
[69.062s] [ 91%] [32mBuilding C object CMakeFiles/livox_ros_driver2__rosidl_typesupport_c__pyext.dir/rosidl_generator_py/livox_ros_driver2/_livox_ros_driver2_s.ep.rosidl_typesupport_c.c.o[0m
[69.062s] [ 92%] [32m[1mLinking C shared library rosidl_generator_py/livox_ros_driver2/livox_ros_driver2_s__rosidl_typesupport_c.cpython-310-x86_64-linux-gnu.so[0m
[69.062s] [ 92%] Built target livox_ros_driver2__rosidl_typesupport_c__pyext
[69.062s] [ 94%] [32mBuilding C object CMakeFiles/livox_ros_driver2__rosidl_typesupport_introspection_c__pyext.dir/rosidl_generator_py/livox_ros_driver2/_livox_ros_driver2_s.ep.rosidl_typesupport_introspection_c.c.o[0m
[69.062s] [ 96%] [32m[1mLinking C shared library rosidl_generator_py/livox_ros_driver2/livox_ros_driver2_s__rosidl_typesupport_introspection_c.cpython-310-x86_64-linux-gnu.so[0m
[69.062s] [ 96%] Built target livox_ros_driver2__rosidl_typesupport_introspection_c__pyext
[69.063s] [ 98%] [32mBuilding C object CMakeFiles/livox_ros_driver2__rosidl_typesupport_fastrtps_c__pyext.dir/rosidl_generator_py/livox_ros_driver2/_livox_ros_driver2_s.ep.rosidl_typesupport_fastrtps_c.c.o[0m
[69.063s] [100%] [32m[1mLinking C shared library rosidl_generator_py/livox_ros_driver2/livox_ros_driver2_s__rosidl_typesupport_fastrtps_c.cpython-310-x86_64-linux-gnu.so[0m
[69.063s] [100%] Built target livox_ros_driver2__rosidl_typesupport_fastrtps_c__pyext
[69.064s] Invoked command in '/home/jason/Desktop/navi/build/livox_ros_driver2' returned '0': CMAKE_PREFIX_PATH=/opt/ros/humble /usr/bin/cmake --build /home/jason/Desktop/navi/build/livox_ros_driver2 -- -j20 -l20
[69.347s] Invoking command in '/home/jason/Desktop/navi/build/livox_ros_driver2': CMAKE_PREFIX_PATH=/opt/ros/humble /usr/bin/cmake --install /home/jason/Desktop/navi/build/livox_ros_driver2
[71.492s] -- Install configuration: "Release"
[71.492s] -- Execute custom install script
[71.493s] -- Symlinking: /home/jason/Desktop/navi/install/livox_ros_driver2/share/ament_index/resource_index/rosidl_interfaces/livox_ros_driver2
[71.493s] -- Symlinking: /home/jason/Desktop/navi/install/livox_ros_driver2/include/livox_ros_driver2/livox_ros_driver2/msg/custom_msg.h
[71.493s] -- Symlinking: /home/jason/Desktop/navi/install/livox_ros_driver2/include/livox_ros_driver2/livox_ros_driver2/msg/custom_point.h
[71.493s] -- Symlinking: /home/jason/Desktop/navi/install/livox_ros_driver2/include/livox_ros_driver2/livox_ros_driver2/msg/detail/custom_msg__functions.h
[71.493s] -- Symlinking: /home/jason/Desktop/navi/install/livox_ros_driver2/include/livox_ros_driver2/livox_ros_driver2/msg/detail/custom_msg__struct.h
[71.493s] -- Symlinking: /home/jason/Desktop/navi/install/livox_ros_driver2/include/livox_ros_driver2/livox_ros_driver2/msg/detail/custom_msg__type_support.h
[71.493s] -- Symlinking: /home/jason/Desktop/navi/install/livox_ros_driver2/include/livox_ros_driver2/livox_ros_driver2/msg/detail/custom_point__functions.h
[71.493s] -- Symlinking: /home/jason/Desktop/navi/install/livox_ros_driver2/include/livox_ros_driver2/livox_ros_driver2/msg/detail/custom_point__struct.h
[71.494s] -- Symlinking: /home/jason/Desktop/navi/install/livox_ros_driver2/include/livox_ros_driver2/livox_ros_driver2/msg/detail/custom_point__type_support.h
[71.494s] -- Symlinking: /home/jason/Desktop/navi/install/livox_ros_driver2/include/livox_ros_driver2/livox_ros_driver2/msg/rosidl_generator_c__visibility_control.h
[71.494s] -- Symlinking: /home/jason/Desktop/navi/install/livox_ros_driver2/share/livox_ros_driver2/environment/library_path.sh
[71.494s] -- Symlinking: /home/jason/Desktop/navi/install/livox_ros_driver2/share/livox_ros_driver2/environment/library_path.dsv
[71.494s] -- Symlinking: /home/jason/Desktop/navi/install/livox_ros_driver2/include/livox_ros_driver2/livox_ros_driver2/msg/detail/custom_msg__rosidl_typesupport_fastrtps_c.h
[71.494s] -- Symlinking: /home/jason/Desktop/navi/install/livox_ros_driver2/include/livox_ros_driver2/livox_ros_driver2/msg/detail/custom_point__rosidl_typesupport_fastrtps_c.h
[71.494s] -- Symlinking: /home/jason/Desktop/navi/install/livox_ros_driver2/include/livox_ros_driver2/livox_ros_driver2/msg/rosidl_typesupport_fastrtps_c__visibility_control.h
[71.494s] -- Symlinking: /home/jason/Desktop/navi/install/livox_ros_driver2/include/livox_ros_driver2/livox_ros_driver2/msg/detail/custom_msg__rosidl_typesupport_introspection_c.h
[71.495s] -- Symlinking: /home/jason/Desktop/navi/install/livox_ros_driver2/include/livox_ros_driver2/livox_ros_driver2/msg/detail/custom_point__rosidl_typesupport_introspection_c.h
[71.495s] -- Symlinking: /home/jason/Desktop/navi/install/livox_ros_driver2/include/livox_ros_driver2/livox_ros_driver2/msg/rosidl_typesupport_introspection_c__visibility_control.h
[71.495s] -- Symlinking: /home/jason/Desktop/navi/install/livox_ros_driver2/include/livox_ros_driver2/livox_ros_driver2/msg/custom_msg.hpp
[71.495s] -- Symlinking: /home/jason/Desktop/navi/install/livox_ros_driver2/include/livox_ros_driver2/livox_ros_driver2/msg/custom_point.hpp
[71.495s] -- Symlinking: /home/jason/Desktop/navi/install/livox_ros_driver2/include/livox_ros_driver2/livox_ros_driver2/msg/detail/custom_msg__builder.hpp
[71.495s] -- Symlinking: /home/jason/Desktop/navi/install/livox_ros_driver2/include/livox_ros_driver2/livox_ros_driver2/msg/detail/custom_msg__struct.hpp
[71.495s] -- Symlinking: /home/jason/Desktop/navi/install/livox_ros_driver2/include/livox_ros_driver2/livox_ros_driver2/msg/detail/custom_msg__traits.hpp
[71.495s] -- Symlinking: /home/jason/Desktop/navi/install/livox_ros_driver2/include/livox_ros_driver2/livox_ros_driver2/msg/detail/custom_point__builder.hpp
[71.496s] -- Symlinking: /home/jason/Desktop/navi/install/livox_ros_driver2/include/livox_ros_driver2/livox_ros_driver2/msg/detail/custom_point__struct.hpp
[71.496s] -- Symlinking: /home/jason/Desktop/navi/install/livox_ros_driver2/include/livox_ros_driver2/livox_ros_driver2/msg/detail/custom_point__traits.hpp
[71.496s] -- Symlinking: /home/jason/Desktop/navi/install/livox_ros_driver2/include/livox_ros_driver2/livox_ros_driver2/msg/detail/custom_msg__rosidl_typesupport_fastrtps_cpp.hpp
[71.497s] -- Symlinking: /home/jason/Desktop/navi/install/livox_ros_driver2/include/livox_ros_driver2/livox_ros_driver2/msg/detail/custom_point__rosidl_typesupport_fastrtps_cpp.hpp
[71.497s] -- Symlinking: /home/jason/Desktop/navi/install/livox_ros_driver2/include/livox_ros_driver2/livox_ros_driver2/msg/rosidl_typesupport_fastrtps_cpp__visibility_control.h
[71.498s] -- Symlinking: /home/jason/Desktop/navi/install/livox_ros_driver2/include/livox_ros_driver2/livox_ros_driver2/msg/detail/custom_msg__rosidl_typesupport_introspection_cpp.hpp
[71.498s] -- Symlinking: /home/jason/Desktop/navi/install/livox_ros_driver2/include/livox_ros_driver2/livox_ros_driver2/msg/detail/custom_point__rosidl_typesupport_introspection_cpp.hpp
[71.498s] -- Symlinking: /home/jason/Desktop/navi/install/livox_ros_driver2/share/livox_ros_driver2/environment/pythonpath.sh
[71.498s] -- Symlinking: /home/jason/Desktop/navi/install/livox_ros_driver2/share/livox_ros_driver2/environment/pythonpath.dsv
[71.499s] -- Symlinking: /home/jason/Desktop/navi/install/livox_ros_driver2/local/lib/python3.10/dist-packages/livox_ros_driver2-1.0.0-py3.10.egg-info/PKG-INFO
[71.499s] -- Symlinking: /home/jason/Desktop/navi/install/livox_ros_driver2/local/lib/python3.10/dist-packages/livox_ros_driver2-1.0.0-py3.10.egg-info/SOURCES.txt
[71.500s] -- Symlinking: /home/jason/Desktop/navi/install/livox_ros_driver2/local/lib/python3.10/dist-packages/livox_ros_driver2-1.0.0-py3.10.egg-info/dependency_links.txt
[71.501s] -- Symlinking: /home/jason/Desktop/navi/install/livox_ros_driver2/local/lib/python3.10/dist-packages/livox_ros_driver2-1.0.0-py3.10.egg-info/top_level.txt
[71.501s] -- Symlinking: /home/jason/Desktop/navi/install/livox_ros_driver2/local/lib/python3.10/dist-packages/livox_ros_driver2/__init__.py
[71.502s] -- Symlinking: /home/jason/Desktop/navi/install/livox_ros_driver2/local/lib/python3.10/dist-packages/livox_ros_driver2/_livox_ros_driver2_s.ep.rosidl_typesupport_c.c
[71.502s] -- Symlinking: /home/jason/Desktop/navi/install/livox_ros_driver2/local/lib/python3.10/dist-packages/livox_ros_driver2/_livox_ros_driver2_s.ep.rosidl_typesupport_fastrtps_c.c
[71.503s] -- Symlinking: /home/jason/Desktop/navi/install/livox_ros_driver2/local/lib/python3.10/dist-packages/livox_ros_driver2/_livox_ros_driver2_s.ep.rosidl_typesupport_introspection_c.c
[71.503s] -- Symlinking: /home/jason/Desktop/navi/install/livox_ros_driver2/local/lib/python3.10/dist-packages/livox_ros_driver2/liblivox_interfaces2__rosidl_generator_py.so
[71.504s] -- Symlinking: /home/jason/Desktop/navi/install/livox_ros_driver2/local/lib/python3.10/dist-packages/livox_ros_driver2/livox_ros_driver2_s__rosidl_typesupport_c.cpython-310-x86_64-linux-gnu.so
[71.504s] -- Symlinking: /home/jason/Desktop/navi/install/livox_ros_driver2/local/lib/python3.10/dist-packages/livox_ros_driver2/livox_ros_driver2_s__rosidl_typesupport_fastrtps_c.cpython-310-x86_64-linux-gnu.so
[71.505s] -- Symlinking: /home/jason/Desktop/navi/install/livox_ros_driver2/local/lib/python3.10/dist-packages/livox_ros_driver2/livox_ros_driver2_s__rosidl_typesupport_introspection_c.cpython-310-x86_64-linux-gnu.so
[71.507s] -- Symlinking: /home/jason/Desktop/navi/install/livox_ros_driver2/local/lib/python3.10/dist-packages/livox_ros_driver2/msg/__init__.py
[71.508s] -- Symlinking: /home/jason/Desktop/navi/install/livox_ros_driver2/local/lib/python3.10/dist-packages/livox_ros_driver2/msg/_custom_msg.py
[71.509s] -- Symlinking: /home/jason/Desktop/navi/install/livox_ros_driver2/local/lib/python3.10/dist-packages/livox_ros_driver2/msg/_custom_msg_s.c
[71.509s] -- Symlinking: /home/jason/Desktop/navi/install/livox_ros_driver2/local/lib/python3.10/dist-packages/livox_ros_driver2/msg/_custom_point.py
[71.510s] -- Symlinking: /home/jason/Desktop/navi/install/livox_ros_driver2/local/lib/python3.10/dist-packages/livox_ros_driver2/msg/_custom_point_s.c
[71.511s] -- Up-to-date symlink: /home/jason/Desktop/navi/install/livox_ros_driver2/local/lib/python3.10/dist-packages/livox_ros_driver2/livox_ros_driver2_s__rosidl_typesupport_fastrtps_c.cpython-310-x86_64-linux-gnu.so
[71.511s] -- Up-to-date symlink: /home/jason/Desktop/navi/install/livox_ros_driver2/local/lib/python3.10/dist-packages/livox_ros_driver2/livox_ros_driver2_s__rosidl_typesupport_introspection_c.cpython-310-x86_64-linux-gnu.so
[71.511s] -- Up-to-date symlink: /home/jason/Desktop/navi/install/livox_ros_driver2/local/lib/python3.10/dist-packages/livox_ros_driver2/livox_ros_driver2_s__rosidl_typesupport_c.cpython-310-x86_64-linux-gnu.so
[71.512s] -- Symlinking: /home/jason/Desktop/navi/install/livox_ros_driver2/share/livox_ros_driver2/msg/CustomPoint.idl
[71.512s] -- Symlinking: /home/jason/Desktop/navi/install/livox_ros_driver2/share/livox_ros_driver2/msg/CustomMsg.idl
[71.512s] -- Symlinking: /home/jason/Desktop/navi/install/livox_ros_driver2/share/livox_ros_driver2/msg/CustomPoint.msg
[71.512s] -- Symlinking: /home/jason/Desktop/navi/install/livox_ros_driver2/share/livox_ros_driver2/msg/CustomMsg.msg
[71.512s] -- Symlinking: /home/jason/Desktop/navi/install/livox_ros_driver2/lib/livox_ros_driver2/livox_ros_driver2_node
[71.512s] -- Symlinking: /home/jason/Desktop/navi/install/livox_ros_driver2/lib/liblivox_ros_driver2.so
[71.512s] -- Symlinking: /home/jason/Desktop/navi/install/livox_ros_driver2/share/livox_ros_driver2/config/HAP_config.json
[71.512s] -- Symlinking: /home/jason/Desktop/navi/install/livox_ros_driver2/share/livox_ros_driver2/config/MID360_config.json
[71.513s] -- Symlinking: /home/jason/Desktop/navi/install/livox_ros_driver2/share/livox_ros_driver2/config/display_point_cloud.rviz
[71.513s] -- Symlinking: /home/jason/Desktop/navi/install/livox_ros_driver2/share/livox_ros_driver2/config/mixed_HAP_MID360_config.json
[71.513s] -- Symlinking: /home/jason/Desktop/navi/install/livox_ros_driver2/share/livox_ros_driver2/launch/msg_HAP_launch.py
[71.513s] -- Symlinking: /home/jason/Desktop/navi/install/livox_ros_driver2/share/livox_ros_driver2/launch/msg_MID360_launch.py
[71.513s] -- Symlinking: /home/jason/Desktop/navi/install/livox_ros_driver2/share/livox_ros_driver2/launch/rviz_HAP_launch.py
[71.513s] -- Symlinking: /home/jason/Desktop/navi/install/livox_ros_driver2/share/livox_ros_driver2/launch/rviz_MID360_launch.py
[71.513s] -- Symlinking: /home/jason/Desktop/navi/install/livox_ros_driver2/share/livox_ros_driver2/launch/rviz_mixed.py
[71.513s] -- Symlinking: /home/jason/Desktop/navi/install/livox_ros_driver2/share/ament_index/resource_index/package_run_dependencies/livox_ros_driver2
[71.514s] -- Symlinking: /home/jason/Desktop/navi/install/livox_ros_driver2/share/ament_index/resource_index/parent_prefix_path/livox_ros_driver2
[71.514s] -- Symlinking: /home/jason/Desktop/navi/install/livox_ros_driver2/share/livox_ros_driver2/environment/ament_prefix_path.sh
[71.514s] -- Symlinking: /home/jason/Desktop/navi/install/livox_ros_driver2/share/livox_ros_driver2/environment/ament_prefix_path.dsv
[71.514s] -- Symlinking: /home/jason/Desktop/navi/install/livox_ros_driver2/share/livox_ros_driver2/environment/path.sh
[71.514s] -- Symlinking: /home/jason/Desktop/navi/install/livox_ros_driver2/share/livox_ros_driver2/environment/path.dsv
[71.514s] -- Symlinking: /home/jason/Desktop/navi/install/livox_ros_driver2/share/livox_ros_driver2/local_setup.bash
[71.514s] -- Symlinking: /home/jason/Desktop/navi/install/livox_ros_driver2/share/livox_ros_driver2/local_setup.sh
[71.514s] -- Symlinking: /home/jason/Desktop/navi/install/livox_ros_driver2/share/livox_ros_driver2/local_setup.zsh
[71.514s] -- Symlinking: /home/jason/Desktop/navi/install/livox_ros_driver2/share/livox_ros_driver2/local_setup.dsv
[71.515s] -- Symlinking: /home/jason/Desktop/navi/install/livox_ros_driver2/share/livox_ros_driver2/package.dsv
[71.515s] -- Symlinking: /home/jason/Desktop/navi/install/livox_ros_driver2/share/ament_index/resource_index/packages/livox_ros_driver2
[71.515s] -- Symlinking: /home/jason/Desktop/navi/install/livox_ros_driver2/share/ament_index/resource_index/rclcpp_components/livox_ros_driver2
[71.515s] -- Symlinking: /home/jason/Desktop/navi/install/livox_ros_driver2/share/livox_ros_driver2/cmake/rosidl_cmake-extras.cmake
[71.515s] -- Symlinking: /home/jason/Desktop/navi/install/livox_ros_driver2/share/livox_ros_driver2/cmake/ament_cmake_export_dependencies-extras.cmake
[71.515s] -- Symlinking: /home/jason/Desktop/navi/install/livox_ros_driver2/share/livox_ros_driver2/cmake/ament_cmake_export_include_directories-extras.cmake
[71.515s] -- Symlinking: /home/jason/Desktop/navi/install/livox_ros_driver2/share/livox_ros_driver2/cmake/ament_cmake_export_libraries-extras.cmake
[71.515s] -- Symlinking: /home/jason/Desktop/navi/install/livox_ros_driver2/share/livox_ros_driver2/cmake/ament_cmake_export_targets-extras.cmake
[71.515s] -- Symlinking: /home/jason/Desktop/navi/install/livox_ros_driver2/share/livox_ros_driver2/cmake/rosidl_cmake_export_typesupport_targets-extras.cmake
[71.515s] -- Symlinking: /home/jason/Desktop/navi/install/livox_ros_driver2/share/livox_ros_driver2/cmake/rosidl_cmake_export_typesupport_libraries-extras.cmake
[71.516s] -- Symlinking: /home/jason/Desktop/navi/install/livox_ros_driver2/share/livox_ros_driver2/cmake/livox_ros_driver2Config.cmake
[71.516s] -- Symlinking: /home/jason/Desktop/navi/install/livox_ros_driver2/share/livox_ros_driver2/cmake/livox_ros_driver2Config-version.cmake
[71.516s] -- Symlinking: /home/jason/Desktop/navi/install/livox_ros_driver2/share/livox_ros_driver2/package.xml
[71.516s] -- Installing: /home/jason/Desktop/navi/install/livox_ros_driver2/lib/liblivox_ros_driver2__rosidl_generator_c.so
[71.516s] -- Set runtime path of "/home/jason/Desktop/navi/install/livox_ros_driver2/lib/liblivox_ros_driver2__rosidl_generator_c.so" to ""
[71.516s] -- Installing: /home/jason/Desktop/navi/install/livox_ros_driver2/lib/liblivox_ros_driver2__rosidl_typesupport_fastrtps_c.so
[71.516s] -- Set runtime path of "/home/jason/Desktop/navi/install/livox_ros_driver2/lib/liblivox_ros_driver2__rosidl_typesupport_fastrtps_c.so" to ""
[71.516s] -- Installing: /home/jason/Desktop/navi/install/livox_ros_driver2/lib/liblivox_ros_driver2__rosidl_typesupport_introspection_c.so
[71.516s] -- Set runtime path of "/home/jason/Desktop/navi/install/livox_ros_driver2/lib/liblivox_ros_driver2__rosidl_typesupport_introspection_c.so" to ""
[71.516s] -- Installing: /home/jason/Desktop/navi/install/livox_ros_driver2/lib/liblivox_ros_driver2__rosidl_typesupport_c.so
[71.517s] -- Set runtime path of "/home/jason/Desktop/navi/install/livox_ros_driver2/lib/liblivox_ros_driver2__rosidl_typesupport_c.so" to ""
[71.517s] -- Installing: /home/jason/Desktop/navi/install/livox_ros_driver2/lib/liblivox_ros_driver2__rosidl_typesupport_fastrtps_cpp.so
[71.517s] -- Set runtime path of "/home/jason/Desktop/navi/install/livox_ros_driver2/lib/liblivox_ros_driver2__rosidl_typesupport_fastrtps_cpp.so" to ""
[71.517s] -- Installing: /home/jason/Desktop/navi/install/livox_ros_driver2/lib/liblivox_ros_driver2__rosidl_typesupport_introspection_cpp.so
[71.517s] -- Set runtime path of "/home/jason/Desktop/navi/install/livox_ros_driver2/lib/liblivox_ros_driver2__rosidl_typesupport_introspection_cpp.so" to ""
[71.517s] -- Installing: /home/jason/Desktop/navi/install/livox_ros_driver2/lib/liblivox_ros_driver2__rosidl_typesupport_cpp.so
[71.517s] -- Set runtime path of "/home/jason/Desktop/navi/install/livox_ros_driver2/lib/liblivox_ros_driver2__rosidl_typesupport_cpp.so" to ""
[71.517s] Listing '/home/jason/Desktop/navi/install/livox_ros_driver2/local/lib/python3.10/dist-packages/livox_ros_driver2'...
[71.517s] Compiling '/home/jason/Desktop/navi/install/livox_ros_driver2/local/lib/python3.10/dist-packages/livox_ros_driver2/__init__.py'...
[71.517s] Listing '/home/jason/Desktop/navi/install/livox_ros_driver2/local/lib/python3.10/dist-packages/livox_ros_driver2/msg'...
[71.518s] Compiling '/home/jason/Desktop/navi/install/livox_ros_driver2/local/lib/python3.10/dist-packages/livox_ros_driver2/msg/__init__.py'...
[71.518s] Compiling '/home/jason/Desktop/navi/install/livox_ros_driver2/local/lib/python3.10/dist-packages/livox_ros_driver2/msg/_custom_msg.py'...
[71.518s] Compiling '/home/jason/Desktop/navi/install/livox_ros_driver2/local/lib/python3.10/dist-packages/livox_ros_driver2/msg/_custom_point.py'...
[71.518s] -- Installing: /home/jason/Desktop/navi/install/livox_ros_driver2/lib/liblivox_interfaces2__rosidl_generator_py.so
[71.518s] -- Set runtime path of "/home/jason/Desktop/navi/install/livox_ros_driver2/lib/liblivox_interfaces2__rosidl_generator_py.so" to ""
[71.518s] -- Installing: /home/jason/Desktop/navi/install/livox_ros_driver2/share/livox_ros_driver2/cmake/export_livox_interfaces2__rosidl_generator_cExport.cmake
[71.518s] -- Installing: /home/jason/Desktop/navi/install/livox_ros_driver2/share/livox_ros_driver2/cmake/export_livox_interfaces2__rosidl_generator_cExport-release.cmake
[71.518s] -- Installing: /home/jason/Desktop/navi/install/livox_ros_driver2/share/livox_ros_driver2/cmake/export_livox_interfaces2__rosidl_typesupport_fastrtps_cExport.cmake
[71.518s] -- Installing: /home/jason/Desktop/navi/install/livox_ros_driver2/share/livox_ros_driver2/cmake/export_livox_interfaces2__rosidl_typesupport_fastrtps_cExport-release.cmake
[71.518s] -- Installing: /home/jason/Desktop/navi/install/livox_ros_driver2/share/livox_ros_driver2/cmake/livox_interfaces2__rosidl_typesupport_introspection_cExport.cmake
[71.519s] -- Installing: /home/jason/Desktop/navi/install/livox_ros_driver2/share/livox_ros_driver2/cmake/livox_interfaces2__rosidl_typesupport_introspection_cExport-release.cmake
[71.519s] -- Installing: /home/jason/Desktop/navi/install/livox_ros_driver2/share/livox_ros_driver2/cmake/livox_interfaces2__rosidl_typesupport_cExport.cmake
[71.519s] -- Installing: /home/jason/Desktop/navi/install/livox_ros_driver2/share/livox_ros_driver2/cmake/livox_interfaces2__rosidl_typesupport_cExport-release.cmake
[71.519s] -- Installing: /home/jason/Desktop/navi/install/livox_ros_driver2/share/livox_ros_driver2/cmake/export_livox_interfaces2__rosidl_generator_cppExport.cmake
[71.519s] -- Installing: /home/jason/Desktop/navi/install/livox_ros_driver2/share/livox_ros_driver2/cmake/export_livox_interfaces2__rosidl_typesupport_fastrtps_cppExport.cmake
[71.519s] -- Installing: /home/jason/Desktop/navi/install/livox_ros_driver2/share/livox_ros_driver2/cmake/export_livox_interfaces2__rosidl_typesupport_fastrtps_cppExport-release.cmake
[71.519s] -- Installing: /home/jason/Desktop/navi/install/livox_ros_driver2/share/livox_ros_driver2/cmake/livox_interfaces2__rosidl_typesupport_introspection_cppExport.cmake
[71.519s] -- Installing: /home/jason/Desktop/navi/install/livox_ros_driver2/share/livox_ros_driver2/cmake/livox_interfaces2__rosidl_typesupport_introspection_cppExport-release.cmake
[71.519s] -- Installing: /home/jason/Desktop/navi/install/livox_ros_driver2/share/livox_ros_driver2/cmake/livox_interfaces2__rosidl_typesupport_cppExport.cmake
[71.520s] -- Installing: /home/jason/Desktop/navi/install/livox_ros_driver2/share/livox_ros_driver2/cmake/livox_interfaces2__rosidl_typesupport_cppExport-release.cmake
[71.520s] -- Installing: /home/jason/Desktop/navi/install/livox_ros_driver2/share/livox_ros_driver2/cmake/export_livox_interfaces2__rosidl_generator_pyExport.cmake
[71.520s] -- Installing: /home/jason/Desktop/navi/install/livox_ros_driver2/share/livox_ros_driver2/cmake/export_livox_interfaces2__rosidl_generator_pyExport-release.cmake
[71.554s] Invoked command in '/home/jason/Desktop/navi/build/livox_ros_driver2' returned '0': CMAKE_PREFIX_PATH=/opt/ros/humble /usr/bin/cmake --install /home/jason/Desktop/navi/build/livox_ros_driver2
