[0.060s] Invoking command in '/home/jason/Desktop/navi/build/velodyne_gazebo_plugins': CMAKE_PREFIX_PATH=${CMAKE_PREFIX_PATH}:/opt/ros/humble /usr/bin/cmake /home/jason/Desktop/navi/src/local_planner/autonomous_exploration_development_environment/src/velodyne_simulator/velodyne_gazebo_plugins -DCMAKE_INSTALL_PREFIX=/home/jason/Desktop/navi/install/velodyne_gazebo_plugins
[0.381s] -- Found ament_cmake: 1.3.8 (/opt/ros/humble/share/ament_cmake/cmake)
[0.381s] -- Override CMake install command with custom implementation using symlinks instead of copying resources
[0.381s] -- Found gazebo_dev: 3.7.0 (/opt/ros/humble/share/gazebo_dev/cmake)
[0.381s] -- Found DART: /usr/include (Required is at least version "6.6") found components: dart 
[0.385s] -- Found Protobuf: /usr/lib/x86_64-linux-gnu/libprotobuf.so (found version "3.12.4") 
[0.389s] -- Looking for ignition-math6 -- found version 6.15.1
[0.398s] -- Searching for dependencies of ignition-math6
[0.401s] -- Looking for OGRE...
[0.412s] -- Found Ogre Ghadamon (1.9.0)
[0.414s] -- Found OGRE: optimized;/usr/lib/x86_64-linux-gnu/libOgreMain.so;debug;/usr/lib/x86_64-linux-gnu/libOgreMain.so
[0.428s] -- Looking for OGRE_Paging...
[0.428s] -- Found OGRE_Paging: optimized;/usr/lib/x86_64-linux-gnu/libOgrePaging.so;debug;/usr/lib/x86_64-linux-gnu/libOgrePaging.so
[0.428s] -- Looking for OGRE_Terrain...
[0.428s] -- Found OGRE_Terrain: optimized;/usr/lib/x86_64-linux-gnu/libOgreTerrain.so;debug;/usr/lib/x86_64-linux-gnu/libOgreTerrain.so
[0.428s] -- Looking for OGRE_Property...
[0.436s] -- Found OGRE_Property: optimized;/usr/lib/x86_64-linux-gnu/libOgreProperty.so;debug;/usr/lib/x86_64-linux-gnu/libOgreProperty.so
[0.436s] -- Looking for OGRE_RTShaderSystem...
[0.436s] -- Found OGRE_RTShaderSystem: optimized;/usr/lib/x86_64-linux-gnu/libOgreRTShaderSystem.so;debug;/usr/lib/x86_64-linux-gnu/libOgreRTShaderSystem.so
[0.436s] -- Looking for OGRE_Volume...
[0.437s] -- Found OGRE_Volume: optimized;/usr/lib/x86_64-linux-gnu/libOgreVolume.so;debug;/usr/lib/x86_64-linux-gnu/libOgreVolume.so
[0.437s] -- Looking for OGRE_Overlay...
[0.437s] -- Found OGRE_Overlay: optimized;/usr/lib/x86_64-linux-gnu/libOgreOverlay.so;debug;/usr/lib/x86_64-linux-gnu/libOgreOverlay.so
[0.668s] -- Looking for ignition-math6 -- found version 6.15.1
[0.669s] -- Looking for ignition-transport8 -- found version 8.2.1
[0.669s] -- Searching for dependencies of ignition-transport8
[0.687s] -- Found Protobuf: /usr/lib/x86_64-linux-gnu/libprotobuf.so (found suitable version "3.12.4", minimum required is "3") 
[0.701s] -- Config-file not installed for ZeroMQ -- checking for pkg-config
[0.706s] -- Checking for module 'libzmq >= 4'
[0.722s] --   Found libzmq , version 4.3.4
[0.760s] -- Checking for module 'uuid'
[0.779s] --   Found uuid, version 2.37.2
[0.824s] -- Looking for ignition-msgs5 -- found version 5.8.1
[0.825s] -- Searching for dependencies of ignition-msgs5
[0.854s] -- Looking for ignition-math6 -- found version 6.15.1
[0.860s] -- Checking for module 'tinyxml2'
[0.878s] --   Found tinyxml2, version 9.0.0
[0.920s] -- Looking for ignition-msgs5 -- found version 5.8.1
[0.920s] -- Looking for ignition-common3 -- found version 3.14.0
[0.921s] -- Searching for dependencies of ignition-common3
[0.922s] -- Looking for dlfcn.h - found
[0.922s] -- Looking for libdl - found
[0.937s] -- Searching for <ignition-common3> component [graphics]
[0.938s] -- Looking for ignition-common3-graphics -- found version 3.14.0
[0.939s] -- Searching for dependencies of ignition-common3-graphics
[0.939s] -- Looking for ignition-math6 -- found version 6.15.1
[0.941s] -- Looking for ignition-fuel_tools4 -- found version 4.4.0
[0.942s] -- Searching for dependencies of ignition-fuel_tools4
[0.998s] -- Checking for module 'jsoncpp'
[1.017s] --   Found jsoncpp, version 1.9.5
[1.067s] -- Checking for module 'libzip'
[1.089s] --   Found libzip, version 1.7.3
[1.128s] -- Looking for ignition-common3 -- found version 3.14.0
[1.129s] -- Looking for ignition-math6 -- found version 6.15.1
[1.129s] -- Looking for ignition-msgs5 -- found version 5.8.1
[1.133s] -- Gazebo version: 11.10
[1.134s] -- Found gazebo_ros: 3.7.0 (/opt/ros/humble/share/gazebo_ros/cmake)
[1.169s] -- Found rosidl_generator_c: 3.1.5 (/opt/ros/humble/share/rosidl_generator_c/cmake)
[1.172s] -- Found rosidl_adapter: 3.1.5 (/opt/ros/humble/share/rosidl_adapter/cmake)
[1.187s] -- Found rosidl_generator_cpp: 3.1.5 (/opt/ros/humble/share/rosidl_generator_cpp/cmake)
[1.202s] -- Using all available rosidl_typesupport_c: rosidl_typesupport_fastrtps_c;rosidl_typesupport_introspection_c
[1.224s] -- Using all available rosidl_typesupport_cpp: rosidl_typesupport_fastrtps_cpp;rosidl_typesupport_introspection_cpp
[1.302s] -- Found rmw_implementation_cmake: 6.1.1 (/opt/ros/humble/share/rmw_implementation_cmake/cmake)
[1.312s] -- Found rmw_fastrtps_cpp: 6.2.6 (/opt/ros/humble/share/rmw_fastrtps_cpp/cmake)
[1.445s] -- Using RMW implementation 'rmw_fastrtps_cpp' as default
[1.599s] -- Found gazebo_msgs: 3.7.0 (/opt/ros/humble/share/gazebo_msgs/cmake)
[1.824s] -- Found sensor_msgs: 4.2.3 (/opt/ros/humble/share/sensor_msgs/cmake)
[2.021s] -- Configuring done
[2.067s] -- Generating done
[2.070s] -- Build files have been written to: /home/jason/Desktop/navi/build/velodyne_gazebo_plugins
[2.089s] Invoked command in '/home/jason/Desktop/navi/build/velodyne_gazebo_plugins' returned '0': CMAKE_PREFIX_PATH=${CMAKE_PREFIX_PATH}:/opt/ros/humble /usr/bin/cmake /home/jason/Desktop/navi/src/local_planner/autonomous_exploration_development_environment/src/velodyne_simulator/velodyne_gazebo_plugins -DCMAKE_INSTALL_PREFIX=/home/jason/Desktop/navi/install/velodyne_gazebo_plugins
[2.090s] Invoking command in '/home/jason/Desktop/navi/build/velodyne_gazebo_plugins': CMAKE_PREFIX_PATH=${CMAKE_PREFIX_PATH}:/opt/ros/humble /usr/bin/cmake --build /home/jason/Desktop/navi/build/velodyne_gazebo_plugins -- -j20 -l20
[2.470s] [35m[1mConsolidate compiler generated dependencies of target gazebo_ros_velodyne_laser[0m
[2.470s] [100%] Built target gazebo_ros_velodyne_laser
[2.499s] Invoked command in '/home/jason/Desktop/navi/build/velodyne_gazebo_plugins' returned '0': CMAKE_PREFIX_PATH=${CMAKE_PREFIX_PATH}:/opt/ros/humble /usr/bin/cmake --build /home/jason/Desktop/navi/build/velodyne_gazebo_plugins -- -j20 -l20
[2.533s] Invoking command in '/home/jason/Desktop/navi/build/velodyne_gazebo_plugins': CMAKE_PREFIX_PATH=${CMAKE_PREFIX_PATH}:/opt/ros/humble /usr/bin/cmake --install /home/jason/Desktop/navi/build/velodyne_gazebo_plugins
[2.661s] -- Install configuration: "Release"
[2.661s] -- Execute custom install script
[2.662s] -- Up-to-date symlink: /home/jason/Desktop/navi/install/velodyne_gazebo_plugins/lib/libgazebo_ros_velodyne_laser.so
[2.662s] -- Up-to-date symlink: /home/jason/Desktop/navi/install/velodyne_gazebo_plugins/include/velodyne_gazebo_plugins/GazeboRosVelodyneLaser.hpp
[2.662s] -- Up-to-date symlink: /home/jason/Desktop/navi/install/velodyne_gazebo_plugins/share/velodyne_gazebo_plugins/environment/library_path.sh
[2.663s] -- Up-to-date symlink: /home/jason/Desktop/navi/install/velodyne_gazebo_plugins/share/velodyne_gazebo_plugins/environment/library_path.dsv
[2.663s] -- Up-to-date symlink: /home/jason/Desktop/navi/install/velodyne_gazebo_plugins/share/ament_index/resource_index/package_run_dependencies/velodyne_gazebo_plugins
[2.664s] -- Up-to-date symlink: /home/jason/Desktop/navi/install/velodyne_gazebo_plugins/share/ament_index/resource_index/parent_prefix_path/velodyne_gazebo_plugins
[2.664s] -- Up-to-date symlink: /home/jason/Desktop/navi/install/velodyne_gazebo_plugins/share/velodyne_gazebo_plugins/environment/ament_prefix_path.sh
[2.664s] -- Up-to-date symlink: /home/jason/Desktop/navi/install/velodyne_gazebo_plugins/share/velodyne_gazebo_plugins/environment/ament_prefix_path.dsv
[2.664s] -- Up-to-date symlink: /home/jason/Desktop/navi/install/velodyne_gazebo_plugins/share/velodyne_gazebo_plugins/environment/path.sh
[2.665s] -- Up-to-date symlink: /home/jason/Desktop/navi/install/velodyne_gazebo_plugins/share/velodyne_gazebo_plugins/environment/path.dsv
[2.665s] -- Up-to-date symlink: /home/jason/Desktop/navi/install/velodyne_gazebo_plugins/share/velodyne_gazebo_plugins/local_setup.bash
[2.666s] -- Up-to-date symlink: /home/jason/Desktop/navi/install/velodyne_gazebo_plugins/share/velodyne_gazebo_plugins/local_setup.sh
[2.666s] -- Up-to-date symlink: /home/jason/Desktop/navi/install/velodyne_gazebo_plugins/share/velodyne_gazebo_plugins/local_setup.zsh
[2.666s] -- Up-to-date symlink: /home/jason/Desktop/navi/install/velodyne_gazebo_plugins/share/velodyne_gazebo_plugins/local_setup.dsv
[2.666s] -- Symlinking: /home/jason/Desktop/navi/install/velodyne_gazebo_plugins/share/velodyne_gazebo_plugins/package.dsv
[2.667s] -- Up-to-date symlink: /home/jason/Desktop/navi/install/velodyne_gazebo_plugins/share/ament_index/resource_index/packages/velodyne_gazebo_plugins
[2.667s] -- Up-to-date symlink: /home/jason/Desktop/navi/install/velodyne_gazebo_plugins/share/velodyne_gazebo_plugins/cmake/ament_cmake_export_include_directories-extras.cmake
[2.667s] -- Up-to-date symlink: /home/jason/Desktop/navi/install/velodyne_gazebo_plugins/share/velodyne_gazebo_plugins/cmake/ament_cmake_export_libraries-extras.cmake
[2.667s] -- Up-to-date symlink: /home/jason/Desktop/navi/install/velodyne_gazebo_plugins/share/velodyne_gazebo_plugins/cmake/ament_cmake_export_dependencies-extras.cmake
[2.668s] -- Up-to-date symlink: /home/jason/Desktop/navi/install/velodyne_gazebo_plugins/share/velodyne_gazebo_plugins/cmake/velodyne_gazebo_pluginsConfig.cmake
[2.668s] -- Up-to-date symlink: /home/jason/Desktop/navi/install/velodyne_gazebo_plugins/share/velodyne_gazebo_plugins/cmake/velodyne_gazebo_pluginsConfig-version.cmake
[2.668s] -- Up-to-date symlink: /home/jason/Desktop/navi/install/velodyne_gazebo_plugins/share/velodyne_gazebo_plugins/package.xml
[2.712s] Invoked command in '/home/jason/Desktop/navi/build/velodyne_gazebo_plugins' returned '0': CMAKE_PREFIX_PATH=${CMAKE_PREFIX_PATH}:/opt/ros/humble /usr/bin/cmake --install /home/jason/Desktop/navi/build/velodyne_gazebo_plugins
