[0.068s] Invoking command in '/home/jason/Desktop/navi/build/joy': CMAKE_PREFIX_PATH=${CMAKE_PREFIX_PATH}:/opt/ros/humble /usr/bin/cmake /home/jason/Desktop/navi/src/local_planner/autonomous_exploration_development_environment/src/joystick_drivers/joy -DCMAKE_INSTALL_PREFIX=/home/jason/Desktop/navi/install/joy
[1.260s] -- Found ament_cmake_ros: 0.10.0 (/opt/ros/humble/share/ament_cmake_ros/cmake)
[1.260s] -- Override CMake install command with custom implementation using symlinks instead of copying resources
[1.260s] -- Found rclcpp: 16.0.8 (/opt/ros/humble/share/rclcpp/cmake)
[1.260s] -- Found rosidl_generator_c: 3.1.5 (/opt/ros/humble/share/rosidl_generator_c/cmake)
[1.261s] -- Found rosidl_adapter: 3.1.5 (/opt/ros/humble/share/rosidl_adapter/cmake)
[1.261s] -- Found rosidl_generator_cpp: 3.1.5 (/opt/ros/humble/share/rosidl_generator_cpp/cmake)
[1.261s] -- Using all available rosidl_typesupport_c: rosidl_typesupport_fastrtps_c;rosidl_typesupport_introspection_c
[1.261s] -- Using all available rosidl_typesupport_cpp: rosidl_typesupport_fastrtps_cpp;rosidl_typesupport_introspection_cpp
[1.261s] -- Found rmw_implementation_cmake: 6.1.1 (/opt/ros/humble/share/rmw_implementation_cmake/cmake)
[1.261s] -- Found rmw_fastrtps_cpp: 6.2.6 (/opt/ros/humble/share/rmw_fastrtps_cpp/cmake)
[1.261s] -- Using RMW implementation 'rmw_fastrtps_cpp' as default
[1.261s] -- Found rclcpp_components: 16.0.8 (/opt/ros/humble/share/rclcpp_components/cmake)
[1.261s] -- Found sdl2_vendor: 3.3.0 (/opt/ros/humble/share/sdl2_vendor/cmake)
[1.261s] -- Found sensor_msgs: 4.2.3 (/opt/ros/humble/share/sensor_msgs/cmake)
[1.261s] -- Found ament_lint_auto: 0.12.10 (/opt/ros/humble/share/ament_lint_auto/cmake)
[1.285s] -- Added test 'cppcheck' to perform static code analysis on C / C++ code
[1.285s] -- Configured cppcheck include dirs: $<BUILD_INTERFACE:/home/jason/Desktop/navi/src/local_planner/autonomous_exploration_development_environment/src/joystick_drivers/joy/include>
[1.286s] -- Configured cppcheck exclude dirs and/or files: 
[1.287s] -- Added test 'cpplint' to check C / C++ code against the Google style
[1.287s] -- Configured cpplint exclude dirs and/or files: 
[1.287s] -- Added test 'flake8' to check Python code syntax and style conventions
[1.288s] -- Added test 'lint_cmake' to check CMake code style
[1.288s] -- Added test 'pep257' to check Python code against some of the docstring style conventions in PEP 257
[1.290s] -- Added test 'uncrustify' to check C / C++ code style
[1.290s] -- Configured uncrustify additional arguments: 
[1.291s] -- Added test 'xmllint' to check XML markup files
[1.292s] -- Configuring done
[1.314s] -- Generating done
[1.316s] -- Build files have been written to: /home/jason/Desktop/navi/build/joy
[1.338s] Invoked command in '/home/jason/Desktop/navi/build/joy' returned '0': CMAKE_PREFIX_PATH=${CMAKE_PREFIX_PATH}:/opt/ros/humble /usr/bin/cmake /home/jason/Desktop/navi/src/local_planner/autonomous_exploration_development_environment/src/joystick_drivers/joy -DCMAKE_INSTALL_PREFIX=/home/jason/Desktop/navi/install/joy
[1.345s] Invoking command in '/home/jason/Desktop/navi/build/joy': CMAKE_PREFIX_PATH=${CMAKE_PREFIX_PATH}:/opt/ros/humble /usr/bin/cmake --build /home/jason/Desktop/navi/build/joy -- -j20 -l20
[4.174s] [35m[1mConsolidate compiler generated dependencies of target joy_enumerate_devices[0m
[4.174s] [35m[1mConsolidate compiler generated dependencies of target joy_node[0m
[4.174s] [35m[1mConsolidate compiler generated dependencies of target joy[0m
[4.174s] [ 16%] [32mBuilding CXX object CMakeFiles/joy_enumerate_devices.dir/src/joy_enumerate_devices.cpp.o[0m
[4.175s] [ 33%] [32mBuilding CXX object CMakeFiles/joy_node.dir/rclcpp_components/node_main_joy_node.cpp.o[0m
[4.175s] [ 50%] [32mBuilding CXX object CMakeFiles/joy.dir/src/joy.cpp.o[0m
[4.175s] [ 66%] [32m[1mLinking CXX executable joy_enumerate_devices[0m
[4.175s] [ 66%] Built target joy_enumerate_devices
[14.100s] [ 83%] [32m[1mLinking CXX executable joy_node[0m
[14.639s] [ 83%] Built target joy_node
[18.996s] gmake[2]: *** [CMakeFiles/joy.dir/build.make:76: CMakeFiles/joy.dir/src/joy.cpp.o] Interrupt
[18.996s] gmake[1]: *** [CMakeFiles/Makefile2:141: CMakeFiles/joy.dir/all] Interrupt
[19.014s] gmake: *** wait: No child processes.  Stop.
[19.014s] gmake: *** Waiting for unfinished jobs....
[19.014s] gmake: *** wait: No child processes.  Stop.
