-- The C compiler identification is GNU 11.4.0
-- The CXX compiler identification is GNU 11.4.0
-- Detecting C compiler ABI info
-- Detecting C compiler ABI info - done
-- Check for working C compiler: /usr/bin/cc - skipped
-- Detecting C compile features
-- Detecting C compile features - done
-- Detecting CXX compiler ABI info
-- Detecting CXX compiler ABI info - done
-- Check for working CXX compiler: /usr/bin/c++ - skipped
-- Detecting CXX compile features
-- Detecting CXX compile features - done
-- Found ament_cmake_auto: 1.3.8 (/opt/ros/humble/share/ament_cmake_auto/cmake)
-- Found Python3: /usr/bin/python3 (found version "3.10.12") found components: Interpreter 
-- Override CMake install command with custom implementation using symlinks instead of copying resources
-- Found rosidl_generator_c: 3.1.5 (/opt/ros/humble/share/rosidl_generator_c/cmake)
-- Found rosidl_adapter: 3.1.5 (/opt/ros/humble/share/rosidl_adapter/cmake)
-- Found rosidl_generator_cpp: 3.1.5 (/opt/ros/humble/share/rosidl_generator_cpp/cmake)
-- Using all available rosidl_typesupport_c: rosidl_typesupport_fastrtps_c;rosidl_typesupport_introspection_c
-- Using all available rosidl_typesupport_cpp: rosidl_typesupport_fastrtps_cpp;rosidl_typesupport_introspection_cpp
-- Found rmw_implementation_cmake: 6.1.1 (/opt/ros/humble/share/rmw_implementation_cmake/cmake)
-- Found rmw_fastrtps_cpp: 6.2.6 (/opt/ros/humble/share/rmw_fastrtps_cpp/cmake)
-- Found OpenSSL: /usr/lib/x86_64-linux-gnu/libcrypto.so (found version "3.0.2")  
-- Found FastRTPS: /opt/ros/humble/include  
-- Using RMW implementation 'rmw_fastrtps_cpp' as default
-- Looking for pthread.h
-- Looking for pthread.h - found
-- Performing Test CMAKE_HAVE_LIBC_PTHREAD
-- Performing Test CMAKE_HAVE_LIBC_PTHREAD - Success
-- Found Threads: TRUE  
-- Found ament_lint_auto: 0.12.10 (/opt/ros/humble/share/ament_lint_auto/cmake)
-- Added test 'cppcheck' to perform static code analysis on C / C++ code
-- Configured cppcheck include dirs: /home/jason/Desktop/navi/src/global_planner/a_star/include
-- Configured cppcheck exclude dirs and/or files: 
-- Added test 'cpplint' to check C / C++ code against the Google style
-- Configured cpplint exclude dirs and/or files: 
-- Added test 'lint_cmake' to check CMake code style
-- Added test 'xmllint' to check XML markup files
-- Configuring done
-- Generating done
-- Build files have been written to: /home/jason/Desktop/navi/build/a_star
[ 25%] [32mBuilding CXX object CMakeFiles/a_star.dir/src/a_star.cpp.o[0m
[ 50%] [32mBuilding CXX object CMakeFiles/a_star_node.dir/rclcpp_components/node_main_a_star_node.cpp.o[0m
[ 75%] [32m[1mLinking CXX executable a_star_node[0m
[ 75%] Built target a_star_node
[100%] [32m[1mLinking CXX shared library liba_star.so[0m
[100%] Built target a_star
-- Install configuration: "Release"
-- Execute custom install script
-- Symlinking: /home/jason/Desktop/navi/install/a_star/lib/a_star/a_star_node
-- Symlinking: /home/jason/Desktop/navi/install/a_star/include/a_star/a_star.hpp
-- Symlinking: /home/jason/Desktop/navi/install/a_star/share/a_star/environment/library_path.sh
-- Symlinking: /home/jason/Desktop/navi/install/a_star/share/a_star/environment/library_path.dsv
-- Symlinking: /home/jason/Desktop/navi/install/a_star/lib/liba_star.so
-- Symlinking: /home/jason/Desktop/navi/install/a_star/share/ament_index/resource_index/package_run_dependencies/a_star
-- Symlinking: /home/jason/Desktop/navi/install/a_star/share/ament_index/resource_index/parent_prefix_path/a_star
-- Symlinking: /home/jason/Desktop/navi/install/a_star/share/a_star/environment/ament_prefix_path.sh
-- Symlinking: /home/jason/Desktop/navi/install/a_star/share/a_star/environment/ament_prefix_path.dsv
-- Symlinking: /home/jason/Desktop/navi/install/a_star/share/a_star/environment/path.sh
-- Symlinking: /home/jason/Desktop/navi/install/a_star/share/a_star/environment/path.dsv
-- Symlinking: /home/jason/Desktop/navi/install/a_star/share/a_star/local_setup.bash
-- Symlinking: /home/jason/Desktop/navi/install/a_star/share/a_star/local_setup.sh
-- Symlinking: /home/jason/Desktop/navi/install/a_star/share/a_star/local_setup.zsh
-- Symlinking: /home/jason/Desktop/navi/install/a_star/share/a_star/local_setup.dsv
-- Symlinking: /home/jason/Desktop/navi/install/a_star/share/a_star/package.dsv
-- Symlinking: /home/jason/Desktop/navi/install/a_star/share/ament_index/resource_index/packages/a_star
-- Symlinking: /home/jason/Desktop/navi/install/a_star/share/ament_index/resource_index/rclcpp_components/a_star
-- Symlinking: /home/jason/Desktop/navi/install/a_star/share/a_star/cmake/ament_cmake_export_dependencies-extras.cmake
-- Symlinking: /home/jason/Desktop/navi/install/a_star/share/a_star/cmake/ament_cmake_export_include_directories-extras.cmake
-- Symlinking: /home/jason/Desktop/navi/install/a_star/share/a_star/cmake/ament_cmake_export_libraries-extras.cmake
-- Symlinking: /home/jason/Desktop/navi/install/a_star/share/a_star/cmake/a_starConfig.cmake
-- Symlinking: /home/jason/Desktop/navi/install/a_star/share/a_star/cmake/a_starConfig-version.cmake
-- Symlinking: /home/jason/Desktop/navi/install/a_star/share/a_star/package.xml
