[0.059s] Invoking command in '/home/jason/Desktop/navi/build/a_star': CMAKE_PREFIX_PATH=${CMAKE_PREFIX_PATH}:/opt/ros/humble /usr/bin/cmake --build /home/jason/Desktop/navi/build/a_star -- -j20 -l20
[0.119s] [ 50%] Built target a_star
[0.119s] [100%] Built target a_star_node
[0.156s] Invoked command in '/home/jason/Desktop/navi/build/a_star' returned '0': CMAKE_PREFIX_PATH=${CMAKE_PREFIX_PATH}:/opt/ros/humble /usr/bin/cmake --build /home/jason/Desktop/navi/build/a_star -- -j20 -l20
[0.213s] Invoking command in '/home/jason/Desktop/navi/build/a_star': CMAKE_PREFIX_PATH=${CMAKE_PREFIX_PATH}:/opt/ros/humble /usr/bin/cmake --install /home/jason/Desktop/navi/build/a_star
[0.220s] -- Install configuration: "Release"
[0.220s] -- Execute custom install script
[0.220s] -- Up-to-date symlink: /home/jason/Desktop/navi/install/a_star/lib/a_star/a_star_node
[0.220s] -- Up-to-date symlink: /home/jason/Desktop/navi/install/a_star/include/a_star/a_star.hpp
[0.220s] -- Up-to-date symlink: /home/jason/Desktop/navi/install/a_star/share/a_star/environment/library_path.sh
[0.220s] -- Up-to-date symlink: /home/jason/Desktop/navi/install/a_star/share/a_star/environment/library_path.dsv
[0.220s] -- Up-to-date symlink: /home/jason/Desktop/navi/install/a_star/lib/liba_star.so
[0.221s] -- Up-to-date symlink: /home/jason/Desktop/navi/install/a_star/share/ament_index/resource_index/package_run_dependencies/a_star
[0.221s] -- Up-to-date symlink: /home/jason/Desktop/navi/install/a_star/share/ament_index/resource_index/parent_prefix_path/a_star
[0.221s] -- Up-to-date symlink: /home/jason/Desktop/navi/install/a_star/share/a_star/environment/ament_prefix_path.sh
[0.221s] -- Up-to-date symlink: /home/jason/Desktop/navi/install/a_star/share/a_star/environment/ament_prefix_path.dsv
[0.221s] -- Up-to-date symlink: /home/jason/Desktop/navi/install/a_star/share/a_star/environment/path.sh
[0.221s] -- Up-to-date symlink: /home/jason/Desktop/navi/install/a_star/share/a_star/environment/path.dsv
[0.221s] -- Up-to-date symlink: /home/jason/Desktop/navi/install/a_star/share/a_star/local_setup.bash
[0.222s] -- Up-to-date symlink: /home/jason/Desktop/navi/install/a_star/share/a_star/local_setup.sh
[0.222s] -- Up-to-date symlink: /home/jason/Desktop/navi/install/a_star/share/a_star/local_setup.zsh
[0.223s] -- Up-to-date symlink: /home/jason/Desktop/navi/install/a_star/share/a_star/local_setup.dsv
[0.224s] -- Symlinking: /home/jason/Desktop/navi/install/a_star/share/a_star/package.dsv
[0.233s] -- Up-to-date symlink: /home/jason/Desktop/navi/install/a_star/share/ament_index/resource_index/packages/a_star
[0.233s] -- Up-to-date symlink: /home/jason/Desktop/navi/install/a_star/share/ament_index/resource_index/rclcpp_components/a_star
[0.233s] -- Up-to-date symlink: /home/jason/Desktop/navi/install/a_star/share/a_star/cmake/ament_cmake_export_dependencies-extras.cmake
[0.233s] -- Up-to-date symlink: /home/jason/Desktop/navi/install/a_star/share/a_star/cmake/ament_cmake_export_include_directories-extras.cmake
[0.233s] -- Up-to-date symlink: /home/jason/Desktop/navi/install/a_star/share/a_star/cmake/ament_cmake_export_libraries-extras.cmake
[0.233s] -- Up-to-date symlink: /home/jason/Desktop/navi/install/a_star/share/a_star/cmake/a_starConfig.cmake
[0.233s] -- Up-to-date symlink: /home/jason/Desktop/navi/install/a_star/share/a_star/cmake/a_starConfig-version.cmake
[0.233s] -- Up-to-date symlink: /home/jason/Desktop/navi/install/a_star/share/a_star/package.xml
[0.282s] Invoked command in '/home/jason/Desktop/navi/build/a_star' returned '0': CMAKE_PREFIX_PATH=${CMAKE_PREFIX_PATH}:/opt/ros/humble /usr/bin/cmake --install /home/jason/Desktop/navi/build/a_star
