[0.058s] Invoking command in '/home/jason/Desktop/navi/build/sensor_scan_generation': CMAKE_PREFIX_PATH=${CMAKE_PREFIX_PATH}:/opt/ros/humble /usr/bin/cmake --build /home/jason/Desktop/navi/build/sensor_scan_generation -- -j20 -l20
[0.264s] [100%] Built target sensorScanGeneration
[0.320s] Invoked command in '/home/jason/Desktop/navi/build/sensor_scan_generation' returned '0': CMAKE_PREFIX_PATH=${CMAKE_PREFIX_PATH}:/opt/ros/humble /usr/bin/cmake --build /home/jason/Desktop/navi/build/sensor_scan_generation -- -j20 -l20
[0.394s] Invoking command in '/home/jason/Desktop/navi/build/sensor_scan_generation': CMAKE_PREFIX_PATH=${CMAKE_PREFIX_PATH}:/opt/ros/humble /usr/bin/cmake --install /home/jason/Desktop/navi/build/sensor_scan_generation
[0.412s] -- Install configuration: "Release"
[0.413s] -- Execute custom install script
[0.413s] -- Up-to-date symlink: /home/jason/Desktop/navi/install/sensor_scan_generation/lib/sensor_scan_generation/sensorScanGeneration
[0.413s] -- Up-to-date symlink: /home/jason/Desktop/navi/install/sensor_scan_generation/share/sensor_scan_generation/launch/sensor_scan_generation.launch
[0.413s] -- Up-to-date symlink: /home/jason/Desktop/navi/install/sensor_scan_generation/share/ament_index/resource_index/package_run_dependencies/sensor_scan_generation
[0.413s] -- Up-to-date symlink: /home/jason/Desktop/navi/install/sensor_scan_generation/share/ament_index/resource_index/parent_prefix_path/sensor_scan_generation
[0.413s] -- Up-to-date symlink: /home/jason/Desktop/navi/install/sensor_scan_generation/share/sensor_scan_generation/environment/ament_prefix_path.sh
[0.413s] -- Up-to-date symlink: /home/jason/Desktop/navi/install/sensor_scan_generation/share/sensor_scan_generation/environment/ament_prefix_path.dsv
[0.413s] -- Up-to-date symlink: /home/jason/Desktop/navi/install/sensor_scan_generation/share/sensor_scan_generation/environment/path.sh
[0.413s] -- Up-to-date symlink: /home/jason/Desktop/navi/install/sensor_scan_generation/share/sensor_scan_generation/environment/path.dsv
[0.413s] -- Up-to-date symlink: /home/jason/Desktop/navi/install/sensor_scan_generation/share/sensor_scan_generation/local_setup.bash
[0.413s] -- Up-to-date symlink: /home/jason/Desktop/navi/install/sensor_scan_generation/share/sensor_scan_generation/local_setup.sh
[0.413s] -- Up-to-date symlink: /home/jason/Desktop/navi/install/sensor_scan_generation/share/sensor_scan_generation/local_setup.zsh
[0.413s] -- Up-to-date symlink: /home/jason/Desktop/navi/install/sensor_scan_generation/share/sensor_scan_generation/local_setup.dsv
[0.413s] -- Symlinking: /home/jason/Desktop/navi/install/sensor_scan_generation/share/sensor_scan_generation/package.dsv
[0.414s] -- Up-to-date symlink: /home/jason/Desktop/navi/install/sensor_scan_generation/share/ament_index/resource_index/packages/sensor_scan_generation
[0.414s] -- Up-to-date symlink: /home/jason/Desktop/navi/install/sensor_scan_generation/share/sensor_scan_generation/cmake/sensor_scan_generationConfig.cmake
[0.414s] -- Up-to-date symlink: /home/jason/Desktop/navi/install/sensor_scan_generation/share/sensor_scan_generation/cmake/sensor_scan_generationConfig-version.cmake
[0.414s] -- Up-to-date symlink: /home/jason/Desktop/navi/install/sensor_scan_generation/share/sensor_scan_generation/package.xml
[0.469s] Invoked command in '/home/jason/Desktop/navi/build/sensor_scan_generation' returned '0': CMAKE_PREFIX_PATH=${CMAKE_PREFIX_PATH}:/opt/ros/humble /usr/bin/cmake --install /home/jason/Desktop/navi/build/sensor_scan_generation
