[0.048s] Invoking command in '/home/jason/Desktop/navi/build/linefit_ground_segmentation_ros': AMENT_PREFIX_PATH=/home/jason/Desktop/navi/install/linefit_ground_segmentation:${AMENT_PREFIX_PATH} CMAKE_PREFIX_PATH=/home/jason/Desktop/navi/install/linefit_ground_segmentation:/opt/ros/humble LD_LIBRARY_PATH=/home/jason/Desktop/navi/install/linefit_ground_segmentation/lib:/opt/MVS/lib/64:/opt/MVS/lib/32:/usr/lib/x86_64-linux-gnu/gazebo-11/plugins:/opt/ros/humble/opt/rviz_ogre_vendor/lib:/opt/ros/humble/lib/x86_64-linux-gnu:/opt/ros/humble/lib:/opt/MVS/lib/64:/opt/MVS/lib/32:/opt/MVS/lib/64:/opt/MVS/lib/32 /usr/bin/cmake /home/jason/Desktop/navi/src/local_planner/linefit_ground_segementation_ros2/linefit_ground_segmentation_ros -DCMAKE_BUILD_TYPE=Release -DAMENT_CMAKE_SYMLINK_INSTALL=1 -DCMAKE_INSTALL_PREFIX=/home/jason/Desktop/navi/install/linefit_ground_segmentation_ros
[0.365s] -- The C compiler identification is GNU 11.4.0
[0.365s] -- The CXX compiler identification is GNU 11.4.0
[0.365s] -- Detecting C compiler ABI info
[0.454s] -- Detecting C compiler ABI info - done
[0.473s] -- Check for working C compiler: /usr/bin/cc - skipped
[0.479s] -- Detecting C compile features
[0.480s] -- Detecting C compile features - done
[0.482s] -- Detecting CXX compiler ABI info
[0.665s] -- Detecting CXX compiler ABI info - done
[0.686s] -- Check for working CXX compiler: /usr/bin/c++ - skipped
[0.691s] -- Detecting CXX compile features
[0.694s] -- Detecting CXX compile features - done
[0.700s] -- Found ament_cmake_auto: 1.3.8 (/opt/ros/humble/share/ament_cmake_auto/cmake)
[1.042s] -- Found Python3: /usr/bin/python3 (found version "3.10.12") found components: Interpreter 
[1.186s] -- Override CMake install command with custom implementation using symlinks instead of copying resources
[1.525s] -- Found rosidl_generator_c: 3.1.5 (/opt/ros/humble/share/rosidl_generator_c/cmake)
[1.538s] -- Found rosidl_adapter: 3.1.5 (/opt/ros/humble/share/rosidl_adapter/cmake)
[1.562s] -- Found rosidl_generator_cpp: 3.1.5 (/opt/ros/humble/share/rosidl_generator_cpp/cmake)
[1.598s] -- Using all available rosidl_typesupport_c: rosidl_typesupport_fastrtps_c;rosidl_typesupport_introspection_c
[1.648s] -- Using all available rosidl_typesupport_cpp: rosidl_typesupport_fastrtps_cpp;rosidl_typesupport_introspection_cpp
[1.820s] -- Found rmw_implementation_cmake: 6.1.1 (/opt/ros/humble/share/rmw_implementation_cmake/cmake)
[1.825s] -- Found rmw_fastrtps_cpp: 6.2.6 (/opt/ros/humble/share/rmw_fastrtps_cpp/cmake)
[1.974s] -- Found OpenSSL: /usr/lib/x86_64-linux-gnu/libcrypto.so (found version "3.0.2")  
[2.038s] -- Found FastRTPS: /opt/ros/humble/include  
[2.152s] -- Using RMW implementation 'rmw_fastrtps_cpp' as default
[2.176s] -- Looking for pthread.h
[2.322s] -- Looking for pthread.h - found
[2.324s] -- Performing Test CMAKE_HAVE_LIBC_PTHREAD
[2.478s] -- Performing Test CMAKE_HAVE_LIBC_PTHREAD - Success
[2.480s] -- Found Threads: TRUE  
[4.207s] -- Found eigen3_cmake_module: 0.1.1 (/opt/ros/humble/share/eigen3_cmake_module/cmake)
[4.210s] -- Found Eigen3: TRUE (found version "3.4.0") 
[4.210s] -- Ensuring Eigen3 include directory is part of orocos-kdl CMake target
[4.257s] -- Checking for module 'eigen3'
[4.277s] --   Found eigen3, version 3.4.0
[4.339s] -- Found Eigen: /usr/include/eigen3 (Required is at least version "3.1") 
[4.339s] -- Eigen found (include: /usr/include/eigen3, version: 3.4.0)
[4.425s] -- Checking for module 'flann'
[4.450s] --   Found flann, version 1.9.1
[4.527s] -- Found FLANN: /usr/lib/x86_64-linux-gnu/libflann_cpp.so  
[4.527s] -- FLANN found (include: /usr/include, lib: /usr/lib/x86_64-linux-gnu/libflann_cpp.so)
[6.414s] -- Checking for module 'libusb-1.0'
[6.440s] --   Found libusb-1.0, version 1.0.25
[6.511s] -- Found libusb: /usr/lib/x86_64-linux-gnu/libusb-1.0.so  
[6.513s] -- OpenNI found (version: 1.5.4.0, include: /usr/include/ni, lib: /usr/lib/libOpenNI.so;libusb::libusb)
[6.634s] -- OpenNI2 found (version: 2.2.0.33, include: /usr/include/openni2, lib: /usr/lib/x86_64-linux-gnu/libOpenNI2.so;libusb::libusb)
[6.894s] -- Eigen found (include: /usr/include/eigen3, version: 3.4.0)
[6.905s] -- OpenNI found (version: 1.5.4.0, include: /usr/include/ni, lib: /usr/lib/libOpenNI.so;libusb::libusb)
[6.917s] -- OpenNI2 found (version: 2.2.0.33, include: /usr/include/openni2, lib: /usr/lib/x86_64-linux-gnu/libOpenNI2.so;libusb::libusb)
[7.226s] -- Found Qhull version 8.0.2
[7.482s] -- OpenNI found (version: 1.5.4.0, include: /usr/include/ni, lib: /usr/lib/libOpenNI.so;libusb::libusb)
[7.762s] -- Found PCL_COMMON: /usr/lib/x86_64-linux-gnu/libpcl_common.so  
[7.763s] -- Found PCL_KDTREE: /usr/lib/x86_64-linux-gnu/libpcl_kdtree.so  
[7.765s] -- Found PCL_OCTREE: /usr/lib/x86_64-linux-gnu/libpcl_octree.so  
[7.766s] -- Found PCL_SEARCH: /usr/lib/x86_64-linux-gnu/libpcl_search.so  
[7.768s] -- Found PCL_SAMPLE_CONSENSUS: /usr/lib/x86_64-linux-gnu/libpcl_sample_consensus.so  
[7.769s] -- Found PCL_FILTERS: /usr/lib/x86_64-linux-gnu/libpcl_filters.so  
[7.770s] -- Found PCL_2D: /usr/include/pcl-1.12  
[7.770s] -- Found PCL_GEOMETRY: /usr/include/pcl-1.12  
[7.772s] -- Found PCL_IO: /usr/lib/x86_64-linux-gnu/libpcl_io.so  
[7.773s] -- Found PCL_FEATURES: /usr/lib/x86_64-linux-gnu/libpcl_features.so  
[7.775s] -- Found PCL_ML: /usr/lib/x86_64-linux-gnu/libpcl_ml.so  
[7.777s] -- Found PCL_SEGMENTATION: /usr/lib/x86_64-linux-gnu/libpcl_segmentation.so  
[7.778s] -- Found PCL_VISUALIZATION: /usr/lib/x86_64-linux-gnu/libpcl_visualization.so  
[7.780s] -- Found PCL_SURFACE: /usr/lib/x86_64-linux-gnu/libpcl_surface.so  
[7.781s] -- Found PCL_REGISTRATION: /usr/lib/x86_64-linux-gnu/libpcl_registration.so  
[7.783s] -- Found PCL_KEYPOINTS: /usr/lib/x86_64-linux-gnu/libpcl_keypoints.so  
[7.785s] -- Found PCL_TRACKING: /usr/lib/x86_64-linux-gnu/libpcl_tracking.so  
[7.786s] -- Found PCL_RECOGNITION: /usr/lib/x86_64-linux-gnu/libpcl_recognition.so  
[7.788s] -- Found PCL_STEREO: /usr/lib/x86_64-linux-gnu/libpcl_stereo.so  
[7.789s] -- Found PCL_APPS: /usr/lib/x86_64-linux-gnu/libpcl_apps.so  
[7.791s] -- Found PCL_IN_HAND_SCANNER: /usr/include/pcl-1.12  
[7.791s] -- Found PCL_MODELER: /usr/include/pcl-1.12  
[7.792s] -- Found PCL_POINT_CLOUD_EDITOR: /usr/include/pcl-1.12  
[7.793s] -- Found PCL_OUTOFCORE: /usr/lib/x86_64-linux-gnu/libpcl_outofcore.so  
[7.795s] -- Found PCL_PEOPLE: /usr/lib/x86_64-linux-gnu/libpcl_people.so  
[8.236s] -- Configuring done
[8.338s] -- Generating done
[8.343s] -- Build files have been written to: /home/jason/Desktop/navi/build/linefit_ground_segmentation_ros
[8.381s] Invoked command in '/home/jason/Desktop/navi/build/linefit_ground_segmentation_ros' returned '0': AMENT_PREFIX_PATH=/home/jason/Desktop/navi/install/linefit_ground_segmentation:${AMENT_PREFIX_PATH} CMAKE_PREFIX_PATH=/home/jason/Desktop/navi/install/linefit_ground_segmentation:/opt/ros/humble LD_LIBRARY_PATH=/home/jason/Desktop/navi/install/linefit_ground_segmentation/lib:/opt/MVS/lib/64:/opt/MVS/lib/32:/usr/lib/x86_64-linux-gnu/gazebo-11/plugins:/opt/ros/humble/opt/rviz_ogre_vendor/lib:/opt/ros/humble/lib/x86_64-linux-gnu:/opt/ros/humble/lib:/opt/MVS/lib/64:/opt/MVS/lib/32:/opt/MVS/lib/64:/opt/MVS/lib/32 /usr/bin/cmake /home/jason/Desktop/navi/src/local_planner/linefit_ground_segementation_ros2/linefit_ground_segmentation_ros -DCMAKE_BUILD_TYPE=Release -DAMENT_CMAKE_SYMLINK_INSTALL=1 -DCMAKE_INSTALL_PREFIX=/home/jason/Desktop/navi/install/linefit_ground_segmentation_ros
[8.384s] Invoking command in '/home/jason/Desktop/navi/build/linefit_ground_segmentation_ros': AMENT_PREFIX_PATH=/home/jason/Desktop/navi/install/linefit_ground_segmentation:${AMENT_PREFIX_PATH} CMAKE_PREFIX_PATH=/home/jason/Desktop/navi/install/linefit_ground_segmentation:/opt/ros/humble LD_LIBRARY_PATH=/home/jason/Desktop/navi/install/linefit_ground_segmentation/lib:/opt/MVS/lib/64:/opt/MVS/lib/32:/usr/lib/x86_64-linux-gnu/gazebo-11/plugins:/opt/ros/humble/opt/rviz_ogre_vendor/lib:/opt/ros/humble/lib/x86_64-linux-gnu:/opt/ros/humble/lib:/opt/MVS/lib/64:/opt/MVS/lib/32:/opt/MVS/lib/64:/opt/MVS/lib/32 /usr/bin/cmake --build /home/jason/Desktop/navi/build/linefit_ground_segmentation_ros -- -j20 -l20
[8.484s] [ 25%] [32mBuilding CXX object CMakeFiles/ground_segmentation_node.dir/src/ground_segmentation_node.cc.o[0m
[25.911s] [ 50%] [32m[1mLinking CXX executable ground_segmentation_node[0m
[26.316s] [ 50%] Built target ground_segmentation_node
[26.328s] [ 75%] [32mBuilding CXX object CMakeFiles/ground_segmentation_test_node.dir/src/ground_segmentation_test_node.cc.o[0m
[31.979s] [100%] [32m[1mLinking CXX executable ground_segmentation_test_node[0m
[32.351s] [100%] Built target ground_segmentation_test_node
[32.363s] Invoked command in '/home/jason/Desktop/navi/build/linefit_ground_segmentation_ros' returned '0': AMENT_PREFIX_PATH=/home/jason/Desktop/navi/install/linefit_ground_segmentation:${AMENT_PREFIX_PATH} CMAKE_PREFIX_PATH=/home/jason/Desktop/navi/install/linefit_ground_segmentation:/opt/ros/humble LD_LIBRARY_PATH=/home/jason/Desktop/navi/install/linefit_ground_segmentation/lib:/opt/MVS/lib/64:/opt/MVS/lib/32:/usr/lib/x86_64-linux-gnu/gazebo-11/plugins:/opt/ros/humble/opt/rviz_ogre_vendor/lib:/opt/ros/humble/lib/x86_64-linux-gnu:/opt/ros/humble/lib:/opt/MVS/lib/64:/opt/MVS/lib/32:/opt/MVS/lib/64:/opt/MVS/lib/32 /usr/bin/cmake --build /home/jason/Desktop/navi/build/linefit_ground_segmentation_ros -- -j20 -l20
[32.383s] Invoking command in '/home/jason/Desktop/navi/build/linefit_ground_segmentation_ros': AMENT_PREFIX_PATH=/home/jason/Desktop/navi/install/linefit_ground_segmentation:${AMENT_PREFIX_PATH} CMAKE_PREFIX_PATH=/home/jason/Desktop/navi/install/linefit_ground_segmentation:/opt/ros/humble LD_LIBRARY_PATH=/home/jason/Desktop/navi/install/linefit_ground_segmentation/lib:/opt/MVS/lib/64:/opt/MVS/lib/32:/usr/lib/x86_64-linux-gnu/gazebo-11/plugins:/opt/ros/humble/opt/rviz_ogre_vendor/lib:/opt/ros/humble/lib/x86_64-linux-gnu:/opt/ros/humble/lib:/opt/MVS/lib/64:/opt/MVS/lib/32:/opt/MVS/lib/64:/opt/MVS/lib/32 /usr/bin/cmake --install /home/jason/Desktop/navi/build/linefit_ground_segmentation_ros
[32.388s] -- Install configuration: "Release"
[32.389s] -- Execute custom install script
[32.389s] -- Symlinking: /home/jason/Desktop/navi/install/linefit_ground_segmentation_ros/lib/linefit_ground_segmentation_ros/ground_segmentation_node
[32.395s] -- Symlinking: /home/jason/Desktop/navi/install/linefit_ground_segmentation_ros/lib/linefit_ground_segmentation_ros/ground_segmentation_test_node
[32.400s] -- Symlinking: /home/jason/Desktop/navi/install/linefit_ground_segmentation_ros/share/linefit_ground_segmentation_ros/launch/segmentation.launch.py
[32.405s] -- Symlinking: /home/jason/Desktop/navi/install/linefit_ground_segmentation_ros/share/linefit_ground_segmentation_ros/launch/segmentation_params.yaml
[32.411s] -- Symlinking: /home/jason/Desktop/navi/install/linefit_ground_segmentation_ros/share/linefit_ground_segmentation_ros/launch/test.launch.py
[32.416s] -- Symlinking: /home/jason/Desktop/navi/install/linefit_ground_segmentation_ros/share/ament_index/resource_index/package_run_dependencies/linefit_ground_segmentation_ros
[32.421s] -- Symlinking: /home/jason/Desktop/navi/install/linefit_ground_segmentation_ros/share/ament_index/resource_index/parent_prefix_path/linefit_ground_segmentation_ros
[32.426s] -- Symlinking: /home/jason/Desktop/navi/install/linefit_ground_segmentation_ros/share/linefit_ground_segmentation_ros/environment/ament_prefix_path.sh
[32.430s] -- Symlinking: /home/jason/Desktop/navi/install/linefit_ground_segmentation_ros/share/linefit_ground_segmentation_ros/environment/ament_prefix_path.dsv
[32.435s] -- Symlinking: /home/jason/Desktop/navi/install/linefit_ground_segmentation_ros/share/linefit_ground_segmentation_ros/environment/path.sh
[32.439s] -- Symlinking: /home/jason/Desktop/navi/install/linefit_ground_segmentation_ros/share/linefit_ground_segmentation_ros/environment/path.dsv
[32.444s] -- Symlinking: /home/jason/Desktop/navi/install/linefit_ground_segmentation_ros/share/linefit_ground_segmentation_ros/local_setup.bash
[32.448s] -- Symlinking: /home/jason/Desktop/navi/install/linefit_ground_segmentation_ros/share/linefit_ground_segmentation_ros/local_setup.sh
[32.452s] -- Symlinking: /home/jason/Desktop/navi/install/linefit_ground_segmentation_ros/share/linefit_ground_segmentation_ros/local_setup.zsh
[32.457s] -- Symlinking: /home/jason/Desktop/navi/install/linefit_ground_segmentation_ros/share/linefit_ground_segmentation_ros/local_setup.dsv
[32.461s] -- Symlinking: /home/jason/Desktop/navi/install/linefit_ground_segmentation_ros/share/linefit_ground_segmentation_ros/package.dsv
[32.466s] -- Symlinking: /home/jason/Desktop/navi/install/linefit_ground_segmentation_ros/share/ament_index/resource_index/packages/linefit_ground_segmentation_ros
[32.470s] -- Symlinking: /home/jason/Desktop/navi/install/linefit_ground_segmentation_ros/share/linefit_ground_segmentation_ros/cmake/ament_cmake_export_dependencies-extras.cmake
[32.475s] -- Symlinking: /home/jason/Desktop/navi/install/linefit_ground_segmentation_ros/share/linefit_ground_segmentation_ros/cmake/linefit_ground_segmentation_rosConfig.cmake
[32.479s] -- Symlinking: /home/jason/Desktop/navi/install/linefit_ground_segmentation_ros/share/linefit_ground_segmentation_ros/cmake/linefit_ground_segmentation_rosConfig-version.cmake
[32.484s] -- Symlinking: /home/jason/Desktop/navi/install/linefit_ground_segmentation_ros/share/linefit_ground_segmentation_ros/package.xml
[32.490s] Invoked command in '/home/jason/Desktop/navi/build/linefit_ground_segmentation_ros' returned '0': AMENT_PREFIX_PATH=/home/jason/Desktop/navi/install/linefit_ground_segmentation:${AMENT_PREFIX_PATH} CMAKE_PREFIX_PATH=/home/jason/Desktop/navi/install/linefit_ground_segmentation:/opt/ros/humble LD_LIBRARY_PATH=/home/jason/Desktop/navi/install/linefit_ground_segmentation/lib:/opt/MVS/lib/64:/opt/MVS/lib/32:/usr/lib/x86_64-linux-gnu/gazebo-11/plugins:/opt/ros/humble/opt/rviz_ogre_vendor/lib:/opt/ros/humble/lib/x86_64-linux-gnu:/opt/ros/humble/lib:/opt/MVS/lib/64:/opt/MVS/lib/32:/opt/MVS/lib/64:/opt/MVS/lib/32 /usr/bin/cmake --install /home/jason/Desktop/navi/build/linefit_ground_segmentation_ros
