[0.065s] Invoking command in '/home/jason/Desktop/navi/build/terrain_analysis_ext': CMAKE_PREFIX_PATH=${CMAKE_PREFIX_PATH}:/opt/ros/humble /usr/bin/cmake /home/jason/Desktop/navi/src/local_planner/autonomous_exploration_development_environment/src/terrain_analysis_ext -DCMAKE_INSTALL_PREFIX=/home/jason/Desktop/navi/install/terrain_analysis_ext
[0.109s] -- Found ament_cmake: 1.3.8 (/opt/ros/humble/share/ament_cmake/cmake)
[0.308s] -- Override CMake install command with custom implementation using symlinks instead of copying resources
[0.316s] -- Found rclcpp: 16.0.8 (/opt/ros/humble/share/rclcpp/cmake)
[0.360s] -- Found rosidl_generator_c: 3.1.5 (/opt/ros/humble/share/rosidl_generator_c/cmake)
[0.364s] -- Found rosidl_adapter: 3.1.5 (/opt/ros/humble/share/rosidl_adapter/cmake)
[0.373s] -- Found rosidl_generator_cpp: 3.1.5 (/opt/ros/humble/share/rosidl_generator_cpp/cmake)
[0.392s] -- Using all available rosidl_typesupport_c: rosidl_typesupport_fastrtps_c;rosidl_typesupport_introspection_c
[0.418s] -- Using all available rosidl_typesupport_cpp: rosidl_typesupport_fastrtps_cpp;rosidl_typesupport_introspection_cpp
[0.510s] -- Found rmw_implementation_cmake: 6.1.1 (/opt/ros/humble/share/rmw_implementation_cmake/cmake)
[0.512s] -- Found rmw_fastrtps_cpp: 6.2.6 (/opt/ros/humble/share/rmw_fastrtps_cpp/cmake)
[0.691s] -- Using RMW implementation 'rmw_fastrtps_cpp' as default
[0.890s] -- Found nav_msgs: 4.2.3 (/opt/ros/humble/share/nav_msgs/cmake)
[1.035s] -- Found sensor_msgs: 4.2.3 (/opt/ros/humble/share/sensor_msgs/cmake)
[1.130s] -- Found tf2_ros: 0.25.6 (/opt/ros/humble/share/tf2_ros/cmake)
[1.602s] -- Found tf2_geometry_msgs: 0.25.6 (/opt/ros/humble/share/tf2_geometry_msgs/cmake)
[1.606s] -- Found eigen3_cmake_module: 0.1.1 (/opt/ros/humble/share/eigen3_cmake_module/cmake)
[1.608s] -- Ensuring Eigen3 include directory is part of orocos-kdl CMake target
[1.625s] -- Found pcl_conversions: 2.4.0 (/opt/ros/humble/share/pcl_conversions/cmake)
[1.814s] -- Found pcl_ros: 2.4.0 (/opt/ros/humble/share/pcl_ros/cmake)
[2.031s] -- Eigen found (include: /usr/include/eigen3, version: 3.4.0)
[2.090s] -- FLANN found (include: /usr/include, lib: /usr/lib/x86_64-linux-gnu/libflann_cpp.so)
[2.616s] -- OpenNI found (version: 1.5.4.0, include: /usr/include/ni, lib: /usr/lib/libOpenNI.so;libusb::libusb)
[2.625s] -- OpenNI2 found (version: 2.2.0.33, include: /usr/include/openni2, lib: /usr/lib/x86_64-linux-gnu/libOpenNI2.so;libusb::libusb)
[2.849s] -- Eigen found (include: /usr/include/eigen3, version: 3.4.0)
[2.858s] -- OpenNI found (version: 1.5.4.0, include: /usr/include/ni, lib: /usr/lib/libOpenNI.so;libusb::libusb)
[2.870s] -- OpenNI2 found (version: 2.2.0.33, include: /usr/include/openni2, lib: /usr/lib/x86_64-linux-gnu/libOpenNI2.so;libusb::libusb)
[3.103s] -- Found Qhull version 8.0.2
[3.376s] -- OpenNI found (version: 1.5.4.0, include: /usr/include/ni, lib: /usr/lib/libOpenNI.so;libusb::libusb)
[3.844s] -- Found ament_lint_auto: 0.12.10 (/opt/ros/humble/share/ament_lint_auto/cmake)
[4.030s] -- Added test 'copyright' to check source files copyright and LICENSE
[4.034s] -- Added test 'cppcheck' to perform static code analysis on C / C++ code
[4.035s] -- Configured cppcheck include dirs: 
[4.035s] -- Configured cppcheck exclude dirs and/or files: 
[4.035s] -- Added test 'cpplint' to check C / C++ code against the Google style
[4.035s] -- Configured cpplint exclude dirs and/or files: 
[4.035s] -- Added test 'lint_cmake' to check CMake code style
[4.040s] -- Added test 'uncrustify' to check C / C++ code style
[4.040s] -- Configured uncrustify additional arguments: 
[4.040s] -- Added test 'xmllint' to check XML markup files
[4.044s] -- Configuring done
[4.128s] -- Generating done
[4.144s] -- Build files have been written to: /home/jason/Desktop/navi/build/terrain_analysis_ext
[4.192s] Invoked command in '/home/jason/Desktop/navi/build/terrain_analysis_ext' returned '0': CMAKE_PREFIX_PATH=${CMAKE_PREFIX_PATH}:/opt/ros/humble /usr/bin/cmake /home/jason/Desktop/navi/src/local_planner/autonomous_exploration_development_environment/src/terrain_analysis_ext -DCMAKE_INSTALL_PREFIX=/home/jason/Desktop/navi/install/terrain_analysis_ext
[4.193s] Invoking command in '/home/jason/Desktop/navi/build/terrain_analysis_ext': CMAKE_PREFIX_PATH=${CMAKE_PREFIX_PATH}:/opt/ros/humble /usr/bin/cmake --build /home/jason/Desktop/navi/build/terrain_analysis_ext -- -j20 -l20
[4.566s] [35m[1mConsolidate compiler generated dependencies of target terrainAnalysisExt[0m
[4.566s] [ 50%] [32mBuilding CXX object CMakeFiles/terrainAnalysisExt.dir/src/terrainAnalysisExt.cpp.o[0m
[19.012s] gmake[2]: *** [CMakeFiles/terrainAnalysisExt.dir/build.make:76: CMakeFiles/terrainAnalysisExt.dir/src/terrainAnalysisExt.cpp.o] Interrupt
[19.013s] gmake[1]: *** [CMakeFiles/Makefile2:137: CMakeFiles/terrainAnalysisExt.dir/all] Interrupt
[19.013s] gmake: *** [Makefile:146: all] Interrupt
