[0.072s] Invoking command in '/home/jason/Desktop/navi/build/a_star': CMAKE_PREFIX_PATH=${CMAKE_PREFIX_PATH}:/opt/ros/humble /usr/bin/cmake /home/jason/Desktop/navi/src/global_planner/a_star -DCMAKE_INSTALL_PREFIX=/home/jason/Desktop/navi/install/a_star
[0.140s] -- Found ament_cmake_auto: 1.3.8 (/opt/ros/humble/share/ament_cmake_auto/cmake)
[0.344s] -- Override CMake install command with custom implementation using symlinks instead of copying resources
[0.472s] -- Found rosidl_generator_c: 3.1.5 (/opt/ros/humble/share/rosidl_generator_c/cmake)
[0.477s] -- Found rosidl_adapter: 3.1.5 (/opt/ros/humble/share/rosidl_adapter/cmake)
[0.482s] -- Found rosidl_generator_cpp: 3.1.5 (/opt/ros/humble/share/rosidl_generator_cpp/cmake)
[0.496s] -- Using all available rosidl_typesupport_c: rosidl_typesupport_fastrtps_c;rosidl_typesupport_introspection_c
[0.519s] -- Using all available rosidl_typesupport_cpp: rosidl_typesupport_fastrtps_cpp;rosidl_typesupport_introspection_cpp
[0.602s] -- Found rmw_implementation_cmake: 6.1.1 (/opt/ros/humble/share/rmw_implementation_cmake/cmake)
[0.608s] -- Found rmw_fastrtps_cpp: 6.2.6 (/opt/ros/humble/share/rmw_fastrtps_cpp/cmake)
[0.789s] -- Using RMW implementation 'rmw_fastrtps_cpp' as default
[1.318s] -- Found ament_lint_auto: 0.12.10 (/opt/ros/humble/share/ament_lint_auto/cmake)
[1.334s] -- Added test 'cppcheck' to perform static code analysis on C / C++ code
[1.334s] -- Configured cppcheck include dirs: /home/jason/Desktop/navi/src/global_planner/a_star/include
[1.334s] -- Configured cppcheck exclude dirs and/or files: 
[1.335s] -- Added test 'cpplint' to check C / C++ code against the Google style
[1.335s] -- Configured cpplint exclude dirs and/or files: 
[1.335s] -- Added test 'lint_cmake' to check CMake code style
[1.336s] -- Added test 'xmllint' to check XML markup files
[1.340s] -- Configuring done
[1.357s] -- Generating done
[1.359s] -- Build files have been written to: /home/jason/Desktop/navi/build/a_star
[1.373s] Invoked command in '/home/jason/Desktop/navi/build/a_star' returned '0': CMAKE_PREFIX_PATH=${CMAKE_PREFIX_PATH}:/opt/ros/humble /usr/bin/cmake /home/jason/Desktop/navi/src/global_planner/a_star -DCMAKE_INSTALL_PREFIX=/home/jason/Desktop/navi/install/a_star
[1.373s] Invoking command in '/home/jason/Desktop/navi/build/a_star': CMAKE_PREFIX_PATH=${CMAKE_PREFIX_PATH}:/opt/ros/humble /usr/bin/cmake --build /home/jason/Desktop/navi/build/a_star -- -j20 -l20
[4.060s] [35m[1mConsolidate compiler generated dependencies of target a_star[0m
[4.060s] [35m[1mConsolidate compiler generated dependencies of target a_star_node[0m
[4.060s] [ 25%] [32mBuilding CXX object CMakeFiles/a_star.dir/src/a_star.cpp.o[0m
[4.061s] [ 50%] [32mBuilding CXX object CMakeFiles/a_star_node.dir/rclcpp_components/node_main_a_star_node.cpp.o[0m
[18.648s] [ 75%] [32m[1mLinking CXX executable a_star_node[0m
[19.053s] gmake[1]: *** [CMakeFiles/Makefile2:166: CMakeFiles/a_star_node.dir/all] Interrupt
[19.063s] gmake[2]: *** wait: No child processes.  Stop.
[19.064s] gmake[2]: *** Waiting for unfinished jobs....
[19.064s] gmake[2]: *** wait: No child processes.  Stop.
[19.064s] gmake[1]: *** [CMakeFiles/Makefile2:139: CMakeFiles/a_star.dir/all] Error 2
[19.064s] gmake: *** [Makefile:146: all] Interrupt
