[0.072s] Invoking command in '/home/jason/Desktop/navi/build/velodyne_gazebo_plugins': CMAKE_PREFIX_PATH=${CMAKE_PREFIX_PATH}:/opt/ros/humble /usr/bin/cmake --build /home/jason/Desktop/navi/build/velodyne_gazebo_plugins -- -j20 -l20
[0.298s] [ 50%] [32mBuilding CXX object CMakeFiles/gazebo_ros_velodyne_laser.dir/src/GazeboRosVelodyneLaser.cpp.o[0m
[52.590s] [100%] [32m[1mLinking CXX shared library libgazebo_ros_velodyne_laser.so[0m
[53.531s] [100%] Built target gazebo_ros_velodyne_laser
[53.560s] Invoked command in '/home/jason/Desktop/navi/build/velodyne_gazebo_plugins' returned '0': CMAKE_PREFIX_PATH=${CMAKE_PREFIX_PATH}:/opt/ros/humble /usr/bin/cmake --build /home/jason/Desktop/navi/build/velodyne_gazebo_plugins -- -j20 -l20
[53.624s] Invoking command in '/home/jason/Desktop/navi/build/velodyne_gazebo_plugins': CMAKE_PREFIX_PATH=${CMAKE_PREFIX_PATH}:/opt/ros/humble /usr/bin/cmake --install /home/jason/Desktop/navi/build/velodyne_gazebo_plugins
[54.742s] -- Install configuration: "Release"
[54.742s] -- Execute custom install script
[54.744s] -- Up-to-date symlink: /home/jason/Desktop/navi/install/velodyne_gazebo_plugins/lib/libgazebo_ros_velodyne_laser.so
[54.744s] -- Up-to-date symlink: /home/jason/Desktop/navi/install/velodyne_gazebo_plugins/include/velodyne_gazebo_plugins/GazeboRosVelodyneLaser.hpp
[54.744s] -- Up-to-date symlink: /home/jason/Desktop/navi/install/velodyne_gazebo_plugins/share/velodyne_gazebo_plugins/environment/library_path.sh
[54.745s] -- Up-to-date symlink: /home/jason/Desktop/navi/install/velodyne_gazebo_plugins/share/velodyne_gazebo_plugins/environment/library_path.dsv
[54.745s] -- Up-to-date symlink: /home/jason/Desktop/navi/install/velodyne_gazebo_plugins/share/ament_index/resource_index/package_run_dependencies/velodyne_gazebo_plugins
[54.745s] -- Up-to-date symlink: /home/jason/Desktop/navi/install/velodyne_gazebo_plugins/share/ament_index/resource_index/parent_prefix_path/velodyne_gazebo_plugins
[54.746s] -- Up-to-date symlink: /home/jason/Desktop/navi/install/velodyne_gazebo_plugins/share/velodyne_gazebo_plugins/environment/ament_prefix_path.sh
[54.746s] -- Up-to-date symlink: /home/jason/Desktop/navi/install/velodyne_gazebo_plugins/share/velodyne_gazebo_plugins/environment/ament_prefix_path.dsv
[54.746s] -- Up-to-date symlink: /home/jason/Desktop/navi/install/velodyne_gazebo_plugins/share/velodyne_gazebo_plugins/environment/path.sh
[54.746s] -- Up-to-date symlink: /home/jason/Desktop/navi/install/velodyne_gazebo_plugins/share/velodyne_gazebo_plugins/environment/path.dsv
[54.747s] -- Up-to-date symlink: /home/jason/Desktop/navi/install/velodyne_gazebo_plugins/share/velodyne_gazebo_plugins/local_setup.bash
[54.747s] -- Up-to-date symlink: /home/jason/Desktop/navi/install/velodyne_gazebo_plugins/share/velodyne_gazebo_plugins/local_setup.sh
[54.747s] -- Up-to-date symlink: /home/jason/Desktop/navi/install/velodyne_gazebo_plugins/share/velodyne_gazebo_plugins/local_setup.zsh
[54.749s] -- Up-to-date symlink: /home/jason/Desktop/navi/install/velodyne_gazebo_plugins/share/velodyne_gazebo_plugins/local_setup.dsv
[54.749s] -- Symlinking: /home/jason/Desktop/navi/install/velodyne_gazebo_plugins/share/velodyne_gazebo_plugins/package.dsv
[54.749s] -- Up-to-date symlink: /home/jason/Desktop/navi/install/velodyne_gazebo_plugins/share/ament_index/resource_index/packages/velodyne_gazebo_plugins
[54.750s] -- Up-to-date symlink: /home/jason/Desktop/navi/install/velodyne_gazebo_plugins/share/velodyne_gazebo_plugins/cmake/ament_cmake_export_include_directories-extras.cmake
[54.750s] -- Up-to-date symlink: /home/jason/Desktop/navi/install/velodyne_gazebo_plugins/share/velodyne_gazebo_plugins/cmake/ament_cmake_export_libraries-extras.cmake
[54.750s] -- Up-to-date symlink: /home/jason/Desktop/navi/install/velodyne_gazebo_plugins/share/velodyne_gazebo_plugins/cmake/ament_cmake_export_dependencies-extras.cmake
[54.750s] -- Up-to-date symlink: /home/jason/Desktop/navi/install/velodyne_gazebo_plugins/share/velodyne_gazebo_plugins/cmake/velodyne_gazebo_pluginsConfig.cmake
[54.750s] -- Up-to-date symlink: /home/jason/Desktop/navi/install/velodyne_gazebo_plugins/share/velodyne_gazebo_plugins/cmake/velodyne_gazebo_pluginsConfig-version.cmake
[54.750s] -- Up-to-date symlink: /home/jason/Desktop/navi/install/velodyne_gazebo_plugins/share/velodyne_gazebo_plugins/package.xml
[54.751s] Invoked command in '/home/jason/Desktop/navi/build/velodyne_gazebo_plugins' returned '0': CMAKE_PREFIX_PATH=${CMAKE_PREFIX_PATH}:/opt/ros/humble /usr/bin/cmake --install /home/jason/Desktop/navi/build/velodyne_gazebo_plugins
