[0.073s] Invoking command in '/home/jason/Desktop/navi/build/terrain_analysis': CMAKE_PREFIX_PATH=${CMAKE_PREFIX_PATH}:/opt/ros/humble /usr/bin/cmake /home/jason/Desktop/navi/src/local_planner/autonomous_exploration_development_environment/src/terrain_analysis -DAMENT_CMAKE_SYMLINK_INSTALL=1 -DCMAKE_INSTALL_PREFIX=/home/jason/Desktop/navi/install/terrain_analysis
[0.194s] -- Found ament_cmake: 1.3.8 (/opt/ros/humble/share/ament_cmake/cmake)
[0.306s] -- Override CMake install command with custom implementation using symlinks instead of copying resources
[0.328s] -- Found rclcpp: 16.0.8 (/opt/ros/humble/share/rclcpp/cmake)
[0.363s] -- Found rosidl_generator_c: 3.1.5 (/opt/ros/humble/share/rosidl_generator_c/cmake)
[0.366s] -- Found rosidl_adapter: 3.1.5 (/opt/ros/humble/share/rosidl_adapter/cmake)
[0.375s] -- Found rosidl_generator_cpp: 3.1.5 (/opt/ros/humble/share/rosidl_generator_cpp/cmake)
[0.395s] -- Using all available rosidl_typesupport_c: rosidl_typesupport_fastrtps_c;rosidl_typesupport_introspection_c
[0.424s] -- Using all available rosidl_typesupport_cpp: rosidl_typesupport_fastrtps_cpp;rosidl_typesupport_introspection_cpp
[0.539s] -- Found rmw_implementation_cmake: 6.1.1 (/opt/ros/humble/share/rmw_implementation_cmake/cmake)
[0.542s] -- Found rmw_fastrtps_cpp: 6.2.6 (/opt/ros/humble/share/rmw_fastrtps_cpp/cmake)
[0.728s] -- Using RMW implementation 'rmw_fastrtps_cpp' as default
[0.967s] -- Found nav_msgs: 4.2.3 (/opt/ros/humble/share/nav_msgs/cmake)
[1.156s] -- Found sensor_msgs: 4.2.3 (/opt/ros/humble/share/sensor_msgs/cmake)
[1.286s] -- Found tf2_ros: 0.25.6 (/opt/ros/humble/share/tf2_ros/cmake)
[1.787s] -- Found tf2_geometry_msgs: 0.25.6 (/opt/ros/humble/share/tf2_geometry_msgs/cmake)
[1.793s] -- Found eigen3_cmake_module: 0.1.1 (/opt/ros/humble/share/eigen3_cmake_module/cmake)
[1.796s] -- Ensuring Eigen3 include directory is part of orocos-kdl CMake target
[1.810s] -- Found pcl_conversions: 2.4.0 (/opt/ros/humble/share/pcl_conversions/cmake)
[1.996s] -- Found pcl_ros: 2.4.0 (/opt/ros/humble/share/pcl_ros/cmake)
[2.205s] -- Eigen found (include: /usr/include/eigen3, version: 3.4.0)
[2.245s] -- FLANN found (include: /usr/include, lib: /usr/lib/x86_64-linux-gnu/libflann_cpp.so)
[2.659s] -- OpenNI found (version: 1.5.4.0, include: /usr/include/ni, lib: /usr/lib/libOpenNI.so;libusb::libusb)
[2.692s] -- OpenNI2 found (version: 2.2.0.33, include: /usr/include/openni2, lib: /usr/lib/x86_64-linux-gnu/libOpenNI2.so;libusb::libusb)
[2.911s] -- Eigen found (include: /usr/include/eigen3, version: 3.4.0)
[2.920s] -- OpenNI found (version: 1.5.4.0, include: /usr/include/ni, lib: /usr/lib/libOpenNI.so;libusb::libusb)
[2.928s] -- OpenNI2 found (version: 2.2.0.33, include: /usr/include/openni2, lib: /usr/lib/x86_64-linux-gnu/libOpenNI2.so;libusb::libusb)
[3.148s] -- Found Qhull version 8.0.2
[3.318s] -- OpenNI found (version: 1.5.4.0, include: /usr/include/ni, lib: /usr/lib/libOpenNI.so;libusb::libusb)
[3.635s] -- Found ament_lint_auto: 0.12.10 (/opt/ros/humble/share/ament_lint_auto/cmake)
[3.747s] -- Added test 'copyright' to check source files copyright and LICENSE
[3.747s] -- Added test 'cppcheck' to perform static code analysis on C / C++ code
[3.747s] -- Configured cppcheck include dirs: 
[3.747s] -- Configured cppcheck exclude dirs and/or files: 
[3.747s] -- Added test 'cpplint' to check C / C++ code against the Google style
[3.747s] -- Configured cpplint exclude dirs and/or files: 
[3.748s] -- Added test 'lint_cmake' to check CMake code style
[3.749s] -- Added test 'uncrustify' to check C / C++ code style
[3.749s] -- Configured uncrustify additional arguments: 
[3.749s] -- Added test 'xmllint' to check XML markup files
[3.751s] -- Configuring done
[3.795s] -- Generating done
[3.799s] -- Build files have been written to: /home/jason/Desktop/navi/build/terrain_analysis
[3.819s] Invoked command in '/home/jason/Desktop/navi/build/terrain_analysis' returned '0': CMAKE_PREFIX_PATH=${CMAKE_PREFIX_PATH}:/opt/ros/humble /usr/bin/cmake /home/jason/Desktop/navi/src/local_planner/autonomous_exploration_development_environment/src/terrain_analysis -DAMENT_CMAKE_SYMLINK_INSTALL=1 -DCMAKE_INSTALL_PREFIX=/home/jason/Desktop/navi/install/terrain_analysis
[3.821s] Invoking command in '/home/jason/Desktop/navi/build/terrain_analysis': CMAKE_PREFIX_PATH=${CMAKE_PREFIX_PATH}:/opt/ros/humble /usr/bin/cmake --build /home/jason/Desktop/navi/build/terrain_analysis -- -j20 -l20
[3.867s] [35m[1mConsolidate compiler generated dependencies of target terrainAnalysis[0m
[3.902s] [100%] Built target terrainAnalysis
[3.915s] Invoked command in '/home/jason/Desktop/navi/build/terrain_analysis' returned '0': CMAKE_PREFIX_PATH=${CMAKE_PREFIX_PATH}:/opt/ros/humble /usr/bin/cmake --build /home/jason/Desktop/navi/build/terrain_analysis -- -j20 -l20
[3.955s] Invoking command in '/home/jason/Desktop/navi/build/terrain_analysis': CMAKE_PREFIX_PATH=${CMAKE_PREFIX_PATH}:/opt/ros/humble /usr/bin/cmake --install /home/jason/Desktop/navi/build/terrain_analysis
[3.965s] -- Install configuration: "Release"
[3.966s] -- Execute custom install script
[3.966s] -- Up-to-date symlink: /home/jason/Desktop/navi/install/terrain_analysis/lib/terrain_analysis/terrainAnalysis
[3.966s] -- Up-to-date symlink: /home/jason/Desktop/navi/install/terrain_analysis/share/terrain_analysis/launch/terrain_analysis.launch
[3.967s] -- Up-to-date symlink: /home/jason/Desktop/navi/install/terrain_analysis/share/ament_index/resource_index/package_run_dependencies/terrain_analysis
[3.967s] -- Up-to-date symlink: /home/jason/Desktop/navi/install/terrain_analysis/share/ament_index/resource_index/parent_prefix_path/terrain_analysis
[3.967s] -- Up-to-date symlink: /home/jason/Desktop/navi/install/terrain_analysis/share/terrain_analysis/environment/ament_prefix_path.sh
[3.967s] -- Up-to-date symlink: /home/jason/Desktop/navi/install/terrain_analysis/share/terrain_analysis/environment/ament_prefix_path.dsv
[3.967s] -- Up-to-date symlink: /home/jason/Desktop/navi/install/terrain_analysis/share/terrain_analysis/environment/path.sh
[3.968s] -- Up-to-date symlink: /home/jason/Desktop/navi/install/terrain_analysis/share/terrain_analysis/environment/path.dsv
[3.968s] -- Up-to-date symlink: /home/jason/Desktop/navi/install/terrain_analysis/share/terrain_analysis/local_setup.bash
[3.968s] -- Up-to-date symlink: /home/jason/Desktop/navi/install/terrain_analysis/share/terrain_analysis/local_setup.sh
[3.968s] -- Up-to-date symlink: /home/jason/Desktop/navi/install/terrain_analysis/share/terrain_analysis/local_setup.zsh
[3.968s] -- Up-to-date symlink: /home/jason/Desktop/navi/install/terrain_analysis/share/terrain_analysis/local_setup.dsv
[3.969s] -- Symlinking: /home/jason/Desktop/navi/install/terrain_analysis/share/terrain_analysis/package.dsv
[3.977s] -- Up-to-date symlink: /home/jason/Desktop/navi/install/terrain_analysis/share/ament_index/resource_index/packages/terrain_analysis
[3.977s] -- Up-to-date symlink: /home/jason/Desktop/navi/install/terrain_analysis/share/terrain_analysis/cmake/terrain_analysisConfig.cmake
[3.977s] -- Up-to-date symlink: /home/jason/Desktop/navi/install/terrain_analysis/share/terrain_analysis/cmake/terrain_analysisConfig-version.cmake
[3.977s] -- Up-to-date symlink: /home/jason/Desktop/navi/install/terrain_analysis/share/terrain_analysis/package.xml
[3.980s] Invoked command in '/home/jason/Desktop/navi/build/terrain_analysis' returned '0': CMAKE_PREFIX_PATH=${CMAKE_PREFIX_PATH}:/opt/ros/humble /usr/bin/cmake --install /home/jason/Desktop/navi/build/terrain_analysis
