[0.084s] Invoking command in '/home/jason/Desktop/navi/build/terrain_analysis': CMAKE_PREFIX_PATH=/opt/ros/humble /usr/bin/cmake /home/jason/Desktop/navi/src/local_planner/autonomous_exploration_development_environment/src/terrain_analysis -DCMAKE_BUILD_TYPE=Release -DAMENT_CMAKE_SYMLINK_INSTALL=1 -DCMAKE_INSTALL_PREFIX=/home/jason/Desktop/navi/install/terrain_analysis
[0.368s] -- The C compiler identification is GNU 11.4.0
[0.529s] -- The CXX compiler identification is GNU 11.4.0
[0.545s] -- Detecting C compiler ABI info
[0.913s] -- Detecting C compiler ABI info - done
[0.956s] -- Check for working C compiler: /usr/bin/cc - skipped
[0.956s] -- Detecting C compile features
[0.957s] -- Detecting C compile features - done
[0.965s] -- Detecting CXX compiler ABI info
[1.297s] -- Detecting CXX compiler ABI info - done
[1.323s] -- Check for working CXX compiler: /usr/bin/c++ - skipped
[1.323s] -- Detecting CXX compile features
[1.324s] -- Detecting CXX compile features - done
[1.342s] -- Found ament_cmake: 1.3.8 (/opt/ros/humble/share/ament_cmake/cmake)
[2.049s] -- Found Python3: /usr/bin/python3 (found version "3.10.12") found components: Interpreter 
[2.202s] -- Override CMake install command with custom implementation using symlinks instead of copying resources
[2.291s] -- Found rclcpp: 16.0.8 (/opt/ros/humble/share/rclcpp/cmake)
[2.496s] -- Found rosidl_generator_c: 3.1.5 (/opt/ros/humble/share/rosidl_generator_c/cmake)
[2.525s] -- Found rosidl_adapter: 3.1.5 (/opt/ros/humble/share/rosidl_adapter/cmake)
[2.562s] -- Found rosidl_generator_cpp: 3.1.5 (/opt/ros/humble/share/rosidl_generator_cpp/cmake)
[2.643s] -- Using all available rosidl_typesupport_c: rosidl_typesupport_fastrtps_c;rosidl_typesupport_introspection_c
[2.743s] -- Using all available rosidl_typesupport_cpp: rosidl_typesupport_fastrtps_cpp;rosidl_typesupport_introspection_cpp
[3.094s] -- Found rmw_implementation_cmake: 6.1.1 (/opt/ros/humble/share/rmw_implementation_cmake/cmake)
[3.101s] -- Found rmw_fastrtps_cpp: 6.2.6 (/opt/ros/humble/share/rmw_fastrtps_cpp/cmake)
[3.577s] -- Found OpenSSL: /usr/lib/x86_64-linux-gnu/libcrypto.so (found version "3.0.2")  
[3.675s] -- Found FastRTPS: /opt/ros/humble/include  
[3.803s] -- Using RMW implementation 'rmw_fastrtps_cpp' as default
[3.828s] -- Looking for pthread.h
[4.107s] -- Looking for pthread.h - found
[4.108s] -- Performing Test CMAKE_HAVE_LIBC_PTHREAD
[4.389s] -- Performing Test CMAKE_HAVE_LIBC_PTHREAD - Success
[4.392s] -- Found Threads: TRUE  
[4.966s] -- Found nav_msgs: 4.2.3 (/opt/ros/humble/share/nav_msgs/cmake)
[5.285s] -- Found sensor_msgs: 4.2.3 (/opt/ros/humble/share/sensor_msgs/cmake)
[5.501s] -- Found tf2_ros: 0.25.6 (/opt/ros/humble/share/tf2_ros/cmake)
[6.458s] -- Found tf2_geometry_msgs: 0.25.6 (/opt/ros/humble/share/tf2_geometry_msgs/cmake)
[6.502s] -- Found eigen3_cmake_module: 0.1.1 (/opt/ros/humble/share/eigen3_cmake_module/cmake)
[6.506s] -- Found Eigen3: TRUE (found version "3.4.0") 
[6.507s] -- Ensuring Eigen3 include directory is part of orocos-kdl CMake target
[6.539s] -- Found pcl_conversions: 2.4.0 (/opt/ros/humble/share/pcl_conversions/cmake)
[6.880s] -- Found pcl_ros: 2.4.0 (/opt/ros/humble/share/pcl_ros/cmake)
[7.257s] -- Checking for module 'eigen3'
[7.353s] --   Found eigen3, version 3.4.0
[7.552s] -- Found Eigen: /usr/include/eigen3 (Required is at least version "3.1") 
[7.552s] -- Eigen found (include: /usr/include/eigen3, version: 3.4.0)
[7.672s] -- Checking for module 'flann'
[7.744s] --   Found flann, version 1.9.1
[7.903s] -- Found FLANN: /usr/lib/x86_64-linux-gnu/libflann_cpp.so  
[7.904s] -- FLANN found (include: /usr/include, lib: /usr/lib/x86_64-linux-gnu/libflann_cpp.so)
[10.850s] -- Checking for module 'libusb-1.0'
[10.878s] --   Found libusb-1.0, version 1.0.25
[10.956s] -- Found libusb: /usr/lib/x86_64-linux-gnu/libusb-1.0.so  
[10.959s] -- OpenNI found (version: 1.5.4.0, include: /usr/include/ni, lib: /usr/lib/libOpenNI.so;libusb::libusb)
[11.134s] -- OpenNI2 found (version: 2.2.0.33, include: /usr/include/openni2, lib: /usr/lib/x86_64-linux-gnu/libOpenNI2.so;libusb::libusb)
[11.553s] -- Eigen found (include: /usr/include/eigen3, version: 3.4.0)
[11.570s] -- OpenNI found (version: 1.5.4.0, include: /usr/include/ni, lib: /usr/lib/libOpenNI.so;libusb::libusb)
[11.587s] -- OpenNI2 found (version: 2.2.0.33, include: /usr/include/openni2, lib: /usr/lib/x86_64-linux-gnu/libOpenNI2.so;libusb::libusb)
[12.021s] -- Found Qhull version 8.0.2
[12.511s] -- OpenNI found (version: 1.5.4.0, include: /usr/include/ni, lib: /usr/lib/libOpenNI.so;libusb::libusb)
[12.962s] -- Found PCL_COMMON: /usr/lib/x86_64-linux-gnu/libpcl_common.so  
[12.962s] -- Found PCL_KDTREE: /usr/lib/x86_64-linux-gnu/libpcl_kdtree.so  
[12.963s] -- Found PCL_OCTREE: /usr/lib/x86_64-linux-gnu/libpcl_octree.so  
[12.963s] -- Found PCL_SEARCH: /usr/lib/x86_64-linux-gnu/libpcl_search.so  
[12.963s] -- Found PCL_SAMPLE_CONSENSUS: /usr/lib/x86_64-linux-gnu/libpcl_sample_consensus.so  
[12.963s] -- Found PCL_FILTERS: /usr/lib/x86_64-linux-gnu/libpcl_filters.so  
[12.963s] -- Found PCL_2D: /usr/include/pcl-1.12  
[12.963s] -- Found PCL_GEOMETRY: /usr/include/pcl-1.12  
[12.963s] -- Found PCL_IO: /usr/lib/x86_64-linux-gnu/libpcl_io.so  
[12.963s] -- Found PCL_FEATURES: /usr/lib/x86_64-linux-gnu/libpcl_features.so  
[12.965s] -- Found PCL_ML: /usr/lib/x86_64-linux-gnu/libpcl_ml.so  
[12.966s] -- Found PCL_SEGMENTATION: /usr/lib/x86_64-linux-gnu/libpcl_segmentation.so  
[12.967s] -- Found PCL_VISUALIZATION: /usr/lib/x86_64-linux-gnu/libpcl_visualization.so  
[12.970s] -- Found PCL_SURFACE: /usr/lib/x86_64-linux-gnu/libpcl_surface.so  
[12.983s] -- Found PCL_REGISTRATION: /usr/lib/x86_64-linux-gnu/libpcl_registration.so  
[12.983s] -- Found PCL_KEYPOINTS: /usr/lib/x86_64-linux-gnu/libpcl_keypoints.so  
[12.983s] -- Found PCL_TRACKING: /usr/lib/x86_64-linux-gnu/libpcl_tracking.so  
[12.989s] -- Found PCL_RECOGNITION: /usr/lib/x86_64-linux-gnu/libpcl_recognition.so  
[12.992s] -- Found PCL_STEREO: /usr/lib/x86_64-linux-gnu/libpcl_stereo.so  
[12.995s] -- Found PCL_APPS: /usr/lib/x86_64-linux-gnu/libpcl_apps.so  
[12.998s] -- Found PCL_IN_HAND_SCANNER: /usr/include/pcl-1.12  
[12.998s] -- Found PCL_MODELER: /usr/include/pcl-1.12  
[12.999s] -- Found PCL_POINT_CLOUD_EDITOR: /usr/include/pcl-1.12  
[13.002s] -- Found PCL_OUTOFCORE: /usr/lib/x86_64-linux-gnu/libpcl_outofcore.so  
[13.005s] -- Found PCL_PEOPLE: /usr/lib/x86_64-linux-gnu/libpcl_people.so  
[13.186s] -- Found ament_lint_auto: 0.12.10 (/opt/ros/humble/share/ament_lint_auto/cmake)
[13.386s] -- Added test 'copyright' to check source files copyright and LICENSE
[13.388s] -- Added test 'cppcheck' to perform static code analysis on C / C++ code
[13.389s] -- Configured cppcheck include dirs: 
[13.390s] -- Configured cppcheck exclude dirs and/or files: 
[13.392s] -- Added test 'cpplint' to check C / C++ code against the Google style
[13.392s] -- Configured cpplint exclude dirs and/or files: 
[13.394s] -- Added test 'lint_cmake' to check CMake code style
[13.397s] -- Added test 'uncrustify' to check C / C++ code style
[13.397s] -- Configured uncrustify additional arguments: 
[13.399s] -- Added test 'xmllint' to check XML markup files
[13.402s] -- Configuring done
[13.512s] -- Generating done
[13.519s] -- Build files have been written to: /home/jason/Desktop/navi/build/terrain_analysis
[13.582s] Invoked command in '/home/jason/Desktop/navi/build/terrain_analysis' returned '0': CMAKE_PREFIX_PATH=/opt/ros/humble /usr/bin/cmake /home/jason/Desktop/navi/src/local_planner/autonomous_exploration_development_environment/src/terrain_analysis -DCMAKE_BUILD_TYPE=Release -DAMENT_CMAKE_SYMLINK_INSTALL=1 -DCMAKE_INSTALL_PREFIX=/home/jason/Desktop/navi/install/terrain_analysis
[13.583s] Invoking command in '/home/jason/Desktop/navi/build/terrain_analysis': CMAKE_PREFIX_PATH=/opt/ros/humble /usr/bin/cmake --build /home/jason/Desktop/navi/build/terrain_analysis -- -j20 -l20
[14.234s] [ 50%] [32mBuilding CXX object CMakeFiles/terrainAnalysis.dir/src/terrainAnalysis.cpp.o[0m
[39.233s] [01m[K/home/jason/Desktop/navi/src/local_planner/autonomous_exploration_development_environment/src/terrain_analysis/src/terrainAnalysis.cpp:[m[K In function ‘[01m[Kint main(int, char**)[m[K’:
[39.233s] [01m[K/home/jason/Desktop/navi/src/local_planner/autonomous_exploration_development_environment/src/terrain_analysis/src/terrainAnalysis.cpp:485:43:[m[K [01;35m[Kwarning: [m[Ksuggest parentheses around ‘[01m[K&&[m[K’ within ‘[01m[K||[m[K’ [[01;35m[K]8;;https://gcc.gnu.org/onlinedocs/gcc/Warning-Options.html#index-Wparentheses-Wparentheses]8;;[m[K]
[39.233s]   485 |                 if ([01;35m[Kangle4 > minDyObsVFOV && angle4 < maxDyObsVFOV[m[K || fabs(pointZ4) < absDyObsRelZThre) {
[39.234s]       |                     [01;35m[K~~~~~~~~~~~~~~~~~~~~~~^~~~~~~~~~~~~~~~~~~~~~~~[m[K
[84.363s] [100%] [32m[1mLinking CXX executable terrainAnalysis[0m
[85.352s] [100%] Built target terrainAnalysis
[85.372s] Invoked command in '/home/jason/Desktop/navi/build/terrain_analysis' returned '0': CMAKE_PREFIX_PATH=/opt/ros/humble /usr/bin/cmake --build /home/jason/Desktop/navi/build/terrain_analysis -- -j20 -l20
[85.416s] Invoking command in '/home/jason/Desktop/navi/build/terrain_analysis': CMAKE_PREFIX_PATH=/opt/ros/humble /usr/bin/cmake --install /home/jason/Desktop/navi/build/terrain_analysis
[85.429s] -- Install configuration: "Release"
[85.430s] -- Execute custom install script
[85.431s] -- Symlinking: /home/jason/Desktop/navi/install/terrain_analysis/lib/terrain_analysis/terrainAnalysis
[85.448s] -- Symlinking: /home/jason/Desktop/navi/install/terrain_analysis/share/terrain_analysis/launch/terrain_analysis.launch
[85.463s] -- Symlinking: /home/jason/Desktop/navi/install/terrain_analysis/share/ament_index/resource_index/package_run_dependencies/terrain_analysis
[85.480s] -- Symlinking: /home/jason/Desktop/navi/install/terrain_analysis/share/ament_index/resource_index/parent_prefix_path/terrain_analysis
[85.491s] -- Symlinking: /home/jason/Desktop/navi/install/terrain_analysis/share/terrain_analysis/environment/ament_prefix_path.sh
[85.502s] -- Symlinking: /home/jason/Desktop/navi/install/terrain_analysis/share/terrain_analysis/environment/ament_prefix_path.dsv
[85.513s] -- Symlinking: /home/jason/Desktop/navi/install/terrain_analysis/share/terrain_analysis/environment/path.sh
[85.524s] -- Symlinking: /home/jason/Desktop/navi/install/terrain_analysis/share/terrain_analysis/environment/path.dsv
[85.535s] -- Symlinking: /home/jason/Desktop/navi/install/terrain_analysis/share/terrain_analysis/local_setup.bash
[85.553s] -- Symlinking: /home/jason/Desktop/navi/install/terrain_analysis/share/terrain_analysis/local_setup.sh
[85.568s] -- Symlinking: /home/jason/Desktop/navi/install/terrain_analysis/share/terrain_analysis/local_setup.zsh
[85.580s] -- Symlinking: /home/jason/Desktop/navi/install/terrain_analysis/share/terrain_analysis/local_setup.dsv
[85.590s] -- Symlinking: /home/jason/Desktop/navi/install/terrain_analysis/share/terrain_analysis/package.dsv
[85.600s] -- Symlinking: /home/jason/Desktop/navi/install/terrain_analysis/share/ament_index/resource_index/packages/terrain_analysis
[85.612s] -- Symlinking: /home/jason/Desktop/navi/install/terrain_analysis/share/terrain_analysis/cmake/terrain_analysisConfig.cmake
[85.623s] -- Symlinking: /home/jason/Desktop/navi/install/terrain_analysis/share/terrain_analysis/cmake/terrain_analysisConfig-version.cmake
[85.634s] -- Symlinking: /home/jason/Desktop/navi/install/terrain_analysis/share/terrain_analysis/package.xml
[85.647s] Invoked command in '/home/jason/Desktop/navi/build/terrain_analysis' returned '0': CMAKE_PREFIX_PATH=/opt/ros/humble /usr/bin/cmake --install /home/jason/Desktop/navi/build/terrain_analysis
