[0.069s] Invoking command in '/home/jason/Desktop/navi/build/visualization_tools': CMAKE_PREFIX_PATH=${CMAKE_PREFIX_PATH}:/opt/ros/humble /usr/bin/cmake /home/jason/Desktop/navi/src/local_planner/autonomous_exploration_development_environment/src/visualization_tools -DCMAKE_INSTALL_PREFIX=/home/jason/Desktop/navi/install/visualization_tools
[1.320s] -- Found ament_cmake: 1.3.8 (/opt/ros/humble/share/ament_cmake/cmake)
[1.320s] -- Override CMake install command with custom implementation using symlinks instead of copying resources
[1.320s] -- Found rclcpp: 16.0.8 (/opt/ros/humble/share/rclcpp/cmake)
[1.320s] -- Found rosidl_generator_c: 3.1.5 (/opt/ros/humble/share/rosidl_generator_c/cmake)
[1.320s] -- Found rosidl_adapter: 3.1.5 (/opt/ros/humble/share/rosidl_adapter/cmake)
[1.320s] -- Found rosidl_generator_cpp: 3.1.5 (/opt/ros/humble/share/rosidl_generator_cpp/cmake)
[1.320s] -- Using all available rosidl_typesupport_c: rosidl_typesupport_fastrtps_c;rosidl_typesupport_introspection_c
[1.320s] -- Using all available rosidl_typesupport_cpp: rosidl_typesupport_fastrtps_cpp;rosidl_typesupport_introspection_cpp
[1.321s] -- Found rmw_implementation_cmake: 6.1.1 (/opt/ros/humble/share/rmw_implementation_cmake/cmake)
[1.321s] -- Found rmw_fastrtps_cpp: 6.2.6 (/opt/ros/humble/share/rmw_fastrtps_cpp/cmake)
[1.321s] -- Using RMW implementation 'rmw_fastrtps_cpp' as default
[1.321s] -- Found rclpy: 3.3.12 (/opt/ros/humble/share/rclpy/cmake)
[1.321s] -- Found nav_msgs: 4.2.3 (/opt/ros/humble/share/nav_msgs/cmake)
[1.321s] -- Found sensor_msgs: 4.2.3 (/opt/ros/humble/share/sensor_msgs/cmake)
[1.321s] -- Found tf2_ros: 0.25.6 (/opt/ros/humble/share/tf2_ros/cmake)
[1.579s] -- Found tf2_geometry_msgs: 0.25.6 (/opt/ros/humble/share/tf2_geometry_msgs/cmake)
[1.586s] -- Found eigen3_cmake_module: 0.1.1 (/opt/ros/humble/share/eigen3_cmake_module/cmake)
[1.587s] -- Ensuring Eigen3 include directory is part of orocos-kdl CMake target
[1.602s] -- Found pcl_conversions: 2.4.0 (/opt/ros/humble/share/pcl_conversions/cmake)
[1.764s] -- Found pcl_ros: 2.4.0 (/opt/ros/humble/share/pcl_ros/cmake)
[1.945s] -- Eigen found (include: /usr/include/eigen3, version: 3.4.0)
[1.982s] -- FLANN found (include: /usr/include, lib: /usr/lib/x86_64-linux-gnu/libflann_cpp.so)
[2.491s] -- OpenNI found (version: 1.5.4.0, include: /usr/include/ni, lib: /usr/lib/libOpenNI.so;libusb::libusb)
[2.501s] -- OpenNI2 found (version: 2.2.0.33, include: /usr/include/openni2, lib: /usr/lib/x86_64-linux-gnu/libOpenNI2.so;libusb::libusb)
[2.755s] -- Eigen found (include: /usr/include/eigen3, version: 3.4.0)
[2.764s] -- OpenNI found (version: 1.5.4.0, include: /usr/include/ni, lib: /usr/lib/libOpenNI.so;libusb::libusb)
[2.774s] -- OpenNI2 found (version: 2.2.0.33, include: /usr/include/openni2, lib: /usr/lib/x86_64-linux-gnu/libOpenNI2.so;libusb::libusb)
[2.990s] -- Found Qhull version 8.0.2
[3.240s] -- OpenNI found (version: 1.5.4.0, include: /usr/include/ni, lib: /usr/lib/libOpenNI.so;libusb::libusb)
[3.822s] -- Found ament_lint_auto: 0.12.10 (/opt/ros/humble/share/ament_lint_auto/cmake)
[4.039s] -- Added test 'copyright' to check source files copyright and LICENSE
[4.042s] -- Added test 'cppcheck' to perform static code analysis on C / C++ code
[4.043s] -- Configured cppcheck include dirs: 
[4.043s] -- Configured cppcheck exclude dirs and/or files: 
[4.048s] -- Added test 'cpplint' to check C / C++ code against the Google style
[4.048s] -- Configured cpplint exclude dirs and/or files: 
[4.049s] -- Added test 'flake8' to check Python code syntax and style conventions
[4.050s] -- Added test 'lint_cmake' to check CMake code style
[4.051s] -- Added test 'pep257' to check Python code against some of the docstring style conventions in PEP 257
[4.059s] -- Added test 'uncrustify' to check C / C++ code style
[4.059s] -- Configured uncrustify additional arguments: 
[4.060s] -- Added test 'xmllint' to check XML markup files
[4.067s] -- Configuring done
[4.214s] -- Generating done
[4.230s] -- Build files have been written to: /home/jason/Desktop/navi/build/visualization_tools
[4.306s] Invoked command in '/home/jason/Desktop/navi/build/visualization_tools' returned '0': CMAKE_PREFIX_PATH=${CMAKE_PREFIX_PATH}:/opt/ros/humble /usr/bin/cmake /home/jason/Desktop/navi/src/local_planner/autonomous_exploration_development_environment/src/visualization_tools -DCMAKE_INSTALL_PREFIX=/home/jason/Desktop/navi/install/visualization_tools
[4.307s] Invoking command in '/home/jason/Desktop/navi/build/visualization_tools': CMAKE_PREFIX_PATH=${CMAKE_PREFIX_PATH}:/opt/ros/humble /usr/bin/cmake --build /home/jason/Desktop/navi/build/visualization_tools -- -j20 -l20
[4.679s] [35m[1mConsolidate compiler generated dependencies of target visualizationTools[0m
[4.680s] [  0%] Built target ament_cmake_python_symlink_visualization_tools
[4.680s] [ 50%] [32mBuilding CXX object CMakeFiles/visualizationTools.dir/src/visualizationTools.cpp.o[0m
[5.105s] running egg_info
[5.105s] writing visualization_tools.egg-info/PKG-INFO
[5.110s] writing dependency_links to visualization_tools.egg-info/dependency_links.txt
[5.110s] writing top-level names to visualization_tools.egg-info/top_level.txt
[5.125s] reading manifest file 'visualization_tools.egg-info/SOURCES.txt'
[5.125s] writing manifest file 'visualization_tools.egg-info/SOURCES.txt'
[5.205s] [ 50%] Built target ament_cmake_python_build_visualization_tools_egg
[18.992s] gmake[2]: *** wait: No child processes.  Stop.
[18.992s] gmake[2]: *** Waiting for unfinished jobs....
[18.992s] gmake[2]: *** wait: No child processes.  Stop.
[19.020s] gmake[1]: *** wait: No child processes.  Stop.
[19.022s] gmake[1]: *** Waiting for unfinished jobs....
[19.022s] gmake[1]: *** wait: No child processes.  Stop.
[19.022s] gmake: *** [Makefile:146: all] Error 2
