[0.072s] Invoking command in '/home/jason/Desktop/navi/build/path2waypoint': CMAKE_PREFIX_PATH=${CMAKE_PREFIX_PATH}:/opt/ros/humble /usr/bin/cmake --build /home/jason/Desktop/navi/build/path2waypoint -- -j20 -l20
[0.140s] [35m[1mConsolidate compiler generated dependencies of target path2waypoint[0m
[0.158s] [100%] Built target path2waypoint
[0.188s] Invoked command in '/home/jason/Desktop/navi/build/path2waypoint' returned '0': CMAKE_PREFIX_PATH=${CMAKE_PREFIX_PATH}:/opt/ros/humble /usr/bin/cmake --build /home/jason/Desktop/navi/build/path2waypoint -- -j20 -l20
[0.291s] Invoking command in '/home/jason/Desktop/navi/build/path2waypoint': CMAKE_PREFIX_PATH=${CMAKE_PREFIX_PATH}:/opt/ros/humble /usr/bin/cmake --install /home/jason/Desktop/navi/build/path2waypoint
[0.307s] -- Install configuration: "Release"
[0.307s] -- Execute custom install script
[0.309s] -- Up-to-date symlink: /home/jason/Desktop/navi/install/path2waypoint/lib/path2waypoint/path2waypoint
[0.309s] -- Up-to-date symlink: /home/jason/Desktop/navi/install/path2waypoint/share/ament_index/resource_index/package_run_dependencies/path2waypoint
[0.309s] -- Up-to-date symlink: /home/jason/Desktop/navi/install/path2waypoint/share/ament_index/resource_index/parent_prefix_path/path2waypoint
[0.314s] -- Up-to-date symlink: /home/jason/Desktop/navi/install/path2waypoint/share/path2waypoint/environment/ament_prefix_path.sh
[0.314s] -- Up-to-date symlink: /home/jason/Desktop/navi/install/path2waypoint/share/path2waypoint/environment/ament_prefix_path.dsv
[0.316s] -- Up-to-date symlink: /home/jason/Desktop/navi/install/path2waypoint/share/path2waypoint/environment/path.sh
[0.316s] -- Up-to-date symlink: /home/jason/Desktop/navi/install/path2waypoint/share/path2waypoint/environment/path.dsv
[0.316s] -- Up-to-date symlink: /home/jason/Desktop/navi/install/path2waypoint/share/path2waypoint/local_setup.bash
[0.316s] -- Up-to-date symlink: /home/jason/Desktop/navi/install/path2waypoint/share/path2waypoint/local_setup.sh
[0.316s] -- Up-to-date symlink: /home/jason/Desktop/navi/install/path2waypoint/share/path2waypoint/local_setup.zsh
[0.316s] -- Up-to-date symlink: /home/jason/Desktop/navi/install/path2waypoint/share/path2waypoint/local_setup.dsv
[0.317s] -- Symlinking: /home/jason/Desktop/navi/install/path2waypoint/share/path2waypoint/package.dsv
[0.327s] -- Up-to-date symlink: /home/jason/Desktop/navi/install/path2waypoint/share/ament_index/resource_index/packages/path2waypoint
[0.328s] -- Up-to-date symlink: /home/jason/Desktop/navi/install/path2waypoint/share/path2waypoint/cmake/path2waypointConfig.cmake
[0.328s] -- Up-to-date symlink: /home/jason/Desktop/navi/install/path2waypoint/share/path2waypoint/cmake/path2waypointConfig-version.cmake
[0.328s] -- Up-to-date symlink: /home/jason/Desktop/navi/install/path2waypoint/share/path2waypoint/package.xml
[0.397s] Invoked command in '/home/jason/Desktop/navi/build/path2waypoint' returned '0': CMAKE_PREFIX_PATH=${CMAKE_PREFIX_PATH}:/opt/ros/humble /usr/bin/cmake --install /home/jason/Desktop/navi/build/path2waypoint
