[0.058s] DEBUG:colcon:Command line arguments: ['/usr/bin/colcon', 'build', '--packages-select', 'fast_lio']
[0.058s] DEBUG:colcon:Parsed command line arguments: Namespace(log_base=None, log_level=None, verb_name='build', build_base='build', install_base='install', merge_install=False, symlink_install=False, test_result_base=None, continue_on_error=False, executor='parallel', parallel_workers=20, event_handlers=None, ignore_user_meta=False, metas=['./colcon.meta'], base_paths=['.'], packages_ignore=None, packages_ignore_regex=None, paths=None, packages_up_to=None, packages_up_to_regex=None, packages_above=None, packages_above_and_dependencies=None, packages_above_depth=None, packages_select_by_dep=None, packages_skip_by_dep=None, packages_skip_up_to=None, packages_select_build_failed=False, packages_skip_build_finished=False, packages_select_test_failures=False, packages_skip_test_passed=False, packages_select=['fast_lio'], packages_skip=None, packages_select_regex=None, packages_skip_regex=None, packages_start=None, packages_end=None, allow_overriding=[], cmake_args=None, cmake_target=None, cmake_target_skip_unavailable=False, cmake_clean_cache=False, cmake_clean_first=False, cmake_force_configure=False, ament_cmake_args=None, catkin_cmake_args=None, catkin_skip_building_tests=False, verb_parser=<colcon_defaults.argument_parser.defaults.DefaultArgumentsDecorator object at 0x7c20f6b2cee0>, verb_extension=<colcon_core.verb.build.BuildVerb object at 0x7c20f6b2cb80>, main=<bound method BuildVerb.main of <colcon_core.verb.build.BuildVerb object at 0x7c20f6b2cb80>>)
[0.161s] Level 1:colcon.colcon_core.package_discovery:discover_packages(colcon_meta) check parameters
[0.161s] Level 1:colcon.colcon_core.package_discovery:discover_packages(recursive) check parameters
[0.161s] Level 1:colcon.colcon_core.package_discovery:discover_packages(ignore) check parameters
[0.161s] Level 1:colcon.colcon_core.package_discovery:discover_packages(path) check parameters
[0.161s] Level 1:colcon.colcon_core.package_discovery:discover_packages(colcon_meta) discover
[0.161s] Level 1:colcon.colcon_core.package_discovery:discover_packages(recursive) discover
[0.161s] INFO:colcon.colcon_core.package_discovery:Crawling recursively for packages in '/home/jason/Desktop/navi'
[0.161s] Level 1:colcon.colcon_core.package_identification:_identify(.) by extensions ['ignore', 'ignore_ament_install']
[0.161s] Level 1:colcon.colcon_core.package_identification:_identify(.) by extension 'ignore'
[0.161s] Level 1:colcon.colcon_core.package_identification:_identify(.) by extension 'ignore_ament_install'
[0.161s] Level 1:colcon.colcon_core.package_identification:_identify(.) by extensions ['colcon_pkg']
[0.161s] Level 1:colcon.colcon_core.package_identification:_identify(.) by extension 'colcon_pkg'
[0.161s] Level 1:colcon.colcon_core.package_identification:_identify(.) by extensions ['colcon_meta']
[0.161s] Level 1:colcon.colcon_core.package_identification:_identify(.) by extension 'colcon_meta'
[0.161s] Level 1:colcon.colcon_core.package_identification:_identify(.) by extensions ['ros']
[0.161s] Level 1:colcon.colcon_core.package_identification:_identify(.) by extension 'ros'
[0.167s] Level 1:colcon.colcon_core.package_identification:_identify(.) by extensions ['cmake', 'python']
[0.167s] Level 1:colcon.colcon_core.package_identification:_identify(.) by extension 'cmake'
[0.167s] Level 1:colcon.colcon_core.package_identification:_identify(.) by extension 'python'
[0.167s] Level 1:colcon.colcon_core.package_identification:_identify(.) by extensions ['python_setup_py']
[0.167s] Level 1:colcon.colcon_core.package_identification:_identify(.) by extension 'python_setup_py'
[0.167s] Level 1:colcon.colcon_core.package_identification:_identify(build) by extensions ['ignore', 'ignore_ament_install']
[0.167s] Level 1:colcon.colcon_core.package_identification:_identify(build) by extension 'ignore'
[0.168s] Level 1:colcon.colcon_core.package_identification:_identify(build) ignored
[0.168s] Level 1:colcon.colcon_core.package_identification:_identify(install) by extensions ['ignore', 'ignore_ament_install']
[0.168s] Level 1:colcon.colcon_core.package_identification:_identify(install) by extension 'ignore'
[0.168s] Level 1:colcon.colcon_core.package_identification:_identify(install) ignored
[0.168s] Level 1:colcon.colcon_core.package_identification:_identify(log) by extensions ['ignore', 'ignore_ament_install']
[0.168s] Level 1:colcon.colcon_core.package_identification:_identify(log) by extension 'ignore'
[0.168s] Level 1:colcon.colcon_core.package_identification:_identify(log) ignored
[0.168s] Level 1:colcon.colcon_core.package_identification:_identify(src) by extensions ['ignore', 'ignore_ament_install']
[0.168s] Level 1:colcon.colcon_core.package_identification:_identify(src) by extension 'ignore'
[0.168s] Level 1:colcon.colcon_core.package_identification:_identify(src) by extension 'ignore_ament_install'
[0.168s] Level 1:colcon.colcon_core.package_identification:_identify(src) by extensions ['colcon_pkg']
[0.168s] Level 1:colcon.colcon_core.package_identification:_identify(src) by extension 'colcon_pkg'
[0.168s] Level 1:colcon.colcon_core.package_identification:_identify(src) by extensions ['colcon_meta']
[0.168s] Level 1:colcon.colcon_core.package_identification:_identify(src) by extension 'colcon_meta'
[0.168s] Level 1:colcon.colcon_core.package_identification:_identify(src) by extensions ['ros']
[0.168s] Level 1:colcon.colcon_core.package_identification:_identify(src) by extension 'ros'
[0.168s] Level 1:colcon.colcon_core.package_identification:_identify(src) by extensions ['cmake', 'python']
[0.168s] Level 1:colcon.colcon_core.package_identification:_identify(src) by extension 'cmake'
[0.168s] Level 1:colcon.colcon_core.package_identification:_identify(src) by extension 'python'
[0.168s] Level 1:colcon.colcon_core.package_identification:_identify(src) by extensions ['python_setup_py']
[0.168s] Level 1:colcon.colcon_core.package_identification:_identify(src) by extension 'python_setup_py'
[0.168s] Level 1:colcon.colcon_core.package_identification:_identify(src/global_planner) by extensions ['ignore', 'ignore_ament_install']
[0.168s] Level 1:colcon.colcon_core.package_identification:_identify(src/global_planner) by extension 'ignore'
[0.168s] Level 1:colcon.colcon_core.package_identification:_identify(src/global_planner) by extension 'ignore_ament_install'
[0.168s] Level 1:colcon.colcon_core.package_identification:_identify(src/global_planner) by extensions ['colcon_pkg']
[0.168s] Level 1:colcon.colcon_core.package_identification:_identify(src/global_planner) by extension 'colcon_pkg'
[0.168s] Level 1:colcon.colcon_core.package_identification:_identify(src/global_planner) by extensions ['colcon_meta']
[0.168s] Level 1:colcon.colcon_core.package_identification:_identify(src/global_planner) by extension 'colcon_meta'
[0.168s] Level 1:colcon.colcon_core.package_identification:_identify(src/global_planner) by extensions ['ros']
[0.168s] Level 1:colcon.colcon_core.package_identification:_identify(src/global_planner) by extension 'ros'
[0.168s] Level 1:colcon.colcon_core.package_identification:_identify(src/global_planner) by extensions ['cmake', 'python']
[0.168s] Level 1:colcon.colcon_core.package_identification:_identify(src/global_planner) by extension 'cmake'
[0.168s] Level 1:colcon.colcon_core.package_identification:_identify(src/global_planner) by extension 'python'
[0.168s] Level 1:colcon.colcon_core.package_identification:_identify(src/global_planner) by extensions ['python_setup_py']
[0.168s] Level 1:colcon.colcon_core.package_identification:_identify(src/global_planner) by extension 'python_setup_py'
[0.168s] Level 1:colcon.colcon_core.package_identification:_identify(src/global_planner/a_star) by extensions ['ignore', 'ignore_ament_install']
[0.168s] Level 1:colcon.colcon_core.package_identification:_identify(src/global_planner/a_star) by extension 'ignore'
[0.168s] Level 1:colcon.colcon_core.package_identification:_identify(src/global_planner/a_star) by extension 'ignore_ament_install'
[0.168s] Level 1:colcon.colcon_core.package_identification:_identify(src/global_planner/a_star) by extensions ['colcon_pkg']
[0.168s] Level 1:colcon.colcon_core.package_identification:_identify(src/global_planner/a_star) by extension 'colcon_pkg'
[0.168s] Level 1:colcon.colcon_core.package_identification:_identify(src/global_planner/a_star) by extensions ['colcon_meta']
[0.168s] Level 1:colcon.colcon_core.package_identification:_identify(src/global_planner/a_star) by extension 'colcon_meta'
[0.168s] Level 1:colcon.colcon_core.package_identification:_identify(src/global_planner/a_star) by extensions ['ros']
[0.169s] Level 1:colcon.colcon_core.package_identification:_identify(src/global_planner/a_star) by extension 'ros'
[0.170s] DEBUG:colcon.colcon_core.package_identification:Package 'src/global_planner/a_star' with type 'ros.ament_cmake' and name 'a_star'
[0.170s] Level 1:colcon.colcon_core.package_identification:_identify(src/global_planner/mapping) by extensions ['ignore', 'ignore_ament_install']
[0.170s] Level 1:colcon.colcon_core.package_identification:_identify(src/global_planner/mapping) by extension 'ignore'
[0.170s] Level 1:colcon.colcon_core.package_identification:_identify(src/global_planner/mapping) by extension 'ignore_ament_install'
[0.170s] Level 1:colcon.colcon_core.package_identification:_identify(src/global_planner/mapping) by extensions ['colcon_pkg']
[0.170s] Level 1:colcon.colcon_core.package_identification:_identify(src/global_planner/mapping) by extension 'colcon_pkg'
[0.170s] Level 1:colcon.colcon_core.package_identification:_identify(src/global_planner/mapping) by extensions ['colcon_meta']
[0.170s] Level 1:colcon.colcon_core.package_identification:_identify(src/global_planner/mapping) by extension 'colcon_meta'
[0.170s] Level 1:colcon.colcon_core.package_identification:_identify(src/global_planner/mapping) by extensions ['ros']
[0.170s] Level 1:colcon.colcon_core.package_identification:_identify(src/global_planner/mapping) by extension 'ros'
[0.170s] DEBUG:colcon.colcon_core.package_identification:Package 'src/global_planner/mapping' with type 'ros.ament_cmake' and name 'mapping'
[0.170s] Level 1:colcon.colcon_core.package_identification:_identify(src/global_planner/path2waypoint) by extensions ['ignore', 'ignore_ament_install']
[0.171s] Level 1:colcon.colcon_core.package_identification:_identify(src/global_planner/path2waypoint) by extension 'ignore'
[0.171s] Level 1:colcon.colcon_core.package_identification:_identify(src/global_planner/path2waypoint) by extension 'ignore_ament_install'
[0.171s] Level 1:colcon.colcon_core.package_identification:_identify(src/global_planner/path2waypoint) by extensions ['colcon_pkg']
[0.171s] Level 1:colcon.colcon_core.package_identification:_identify(src/global_planner/path2waypoint) by extension 'colcon_pkg'
[0.171s] Level 1:colcon.colcon_core.package_identification:_identify(src/global_planner/path2waypoint) by extensions ['colcon_meta']
[0.171s] Level 1:colcon.colcon_core.package_identification:_identify(src/global_planner/path2waypoint) by extension 'colcon_meta'
[0.171s] Level 1:colcon.colcon_core.package_identification:_identify(src/global_planner/path2waypoint) by extensions ['ros']
[0.171s] Level 1:colcon.colcon_core.package_identification:_identify(src/global_planner/path2waypoint) by extension 'ros'
[0.171s] DEBUG:colcon.colcon_core.package_identification:Package 'src/global_planner/path2waypoint' with type 'ros.ament_cmake' and name 'path2waypoint'
[0.171s] Level 1:colcon.colcon_core.package_identification:_identify(src/local_planner) by extensions ['ignore', 'ignore_ament_install']
[0.171s] Level 1:colcon.colcon_core.package_identification:_identify(src/local_planner) by extension 'ignore'
[0.171s] Level 1:colcon.colcon_core.package_identification:_identify(src/local_planner) by extension 'ignore_ament_install'
[0.171s] Level 1:colcon.colcon_core.package_identification:_identify(src/local_planner) by extensions ['colcon_pkg']
[0.171s] Level 1:colcon.colcon_core.package_identification:_identify(src/local_planner) by extension 'colcon_pkg'
[0.171s] Level 1:colcon.colcon_core.package_identification:_identify(src/local_planner) by extensions ['colcon_meta']
[0.171s] Level 1:colcon.colcon_core.package_identification:_identify(src/local_planner) by extension 'colcon_meta'
[0.171s] Level 1:colcon.colcon_core.package_identification:_identify(src/local_planner) by extensions ['ros']
[0.171s] Level 1:colcon.colcon_core.package_identification:_identify(src/local_planner) by extension 'ros'
[0.171s] Level 1:colcon.colcon_core.package_identification:_identify(src/local_planner) by extensions ['cmake', 'python']
[0.171s] Level 1:colcon.colcon_core.package_identification:_identify(src/local_planner) by extension 'cmake'
[0.171s] Level 1:colcon.colcon_core.package_identification:_identify(src/local_planner) by extension 'python'
[0.171s] Level 1:colcon.colcon_core.package_identification:_identify(src/local_planner) by extensions ['python_setup_py']
[0.171s] Level 1:colcon.colcon_core.package_identification:_identify(src/local_planner) by extension 'python_setup_py'
[0.171s] Level 1:colcon.colcon_core.package_identification:_identify(src/local_planner/autonomous_exploration_development_environment) by extensions ['ignore', 'ignore_ament_install']
[0.171s] Level 1:colcon.colcon_core.package_identification:_identify(src/local_planner/autonomous_exploration_development_environment) by extension 'ignore'
[0.171s] Level 1:colcon.colcon_core.package_identification:_identify(src/local_planner/autonomous_exploration_development_environment) by extension 'ignore_ament_install'
[0.171s] Level 1:colcon.colcon_core.package_identification:_identify(src/local_planner/autonomous_exploration_development_environment) by extensions ['colcon_pkg']
[0.171s] Level 1:colcon.colcon_core.package_identification:_identify(src/local_planner/autonomous_exploration_development_environment) by extension 'colcon_pkg'
[0.171s] Level 1:colcon.colcon_core.package_identification:_identify(src/local_planner/autonomous_exploration_development_environment) by extensions ['colcon_meta']
[0.171s] Level 1:colcon.colcon_core.package_identification:_identify(src/local_planner/autonomous_exploration_development_environment) by extension 'colcon_meta'
[0.171s] Level 1:colcon.colcon_core.package_identification:_identify(src/local_planner/autonomous_exploration_development_environment) by extensions ['ros']
[0.171s] Level 1:colcon.colcon_core.package_identification:_identify(src/local_planner/autonomous_exploration_development_environment) by extension 'ros'
[0.172s] Level 1:colcon.colcon_core.package_identification:_identify(src/local_planner/autonomous_exploration_development_environment) by extensions ['cmake', 'python']
[0.172s] Level 1:colcon.colcon_core.package_identification:_identify(src/local_planner/autonomous_exploration_development_environment) by extension 'cmake'
[0.172s] Level 1:colcon.colcon_core.package_identification:_identify(src/local_planner/autonomous_exploration_development_environment) by extension 'python'
[0.172s] Level 1:colcon.colcon_core.package_identification:_identify(src/local_planner/autonomous_exploration_development_environment) by extensions ['python_setup_py']
[0.172s] Level 1:colcon.colcon_core.package_identification:_identify(src/local_planner/autonomous_exploration_development_environment) by extension 'python_setup_py'
[0.172s] Level 1:colcon.colcon_core.package_identification:_identify(src/local_planner/autonomous_exploration_development_environment/img) by extensions ['ignore', 'ignore_ament_install']
[0.172s] Level 1:colcon.colcon_core.package_identification:_identify(src/local_planner/autonomous_exploration_development_environment/img) by extension 'ignore'
[0.172s] Level 1:colcon.colcon_core.package_identification:_identify(src/local_planner/autonomous_exploration_development_environment/img) by extension 'ignore_ament_install'
[0.172s] Level 1:colcon.colcon_core.package_identification:_identify(src/local_planner/autonomous_exploration_development_environment/img) by extensions ['colcon_pkg']
[0.172s] Level 1:colcon.colcon_core.package_identification:_identify(src/local_planner/autonomous_exploration_development_environment/img) by extension 'colcon_pkg'
[0.172s] Level 1:colcon.colcon_core.package_identification:_identify(src/local_planner/autonomous_exploration_development_environment/img) by extensions ['colcon_meta']
[0.172s] Level 1:colcon.colcon_core.package_identification:_identify(src/local_planner/autonomous_exploration_development_environment/img) by extension 'colcon_meta'
[0.172s] Level 1:colcon.colcon_core.package_identification:_identify(src/local_planner/autonomous_exploration_development_environment/img) by extensions ['ros']
[0.172s] Level 1:colcon.colcon_core.package_identification:_identify(src/local_planner/autonomous_exploration_development_environment/img) by extension 'ros'
[0.172s] Level 1:colcon.colcon_core.package_identification:_identify(src/local_planner/autonomous_exploration_development_environment/img) by extensions ['cmake', 'python']
[0.172s] Level 1:colcon.colcon_core.package_identification:_identify(src/local_planner/autonomous_exploration_development_environment/img) by extension 'cmake'
[0.172s] Level 1:colcon.colcon_core.package_identification:_identify(src/local_planner/autonomous_exploration_development_environment/img) by extension 'python'
[0.172s] Level 1:colcon.colcon_core.package_identification:_identify(src/local_planner/autonomous_exploration_development_environment/img) by extensions ['python_setup_py']
[0.172s] Level 1:colcon.colcon_core.package_identification:_identify(src/local_planner/autonomous_exploration_development_environment/img) by extension 'python_setup_py'
[0.172s] Level 1:colcon.colcon_core.package_identification:_identify(src/local_planner/autonomous_exploration_development_environment/src) by extensions ['ignore', 'ignore_ament_install']
[0.172s] Level 1:colcon.colcon_core.package_identification:_identify(src/local_planner/autonomous_exploration_development_environment/src) by extension 'ignore'
[0.172s] Level 1:colcon.colcon_core.package_identification:_identify(src/local_planner/autonomous_exploration_development_environment/src) by extension 'ignore_ament_install'
[0.172s] Level 1:colcon.colcon_core.package_identification:_identify(src/local_planner/autonomous_exploration_development_environment/src) by extensions ['colcon_pkg']
[0.172s] Level 1:colcon.colcon_core.package_identification:_identify(src/local_planner/autonomous_exploration_development_environment/src) by extension 'colcon_pkg'
[0.172s] Level 1:colcon.colcon_core.package_identification:_identify(src/local_planner/autonomous_exploration_development_environment/src) by extensions ['colcon_meta']
[0.172s] Level 1:colcon.colcon_core.package_identification:_identify(src/local_planner/autonomous_exploration_development_environment/src) by extension 'colcon_meta'
[0.172s] Level 1:colcon.colcon_core.package_identification:_identify(src/local_planner/autonomous_exploration_development_environment/src) by extensions ['ros']
[0.172s] Level 1:colcon.colcon_core.package_identification:_identify(src/local_planner/autonomous_exploration_development_environment/src) by extension 'ros'
[0.172s] Level 1:colcon.colcon_core.package_identification:_identify(src/local_planner/autonomous_exploration_development_environment/src) by extensions ['cmake', 'python']
[0.172s] Level 1:colcon.colcon_core.package_identification:_identify(src/local_planner/autonomous_exploration_development_environment/src) by extension 'cmake'
[0.172s] Level 1:colcon.colcon_core.package_identification:_identify(src/local_planner/autonomous_exploration_development_environment/src) by extension 'python'
[0.172s] Level 1:colcon.colcon_core.package_identification:_identify(src/local_planner/autonomous_exploration_development_environment/src) by extensions ['python_setup_py']
[0.172s] Level 1:colcon.colcon_core.package_identification:_identify(src/local_planner/autonomous_exploration_development_environment/src) by extension 'python_setup_py'
[0.172s] Level 1:colcon.colcon_core.package_identification:_identify(src/local_planner/autonomous_exploration_development_environment/src/joystick_drivers) by extensions ['ignore', 'ignore_ament_install']
[0.172s] Level 1:colcon.colcon_core.package_identification:_identify(src/local_planner/autonomous_exploration_development_environment/src/joystick_drivers) by extension 'ignore'
[0.172s] Level 1:colcon.colcon_core.package_identification:_identify(src/local_planner/autonomous_exploration_development_environment/src/joystick_drivers) by extension 'ignore_ament_install'
[0.172s] Level 1:colcon.colcon_core.package_identification:_identify(src/local_planner/autonomous_exploration_development_environment/src/joystick_drivers) by extensions ['colcon_pkg']
[0.172s] Level 1:colcon.colcon_core.package_identification:_identify(src/local_planner/autonomous_exploration_development_environment/src/joystick_drivers) by extension 'colcon_pkg'
[0.172s] Level 1:colcon.colcon_core.package_identification:_identify(src/local_planner/autonomous_exploration_development_environment/src/joystick_drivers) by extensions ['colcon_meta']
[0.172s] Level 1:colcon.colcon_core.package_identification:_identify(src/local_planner/autonomous_exploration_development_environment/src/joystick_drivers) by extension 'colcon_meta'
[0.172s] Level 1:colcon.colcon_core.package_identification:_identify(src/local_planner/autonomous_exploration_development_environment/src/joystick_drivers) by extensions ['ros']
[0.172s] Level 1:colcon.colcon_core.package_identification:_identify(src/local_planner/autonomous_exploration_development_environment/src/joystick_drivers) by extension 'ros'
[0.172s] Level 1:colcon.colcon_core.package_identification:_identify(src/local_planner/autonomous_exploration_development_environment/src/joystick_drivers) by extensions ['cmake', 'python']
[0.172s] Level 1:colcon.colcon_core.package_identification:_identify(src/local_planner/autonomous_exploration_development_environment/src/joystick_drivers) by extension 'cmake'
[0.172s] Level 1:colcon.colcon_core.package_identification:_identify(src/local_planner/autonomous_exploration_development_environment/src/joystick_drivers) by extension 'python'
[0.172s] Level 1:colcon.colcon_core.package_identification:_identify(src/local_planner/autonomous_exploration_development_environment/src/joystick_drivers) by extensions ['python_setup_py']
[0.172s] Level 1:colcon.colcon_core.package_identification:_identify(src/local_planner/autonomous_exploration_development_environment/src/joystick_drivers) by extension 'python_setup_py'
[0.172s] Level 1:colcon.colcon_core.package_identification:_identify(src/local_planner/autonomous_exploration_development_environment/src/joystick_drivers/joy) by extensions ['ignore', 'ignore_ament_install']
[0.173s] Level 1:colcon.colcon_core.package_identification:_identify(src/local_planner/autonomous_exploration_development_environment/src/joystick_drivers/joy) by extension 'ignore'
[0.173s] Level 1:colcon.colcon_core.package_identification:_identify(src/local_planner/autonomous_exploration_development_environment/src/joystick_drivers/joy) by extension 'ignore_ament_install'
[0.173s] Level 1:colcon.colcon_core.package_identification:_identify(src/local_planner/autonomous_exploration_development_environment/src/joystick_drivers/joy) by extensions ['colcon_pkg']
[0.173s] Level 1:colcon.colcon_core.package_identification:_identify(src/local_planner/autonomous_exploration_development_environment/src/joystick_drivers/joy) by extension 'colcon_pkg'
[0.173s] Level 1:colcon.colcon_core.package_identification:_identify(src/local_planner/autonomous_exploration_development_environment/src/joystick_drivers/joy) by extensions ['colcon_meta']
[0.173s] Level 1:colcon.colcon_core.package_identification:_identify(src/local_planner/autonomous_exploration_development_environment/src/joystick_drivers/joy) by extension 'colcon_meta'
[0.173s] Level 1:colcon.colcon_core.package_identification:_identify(src/local_planner/autonomous_exploration_development_environment/src/joystick_drivers/joy) by extensions ['ros']
[0.173s] Level 1:colcon.colcon_core.package_identification:_identify(src/local_planner/autonomous_exploration_development_environment/src/joystick_drivers/joy) by extension 'ros'
[0.173s] DEBUG:colcon.colcon_core.package_identification:Package 'src/local_planner/autonomous_exploration_development_environment/src/joystick_drivers/joy' with type 'ros.ament_cmake' and name 'joy'
[0.173s] Level 1:colcon.colcon_core.package_identification:_identify(src/local_planner/autonomous_exploration_development_environment/src/joystick_drivers/joystick_drivers) by extensions ['ignore', 'ignore_ament_install']
[0.173s] Level 1:colcon.colcon_core.package_identification:_identify(src/local_planner/autonomous_exploration_development_environment/src/joystick_drivers/joystick_drivers) by extension 'ignore'
[0.173s] Level 1:colcon.colcon_core.package_identification:_identify(src/local_planner/autonomous_exploration_development_environment/src/joystick_drivers/joystick_drivers) by extension 'ignore_ament_install'
[0.173s] Level 1:colcon.colcon_core.package_identification:_identify(src/local_planner/autonomous_exploration_development_environment/src/joystick_drivers/joystick_drivers) by extensions ['colcon_pkg']
[0.173s] Level 1:colcon.colcon_core.package_identification:_identify(src/local_planner/autonomous_exploration_development_environment/src/joystick_drivers/joystick_drivers) by extension 'colcon_pkg'
[0.173s] Level 1:colcon.colcon_core.package_identification:_identify(src/local_planner/autonomous_exploration_development_environment/src/joystick_drivers/joystick_drivers) by extensions ['colcon_meta']
[0.173s] Level 1:colcon.colcon_core.package_identification:_identify(src/local_planner/autonomous_exploration_development_environment/src/joystick_drivers/joystick_drivers) by extension 'colcon_meta'
[0.173s] Level 1:colcon.colcon_core.package_identification:_identify(src/local_planner/autonomous_exploration_development_environment/src/joystick_drivers/joystick_drivers) by extensions ['ros']
[0.173s] Level 1:colcon.colcon_core.package_identification:_identify(src/local_planner/autonomous_exploration_development_environment/src/joystick_drivers/joystick_drivers) by extension 'ros'
[0.173s] Level 1:colcon.colcon_core.package_identification:_identify(src/local_planner/autonomous_exploration_development_environment/src/joystick_drivers/joystick_drivers) ignored
[0.173s] Level 1:colcon.colcon_core.package_identification:_identify(src/local_planner/autonomous_exploration_development_environment/src/loam_interface) by extensions ['ignore', 'ignore_ament_install']
[0.173s] Level 1:colcon.colcon_core.package_identification:_identify(src/local_planner/autonomous_exploration_development_environment/src/loam_interface) by extension 'ignore'
[0.173s] Level 1:colcon.colcon_core.package_identification:_identify(src/local_planner/autonomous_exploration_development_environment/src/loam_interface) by extension 'ignore_ament_install'
[0.173s] Level 1:colcon.colcon_core.package_identification:_identify(src/local_planner/autonomous_exploration_development_environment/src/loam_interface) by extensions ['colcon_pkg']
[0.173s] Level 1:colcon.colcon_core.package_identification:_identify(src/local_planner/autonomous_exploration_development_environment/src/loam_interface) by extension 'colcon_pkg'
[0.173s] Level 1:colcon.colcon_core.package_identification:_identify(src/local_planner/autonomous_exploration_development_environment/src/loam_interface) by extensions ['colcon_meta']
[0.173s] Level 1:colcon.colcon_core.package_identification:_identify(src/local_planner/autonomous_exploration_development_environment/src/loam_interface) by extension 'colcon_meta'
[0.173s] Level 1:colcon.colcon_core.package_identification:_identify(src/local_planner/autonomous_exploration_development_environment/src/loam_interface) by extensions ['ros']
[0.174s] Level 1:colcon.colcon_core.package_identification:_identify(src/local_planner/autonomous_exploration_development_environment/src/loam_interface) by extension 'ros'
[0.174s] DEBUG:colcon.colcon_core.package_identification:Package 'src/local_planner/autonomous_exploration_development_environment/src/loam_interface' with type 'ros.ament_cmake' and name 'loam_interface'
[0.174s] Level 1:colcon.colcon_core.package_identification:_identify(src/local_planner/autonomous_exploration_development_environment/src/local_planner) by extensions ['ignore', 'ignore_ament_install']
[0.174s] Level 1:colcon.colcon_core.package_identification:_identify(src/local_planner/autonomous_exploration_development_environment/src/local_planner) by extension 'ignore'
[0.174s] Level 1:colcon.colcon_core.package_identification:_identify(src/local_planner/autonomous_exploration_development_environment/src/local_planner) by extension 'ignore_ament_install'
[0.174s] Level 1:colcon.colcon_core.package_identification:_identify(src/local_planner/autonomous_exploration_development_environment/src/local_planner) by extensions ['colcon_pkg']
[0.174s] Level 1:colcon.colcon_core.package_identification:_identify(src/local_planner/autonomous_exploration_development_environment/src/local_planner) by extension 'colcon_pkg'
[0.174s] Level 1:colcon.colcon_core.package_identification:_identify(src/local_planner/autonomous_exploration_development_environment/src/local_planner) by extensions ['colcon_meta']
[0.174s] Level 1:colcon.colcon_core.package_identification:_identify(src/local_planner/autonomous_exploration_development_environment/src/local_planner) by extension 'colcon_meta'
[0.174s] Level 1:colcon.colcon_core.package_identification:_identify(src/local_planner/autonomous_exploration_development_environment/src/local_planner) by extensions ['ros']
[0.174s] Level 1:colcon.colcon_core.package_identification:_identify(src/local_planner/autonomous_exploration_development_environment/src/local_planner) by extension 'ros'
[0.175s] DEBUG:colcon.colcon_core.package_identification:Package 'src/local_planner/autonomous_exploration_development_environment/src/local_planner' with type 'ros.ament_cmake' and name 'local_planner'
[0.175s] Level 1:colcon.colcon_core.package_identification:_identify(src/local_planner/autonomous_exploration_development_environment/src/sensor_scan_generation) by extensions ['ignore', 'ignore_ament_install']
[0.175s] Level 1:colcon.colcon_core.package_identification:_identify(src/local_planner/autonomous_exploration_development_environment/src/sensor_scan_generation) by extension 'ignore'
[0.175s] Level 1:colcon.colcon_core.package_identification:_identify(src/local_planner/autonomous_exploration_development_environment/src/sensor_scan_generation) by extension 'ignore_ament_install'
[0.175s] Level 1:colcon.colcon_core.package_identification:_identify(src/local_planner/autonomous_exploration_development_environment/src/sensor_scan_generation) by extensions ['colcon_pkg']
[0.175s] Level 1:colcon.colcon_core.package_identification:_identify(src/local_planner/autonomous_exploration_development_environment/src/sensor_scan_generation) by extension 'colcon_pkg'
[0.175s] Level 1:colcon.colcon_core.package_identification:_identify(src/local_planner/autonomous_exploration_development_environment/src/sensor_scan_generation) by extensions ['colcon_meta']
[0.175s] Level 1:colcon.colcon_core.package_identification:_identify(src/local_planner/autonomous_exploration_development_environment/src/sensor_scan_generation) by extension 'colcon_meta'
[0.175s] Level 1:colcon.colcon_core.package_identification:_identify(src/local_planner/autonomous_exploration_development_environment/src/sensor_scan_generation) by extensions ['ros']
[0.175s] Level 1:colcon.colcon_core.package_identification:_identify(src/local_planner/autonomous_exploration_development_environment/src/sensor_scan_generation) by extension 'ros'
[0.176s] DEBUG:colcon.colcon_core.package_identification:Package 'src/local_planner/autonomous_exploration_development_environment/src/sensor_scan_generation' with type 'ros.ament_cmake' and name 'sensor_scan_generation'
[0.176s] Level 1:colcon.colcon_core.package_identification:_identify(src/local_planner/autonomous_exploration_development_environment/src/terrain_analysis) by extensions ['ignore', 'ignore_ament_install']
[0.176s] Level 1:colcon.colcon_core.package_identification:_identify(src/local_planner/autonomous_exploration_development_environment/src/terrain_analysis) by extension 'ignore'
[0.176s] Level 1:colcon.colcon_core.package_identification:_identify(src/local_planner/autonomous_exploration_development_environment/src/terrain_analysis) by extension 'ignore_ament_install'
[0.176s] Level 1:colcon.colcon_core.package_identification:_identify(src/local_planner/autonomous_exploration_development_environment/src/terrain_analysis) by extensions ['colcon_pkg']
[0.176s] Level 1:colcon.colcon_core.package_identification:_identify(src/local_planner/autonomous_exploration_development_environment/src/terrain_analysis) by extension 'colcon_pkg'
[0.176s] Level 1:colcon.colcon_core.package_identification:_identify(src/local_planner/autonomous_exploration_development_environment/src/terrain_analysis) by extensions ['colcon_meta']
[0.176s] Level 1:colcon.colcon_core.package_identification:_identify(src/local_planner/autonomous_exploration_development_environment/src/terrain_analysis) by extension 'colcon_meta'
[0.176s] Level 1:colcon.colcon_core.package_identification:_identify(src/local_planner/autonomous_exploration_development_environment/src/terrain_analysis) by extensions ['ros']
[0.176s] Level 1:colcon.colcon_core.package_identification:_identify(src/local_planner/autonomous_exploration_development_environment/src/terrain_analysis) by extension 'ros'
[0.176s] DEBUG:colcon.colcon_core.package_identification:Package 'src/local_planner/autonomous_exploration_development_environment/src/terrain_analysis' with type 'ros.ament_cmake' and name 'terrain_analysis'
[0.176s] Level 1:colcon.colcon_core.package_identification:_identify(src/local_planner/autonomous_exploration_development_environment/src/terrain_analysis_ext) by extensions ['ignore', 'ignore_ament_install']
[0.176s] Level 1:colcon.colcon_core.package_identification:_identify(src/local_planner/autonomous_exploration_development_environment/src/terrain_analysis_ext) by extension 'ignore'
[0.176s] Level 1:colcon.colcon_core.package_identification:_identify(src/local_planner/autonomous_exploration_development_environment/src/terrain_analysis_ext) by extension 'ignore_ament_install'
[0.177s] Level 1:colcon.colcon_core.package_identification:_identify(src/local_planner/autonomous_exploration_development_environment/src/terrain_analysis_ext) by extensions ['colcon_pkg']
[0.177s] Level 1:colcon.colcon_core.package_identification:_identify(src/local_planner/autonomous_exploration_development_environment/src/terrain_analysis_ext) by extension 'colcon_pkg'
[0.177s] Level 1:colcon.colcon_core.package_identification:_identify(src/local_planner/autonomous_exploration_development_environment/src/terrain_analysis_ext) by extensions ['colcon_meta']
[0.177s] Level 1:colcon.colcon_core.package_identification:_identify(src/local_planner/autonomous_exploration_development_environment/src/terrain_analysis_ext) by extension 'colcon_meta'
[0.177s] Level 1:colcon.colcon_core.package_identification:_identify(src/local_planner/autonomous_exploration_development_environment/src/terrain_analysis_ext) by extensions ['ros']
[0.177s] Level 1:colcon.colcon_core.package_identification:_identify(src/local_planner/autonomous_exploration_development_environment/src/terrain_analysis_ext) by extension 'ros'
[0.177s] DEBUG:colcon.colcon_core.package_identification:Package 'src/local_planner/autonomous_exploration_development_environment/src/terrain_analysis_ext' with type 'ros.ament_cmake' and name 'terrain_analysis_ext'
[0.177s] Level 1:colcon.colcon_core.package_identification:_identify(src/local_planner/autonomous_exploration_development_environment/src/vehicle_simulator) by extensions ['ignore', 'ignore_ament_install']
[0.177s] Level 1:colcon.colcon_core.package_identification:_identify(src/local_planner/autonomous_exploration_development_environment/src/vehicle_simulator) by extension 'ignore'
[0.177s] Level 1:colcon.colcon_core.package_identification:_identify(src/local_planner/autonomous_exploration_development_environment/src/vehicle_simulator) by extension 'ignore_ament_install'
[0.177s] Level 1:colcon.colcon_core.package_identification:_identify(src/local_planner/autonomous_exploration_development_environment/src/vehicle_simulator) by extensions ['colcon_pkg']
[0.177s] Level 1:colcon.colcon_core.package_identification:_identify(src/local_planner/autonomous_exploration_development_environment/src/vehicle_simulator) by extension 'colcon_pkg'
[0.177s] Level 1:colcon.colcon_core.package_identification:_identify(src/local_planner/autonomous_exploration_development_environment/src/vehicle_simulator) by extensions ['colcon_meta']
[0.177s] Level 1:colcon.colcon_core.package_identification:_identify(src/local_planner/autonomous_exploration_development_environment/src/vehicle_simulator) by extension 'colcon_meta'
[0.177s] Level 1:colcon.colcon_core.package_identification:_identify(src/local_planner/autonomous_exploration_development_environment/src/vehicle_simulator) by extensions ['ros']
[0.177s] Level 1:colcon.colcon_core.package_identification:_identify(src/local_planner/autonomous_exploration_development_environment/src/vehicle_simulator) by extension 'ros'
[0.178s] DEBUG:colcon.colcon_core.package_identification:Package 'src/local_planner/autonomous_exploration_development_environment/src/vehicle_simulator' with type 'ros.ament_cmake' and name 'vehicle_simulator'
[0.178s] Level 1:colcon.colcon_core.package_identification:_identify(src/local_planner/autonomous_exploration_development_environment/src/velodyne_simulator) by extensions ['ignore', 'ignore_ament_install']
[0.178s] Level 1:colcon.colcon_core.package_identification:_identify(src/local_planner/autonomous_exploration_development_environment/src/velodyne_simulator) by extension 'ignore'
[0.178s] Level 1:colcon.colcon_core.package_identification:_identify(src/local_planner/autonomous_exploration_development_environment/src/velodyne_simulator) by extension 'ignore_ament_install'
[0.178s] Level 1:colcon.colcon_core.package_identification:_identify(src/local_planner/autonomous_exploration_development_environment/src/velodyne_simulator) by extensions ['colcon_pkg']
[0.178s] Level 1:colcon.colcon_core.package_identification:_identify(src/local_planner/autonomous_exploration_development_environment/src/velodyne_simulator) by extension 'colcon_pkg'
[0.178s] Level 1:colcon.colcon_core.package_identification:_identify(src/local_planner/autonomous_exploration_development_environment/src/velodyne_simulator) by extensions ['colcon_meta']
[0.178s] Level 1:colcon.colcon_core.package_identification:_identify(src/local_planner/autonomous_exploration_development_environment/src/velodyne_simulator) by extension 'colcon_meta'
[0.178s] Level 1:colcon.colcon_core.package_identification:_identify(src/local_planner/autonomous_exploration_development_environment/src/velodyne_simulator) by extensions ['ros']
[0.178s] Level 1:colcon.colcon_core.package_identification:_identify(src/local_planner/autonomous_exploration_development_environment/src/velodyne_simulator) by extension 'ros'
[0.178s] Level 1:colcon.colcon_core.package_identification:_identify(src/local_planner/autonomous_exploration_development_environment/src/velodyne_simulator) by extensions ['cmake', 'python']
[0.178s] Level 1:colcon.colcon_core.package_identification:_identify(src/local_planner/autonomous_exploration_development_environment/src/velodyne_simulator) by extension 'cmake'
[0.178s] Level 1:colcon.colcon_core.package_identification:_identify(src/local_planner/autonomous_exploration_development_environment/src/velodyne_simulator) by extension 'python'
[0.178s] Level 1:colcon.colcon_core.package_identification:_identify(src/local_planner/autonomous_exploration_development_environment/src/velodyne_simulator) by extensions ['python_setup_py']
[0.178s] Level 1:colcon.colcon_core.package_identification:_identify(src/local_planner/autonomous_exploration_development_environment/src/velodyne_simulator) by extension 'python_setup_py'
[0.178s] Level 1:colcon.colcon_core.package_identification:_identify(src/local_planner/autonomous_exploration_development_environment/src/velodyne_simulator/velodyne_description) by extensions ['ignore', 'ignore_ament_install']
[0.178s] Level 1:colcon.colcon_core.package_identification:_identify(src/local_planner/autonomous_exploration_development_environment/src/velodyne_simulator/velodyne_description) by extension 'ignore'
[0.178s] Level 1:colcon.colcon_core.package_identification:_identify(src/local_planner/autonomous_exploration_development_environment/src/velodyne_simulator/velodyne_description) by extension 'ignore_ament_install'
[0.178s] Level 1:colcon.colcon_core.package_identification:_identify(src/local_planner/autonomous_exploration_development_environment/src/velodyne_simulator/velodyne_description) by extensions ['colcon_pkg']
[0.178s] Level 1:colcon.colcon_core.package_identification:_identify(src/local_planner/autonomous_exploration_development_environment/src/velodyne_simulator/velodyne_description) by extension 'colcon_pkg'
[0.178s] Level 1:colcon.colcon_core.package_identification:_identify(src/local_planner/autonomous_exploration_development_environment/src/velodyne_simulator/velodyne_description) by extensions ['colcon_meta']
[0.178s] Level 1:colcon.colcon_core.package_identification:_identify(src/local_planner/autonomous_exploration_development_environment/src/velodyne_simulator/velodyne_description) by extension 'colcon_meta'
[0.178s] Level 1:colcon.colcon_core.package_identification:_identify(src/local_planner/autonomous_exploration_development_environment/src/velodyne_simulator/velodyne_description) by extensions ['ros']
[0.178s] Level 1:colcon.colcon_core.package_identification:_identify(src/local_planner/autonomous_exploration_development_environment/src/velodyne_simulator/velodyne_description) by extension 'ros'
[0.179s] DEBUG:colcon.colcon_core.package_identification:Package 'src/local_planner/autonomous_exploration_development_environment/src/velodyne_simulator/velodyne_description' with type 'ros.ament_cmake' and name 'velodyne_description'
[0.179s] Level 1:colcon.colcon_core.package_identification:_identify(src/local_planner/autonomous_exploration_development_environment/src/velodyne_simulator/velodyne_gazebo_plugins) by extensions ['ignore', 'ignore_ament_install']
[0.179s] Level 1:colcon.colcon_core.package_identification:_identify(src/local_planner/autonomous_exploration_development_environment/src/velodyne_simulator/velodyne_gazebo_plugins) by extension 'ignore'
[0.179s] Level 1:colcon.colcon_core.package_identification:_identify(src/local_planner/autonomous_exploration_development_environment/src/velodyne_simulator/velodyne_gazebo_plugins) by extension 'ignore_ament_install'
[0.179s] Level 1:colcon.colcon_core.package_identification:_identify(src/local_planner/autonomous_exploration_development_environment/src/velodyne_simulator/velodyne_gazebo_plugins) by extensions ['colcon_pkg']
[0.179s] Level 1:colcon.colcon_core.package_identification:_identify(src/local_planner/autonomous_exploration_development_environment/src/velodyne_simulator/velodyne_gazebo_plugins) by extension 'colcon_pkg'
[0.179s] Level 1:colcon.colcon_core.package_identification:_identify(src/local_planner/autonomous_exploration_development_environment/src/velodyne_simulator/velodyne_gazebo_plugins) by extensions ['colcon_meta']
[0.179s] Level 1:colcon.colcon_core.package_identification:_identify(src/local_planner/autonomous_exploration_development_environment/src/velodyne_simulator/velodyne_gazebo_plugins) by extension 'colcon_meta'
[0.179s] Level 1:colcon.colcon_core.package_identification:_identify(src/local_planner/autonomous_exploration_development_environment/src/velodyne_simulator/velodyne_gazebo_plugins) by extensions ['ros']
[0.179s] Level 1:colcon.colcon_core.package_identification:_identify(src/local_planner/autonomous_exploration_development_environment/src/velodyne_simulator/velodyne_gazebo_plugins) by extension 'ros'
[0.179s] DEBUG:colcon.colcon_core.package_identification:Package 'src/local_planner/autonomous_exploration_development_environment/src/velodyne_simulator/velodyne_gazebo_plugins' with type 'ros.ament_cmake' and name 'velodyne_gazebo_plugins'
[0.179s] Level 1:colcon.colcon_core.package_identification:_identify(src/local_planner/autonomous_exploration_development_environment/src/velodyne_simulator/velodyne_simulator) by extensions ['ignore', 'ignore_ament_install']
[0.179s] Level 1:colcon.colcon_core.package_identification:_identify(src/local_planner/autonomous_exploration_development_environment/src/velodyne_simulator/velodyne_simulator) by extension 'ignore'
[0.179s] Level 1:colcon.colcon_core.package_identification:_identify(src/local_planner/autonomous_exploration_development_environment/src/velodyne_simulator/velodyne_simulator) by extension 'ignore_ament_install'
[0.179s] Level 1:colcon.colcon_core.package_identification:_identify(src/local_planner/autonomous_exploration_development_environment/src/velodyne_simulator/velodyne_simulator) by extensions ['colcon_pkg']
[0.179s] Level 1:colcon.colcon_core.package_identification:_identify(src/local_planner/autonomous_exploration_development_environment/src/velodyne_simulator/velodyne_simulator) by extension 'colcon_pkg'
[0.179s] Level 1:colcon.colcon_core.package_identification:_identify(src/local_planner/autonomous_exploration_development_environment/src/velodyne_simulator/velodyne_simulator) by extensions ['colcon_meta']
[0.179s] Level 1:colcon.colcon_core.package_identification:_identify(src/local_planner/autonomous_exploration_development_environment/src/velodyne_simulator/velodyne_simulator) by extension 'colcon_meta'
[0.179s] Level 1:colcon.colcon_core.package_identification:_identify(src/local_planner/autonomous_exploration_development_environment/src/velodyne_simulator/velodyne_simulator) by extensions ['ros']
[0.179s] Level 1:colcon.colcon_core.package_identification:_identify(src/local_planner/autonomous_exploration_development_environment/src/velodyne_simulator/velodyne_simulator) by extension 'ros'
[0.180s] DEBUG:colcon.colcon_core.package_identification:Package 'src/local_planner/autonomous_exploration_development_environment/src/velodyne_simulator/velodyne_simulator' with type 'ros.ament_cmake' and name 'velodyne_simulator'
[0.180s] Level 1:colcon.colcon_core.package_identification:_identify(src/local_planner/autonomous_exploration_development_environment/src/visualization_tools) by extensions ['ignore', 'ignore_ament_install']
[0.180s] Level 1:colcon.colcon_core.package_identification:_identify(src/local_planner/autonomous_exploration_development_environment/src/visualization_tools) by extension 'ignore'
[0.180s] Level 1:colcon.colcon_core.package_identification:_identify(src/local_planner/autonomous_exploration_development_environment/src/visualization_tools) by extension 'ignore_ament_install'
[0.180s] Level 1:colcon.colcon_core.package_identification:_identify(src/local_planner/autonomous_exploration_development_environment/src/visualization_tools) by extensions ['colcon_pkg']
[0.180s] Level 1:colcon.colcon_core.package_identification:_identify(src/local_planner/autonomous_exploration_development_environment/src/visualization_tools) by extension 'colcon_pkg'
[0.180s] Level 1:colcon.colcon_core.package_identification:_identify(src/local_planner/autonomous_exploration_development_environment/src/visualization_tools) by extensions ['colcon_meta']
[0.180s] Level 1:colcon.colcon_core.package_identification:_identify(src/local_planner/autonomous_exploration_development_environment/src/visualization_tools) by extension 'colcon_meta'
[0.180s] Level 1:colcon.colcon_core.package_identification:_identify(src/local_planner/autonomous_exploration_development_environment/src/visualization_tools) by extensions ['ros']
[0.180s] Level 1:colcon.colcon_core.package_identification:_identify(src/local_planner/autonomous_exploration_development_environment/src/visualization_tools) by extension 'ros'
[0.180s] DEBUG:colcon.colcon_core.package_identification:Package 'src/local_planner/autonomous_exploration_development_environment/src/visualization_tools' with type 'ros.ament_cmake' and name 'visualization_tools'
[0.181s] Level 1:colcon.colcon_core.package_identification:_identify(src/local_planner/autonomous_exploration_development_environment/src/waypoint_example) by extensions ['ignore', 'ignore_ament_install']
[0.181s] Level 1:colcon.colcon_core.package_identification:_identify(src/local_planner/autonomous_exploration_development_environment/src/waypoint_example) by extension 'ignore'
[0.181s] Level 1:colcon.colcon_core.package_identification:_identify(src/local_planner/autonomous_exploration_development_environment/src/waypoint_example) by extension 'ignore_ament_install'
[0.181s] Level 1:colcon.colcon_core.package_identification:_identify(src/local_planner/autonomous_exploration_development_environment/src/waypoint_example) by extensions ['colcon_pkg']
[0.181s] Level 1:colcon.colcon_core.package_identification:_identify(src/local_planner/autonomous_exploration_development_environment/src/waypoint_example) by extension 'colcon_pkg'
[0.181s] Level 1:colcon.colcon_core.package_identification:_identify(src/local_planner/autonomous_exploration_development_environment/src/waypoint_example) by extensions ['colcon_meta']
[0.181s] Level 1:colcon.colcon_core.package_identification:_identify(src/local_planner/autonomous_exploration_development_environment/src/waypoint_example) by extension 'colcon_meta'
[0.181s] Level 1:colcon.colcon_core.package_identification:_identify(src/local_planner/autonomous_exploration_development_environment/src/waypoint_example) by extensions ['ros']
[0.181s] Level 1:colcon.colcon_core.package_identification:_identify(src/local_planner/autonomous_exploration_development_environment/src/waypoint_example) by extension 'ros'
[0.181s] DEBUG:colcon.colcon_core.package_identification:Package 'src/local_planner/autonomous_exploration_development_environment/src/waypoint_example' with type 'ros.ament_cmake' and name 'waypoint_example'
[0.181s] Level 1:colcon.colcon_core.package_identification:_identify(src/local_planner/autonomous_exploration_development_environment/src/waypoint_rviz_plugin) by extensions ['ignore', 'ignore_ament_install']
[0.181s] Level 1:colcon.colcon_core.package_identification:_identify(src/local_planner/autonomous_exploration_development_environment/src/waypoint_rviz_plugin) by extension 'ignore'
[0.181s] Level 1:colcon.colcon_core.package_identification:_identify(src/local_planner/autonomous_exploration_development_environment/src/waypoint_rviz_plugin) by extension 'ignore_ament_install'
[0.181s] Level 1:colcon.colcon_core.package_identification:_identify(src/local_planner/autonomous_exploration_development_environment/src/waypoint_rviz_plugin) by extensions ['colcon_pkg']
[0.181s] Level 1:colcon.colcon_core.package_identification:_identify(src/local_planner/autonomous_exploration_development_environment/src/waypoint_rviz_plugin) by extension 'colcon_pkg'
[0.181s] Level 1:colcon.colcon_core.package_identification:_identify(src/local_planner/autonomous_exploration_development_environment/src/waypoint_rviz_plugin) by extensions ['colcon_meta']
[0.181s] Level 1:colcon.colcon_core.package_identification:_identify(src/local_planner/autonomous_exploration_development_environment/src/waypoint_rviz_plugin) by extension 'colcon_meta'
[0.181s] Level 1:colcon.colcon_core.package_identification:_identify(src/local_planner/autonomous_exploration_development_environment/src/waypoint_rviz_plugin) by extensions ['ros']
[0.181s] Level 1:colcon.colcon_core.package_identification:_identify(src/local_planner/autonomous_exploration_development_environment/src/waypoint_rviz_plugin) by extension 'ros'
[0.182s] DEBUG:colcon.colcon_core.package_identification:Package 'src/local_planner/autonomous_exploration_development_environment/src/waypoint_rviz_plugin' with type 'ros.ament_cmake' and name 'waypoint_rviz_plugin'
[0.182s] Level 1:colcon.colcon_core.package_identification:_identify(src/local_planner/linefit_ground_segementation_ros2) by extensions ['ignore', 'ignore_ament_install']
[0.182s] Level 1:colcon.colcon_core.package_identification:_identify(src/local_planner/linefit_ground_segementation_ros2) by extension 'ignore'
[0.182s] Level 1:colcon.colcon_core.package_identification:_identify(src/local_planner/linefit_ground_segementation_ros2) by extension 'ignore_ament_install'
[0.182s] Level 1:colcon.colcon_core.package_identification:_identify(src/local_planner/linefit_ground_segementation_ros2) by extensions ['colcon_pkg']
[0.182s] Level 1:colcon.colcon_core.package_identification:_identify(src/local_planner/linefit_ground_segementation_ros2) by extension 'colcon_pkg'
[0.182s] Level 1:colcon.colcon_core.package_identification:_identify(src/local_planner/linefit_ground_segementation_ros2) by extensions ['colcon_meta']
[0.182s] Level 1:colcon.colcon_core.package_identification:_identify(src/local_planner/linefit_ground_segementation_ros2) by extension 'colcon_meta'
[0.182s] Level 1:colcon.colcon_core.package_identification:_identify(src/local_planner/linefit_ground_segementation_ros2) by extensions ['ros']
[0.182s] Level 1:colcon.colcon_core.package_identification:_identify(src/local_planner/linefit_ground_segementation_ros2) by extension 'ros'
[0.182s] Level 1:colcon.colcon_core.package_identification:_identify(src/local_planner/linefit_ground_segementation_ros2) by extensions ['cmake', 'python']
[0.182s] Level 1:colcon.colcon_core.package_identification:_identify(src/local_planner/linefit_ground_segementation_ros2) by extension 'cmake'
[0.182s] Level 1:colcon.colcon_core.package_identification:_identify(src/local_planner/linefit_ground_segementation_ros2) by extension 'python'
[0.182s] Level 1:colcon.colcon_core.package_identification:_identify(src/local_planner/linefit_ground_segementation_ros2) by extensions ['python_setup_py']
[0.182s] Level 1:colcon.colcon_core.package_identification:_identify(src/local_planner/linefit_ground_segementation_ros2) by extension 'python_setup_py'
[0.182s] Level 1:colcon.colcon_core.package_identification:_identify(src/local_planner/linefit_ground_segementation_ros2/doc) by extensions ['ignore', 'ignore_ament_install']
[0.182s] Level 1:colcon.colcon_core.package_identification:_identify(src/local_planner/linefit_ground_segementation_ros2/doc) by extension 'ignore'
[0.182s] Level 1:colcon.colcon_core.package_identification:_identify(src/local_planner/linefit_ground_segementation_ros2/doc) by extension 'ignore_ament_install'
[0.182s] Level 1:colcon.colcon_core.package_identification:_identify(src/local_planner/linefit_ground_segementation_ros2/doc) by extensions ['colcon_pkg']
[0.182s] Level 1:colcon.colcon_core.package_identification:_identify(src/local_planner/linefit_ground_segementation_ros2/doc) by extension 'colcon_pkg'
[0.182s] Level 1:colcon.colcon_core.package_identification:_identify(src/local_planner/linefit_ground_segementation_ros2/doc) by extensions ['colcon_meta']
[0.183s] Level 1:colcon.colcon_core.package_identification:_identify(src/local_planner/linefit_ground_segementation_ros2/doc) by extension 'colcon_meta'
[0.183s] Level 1:colcon.colcon_core.package_identification:_identify(src/local_planner/linefit_ground_segementation_ros2/doc) by extensions ['ros']
[0.183s] Level 1:colcon.colcon_core.package_identification:_identify(src/local_planner/linefit_ground_segementation_ros2/doc) by extension 'ros'
[0.183s] Level 1:colcon.colcon_core.package_identification:_identify(src/local_planner/linefit_ground_segementation_ros2/doc) by extensions ['cmake', 'python']
[0.183s] Level 1:colcon.colcon_core.package_identification:_identify(src/local_planner/linefit_ground_segementation_ros2/doc) by extension 'cmake'
[0.183s] Level 1:colcon.colcon_core.package_identification:_identify(src/local_planner/linefit_ground_segementation_ros2/doc) by extension 'python'
[0.183s] Level 1:colcon.colcon_core.package_identification:_identify(src/local_planner/linefit_ground_segementation_ros2/doc) by extensions ['python_setup_py']
[0.183s] Level 1:colcon.colcon_core.package_identification:_identify(src/local_planner/linefit_ground_segementation_ros2/doc) by extension 'python_setup_py'
[0.183s] Level 1:colcon.colcon_core.package_identification:_identify(src/local_planner/linefit_ground_segementation_ros2/linefit_ground_segmentation) by extensions ['ignore', 'ignore_ament_install']
[0.183s] Level 1:colcon.colcon_core.package_identification:_identify(src/local_planner/linefit_ground_segementation_ros2/linefit_ground_segmentation) by extension 'ignore'
[0.183s] Level 1:colcon.colcon_core.package_identification:_identify(src/local_planner/linefit_ground_segementation_ros2/linefit_ground_segmentation) by extension 'ignore_ament_install'
[0.183s] Level 1:colcon.colcon_core.package_identification:_identify(src/local_planner/linefit_ground_segementation_ros2/linefit_ground_segmentation) by extensions ['colcon_pkg']
[0.183s] Level 1:colcon.colcon_core.package_identification:_identify(src/local_planner/linefit_ground_segementation_ros2/linefit_ground_segmentation) by extension 'colcon_pkg'
[0.183s] Level 1:colcon.colcon_core.package_identification:_identify(src/local_planner/linefit_ground_segementation_ros2/linefit_ground_segmentation) by extensions ['colcon_meta']
[0.183s] Level 1:colcon.colcon_core.package_identification:_identify(src/local_planner/linefit_ground_segementation_ros2/linefit_ground_segmentation) by extension 'colcon_meta'
[0.183s] Level 1:colcon.colcon_core.package_identification:_identify(src/local_planner/linefit_ground_segementation_ros2/linefit_ground_segmentation) by extensions ['ros']
[0.183s] Level 1:colcon.colcon_core.package_identification:_identify(src/local_planner/linefit_ground_segementation_ros2/linefit_ground_segmentation) by extension 'ros'
[0.183s] DEBUG:colcon.colcon_core.package_identification:Package 'src/local_planner/linefit_ground_segementation_ros2/linefit_ground_segmentation' with type 'ros.ament_cmake' and name 'linefit_ground_segmentation'
[0.183s] Level 1:colcon.colcon_core.package_identification:_identify(src/local_planner/linefit_ground_segementation_ros2/linefit_ground_segmentation_ros) by extensions ['ignore', 'ignore_ament_install']
[0.183s] Level 1:colcon.colcon_core.package_identification:_identify(src/local_planner/linefit_ground_segementation_ros2/linefit_ground_segmentation_ros) by extension 'ignore'
[0.183s] Level 1:colcon.colcon_core.package_identification:_identify(src/local_planner/linefit_ground_segementation_ros2/linefit_ground_segmentation_ros) by extension 'ignore_ament_install'
[0.183s] Level 1:colcon.colcon_core.package_identification:_identify(src/local_planner/linefit_ground_segementation_ros2/linefit_ground_segmentation_ros) by extensions ['colcon_pkg']
[0.183s] Level 1:colcon.colcon_core.package_identification:_identify(src/local_planner/linefit_ground_segementation_ros2/linefit_ground_segmentation_ros) by extension 'colcon_pkg'
[0.183s] Level 1:colcon.colcon_core.package_identification:_identify(src/local_planner/linefit_ground_segementation_ros2/linefit_ground_segmentation_ros) by extensions ['colcon_meta']
[0.183s] Level 1:colcon.colcon_core.package_identification:_identify(src/local_planner/linefit_ground_segementation_ros2/linefit_ground_segmentation_ros) by extension 'colcon_meta'
[0.183s] Level 1:colcon.colcon_core.package_identification:_identify(src/local_planner/linefit_ground_segementation_ros2/linefit_ground_segmentation_ros) by extensions ['ros']
[0.183s] Level 1:colcon.colcon_core.package_identification:_identify(src/local_planner/linefit_ground_segementation_ros2/linefit_ground_segmentation_ros) by extension 'ros'
[0.184s] DEBUG:colcon.colcon_core.package_identification:Package 'src/local_planner/linefit_ground_segementation_ros2/linefit_ground_segmentation_ros' with type 'ros.ament_cmake' and name 'linefit_ground_segmentation_ros'
[0.184s] Level 1:colcon.colcon_core.package_identification:_identify(src/localization) by extensions ['ignore', 'ignore_ament_install']
[0.184s] Level 1:colcon.colcon_core.package_identification:_identify(src/localization) by extension 'ignore'
[0.184s] Level 1:colcon.colcon_core.package_identification:_identify(src/localization) by extension 'ignore_ament_install'
[0.184s] Level 1:colcon.colcon_core.package_identification:_identify(src/localization) by extensions ['colcon_pkg']
[0.184s] Level 1:colcon.colcon_core.package_identification:_identify(src/localization) by extension 'colcon_pkg'
[0.184s] Level 1:colcon.colcon_core.package_identification:_identify(src/localization) by extensions ['colcon_meta']
[0.184s] Level 1:colcon.colcon_core.package_identification:_identify(src/localization) by extension 'colcon_meta'
[0.184s] Level 1:colcon.colcon_core.package_identification:_identify(src/localization) by extensions ['ros']
[0.184s] Level 1:colcon.colcon_core.package_identification:_identify(src/localization) by extension 'ros'
[0.184s] Level 1:colcon.colcon_core.package_identification:_identify(src/localization) by extensions ['cmake', 'python']
[0.184s] Level 1:colcon.colcon_core.package_identification:_identify(src/localization) by extension 'cmake'
[0.184s] Level 1:colcon.colcon_core.package_identification:_identify(src/localization) by extension 'python'
[0.184s] Level 1:colcon.colcon_core.package_identification:_identify(src/localization) by extensions ['python_setup_py']
[0.184s] Level 1:colcon.colcon_core.package_identification:_identify(src/localization) by extension 'python_setup_py'
[0.184s] Level 1:colcon.colcon_core.package_identification:_identify(src/localization/FAST_LIO) by extensions ['ignore', 'ignore_ament_install']
[0.184s] Level 1:colcon.colcon_core.package_identification:_identify(src/localization/FAST_LIO) by extension 'ignore'
[0.184s] Level 1:colcon.colcon_core.package_identification:_identify(src/localization/FAST_LIO) by extension 'ignore_ament_install'
[0.184s] Level 1:colcon.colcon_core.package_identification:_identify(src/localization/FAST_LIO) by extensions ['colcon_pkg']
[0.184s] Level 1:colcon.colcon_core.package_identification:_identify(src/localization/FAST_LIO) by extension 'colcon_pkg'
[0.184s] Level 1:colcon.colcon_core.package_identification:_identify(src/localization/FAST_LIO) by extensions ['colcon_meta']
[0.184s] Level 1:colcon.colcon_core.package_identification:_identify(src/localization/FAST_LIO) by extension 'colcon_meta'
[0.184s] Level 1:colcon.colcon_core.package_identification:_identify(src/localization/FAST_LIO) by extensions ['ros']
[0.184s] Level 1:colcon.colcon_core.package_identification:_identify(src/localization/FAST_LIO) by extension 'ros'
[0.185s] DEBUG:colcon.colcon_core.package_identification:Package 'src/localization/FAST_LIO' with type 'ros.ament_cmake' and name 'fast_lio'
[0.185s] Level 1:colcon.colcon_core.package_identification:_identify(src/localization/icp_localization_ros2) by extensions ['ignore', 'ignore_ament_install']
[0.185s] Level 1:colcon.colcon_core.package_identification:_identify(src/localization/icp_localization_ros2) by extension 'ignore'
[0.185s] Level 1:colcon.colcon_core.package_identification:_identify(src/localization/icp_localization_ros2) by extension 'ignore_ament_install'
[0.185s] Level 1:colcon.colcon_core.package_identification:_identify(src/localization/icp_localization_ros2) by extensions ['colcon_pkg']
[0.185s] Level 1:colcon.colcon_core.package_identification:_identify(src/localization/icp_localization_ros2) by extension 'colcon_pkg'
[0.185s] Level 1:colcon.colcon_core.package_identification:_identify(src/localization/icp_localization_ros2) by extensions ['colcon_meta']
[0.185s] Level 1:colcon.colcon_core.package_identification:_identify(src/localization/icp_localization_ros2) by extension 'colcon_meta'
[0.185s] Level 1:colcon.colcon_core.package_identification:_identify(src/localization/icp_localization_ros2) by extensions ['ros']
[0.185s] Level 1:colcon.colcon_core.package_identification:_identify(src/localization/icp_localization_ros2) by extension 'ros'
[0.186s] DEBUG:colcon.colcon_core.package_identification:Package 'src/localization/icp_localization_ros2' with type 'ros.ament_cmake' and name 'icp_localization_ros2'
[0.186s] Level 1:colcon.colcon_core.package_identification:_identify(src/rm_nav_bringup) by extensions ['ignore', 'ignore_ament_install']
[0.186s] Level 1:colcon.colcon_core.package_identification:_identify(src/rm_nav_bringup) by extension 'ignore'
[0.186s] Level 1:colcon.colcon_core.package_identification:_identify(src/rm_nav_bringup) by extension 'ignore_ament_install'
[0.186s] Level 1:colcon.colcon_core.package_identification:_identify(src/rm_nav_bringup) by extensions ['colcon_pkg']
[0.186s] Level 1:colcon.colcon_core.package_identification:_identify(src/rm_nav_bringup) by extension 'colcon_pkg'
[0.186s] Level 1:colcon.colcon_core.package_identification:_identify(src/rm_nav_bringup) by extensions ['colcon_meta']
[0.186s] Level 1:colcon.colcon_core.package_identification:_identify(src/rm_nav_bringup) by extension 'colcon_meta'
[0.186s] Level 1:colcon.colcon_core.package_identification:_identify(src/rm_nav_bringup) by extensions ['ros']
[0.186s] Level 1:colcon.colcon_core.package_identification:_identify(src/rm_nav_bringup) by extension 'ros'
[0.187s] DEBUG:colcon.colcon_core.package_identification:Package 'src/rm_nav_bringup' with type 'ros.ament_cmake' and name 'rm_nav_bringup'
[0.187s] Level 1:colcon.colcon_core.package_identification:_identify(src/sensor_driver) by extensions ['ignore', 'ignore_ament_install']
[0.187s] Level 1:colcon.colcon_core.package_identification:_identify(src/sensor_driver) by extension 'ignore'
[0.187s] Level 1:colcon.colcon_core.package_identification:_identify(src/sensor_driver) by extension 'ignore_ament_install'
[0.187s] Level 1:colcon.colcon_core.package_identification:_identify(src/sensor_driver) by extensions ['colcon_pkg']
[0.187s] Level 1:colcon.colcon_core.package_identification:_identify(src/sensor_driver) by extension 'colcon_pkg'
[0.187s] Level 1:colcon.colcon_core.package_identification:_identify(src/sensor_driver) by extensions ['colcon_meta']
[0.187s] Level 1:colcon.colcon_core.package_identification:_identify(src/sensor_driver) by extension 'colcon_meta'
[0.187s] Level 1:colcon.colcon_core.package_identification:_identify(src/sensor_driver) by extensions ['ros']
[0.187s] Level 1:colcon.colcon_core.package_identification:_identify(src/sensor_driver) by extension 'ros'
[0.187s] Level 1:colcon.colcon_core.package_identification:_identify(src/sensor_driver) by extensions ['cmake', 'python']
[0.187s] Level 1:colcon.colcon_core.package_identification:_identify(src/sensor_driver) by extension 'cmake'
[0.187s] Level 1:colcon.colcon_core.package_identification:_identify(src/sensor_driver) by extension 'python'
[0.187s] Level 1:colcon.colcon_core.package_identification:_identify(src/sensor_driver) by extensions ['python_setup_py']
[0.187s] Level 1:colcon.colcon_core.package_identification:_identify(src/sensor_driver) by extension 'python_setup_py'
[0.187s] Level 1:colcon.colcon_core.package_identification:_identify(src/sensor_driver/livox_ros_driver2) by extensions ['ignore', 'ignore_ament_install']
[0.187s] Level 1:colcon.colcon_core.package_identification:_identify(src/sensor_driver/livox_ros_driver2) by extension 'ignore'
[0.187s] Level 1:colcon.colcon_core.package_identification:_identify(src/sensor_driver/livox_ros_driver2) by extension 'ignore_ament_install'
[0.187s] Level 1:colcon.colcon_core.package_identification:_identify(src/sensor_driver/livox_ros_driver2) by extensions ['colcon_pkg']
[0.187s] Level 1:colcon.colcon_core.package_identification:_identify(src/sensor_driver/livox_ros_driver2) by extension 'colcon_pkg'
[0.187s] Level 1:colcon.colcon_core.package_identification:_identify(src/sensor_driver/livox_ros_driver2) by extensions ['colcon_meta']
[0.187s] Level 1:colcon.colcon_core.package_identification:_identify(src/sensor_driver/livox_ros_driver2) by extension 'colcon_meta'
[0.187s] Level 1:colcon.colcon_core.package_identification:_identify(src/sensor_driver/livox_ros_driver2) by extensions ['ros']
[0.187s] Level 1:colcon.colcon_core.package_identification:_identify(src/sensor_driver/livox_ros_driver2) by extension 'ros'
[0.188s] DEBUG:colcon.colcon_core.package_identification:Package 'src/sensor_driver/livox_ros_driver2' with type 'ros.ament_cmake' and name 'livox_ros_driver2'
[0.188s] Level 1:colcon.colcon_core.package_discovery:discover_packages(recursive) using defaults
[0.188s] Level 1:colcon.colcon_core.package_discovery:discover_packages(ignore) discover
[0.188s] Level 1:colcon.colcon_core.package_discovery:discover_packages(ignore) using defaults
[0.188s] Level 1:colcon.colcon_core.package_discovery:discover_packages(path) discover
[0.188s] Level 1:colcon.colcon_core.package_discovery:discover_packages(path) using defaults
[0.206s] INFO:colcon.colcon_core.package_selection:Skipping not selected package 'a_star' in 'src/global_planner/a_star'
[0.206s] INFO:colcon.colcon_core.package_selection:Skipping not selected package 'icp_localization_ros2' in 'src/localization/icp_localization_ros2'
[0.206s] INFO:colcon.colcon_core.package_selection:Skipping not selected package 'joy' in 'src/local_planner/autonomous_exploration_development_environment/src/joystick_drivers/joy'
[0.206s] INFO:colcon.colcon_core.package_selection:Skipping not selected package 'linefit_ground_segmentation' in 'src/local_planner/linefit_ground_segementation_ros2/linefit_ground_segmentation'
[0.206s] INFO:colcon.colcon_core.package_selection:Skipping not selected package 'livox_ros_driver2' in 'src/sensor_driver/livox_ros_driver2'
[0.206s] INFO:colcon.colcon_core.package_selection:Skipping not selected package 'loam_interface' in 'src/local_planner/autonomous_exploration_development_environment/src/loam_interface'
[0.206s] INFO:colcon.colcon_core.package_selection:Skipping not selected package 'local_planner' in 'src/local_planner/autonomous_exploration_development_environment/src/local_planner'
[0.206s] INFO:colcon.colcon_core.package_selection:Skipping not selected package 'mapping' in 'src/global_planner/mapping'
[0.206s] INFO:colcon.colcon_core.package_selection:Skipping not selected package 'path2waypoint' in 'src/global_planner/path2waypoint'
[0.206s] INFO:colcon.colcon_core.package_selection:Skipping not selected package 'sensor_scan_generation' in 'src/local_planner/autonomous_exploration_development_environment/src/sensor_scan_generation'
[0.206s] INFO:colcon.colcon_core.package_selection:Skipping not selected package 'terrain_analysis' in 'src/local_planner/autonomous_exploration_development_environment/src/terrain_analysis'
[0.206s] INFO:colcon.colcon_core.package_selection:Skipping not selected package 'terrain_analysis_ext' in 'src/local_planner/autonomous_exploration_development_environment/src/terrain_analysis_ext'
[0.206s] INFO:colcon.colcon_core.package_selection:Skipping not selected package 'vehicle_simulator' in 'src/local_planner/autonomous_exploration_development_environment/src/vehicle_simulator'
[0.206s] INFO:colcon.colcon_core.package_selection:Skipping not selected package 'velodyne_description' in 'src/local_planner/autonomous_exploration_development_environment/src/velodyne_simulator/velodyne_description'
[0.206s] INFO:colcon.colcon_core.package_selection:Skipping not selected package 'velodyne_gazebo_plugins' in 'src/local_planner/autonomous_exploration_development_environment/src/velodyne_simulator/velodyne_gazebo_plugins'
[0.206s] INFO:colcon.colcon_core.package_selection:Skipping not selected package 'visualization_tools' in 'src/local_planner/autonomous_exploration_development_environment/src/visualization_tools'
[0.206s] INFO:colcon.colcon_core.package_selection:Skipping not selected package 'waypoint_example' in 'src/local_planner/autonomous_exploration_development_environment/src/waypoint_example'
[0.206s] INFO:colcon.colcon_core.package_selection:Skipping not selected package 'waypoint_rviz_plugin' in 'src/local_planner/autonomous_exploration_development_environment/src/waypoint_rviz_plugin'
[0.206s] INFO:colcon.colcon_core.package_selection:Skipping not selected package 'linefit_ground_segmentation_ros' in 'src/local_planner/linefit_ground_segementation_ros2/linefit_ground_segmentation_ros'
[0.206s] INFO:colcon.colcon_core.package_selection:Skipping not selected package 'velodyne_simulator' in 'src/local_planner/autonomous_exploration_development_environment/src/velodyne_simulator/velodyne_simulator'
[0.206s] INFO:colcon.colcon_core.package_selection:Skipping not selected package 'rm_nav_bringup' in 'src/rm_nav_bringup'
[0.207s] Level 1:colcon.colcon_core.package_discovery:discover_packages(prefix_path) check parameters
[0.207s] Level 1:colcon.colcon_core.package_discovery:discover_packages(prefix_path) discover
[0.208s] DEBUG:colcon.colcon_installed_package_information.package_discovery:Found 1 installed packages in /home/jason/Desktop/Decision_moudle/install
[0.208s] DEBUG:colcon.colcon_installed_package_information.package_discovery:Found 22 installed packages in /home/jason/Desktop/navi/install
[0.209s] DEBUG:colcon.colcon_installed_package_information.package_discovery:Found 9 installed packages in /home/jason/Desktop/auto_aim/install
[0.209s] DEBUG:colcon.colcon_installed_package_information.package_discovery:Found 421 installed packages in /opt/ros/humble
[0.211s] Level 1:colcon.colcon_core.package_discovery:discover_packages(prefix_path) using defaults
[0.235s] WARNING:colcon.colcon_core.package_selection:Some selected packages are already built in one or more underlay workspaces:
	'fast_lio' is in: /home/jason/Desktop/navi/install/fast_lio
If a package in a merged underlay workspace is overridden and it installs headers, then all packages in the overlay must sort their include directories by workspace order. Failure to do so may result in build failures or undefined behavior at run time.
If the overridden package is used by another package in any underlay, then the overriding package in the overlay must be API and ABI compatible or undefined behavior at run time may occur.

If you understand the risks and want to override a package anyways, add the following to the command line:
	--allow-overriding fast_lio

This may be promoted to an error in a future release of colcon-override-check.
[0.235s] Level 5:colcon.colcon_core.verb:set package 'fast_lio' build argument 'cmake_args' from command line to 'None'
[0.235s] Level 5:colcon.colcon_core.verb:set package 'fast_lio' build argument 'cmake_target' from command line to 'None'
[0.235s] Level 5:colcon.colcon_core.verb:set package 'fast_lio' build argument 'cmake_target_skip_unavailable' from command line to 'False'
[0.235s] Level 5:colcon.colcon_core.verb:set package 'fast_lio' build argument 'cmake_clean_cache' from command line to 'False'
[0.235s] Level 5:colcon.colcon_core.verb:set package 'fast_lio' build argument 'cmake_clean_first' from command line to 'False'
[0.235s] Level 5:colcon.colcon_core.verb:set package 'fast_lio' build argument 'cmake_force_configure' from command line to 'False'
[0.235s] Level 5:colcon.colcon_core.verb:set package 'fast_lio' build argument 'ament_cmake_args' from command line to 'None'
[0.235s] Level 5:colcon.colcon_core.verb:set package 'fast_lio' build argument 'catkin_cmake_args' from command line to 'None'
[0.235s] Level 5:colcon.colcon_core.verb:set package 'fast_lio' build argument 'catkin_skip_building_tests' from command line to 'False'
[0.235s] DEBUG:colcon.colcon_core.verb:Building package 'fast_lio' with the following arguments: {'ament_cmake_args': None, 'build_base': '/home/jason/Desktop/navi/build/fast_lio', 'catkin_cmake_args': None, 'catkin_skip_building_tests': False, 'cmake_args': None, 'cmake_clean_cache': False, 'cmake_clean_first': False, 'cmake_force_configure': False, 'cmake_target': None, 'cmake_target_skip_unavailable': False, 'install_base': '/home/jason/Desktop/navi/install/fast_lio', 'merge_install': False, 'path': '/home/jason/Desktop/navi/src/localization/FAST_LIO', 'symlink_install': False, 'test_result_base': None}
[0.235s] INFO:colcon.colcon_core.executor:Executing jobs using 'parallel' executor
[0.236s] DEBUG:colcon.colcon_parallel_executor.executor.parallel:run_until_complete
[0.236s] INFO:colcon.colcon_ros.task.ament_cmake.build:Building ROS package in '/home/jason/Desktop/navi/src/localization/FAST_LIO' with build type 'ament_cmake'
[0.236s] INFO:colcon.colcon_cmake.task.cmake.build:Building CMake package in '/home/jason/Desktop/navi/src/localization/FAST_LIO'
[0.238s] INFO:colcon.colcon_core.plugin_system:Skipping extension 'colcon_core.shell.bat': Not used on non-Windows systems
[0.238s] INFO:colcon.colcon_core.shell:Skip shell extension 'powershell' for command environment: Not usable outside of PowerShell
[0.238s] DEBUG:colcon.colcon_core.shell:Skip shell extension 'dsv' for command environment
[0.249s] DEBUG:colcon.colcon_core.event_handler.log_command:Invoking command in '/home/jason/Desktop/navi/build/fast_lio': CMAKE_PREFIX_PATH=/home/jason/Desktop/navi/install/livox_ros_driver2:/home/jason/Desktop/auto_aim/install/rm_vision_bringup:/home/jason/Desktop/auto_aim/install/rm_serial_driver:/home/jason/Desktop/auto_aim/install/rm_gimbal_description:/home/jason/Desktop/auto_aim/install/rm_auto_aim:/home/jason/Desktop/auto_aim/install/mindvision_camera:/home/jason/Desktop/auto_aim/install/hik_camera:/home/jason/Desktop/auto_aim/install/armor_tracker:/home/jason/Desktop/auto_aim/install/armor_detector:/home/jason/Desktop/auto_aim/install/auto_aim_interfaces:/home/jason/Desktop/Decision_moudle/install/decision_moudle:/home/jason/Desktop/navi/install/waypoint_rviz_plugin:/home/jason/Desktop/navi/install/waypoint_example:/home/jason/Desktop/navi/install/visualization_tools:/home/jason/Desktop/navi/install/velodyne_simulator:/home/jason/Desktop/navi/install/velodyne_gazebo_plugins:/home/jason/Desktop/navi/install/velodyne_description:/home/jason/Desktop/navi/install/rm_nav_bringup:/home/jason/Desktop/navi/install/vehicle_simulator:/home/jason/Desktop/navi/install/terrain_analysis_ext:/home/jason/Desktop/navi/install/terrain_analysis:/home/jason/Desktop/navi/install/sensor_scan_generation:/home/jason/Desktop/navi/install/path2waypoint:/home/jason/Desktop/navi/install/mapping:/home/jason/Desktop/navi/install/local_planner:/home/jason/Desktop/navi/install/loam_interface:/home/jason/Desktop/navi/install/fast_lio:/home/jason/Desktop/navi/install/linefit_ground_segmentation_ros:/home/jason/Desktop/navi/install/linefit_ground_segmentation:/home/jason/Desktop/navi/install/joy:/home/jason/Desktop/navi/install/icp_localization_ros2:/home/jason/Desktop/navi/install/a_star:/opt/ros/humble LD_LIBRARY_PATH=/home/jason/Desktop/navi/install/livox_ros_driver2/lib:/home/jason/Desktop/auto_aim/install/rm_serial_driver/lib:/home/jason/Desktop/auto_aim/install/mindvision_camera/lib:/home/jason/Desktop/auto_aim/install/hik_camera/lib:/home/jason/Desktop/auto_aim/install/armor_tracker/lib:/home/jason/Desktop/auto_aim/install/armor_detector/lib:/home/jason/Desktop/auto_aim/install/auto_aim_interfaces/lib:/home/jason/Desktop/Decision_moudle/install/decision_moudle/lib:/home/jason/Desktop/navi/install/velodyne_gazebo_plugins/lib:/home/jason/Desktop/navi/install/fast_lio/lib:/home/jason/Desktop/navi/install/linefit_ground_segmentation/lib:/home/jason/Desktop/navi/install/joy/lib:/home/jason/Desktop/navi/install/a_star/lib:/opt/MVS/lib/64:/opt/MVS/lib/32:/usr/lib/x86_64-linux-gnu/gazebo-11/plugins:/opt/ros/humble/opt/rviz_ogre_vendor/lib:/opt/ros/humble/lib/x86_64-linux-gnu:/opt/ros/humble/lib:/opt/MVS/lib/64:/opt/MVS/lib/32:/opt/MVS/lib/64:/opt/MVS/lib/32 /usr/bin/cmake --build /home/jason/Desktop/navi/build/fast_lio -- -j20 -l20
[38.286s] DEBUG:colcon.colcon_core.event_handler.log_command:Invoked command in '/home/jason/Desktop/navi/build/fast_lio' returned '0': CMAKE_PREFIX_PATH=/home/jason/Desktop/navi/install/livox_ros_driver2:/home/jason/Desktop/auto_aim/install/rm_vision_bringup:/home/jason/Desktop/auto_aim/install/rm_serial_driver:/home/jason/Desktop/auto_aim/install/rm_gimbal_description:/home/jason/Desktop/auto_aim/install/rm_auto_aim:/home/jason/Desktop/auto_aim/install/mindvision_camera:/home/jason/Desktop/auto_aim/install/hik_camera:/home/jason/Desktop/auto_aim/install/armor_tracker:/home/jason/Desktop/auto_aim/install/armor_detector:/home/jason/Desktop/auto_aim/install/auto_aim_interfaces:/home/jason/Desktop/Decision_moudle/install/decision_moudle:/home/jason/Desktop/navi/install/waypoint_rviz_plugin:/home/jason/Desktop/navi/install/waypoint_example:/home/jason/Desktop/navi/install/visualization_tools:/home/jason/Desktop/navi/install/velodyne_simulator:/home/jason/Desktop/navi/install/velodyne_gazebo_plugins:/home/jason/Desktop/navi/install/velodyne_description:/home/jason/Desktop/navi/install/rm_nav_bringup:/home/jason/Desktop/navi/install/vehicle_simulator:/home/jason/Desktop/navi/install/terrain_analysis_ext:/home/jason/Desktop/navi/install/terrain_analysis:/home/jason/Desktop/navi/install/sensor_scan_generation:/home/jason/Desktop/navi/install/path2waypoint:/home/jason/Desktop/navi/install/mapping:/home/jason/Desktop/navi/install/local_planner:/home/jason/Desktop/navi/install/loam_interface:/home/jason/Desktop/navi/install/fast_lio:/home/jason/Desktop/navi/install/linefit_ground_segmentation_ros:/home/jason/Desktop/navi/install/linefit_ground_segmentation:/home/jason/Desktop/navi/install/joy:/home/jason/Desktop/navi/install/icp_localization_ros2:/home/jason/Desktop/navi/install/a_star:/opt/ros/humble LD_LIBRARY_PATH=/home/jason/Desktop/navi/install/livox_ros_driver2/lib:/home/jason/Desktop/auto_aim/install/rm_serial_driver/lib:/home/jason/Desktop/auto_aim/install/mindvision_camera/lib:/home/jason/Desktop/auto_aim/install/hik_camera/lib:/home/jason/Desktop/auto_aim/install/armor_tracker/lib:/home/jason/Desktop/auto_aim/install/armor_detector/lib:/home/jason/Desktop/auto_aim/install/auto_aim_interfaces/lib:/home/jason/Desktop/Decision_moudle/install/decision_moudle/lib:/home/jason/Desktop/navi/install/velodyne_gazebo_plugins/lib:/home/jason/Desktop/navi/install/fast_lio/lib:/home/jason/Desktop/navi/install/linefit_ground_segmentation/lib:/home/jason/Desktop/navi/install/joy/lib:/home/jason/Desktop/navi/install/a_star/lib:/opt/MVS/lib/64:/opt/MVS/lib/32:/usr/lib/x86_64-linux-gnu/gazebo-11/plugins:/opt/ros/humble/opt/rviz_ogre_vendor/lib:/opt/ros/humble/lib/x86_64-linux-gnu:/opt/ros/humble/lib:/opt/MVS/lib/64:/opt/MVS/lib/32:/opt/MVS/lib/64:/opt/MVS/lib/32 /usr/bin/cmake --build /home/jason/Desktop/navi/build/fast_lio -- -j20 -l20
[38.357s] DEBUG:colcon.colcon_core.event_handler.log_command:Invoking command in '/home/jason/Desktop/navi/build/fast_lio': CMAKE_PREFIX_PATH=/home/jason/Desktop/navi/install/livox_ros_driver2:/home/jason/Desktop/auto_aim/install/rm_vision_bringup:/home/jason/Desktop/auto_aim/install/rm_serial_driver:/home/jason/Desktop/auto_aim/install/rm_gimbal_description:/home/jason/Desktop/auto_aim/install/rm_auto_aim:/home/jason/Desktop/auto_aim/install/mindvision_camera:/home/jason/Desktop/auto_aim/install/hik_camera:/home/jason/Desktop/auto_aim/install/armor_tracker:/home/jason/Desktop/auto_aim/install/armor_detector:/home/jason/Desktop/auto_aim/install/auto_aim_interfaces:/home/jason/Desktop/Decision_moudle/install/decision_moudle:/home/jason/Desktop/navi/install/waypoint_rviz_plugin:/home/jason/Desktop/navi/install/waypoint_example:/home/jason/Desktop/navi/install/visualization_tools:/home/jason/Desktop/navi/install/velodyne_simulator:/home/jason/Desktop/navi/install/velodyne_gazebo_plugins:/home/jason/Desktop/navi/install/velodyne_description:/home/jason/Desktop/navi/install/rm_nav_bringup:/home/jason/Desktop/navi/install/vehicle_simulator:/home/jason/Desktop/navi/install/terrain_analysis_ext:/home/jason/Desktop/navi/install/terrain_analysis:/home/jason/Desktop/navi/install/sensor_scan_generation:/home/jason/Desktop/navi/install/path2waypoint:/home/jason/Desktop/navi/install/mapping:/home/jason/Desktop/navi/install/local_planner:/home/jason/Desktop/navi/install/loam_interface:/home/jason/Desktop/navi/install/fast_lio:/home/jason/Desktop/navi/install/linefit_ground_segmentation_ros:/home/jason/Desktop/navi/install/linefit_ground_segmentation:/home/jason/Desktop/navi/install/joy:/home/jason/Desktop/navi/install/icp_localization_ros2:/home/jason/Desktop/navi/install/a_star:/opt/ros/humble LD_LIBRARY_PATH=/home/jason/Desktop/navi/install/livox_ros_driver2/lib:/home/jason/Desktop/auto_aim/install/rm_serial_driver/lib:/home/jason/Desktop/auto_aim/install/mindvision_camera/lib:/home/jason/Desktop/auto_aim/install/hik_camera/lib:/home/jason/Desktop/auto_aim/install/armor_tracker/lib:/home/jason/Desktop/auto_aim/install/armor_detector/lib:/home/jason/Desktop/auto_aim/install/auto_aim_interfaces/lib:/home/jason/Desktop/Decision_moudle/install/decision_moudle/lib:/home/jason/Desktop/navi/install/velodyne_gazebo_plugins/lib:/home/jason/Desktop/navi/install/fast_lio/lib:/home/jason/Desktop/navi/install/linefit_ground_segmentation/lib:/home/jason/Desktop/navi/install/joy/lib:/home/jason/Desktop/navi/install/a_star/lib:/opt/MVS/lib/64:/opt/MVS/lib/32:/usr/lib/x86_64-linux-gnu/gazebo-11/plugins:/opt/ros/humble/opt/rviz_ogre_vendor/lib:/opt/ros/humble/lib/x86_64-linux-gnu:/opt/ros/humble/lib:/opt/MVS/lib/64:/opt/MVS/lib/32:/opt/MVS/lib/64:/opt/MVS/lib/32 /usr/bin/cmake --install /home/jason/Desktop/navi/build/fast_lio
[38.412s] Level 1:colcon.colcon_core.environment:create_environment_scripts_only(fast_lio)
[38.412s] DEBUG:colcon.colcon_core.event_handler.log_command:Invoked command in '/home/jason/Desktop/navi/build/fast_lio' returned '0': CMAKE_PREFIX_PATH=/home/jason/Desktop/navi/install/livox_ros_driver2:/home/jason/Desktop/auto_aim/install/rm_vision_bringup:/home/jason/Desktop/auto_aim/install/rm_serial_driver:/home/jason/Desktop/auto_aim/install/rm_gimbal_description:/home/jason/Desktop/auto_aim/install/rm_auto_aim:/home/jason/Desktop/auto_aim/install/mindvision_camera:/home/jason/Desktop/auto_aim/install/hik_camera:/home/jason/Desktop/auto_aim/install/armor_tracker:/home/jason/Desktop/auto_aim/install/armor_detector:/home/jason/Desktop/auto_aim/install/auto_aim_interfaces:/home/jason/Desktop/Decision_moudle/install/decision_moudle:/home/jason/Desktop/navi/install/waypoint_rviz_plugin:/home/jason/Desktop/navi/install/waypoint_example:/home/jason/Desktop/navi/install/visualization_tools:/home/jason/Desktop/navi/install/velodyne_simulator:/home/jason/Desktop/navi/install/velodyne_gazebo_plugins:/home/jason/Desktop/navi/install/velodyne_description:/home/jason/Desktop/navi/install/rm_nav_bringup:/home/jason/Desktop/navi/install/vehicle_simulator:/home/jason/Desktop/navi/install/terrain_analysis_ext:/home/jason/Desktop/navi/install/terrain_analysis:/home/jason/Desktop/navi/install/sensor_scan_generation:/home/jason/Desktop/navi/install/path2waypoint:/home/jason/Desktop/navi/install/mapping:/home/jason/Desktop/navi/install/local_planner:/home/jason/Desktop/navi/install/loam_interface:/home/jason/Desktop/navi/install/fast_lio:/home/jason/Desktop/navi/install/linefit_ground_segmentation_ros:/home/jason/Desktop/navi/install/linefit_ground_segmentation:/home/jason/Desktop/navi/install/joy:/home/jason/Desktop/navi/install/icp_localization_ros2:/home/jason/Desktop/navi/install/a_star:/opt/ros/humble LD_LIBRARY_PATH=/home/jason/Desktop/navi/install/livox_ros_driver2/lib:/home/jason/Desktop/auto_aim/install/rm_serial_driver/lib:/home/jason/Desktop/auto_aim/install/mindvision_camera/lib:/home/jason/Desktop/auto_aim/install/hik_camera/lib:/home/jason/Desktop/auto_aim/install/armor_tracker/lib:/home/jason/Desktop/auto_aim/install/armor_detector/lib:/home/jason/Desktop/auto_aim/install/auto_aim_interfaces/lib:/home/jason/Desktop/Decision_moudle/install/decision_moudle/lib:/home/jason/Desktop/navi/install/velodyne_gazebo_plugins/lib:/home/jason/Desktop/navi/install/fast_lio/lib:/home/jason/Desktop/navi/install/linefit_ground_segmentation/lib:/home/jason/Desktop/navi/install/joy/lib:/home/jason/Desktop/navi/install/a_star/lib:/opt/MVS/lib/64:/opt/MVS/lib/32:/usr/lib/x86_64-linux-gnu/gazebo-11/plugins:/opt/ros/humble/opt/rviz_ogre_vendor/lib:/opt/ros/humble/lib/x86_64-linux-gnu:/opt/ros/humble/lib:/opt/MVS/lib/64:/opt/MVS/lib/32:/opt/MVS/lib/64:/opt/MVS/lib/32 /usr/bin/cmake --install /home/jason/Desktop/navi/build/fast_lio
[38.414s] Level 1:colcon.colcon_core.environment:checking '/home/jason/Desktop/navi/install/fast_lio' for CMake module files
[38.414s] Level 1:colcon.colcon_core.environment:checking '/home/jason/Desktop/navi/install/fast_lio' for CMake config files
[38.414s] Level 1:colcon.colcon_core.shell:create_environment_hook('fast_lio', 'cmake_prefix_path')
[38.414s] INFO:colcon.colcon_core.shell:Creating environment hook '/home/jason/Desktop/navi/install/fast_lio/share/fast_lio/hook/cmake_prefix_path.ps1'
[38.415s] INFO:colcon.colcon_core.shell:Creating environment descriptor '/home/jason/Desktop/navi/install/fast_lio/share/fast_lio/hook/cmake_prefix_path.dsv'
[38.416s] INFO:colcon.colcon_core.shell:Creating environment hook '/home/jason/Desktop/navi/install/fast_lio/share/fast_lio/hook/cmake_prefix_path.sh'
[38.416s] Level 1:colcon.colcon_core.environment:checking '/home/jason/Desktop/navi/install/fast_lio/lib'
[38.416s] Level 1:colcon.colcon_core.shell:create_environment_hook('fast_lio', 'ld_library_path_lib')
[38.416s] INFO:colcon.colcon_core.shell:Creating environment hook '/home/jason/Desktop/navi/install/fast_lio/share/fast_lio/hook/ld_library_path_lib.ps1'
[38.417s] INFO:colcon.colcon_core.shell:Creating environment descriptor '/home/jason/Desktop/navi/install/fast_lio/share/fast_lio/hook/ld_library_path_lib.dsv'
[38.417s] INFO:colcon.colcon_core.shell:Creating environment hook '/home/jason/Desktop/navi/install/fast_lio/share/fast_lio/hook/ld_library_path_lib.sh'
[38.417s] Level 1:colcon.colcon_core.environment:checking '/home/jason/Desktop/navi/install/fast_lio/bin'
[38.417s] Level 1:colcon.colcon_core.environment:checking '/home/jason/Desktop/navi/install/fast_lio/lib/pkgconfig/fast_lio.pc'
[38.417s] Level 1:colcon.colcon_core.environment:checking '/home/jason/Desktop/navi/install/fast_lio/lib/python3.10/site-packages'
[38.417s] Level 1:colcon.colcon_core.environment:checking '/home/jason/Desktop/navi/install/fast_lio/bin'
[38.418s] INFO:colcon.colcon_core.shell:Creating package script '/home/jason/Desktop/navi/install/fast_lio/share/fast_lio/package.ps1'
[38.418s] INFO:colcon.colcon_core.shell:Creating package descriptor '/home/jason/Desktop/navi/install/fast_lio/share/fast_lio/package.dsv'
[38.418s] INFO:colcon.colcon_core.shell:Creating package script '/home/jason/Desktop/navi/install/fast_lio/share/fast_lio/package.sh'
[38.419s] INFO:colcon.colcon_core.shell:Creating package script '/home/jason/Desktop/navi/install/fast_lio/share/fast_lio/package.bash'
[38.419s] INFO:colcon.colcon_core.shell:Creating package script '/home/jason/Desktop/navi/install/fast_lio/share/fast_lio/package.zsh'
[38.419s] Level 1:colcon.colcon_core.environment:create_file_with_runtime_dependencies(/home/jason/Desktop/navi/install/fast_lio/share/colcon-core/packages/fast_lio)
[38.483s] Level 1:colcon.colcon_core.environment:create_environment_scripts_only(fast_lio)
[38.483s] Level 1:colcon.colcon_core.environment:checking '/home/jason/Desktop/navi/install/fast_lio' for CMake module files
[38.484s] Level 1:colcon.colcon_core.environment:checking '/home/jason/Desktop/navi/install/fast_lio' for CMake config files
[38.484s] Level 1:colcon.colcon_core.shell:create_environment_hook('fast_lio', 'cmake_prefix_path')
[38.484s] INFO:colcon.colcon_core.shell:Creating environment hook '/home/jason/Desktop/navi/install/fast_lio/share/fast_lio/hook/cmake_prefix_path.ps1'
[38.484s] INFO:colcon.colcon_core.shell:Creating environment descriptor '/home/jason/Desktop/navi/install/fast_lio/share/fast_lio/hook/cmake_prefix_path.dsv'
[38.485s] INFO:colcon.colcon_core.shell:Creating environment hook '/home/jason/Desktop/navi/install/fast_lio/share/fast_lio/hook/cmake_prefix_path.sh'
[38.485s] Level 1:colcon.colcon_core.environment:checking '/home/jason/Desktop/navi/install/fast_lio/lib'
[38.485s] Level 1:colcon.colcon_core.shell:create_environment_hook('fast_lio', 'ld_library_path_lib')
[38.485s] INFO:colcon.colcon_core.shell:Creating environment hook '/home/jason/Desktop/navi/install/fast_lio/share/fast_lio/hook/ld_library_path_lib.ps1'
[38.485s] INFO:colcon.colcon_core.shell:Creating environment descriptor '/home/jason/Desktop/navi/install/fast_lio/share/fast_lio/hook/ld_library_path_lib.dsv'
[38.486s] INFO:colcon.colcon_core.shell:Creating environment hook '/home/jason/Desktop/navi/install/fast_lio/share/fast_lio/hook/ld_library_path_lib.sh'
[38.486s] Level 1:colcon.colcon_core.environment:checking '/home/jason/Desktop/navi/install/fast_lio/bin'
[38.486s] Level 1:colcon.colcon_core.environment:checking '/home/jason/Desktop/navi/install/fast_lio/lib/pkgconfig/fast_lio.pc'
[38.486s] Level 1:colcon.colcon_core.environment:checking '/home/jason/Desktop/navi/install/fast_lio/lib/python3.10/site-packages'
[38.486s] Level 1:colcon.colcon_core.environment:checking '/home/jason/Desktop/navi/install/fast_lio/bin'
[38.486s] INFO:colcon.colcon_core.shell:Creating package script '/home/jason/Desktop/navi/install/fast_lio/share/fast_lio/package.ps1'
[38.487s] INFO:colcon.colcon_core.shell:Creating package descriptor '/home/jason/Desktop/navi/install/fast_lio/share/fast_lio/package.dsv'
[38.487s] INFO:colcon.colcon_core.shell:Creating package script '/home/jason/Desktop/navi/install/fast_lio/share/fast_lio/package.sh'
[38.488s] INFO:colcon.colcon_core.shell:Creating package script '/home/jason/Desktop/navi/install/fast_lio/share/fast_lio/package.bash'
[38.488s] INFO:colcon.colcon_core.shell:Creating package script '/home/jason/Desktop/navi/install/fast_lio/share/fast_lio/package.zsh'
[38.488s] Level 1:colcon.colcon_core.environment:create_file_with_runtime_dependencies(/home/jason/Desktop/navi/install/fast_lio/share/colcon-core/packages/fast_lio)
[38.488s] DEBUG:colcon.colcon_parallel_executor.executor.parallel:closing loop
[38.488s] DEBUG:colcon.colcon_parallel_executor.executor.parallel:loop closed
[38.488s] DEBUG:colcon.colcon_parallel_executor.executor.parallel:run_until_complete finished with '0'
[38.488s] DEBUG:colcon.colcon_core.event_reactor:joining thread
[38.492s] INFO:colcon.colcon_core.plugin_system:Skipping extension 'colcon_notification.desktop_notification.terminal_notifier': Not used on non-Darwin systems
[38.492s] INFO:colcon.colcon_core.plugin_system:Skipping extension 'colcon_notification.desktop_notification.win32': Not used on non-Windows systems
[38.492s] INFO:colcon.colcon_notification.desktop_notification:Sending desktop notification using 'notify2'
[38.501s] DEBUG:colcon.colcon_core.event_reactor:joined thread
[38.501s] INFO:colcon.colcon_core.shell:Creating prefix script '/home/jason/Desktop/navi/install/local_setup.ps1'
[38.502s] INFO:colcon.colcon_core.shell:Creating prefix util module '/home/jason/Desktop/navi/install/_local_setup_util_ps1.py'
[38.503s] INFO:colcon.colcon_core.shell:Creating prefix chain script '/home/jason/Desktop/navi/install/setup.ps1'
[38.504s] INFO:colcon.colcon_core.shell:Creating prefix script '/home/jason/Desktop/navi/install/local_setup.sh'
[38.504s] INFO:colcon.colcon_core.shell:Creating prefix util module '/home/jason/Desktop/navi/install/_local_setup_util_sh.py'
[38.504s] INFO:colcon.colcon_core.shell:Creating prefix chain script '/home/jason/Desktop/navi/install/setup.sh'
[38.506s] INFO:colcon.colcon_core.shell:Creating prefix script '/home/jason/Desktop/navi/install/local_setup.bash'
[38.506s] INFO:colcon.colcon_core.shell:Creating prefix chain script '/home/jason/Desktop/navi/install/setup.bash'
[38.507s] INFO:colcon.colcon_core.shell:Creating prefix script '/home/jason/Desktop/navi/install/local_setup.zsh'
[38.507s] INFO:colcon.colcon_core.shell:Creating prefix chain script '/home/jason/Desktop/navi/install/setup.zsh'
