[0.059s] Invoking command in '/home/jason/Desktop/navi/build/terrain_analysis_ext': CMAKE_PREFIX_PATH=${CMAKE_PREFIX_PATH}:/opt/ros/humble /usr/bin/cmake /home/jason/Desktop/navi/src/local_planner/autonomous_exploration_development_environment/src/terrain_analysis_ext -DCMAKE_INSTALL_PREFIX=/home/jason/Desktop/navi/install/terrain_analysis_ext
[0.130s] -- Found ament_cmake: 1.3.8 (/opt/ros/humble/share/ament_cmake/cmake)
[0.249s] -- Override CMake install command with custom implementation using symlinks instead of copying resources
[0.269s] -- Found rclcpp: 16.0.8 (/opt/ros/humble/share/rclcpp/cmake)
[0.326s] -- Found rosidl_generator_c: 3.1.5 (/opt/ros/humble/share/rosidl_generator_c/cmake)
[0.330s] -- Found rosidl_adapter: 3.1.5 (/opt/ros/humble/share/rosidl_adapter/cmake)
[0.341s] -- Found rosidl_generator_cpp: 3.1.5 (/opt/ros/humble/share/rosidl_generator_cpp/cmake)
[0.364s] -- Using all available rosidl_typesupport_c: rosidl_typesupport_fastrtps_c;rosidl_typesupport_introspection_c
[0.386s] -- Using all available rosidl_typesupport_cpp: rosidl_typesupport_fastrtps_cpp;rosidl_typesupport_introspection_cpp
[0.477s] -- Found rmw_implementation_cmake: 6.1.1 (/opt/ros/humble/share/rmw_implementation_cmake/cmake)
[0.480s] -- Found rmw_fastrtps_cpp: 6.2.6 (/opt/ros/humble/share/rmw_fastrtps_cpp/cmake)
[0.656s] -- Using RMW implementation 'rmw_fastrtps_cpp' as default
[0.895s] -- Found nav_msgs: 4.2.3 (/opt/ros/humble/share/nav_msgs/cmake)
[1.082s] -- Found sensor_msgs: 4.2.3 (/opt/ros/humble/share/sensor_msgs/cmake)
[1.182s] -- Found tf2_ros: 0.25.6 (/opt/ros/humble/share/tf2_ros/cmake)
[1.520s] -- Found tf2_geometry_msgs: 0.25.6 (/opt/ros/humble/share/tf2_geometry_msgs/cmake)
[1.524s] -- Found eigen3_cmake_module: 0.1.1 (/opt/ros/humble/share/eigen3_cmake_module/cmake)
[1.525s] -- Ensuring Eigen3 include directory is part of orocos-kdl CMake target
[1.534s] -- Found pcl_conversions: 2.4.0 (/opt/ros/humble/share/pcl_conversions/cmake)
[1.643s] -- Found pcl_ros: 2.4.0 (/opt/ros/humble/share/pcl_ros/cmake)
[1.773s] -- Eigen found (include: /usr/include/eigen3, version: 3.4.0)
[1.814s] -- FLANN found (include: /usr/include, lib: /usr/lib/x86_64-linux-gnu/libflann_cpp.so)
[2.158s] -- OpenNI found (version: 1.5.4.0, include: /usr/include/ni, lib: /usr/lib/libOpenNI.so;libusb::libusb)
[2.164s] -- OpenNI2 found (version: 2.2.0.33, include: /usr/include/openni2, lib: /usr/lib/x86_64-linux-gnu/libOpenNI2.so;libusb::libusb)
[2.321s] -- Eigen found (include: /usr/include/eigen3, version: 3.4.0)
[2.327s] -- OpenNI found (version: 1.5.4.0, include: /usr/include/ni, lib: /usr/lib/libOpenNI.so;libusb::libusb)
[2.333s] -- OpenNI2 found (version: 2.2.0.33, include: /usr/include/openni2, lib: /usr/lib/x86_64-linux-gnu/libOpenNI2.so;libusb::libusb)
[2.481s] -- Found Qhull version 8.0.2
[2.681s] -- OpenNI found (version: 1.5.4.0, include: /usr/include/ni, lib: /usr/lib/libOpenNI.so;libusb::libusb)
[2.921s] -- Found ament_lint_auto: 0.12.10 (/opt/ros/humble/share/ament_lint_auto/cmake)
[2.983s] -- Added test 'copyright' to check source files copyright and LICENSE
[2.984s] -- Added test 'cppcheck' to perform static code analysis on C / C++ code
[2.984s] -- Configured cppcheck include dirs: 
[2.984s] -- Configured cppcheck exclude dirs and/or files: 
[2.984s] -- Added test 'cpplint' to check C / C++ code against the Google style
[2.984s] -- Configured cpplint exclude dirs and/or files: 
[2.985s] -- Added test 'lint_cmake' to check CMake code style
[2.985s] -- Added test 'uncrustify' to check C / C++ code style
[2.985s] -- Configured uncrustify additional arguments: 
[2.985s] -- Added test 'xmllint' to check XML markup files
[2.986s] -- Configuring done
[3.033s] -- Generating done
[3.042s] -- Build files have been written to: /home/jason/Desktop/navi/build/terrain_analysis_ext
[3.052s] Invoked command in '/home/jason/Desktop/navi/build/terrain_analysis_ext' returned '0': CMAKE_PREFIX_PATH=${CMAKE_PREFIX_PATH}:/opt/ros/humble /usr/bin/cmake /home/jason/Desktop/navi/src/local_planner/autonomous_exploration_development_environment/src/terrain_analysis_ext -DCMAKE_INSTALL_PREFIX=/home/jason/Desktop/navi/install/terrain_analysis_ext
[3.055s] Invoking command in '/home/jason/Desktop/navi/build/terrain_analysis_ext': CMAKE_PREFIX_PATH=${CMAKE_PREFIX_PATH}:/opt/ros/humble /usr/bin/cmake --build /home/jason/Desktop/navi/build/terrain_analysis_ext -- -j20 -l20
[3.106s] [35m[1mConsolidate compiler generated dependencies of target terrainAnalysisExt[0m
[3.150s] [100%] Built target terrainAnalysisExt
[3.156s] Invoked command in '/home/jason/Desktop/navi/build/terrain_analysis_ext' returned '0': CMAKE_PREFIX_PATH=${CMAKE_PREFIX_PATH}:/opt/ros/humble /usr/bin/cmake --build /home/jason/Desktop/navi/build/terrain_analysis_ext -- -j20 -l20
[3.186s] Invoking command in '/home/jason/Desktop/navi/build/terrain_analysis_ext': CMAKE_PREFIX_PATH=${CMAKE_PREFIX_PATH}:/opt/ros/humble /usr/bin/cmake --install /home/jason/Desktop/navi/build/terrain_analysis_ext
[3.197s] -- Install configuration: "Release"
[3.198s] -- Execute custom install script
[3.198s] -- Up-to-date symlink: /home/jason/Desktop/navi/install/terrain_analysis_ext/lib/terrain_analysis_ext/terrainAnalysisExt
[3.199s] -- Up-to-date symlink: /home/jason/Desktop/navi/install/terrain_analysis_ext/share/terrain_analysis_ext/launch/terrain_analysis_ext.launch
[3.199s] -- Up-to-date symlink: /home/jason/Desktop/navi/install/terrain_analysis_ext/share/ament_index/resource_index/package_run_dependencies/terrain_analysis_ext
[3.201s] -- Up-to-date symlink: /home/jason/Desktop/navi/install/terrain_analysis_ext/share/ament_index/resource_index/parent_prefix_path/terrain_analysis_ext
[3.201s] -- Up-to-date symlink: /home/jason/Desktop/navi/install/terrain_analysis_ext/share/terrain_analysis_ext/environment/ament_prefix_path.sh
[3.202s] -- Up-to-date symlink: /home/jason/Desktop/navi/install/terrain_analysis_ext/share/terrain_analysis_ext/environment/ament_prefix_path.dsv
[3.202s] -- Up-to-date symlink: /home/jason/Desktop/navi/install/terrain_analysis_ext/share/terrain_analysis_ext/environment/path.sh
[3.202s] -- Up-to-date symlink: /home/jason/Desktop/navi/install/terrain_analysis_ext/share/terrain_analysis_ext/environment/path.dsv
[3.202s] -- Up-to-date symlink: /home/jason/Desktop/navi/install/terrain_analysis_ext/share/terrain_analysis_ext/local_setup.bash
[3.203s] -- Up-to-date symlink: /home/jason/Desktop/navi/install/terrain_analysis_ext/share/terrain_analysis_ext/local_setup.sh
[3.203s] -- Up-to-date symlink: /home/jason/Desktop/navi/install/terrain_analysis_ext/share/terrain_analysis_ext/local_setup.zsh
[3.206s] -- Up-to-date symlink: /home/jason/Desktop/navi/install/terrain_analysis_ext/share/terrain_analysis_ext/local_setup.dsv
[3.206s] -- Symlinking: /home/jason/Desktop/navi/install/terrain_analysis_ext/share/terrain_analysis_ext/package.dsv
[3.214s] -- Up-to-date symlink: /home/jason/Desktop/navi/install/terrain_analysis_ext/share/ament_index/resource_index/packages/terrain_analysis_ext
[3.214s] -- Up-to-date symlink: /home/jason/Desktop/navi/install/terrain_analysis_ext/share/terrain_analysis_ext/cmake/terrain_analysis_extConfig.cmake
[3.214s] -- Up-to-date symlink: /home/jason/Desktop/navi/install/terrain_analysis_ext/share/terrain_analysis_ext/cmake/terrain_analysis_extConfig-version.cmake
[3.215s] -- Up-to-date symlink: /home/jason/Desktop/navi/install/terrain_analysis_ext/share/terrain_analysis_ext/package.xml
[3.218s] Invoked command in '/home/jason/Desktop/navi/build/terrain_analysis_ext' returned '0': CMAKE_PREFIX_PATH=${CMAKE_PREFIX_PATH}:/opt/ros/humble /usr/bin/cmake --install /home/jason/Desktop/navi/build/terrain_analysis_ext
