[0.077s] Invoking command in '/home/jason/Desktop/navi/build/livox_ros_driver2': CMAKE_PREFIX_PATH=${CMAKE_PREFIX_PATH}:/opt/ros/humble /usr/bin/cmake /home/jason/Desktop/navi/src/sensor_driver/livox_ros_driver2 -DCMAKE_INSTALL_PREFIX=/home/jason/Desktop/navi/install/livox_ros_driver2
[0.147s] -- livox_ros_driver2 version: 1.0.0
[0.147s] -- Found ament_cmake_auto: 1.3.8 (/opt/ros/humble/share/ament_cmake_auto/cmake)
[0.346s] -- Override CMake install command with custom implementation using symlinks instead of copying resources
[0.461s] -- Using all available rosidl_typesupport_c: rosidl_typesupport_fastrtps_c;rosidl_typesupport_introspection_c
[0.466s] -- Found rosidl_adapter: 3.1.5 (/opt/ros/humble/share/rosidl_adapter/cmake)
[0.508s] -- Using all available rosidl_typesupport_cpp: rosidl_typesupport_fastrtps_cpp;rosidl_typesupport_introspection_cpp
[0.627s] -- Found rmw_implementation_cmake: 6.1.1 (/opt/ros/humble/share/rmw_implementation_cmake/cmake)
[0.630s] -- Found rmw_fastrtps_cpp: 6.2.6 (/opt/ros/humble/share/rmw_fastrtps_cpp/cmake)
[0.791s] -- Using RMW implementation 'rmw_fastrtps_cpp' as default
[1.441s] -- Eigen found (include: /usr/include/eigen3, version: 3.4.0)
[1.485s] -- FLANN found (include: /usr/include, lib: /usr/lib/x86_64-linux-gnu/libflann_cpp.so)
[2.173s] -- OpenNI found (version: 1.5.4.0, include: /usr/include/ni, lib: /usr/lib/libOpenNI.so;libusb::libusb)
[2.183s] -- OpenNI2 found (version: 2.2.0.33, include: /usr/include/openni2, lib: /usr/lib/x86_64-linux-gnu/libOpenNI2.so;libusb::libusb)
[2.183s] [0m** WARNING ** io features related to pcap will be disabled[0m
[2.460s] -- Eigen found (include: /usr/include/eigen3, version: 3.4.0)
[2.469s] -- OpenNI found (version: 1.5.4.0, include: /usr/include/ni, lib: /usr/lib/libOpenNI.so;libusb::libusb)
[2.479s] -- OpenNI2 found (version: 2.2.0.33, include: /usr/include/openni2, lib: /usr/lib/x86_64-linux-gnu/libOpenNI2.so;libusb::libusb)
[2.701s] -- Found Qhull version 8.0.2
[2.950s] -- OpenNI found (version: 1.5.4.0, include: /usr/include/ni, lib: /usr/lib/libOpenNI.so;libusb::libusb)
[3.201s] -- looking for PCL_COMMON
[3.202s] -- looking for PCL_KDTREE
[3.202s] -- looking for PCL_OCTREE
[3.202s] -- looking for PCL_SEARCH
[3.202s] -- looking for PCL_SAMPLE_CONSENSUS
[3.202s] -- looking for PCL_FILTERS
[3.202s] -- looking for PCL_2D
[3.202s] -- looking for PCL_GEOMETRY
[3.202s] -- looking for PCL_IO
[3.202s] -- looking for PCL_FEATURES
[3.202s] -- looking for PCL_ML
[3.202s] -- looking for PCL_SEGMENTATION
[3.204s] -- looking for PCL_VISUALIZATION
[3.205s] -- looking for PCL_SURFACE
[3.205s] -- looking for PCL_REGISTRATION
[3.205s] -- looking for PCL_KEYPOINTS
[3.205s] -- looking for PCL_TRACKING
[3.210s] -- looking for PCL_RECOGNITION
[3.214s] -- looking for PCL_STEREO
[3.214s] -- looking for PCL_APPS
[3.214s] -- looking for PCL_IN_HAND_SCANNER
[3.214s] -- looking for PCL_MODELER
[3.215s] -- looking for PCL_POINT_CLOUD_EDITOR
[3.215s] -- looking for PCL_OUTOFCORE
[3.215s] -- looking for PCL_PEOPLE
[3.221s] [0m/usr/include/apr-1.0[0m
[3.222s] [0mapr-1[0m
[3.611s] -- Found ament_cmake_ros: 0.10.0 (/opt/ros/humble/share/ament_cmake_ros/cmake)
[4.089s] -- Using all available rosidl_typesupport_c: rosidl_typesupport_fastrtps_c;rosidl_typesupport_introspection_c
[5.041s] -- Using all available rosidl_typesupport_cpp: rosidl_typesupport_fastrtps_cpp;rosidl_typesupport_introspection_cpp
[5.124s] -- Found python_cmake_module: 0.10.0 (/opt/ros/humble/share/python_cmake_module/cmake)
[5.260s] -- Using PYTHON_EXECUTABLE: /usr/bin/python3
[5.261s] -- Using PYTHON_INCLUDE_DIRS: /usr/include/python3.10
[5.263s] -- Using PYTHON_LIBRARIES: /usr/lib/x86_64-linux-gnu/libpython3.10.so
[5.501s] [0m/usr/local/lib/liblivox_lidar_sdk_shared.so[0m
[5.819s] -- Found ament_lint_auto: 0.12.10 (/opt/ros/humble/share/ament_lint_auto/cmake)
[5.872s] -- Added test 'copyright' to check source files copyright and LICENSE
[5.876s] -- Added test 'cppcheck' to perform static code analysis on C / C++ code
[5.879s] -- Configured cppcheck include dirs: /home/jason/Desktop/navi/src/sensor_driver/livox_ros_driver2/3rdparty;/home/jason/Desktop/navi/src/sensor_driver/livox_ros_driver2/src
[5.879s] -- Configured cppcheck exclude dirs and/or files: 
[5.886s] -- Added test 'cpplint' to check C / C++ code against the Google style
[5.886s] -- Configured cpplint exclude dirs and/or files: 
[5.887s] -- Added test 'flake8' to check Python code syntax and style conventions
[5.889s] -- Added test 'lint_cmake' to check CMake code style
[5.891s] -- Added test 'pep257' to check Python code against some of the docstring style conventions in PEP 257
[5.899s] -- Added test 'uncrustify' to check C / C++ code style
[5.899s] -- Configured uncrustify additional arguments: 
[5.899s] -- Added test 'xmllint' to check XML markup files
[5.910s] -- Configuring done
[6.383s] -- Generating done
[6.417s] -- Build files have been written to: /home/jason/Desktop/navi/build/livox_ros_driver2
[6.533s] Invoked command in '/home/jason/Desktop/navi/build/livox_ros_driver2' returned '0': CMAKE_PREFIX_PATH=${CMAKE_PREFIX_PATH}:/opt/ros/humble /usr/bin/cmake /home/jason/Desktop/navi/src/sensor_driver/livox_ros_driver2 -DCMAKE_INSTALL_PREFIX=/home/jason/Desktop/navi/install/livox_ros_driver2
[6.536s] Invoking command in '/home/jason/Desktop/navi/build/livox_ros_driver2': CMAKE_PREFIX_PATH=${CMAKE_PREFIX_PATH}:/opt/ros/humble /usr/bin/cmake --build /home/jason/Desktop/navi/build/livox_ros_driver2 -- -j20 -l20
[19.284s] [35m[1mConsolidate compiler generated dependencies of target livox_interfaces2__rosidl_generator_c[0m
[19.284s] [35m[1mConsolidate compiler generated dependencies of target livox_ros_driver2_node[0m
[19.284s] [  1%] [32mBuilding CXX object CMakeFiles/livox_ros_driver2_node.dir/rclcpp_components/node_main_livox_ros_driver2_node.cpp.o[0m
[19.284s] [  1%] Built target ament_cmake_python_symlink_livox_ros_driver2
[19.284s] [  3%] Built target livox_interfaces2__cpp
[19.284s] [ 10%] Built target livox_interfaces2__rosidl_generator_c
[19.284s] [35m[1mConsolidate compiler generated dependencies of target livox_interfaces2__rosidl_typesupport_cpp[0m
[19.284s] [35m[1mConsolidate compiler generated dependencies of target livox_interfaces2__rosidl_typesupport_fastrtps_cpp[0m
[19.284s] [35m[1mConsolidate compiler generated dependencies of target livox_interfaces2__rosidl_typesupport_introspection_cpp[0m
[19.284s] [ 12%] [32mBuilding CXX object CMakeFiles/livox_interfaces2__rosidl_typesupport_cpp.dir/rosidl_typesupport_cpp/livox_ros_driver2/msg/custom_point__type_support.cpp.o[0m
[19.284s] [ 14%] [32mBuilding CXX object CMakeFiles/livox_interfaces2__rosidl_typesupport_cpp.dir/rosidl_typesupport_cpp/livox_ros_driver2/msg/custom_msg__type_support.cpp.o[0m
[19.284s] [ 15%] [32mBuilding CXX object CMakeFiles/livox_interfaces2__rosidl_typesupport_fastrtps_cpp.dir/rosidl_typesupport_fastrtps_cpp/livox_ros_driver2/msg/detail/dds_fastrtps/custom_msg__type_support.cpp.o[0m
[19.284s] [ 17%] [32mBuilding CXX object CMakeFiles/livox_interfaces2__rosidl_typesupport_fastrtps_cpp.dir/rosidl_typesupport_fastrtps_cpp/livox_ros_driver2/msg/detail/dds_fastrtps/custom_point__type_support.cpp.o[0m
[19.285s] [ 19%] [32mBuilding CXX object CMakeFiles/livox_interfaces2__rosidl_typesupport_introspection_cpp.dir/rosidl_typesupport_introspection_cpp/livox_ros_driver2/msg/detail/custom_point__type_support.cpp.o[0m
[19.285s] [ 21%] [32mBuilding CXX object CMakeFiles/livox_interfaces2__rosidl_typesupport_introspection_cpp.dir/rosidl_typesupport_introspection_cpp/livox_ros_driver2/msg/detail/custom_msg__type_support.cpp.o[0m
[19.285s] running egg_info
[19.285s] writing livox_ros_driver2.egg-info/PKG-INFO
[19.285s] writing dependency_links to livox_ros_driver2.egg-info/dependency_links.txt
[19.285s] writing top-level names to livox_ros_driver2.egg-info/top_level.txt
[19.285s] reading manifest file 'livox_ros_driver2.egg-info/SOURCES.txt'
[19.285s] writing manifest file 'livox_ros_driver2.egg-info/SOURCES.txt'
[19.285s] [ 21%] Built target ament_cmake_python_build_livox_ros_driver2_egg
[19.285s] [35m[1mConsolidate compiler generated dependencies of target livox_interfaces2__rosidl_typesupport_introspection_c[0m
[19.285s] [35m[1mConsolidate compiler generated dependencies of target livox_interfaces2__rosidl_typesupport_c[0m
[19.285s] [35m[1mConsolidate compiler generated dependencies of target livox_interfaces2__rosidl_typesupport_fastrtps_c[0m
[19.285s] [ 28%] Built target livox_interfaces2__rosidl_typesupport_c
[19.285s] [ 35%] Built target livox_interfaces2__rosidl_typesupport_introspection_c
[19.285s] [ 36%] [32mBuilding CXX object CMakeFiles/livox_interfaces2__rosidl_typesupport_fastrtps_c.dir/rosidl_typesupport_fastrtps_c/livox_ros_driver2/msg/detail/custom_point__type_support_c.cpp.o[0m
[19.285s] [ 38%] [32mBuilding CXX object CMakeFiles/livox_interfaces2__rosidl_typesupport_fastrtps_c.dir/rosidl_typesupport_fastrtps_c/livox_ros_driver2/msg/detail/custom_msg__type_support_c.cpp.o[0m
[19.286s] [ 40%] [32m[1mLinking CXX shared library liblivox_ros_driver2__rosidl_typesupport_fastrtps_c.so[0m
[19.286s] [ 42%] [32m[1mLinking CXX shared library liblivox_ros_driver2__rosidl_typesupport_cpp.so[0m
[19.286s] [ 43%] Built target livox_interfaces2__rosidl_typesupport_cpp
[19.286s] [ 45%] Built target livox_interfaces2__rosidl_typesupport_fastrtps_c
[19.286s] [35m[1mConsolidate compiler generated dependencies of target livox_ros_driver2[0m
[19.286s] [ 47%] [32mBuilding CXX object CMakeFiles/livox_ros_driver2.dir/src/livox_ros_driver2.cpp.o[0m
[19.286s] [ 49%] [32mBuilding CXX object CMakeFiles/livox_ros_driver2.dir/src/driver_node.cpp.o[0m
[19.286s] [ 50%] [32mBuilding CXX object CMakeFiles/livox_ros_driver2.dir/src/lddc.cpp.o[0m
[19.286s] [ 52%] [32mBuilding CXX object CMakeFiles/livox_ros_driver2.dir/src/lds.cpp.o[0m
[19.286s] [ 54%] [32mBuilding CXX object CMakeFiles/livox_ros_driver2.dir/src/lds_lidar.cpp.o[0m
[19.286s] [ 56%] [32mBuilding CXX object CMakeFiles/livox_ros_driver2.dir/src/comm/lidar_imu_data_queue.cpp.o[0m
[19.286s] [ 57%] [32mBuilding CXX object CMakeFiles/livox_ros_driver2.dir/src/comm/comm.cpp.o[0m
[19.293s] [ 59%] [32mBuilding CXX object CMakeFiles/livox_ros_driver2.dir/src/comm/ldq.cpp.o[0m
[19.293s] [ 61%] [32mBuilding CXX object CMakeFiles/livox_ros_driver2.dir/src/comm/cache_index.cpp.o[0m
[19.293s] [ 63%] [32mBuilding CXX object CMakeFiles/livox_ros_driver2.dir/src/parse_cfg_file/parse_cfg_file.cpp.o[0m
[19.293s] [ 66%] [32mBuilding CXX object CMakeFiles/livox_ros_driver2.dir/src/call_back/livox_lidar_callback.cpp.o[0m
[19.293s] [ 64%] [32mBuilding CXX object CMakeFiles/livox_ros_driver2.dir/src/comm/pub_handler.cpp.o[0m
[19.293s] [ 68%] [32mBuilding CXX object CMakeFiles/livox_ros_driver2.dir/src/parse_cfg_file/parse_livox_lidar_cfg.cpp.o[0m
[19.293s] [ 70%] [32mBuilding CXX object CMakeFiles/livox_ros_driver2.dir/src/comm/semaphore.cpp.o[0m
[19.293s] [ 71%] [32mBuilding CXX object CMakeFiles/livox_ros_driver2.dir/src/call_back/lidar_common_callback.cpp.o[0m
[19.296s] [ 73%] [32m[1mLinking CXX shared library liblivox_ros_driver2__rosidl_typesupport_introspection_cpp.so[0m
[19.296s] [ 75%] [32m[1mLinking CXX shared library liblivox_ros_driver2__rosidl_typesupport_fastrtps_cpp.so[0m
[19.296s] [ 77%] Built target livox_interfaces2__rosidl_typesupport_introspection_cpp
[19.296s] [ 78%] Built target livox_interfaces2__rosidl_typesupport_fastrtps_cpp
[19.296s] [ 78%] Built target livox_interfaces2
[19.297s] [ 80%] Built target livox_interfaces2__py
[19.297s] [35m[1mConsolidate compiler generated dependencies of target livox_interfaces2__rosidl_generator_py[0m
[19.297s] [ 82%] [32mBuilding C object CMakeFiles/livox_interfaces2__rosidl_generator_py.dir/rosidl_generator_py/livox_ros_driver2/msg/_custom_point_s.c.o[0m
[19.297s] [ 84%] [32mBuilding C object CMakeFiles/livox_interfaces2__rosidl_generator_py.dir/rosidl_generator_py/livox_ros_driver2/msg/_custom_msg_s.c.o[0m
[19.297s] [ 85%] [32m[1mLinking C shared library rosidl_generator_py/livox_ros_driver2/liblivox_interfaces2__rosidl_generator_py.so[0m
[19.297s] [ 85%] Built target livox_interfaces2__rosidl_generator_py
[19.297s] [35m[1mConsolidate compiler generated dependencies of target livox_ros_driver2__rosidl_typesupport_introspection_c__pyext[0m
[19.297s] [35m[1mConsolidate compiler generated dependencies of target livox_ros_driver2__rosidl_typesupport_c__pyext[0m
[19.297s] [35m[1mConsolidate compiler generated dependencies of target livox_ros_driver2__rosidl_typesupport_fastrtps_c__pyext[0m
[19.297s] [ 87%] [32mBuilding C object CMakeFiles/livox_ros_driver2__rosidl_typesupport_introspection_c__pyext.dir/rosidl_generator_py/livox_ros_driver2/_livox_ros_driver2_s.ep.rosidl_typesupport_introspection_c.c.o[0m
[19.297s] [ 89%] [32mBuilding C object CMakeFiles/livox_ros_driver2__rosidl_typesupport_c__pyext.dir/rosidl_generator_py/livox_ros_driver2/_livox_ros_driver2_s.ep.rosidl_typesupport_c.c.o[0m
[19.297s] [ 91%] [32mBuilding C object CMakeFiles/livox_ros_driver2__rosidl_typesupport_fastrtps_c__pyext.dir/rosidl_generator_py/livox_ros_driver2/_livox_ros_driver2_s.ep.rosidl_typesupport_fastrtps_c.c.o[0m
[19.297s] [ 92%] [32m[1mLinking C shared library rosidl_generator_py/livox_ros_driver2/livox_ros_driver2_s__rosidl_typesupport_introspection_c.cpython-310-x86_64-linux-gnu.so[0m
[19.299s] [ 94%] [32m[1mLinking C shared library rosidl_generator_py/livox_ros_driver2/livox_ros_driver2_s__rosidl_typesupport_c.cpython-310-x86_64-linux-gnu.so[0m
[19.299s] [ 94%] Built target livox_ros_driver2__rosidl_typesupport_introspection_c__pyext
[19.299s] [ 96%] [32m[1mLinking C shared library rosidl_generator_py/livox_ros_driver2/livox_ros_driver2_s__rosidl_typesupport_fastrtps_c.cpython-310-x86_64-linux-gnu.so[0m
[19.299s] [ 96%] Built target livox_ros_driver2__rosidl_typesupport_c__pyext
[19.300s] [ 96%] Built target livox_ros_driver2__rosidl_typesupport_fastrtps_c__pyext
[19.300s] In file included from [01m[K/home/jason/Desktop/navi/src/sensor_driver/livox_ros_driver2/src/driver_node.h:28[m[K,
[19.300s]                  from [01m[K/home/jason/Desktop/navi/src/sensor_driver/livox_ros_driver2/src/driver_node.cpp:25[m[K:
[19.300s] [01m[K/home/jason/Desktop/navi/src/sensor_driver/livox_ros_driver2/src/include/ros_headers.h:28:[m[K [01;35m[Kwarning: [m[K"BUILDING_ROS2" redefined
[19.300s]    28 | #define BUILDING_ROS2
[19.300s]       | 
[19.300s] [01m[K<command-line>:[m[K [01;36m[Knote: [m[Kthis is the location of the previous definition
[19.300s] In file included from [01m[K/home/jason/Desktop/navi/src/sensor_driver/livox_ros_driver2/src/driver_node.h:28[m[K,
[19.300s]                  from [01m[K/home/jason/Desktop/navi/src/sensor_driver/livox_ros_driver2/src/livox_ros_driver2.cpp:32[m[K:
[19.300s] [01m[K/home/jason/Desktop/navi/src/sensor_driver/livox_ros_driver2/src/include/ros_headers.h:28:[m[K [01;35m[Kwarning: [m[K"BUILDING_ROS2" redefined
[19.300s]    28 | #define BUILDING_ROS2
[19.300s]       | 
[19.300s] [01m[K<command-line>:[m[K [01;36m[Knote: [m[Kthis is the location of the previous definition
[19.300s] In file included from [01m[K/home/jason/Desktop/navi/src/sensor_driver/livox_ros_driver2/src/driver_node.h:28[m[K,
[19.300s]                  from [01m[K/home/jason/Desktop/navi/src/sensor_driver/livox_ros_driver2/src/lddc.h:31[m[K,
[19.300s]                  from [01m[K/home/jason/Desktop/navi/src/sensor_driver/livox_ros_driver2/src/lddc.cpp:25[m[K:
[19.300s] [01m[K/home/jason/Desktop/navi/src/sensor_driver/livox_ros_driver2/src/include/ros_headers.h:28:[m[K [01;35m[Kwarning: [m[K"BUILDING_ROS2" redefined
[19.300s]    28 | #define BUILDING_ROS2
[19.300s]       | 
[19.301s] [01m[K<command-line>:[m[K [01;36m[Knote: [m[Kthis is the location of the previous definition
[19.301s] In file included from [01m[K/home/jason/Desktop/navi/src/sensor_driver/livox_ros_driver2/src/lds_lidar.cpp:47[m[K:
[19.301s] [01m[K/home/jason/Desktop/navi/src/sensor_driver/livox_ros_driver2/src/comm/pub_handler.h:44:29:[m[K [01;35m[Kwarning: [m[K‘[01m[Klivox_ros::extrinsic_global[m[K’ defined but not used [[01;35m[K]8;;https://gcc.gnu.org/onlinedocs/gcc/Warning-Options.html#index-Wunused-variable-Wunused-variable]8;;[m[K]
[19.301s]    44 | static ExtParameterDetailed [01;35m[Kextrinsic_global[m[K = {
[19.301s]       |                             [01;35m[K^~~~~~~~~~~~~~~~[m[K
[19.301s] gmake[2]: *** [CMakeFiles/livox_ros_driver2.dir/build.make:104: CMakeFiles/livox_ros_driver2.dir/src/driver_node.cpp.o] Interrupt
[19.301s] gmake[2]: *** [CMakeFiles/livox_ros_driver2.dir/build.make:132: CMakeFiles/livox_ros_driver2.dir/src/lds_lidar.cpp.o] Interrupt
[19.301s] gmake[2]: *** [CMakeFiles/livox_ros_driver2.dir/build.make:272: CMakeFiles/livox_ros_driver2.dir/src/call_back/livox_lidar_callback.cpp.o] Interrupt
[19.301s] gmake[2]: *** [CMakeFiles/livox_ros_driver2.dir/build.make:216: CMakeFiles/livox_ros_driver2.dir/src/comm/pub_handler.cpp.o] Interrupt
[19.301s] gmake[2]: *** [CMakeFiles/livox_ros_driver2.dir/build.make:230: CMakeFiles/livox_ros_driver2.dir/src/parse_cfg_file/parse_cfg_file.cpp.o] Interrupt
[19.301s] gmake[2]: *** [CMakeFiles/livox_ros_driver2_node.dir/build.make:76: CMakeFiles/livox_ros_driver2_node.dir/rclcpp_components/node_main_livox_ros_driver2_node.cpp.o] Interrupt
[19.301s] gmake[1]: *** [CMakeFiles/Makefile2:621: CMakeFiles/livox_ros_driver2_node.dir/all] Interrupt
[19.301s] gmake[2]: *** [CMakeFiles/livox_ros_driver2.dir/build.make:90: CMakeFiles/livox_ros_driver2.dir/src/lddc.cpp.o] Interrupt
[19.301s] gmake[2]: *** wait: No child processes.  Stop.
[19.301s] gmake[2]: *** Waiting for unfinished jobs....
[19.301s] gmake[2]: *** wait: No child processes.  Stop.
[19.301s] gmake[1]: *** [CMakeFiles/Makefile2:595: CMakeFiles/livox_ros_driver2.dir/all] Error 2
[19.301s] gmake: *** [Makefile:146: all] Interrupt
